K	ADVFM_AVG	ADVFM_NEW-OLD	ADVFM_behind	ADVFM_in	ADVFM_near	ADVFM_on	FM	FMS	PT	SYNTH	ID
0	61.4325	25.02	74.77	43.17	73.12	54.67	78.57	89.37	83.24	75.0	0769
64	73.0925	5.96	71.51	70.37	80.63	69.86	80.9	91.94	84.12	75.0	0508
0	50.0	100.0	100.0	0.0	100.0	0.0	89.51	89.35	57.97	57.81	0036
0	51.2075	-65.5	21.05	83.46	15.87	84.45	47.18	77.1	82.83	68.75	0524
64	68.64	10.77	76.08	67.7	71.97	58.81	80.62	88.66	81.58	71.88	0026
64	71.5725	41.34	91.94	44.73	92.54	57.08	88.4	91.86	82.45	68.75	1528
0	50.0	100.0	100.0	0.0	100.0	0.0	90.04	89.27	56.86	56.25	1293
0	50.0075	99.98	100.0	0.0	100.0	0.03	89.61	89.83	58.66	65.62	0250
64	50.0	100.0	100.0	0.0	100.0	0.0	89.59	89.83	57.71	39.06	1533
0	51.0025	-33.68	33.94	50.61	34.38	85.08	62.33	87.42	85.32	60.94	1291
0	54.555	-47.7	32.18	81.91	29.23	74.9	58.42	77.8	80.32	62.5	1520
0	59.725	11.74	71.28	56.94	59.91	50.77	75.44	91.6	81.32	71.88	0024
0	50.0	100.0	100.0	0.0	100.0	0.0	90.2	90.26	58.04	65.62	1538
0	50.055	69.21	91.29	21.42	78.03	9.48	71.18	71.99	55.68	42.19	1516
0	63.37	23.49	75.0	42.4	75.23	60.85	75.07	90.36	82.76	79.69	1772
0	62.3725	55.25	89.56	27.3	90.44	42.19	81.83	90.3	79.98	76.56	0275
0	50.0	100.0	100.0	0.0	100.0	0.0	89.21	88.96	58.48	42.19	0533
64	37.0125	12.4	42.13	61.6	44.29	0.03	59.3	59.01	58.4	39.06	1289
64	74.655	19.21	84.69	60.71	83.83	69.39	85.66	91.74	84.45	82.81	1529
64	50.0	100.0	100.0	0.0	100.0	0.0	89.02	89.29	57.12	42.19	0285
0	60.6925	42.41	86.91	37.96	76.88	41.02	75.96	85.48	80.04	64.06	0288
64	69.895	39.35	84.2	32.85	94.94	67.59	85.22	92.99	82.6	89.06	0033
0	61.21	-36.48	47.65	83.13	38.29	75.77	62.7	82.77	81.93	65.62	0272
0	50.0	100.0	100.0	0.0	100.0	0.0	89.04	89.94	57.89	46.88	0031
0	50.0	100.0	100.0	0.0	100.0	0.0	89.89	89.94	57.87	51.56	1271
0	50.0	100.0	100.0	0.0	100.0	0.0	89.19	88.88	57.61	42.19	0261
0	50.0	100.0	100.0	0.0	100.0	0.0	89.87	89.39	56.97	50.0	0761
0	50.0	100.0	100.0	0.0	100.0	0.0	89.89	89.65	58.63	48.44	0779
64	67.63	30.81	81.59	45.17	84.48	59.28	83.27	87.63	81.34	73.44	0768
64	50.0	100.0	100.0	0.0	100.0	0.0	90.46	90.04	58.58	64.06	0500
0	63.315	-21.76	61.88	72.92	42.99	75.47	71.22	79.49	83.09	60.94	1787
0	24.9225	-49.55	0.29	0.0	0.0	99.4	19.58	20.86	57.74	46.88	1269
0	50.0	100.0	100.0	0.0	100.0	0.0	89.55	89.19	57.07	59.38	0042
0	50.0	100.0	100.0	0.0	100.0	0.0	89.39	89.45	58.15	50.0	0023
64	75.0275	-21.94	71.41	87.68	56.71	84.31	77.06	87.83	85.04	82.81	1281
0	64.175	26.52	79.9	41.18	74.97	60.65	72.64	89.04	80.57	78.12	0280
0	50.0	100.0	100.0	0.0	100.0	0.0	89.51	90.08	57.94	51.56	0752
0	50.0	100.0	100.0	0.0	100.0	0.0	89.29	89.83	57.35	40.62	1288
0	50.0	100.0	100.0	0.0	100.0	0.0	89.96	90.54	58.51	68.75	0767
64	74.9325	11.09	84.92	76.03	76.03	62.75	83.7	87.89	82.27	68.75	0043
64	49.7125	99.43	99.9	0.0	98.95	0.0	85.24	85.74	57.53	34.38	1762
64	50.0	100.0	100.0	0.0	100.0	0.0	89.77	89.87	57.63	45.31	1752
0	50.0	100.0	100.0	0.0	100.0	0.0	90.18	89.98	57.92	46.88	0777
64	71.7375	40.66	91.35	39.73	92.79	63.08	87.26	90.64	82.86	70.31	0528
0	60.21	28.01	76.66	42.18	71.77	50.23	78.39	89.85	81.45	79.69	0782
0	50.0	100.0	100.0	0.0	100.0	0.0	89.61	89.45	58.69	48.44	0512
0	63.3225	23.15	80.03	46.61	69.77	56.88	78.57	89.71	84.99	71.88	0757
64	77.4	-19.35	73.04	85.13	62.41	89.02	76.21	89.39	84.35	79.69	1508
0	50.0	100.0	100.0	0.0	100.0	0.0	89.92	89.55	58.28	56.25	1029
64	73.695	4.69	78.36	74.58	73.72	68.12	79.83	84.87	81.78	68.75	0018
0	50.0	100.0	100.0	0.0	100.0	0.0	89.94	89.55	58.1	50.0	1517
0	58.7025	55.94	88.61	22.75	84.73	38.72	82.87	86.78	80.96	70.31	1540
64	64.075	49.86	88.87	16.87	89.14	61.42	85.5	91.62	80.55	89.06	1521
0	19.4125	38.83	43.77	0.0	33.88	0.0	21.32	21.1	0.0	15.62	0006
64	50.0	100.0	100.0	0.0	100.0	0.0	89.61	89.94	57.81	40.62	0281
0	50.0	100.0	100.0	0.0	100.0	0.0	89.15	89.1	56.81	51.56	1012
0	63.5725	42.03	85.64	38.29	83.53	46.83	78.55	88.46	80.11	75.0	1759
64	49.675	99.35	100.0	0.0	98.7	0.0	88.72	88.7	58.69	40.62	1256
0	50.0	100.0	100.0	0.0	100.0	0.0	88.92	89.75	57.61	45.31	1272
64	78.445	-5.52	82.8	78.8	68.57	83.61	81.61	89.79	85.71	76.56	1263
0	50.0	100.0	100.0	0.0	100.0	0.0	89.55	89.92	57.04	59.38	0014
64	0.1375	0.28	0.0	0.0	0.55	0.0	0.2	0.2	0.0	0.0	1789
0	40.53	76.46	98.01	3.33	59.51	1.27	60.19	60.59	59.1	32.81	1513
64	50.0	100.0	100.0	0.0	100.0	0.0	89.87	89.92	57.81	60.94	0267
0	62.18	36.92	84.4	50.39	76.88	37.05	78.23	84.97	79.63	65.62	1255
64	50.0	100.0	100.0	0.0	100.0	0.0	89.69	89.63	57.4	50.0	0501
64	50.0	100.0	100.0	0.0	100.0	0.0	90.34	89.91	56.27	51.56	0511
0	50.0375	-54.97	18.93	72.7	26.18	82.34	53.81	90.2	86.94	76.56	0529
64	78.475	-6.69	84.04	79.36	66.22	84.28	79.26	89.31	82.65	68.75	0537
0	66.1025	-27.44	55.61	84.02	49.15	75.63	72.64	86.09	86.32	71.88	0040
0	50.0	100.0	100.0	0.0	100.0	0.0	89.87	89.49	57.81	50.0	1017
0	60.175	-8.78	57.57	61.71	54.0	67.42	67.54	86.37	83.89	75.0	1512
0	50.0	100.0	100.0	0.0	100.0	0.0	89.77	89.83	58.66	32.81	1030
0	50.0	100.0	100.0	0.0	100.0	0.0	89.41	89.55	57.87	45.31	1757
64	68.8725	43.16	93.67	41.84	87.24	52.74	84.77	90.22	80.63	76.56	0522
64	71.6825	-20.88	61.98	82.8	60.51	81.44	76.0	84.93	82.45	79.69	1265
64	50.0	100.0	100.0	0.0	100.0	0.0	89.41	89.77	58.48	62.5	1251
64	72.675	38.05	89.16	61.04	94.24	46.26	87.0	89.61	81.6	75.0	0784
0	50.0	100.0	100.0	0.0	100.0	0.0	90.18	89.63	57.51	59.38	0001
64	73.3975	22.04	82.6	63.37	86.24	61.38	83.35	90.22	81.42	78.12	0034
64	50.5875	95.14	99.77	3.33	96.55	2.7	89.19	89.77	79.37	73.44	1503
64	25.2075	-19.87	0.91	59.38	29.63	10.91	13.79	13.65	28.66	29.69	1021
64	76.38	-11.59	75.46	83.57	65.72	80.77	77.08	87.95	82.29	79.69	1535
64	74.76	6.71	82.31	68.81	73.92	74.0	81.69	88.09	84.17	75.0	1768
0	50.0	100.0	100.0	0.0	100.0	0.0	89.98	90.38	57.07	50.0	0770
0	55.0725	-55.9	25.26	81.47	28.98	84.58	52.37	79.61	81.42	73.44	0774
0	50.0	100.0	100.0	0.0	100.0	0.0	89.77	89.92	58.84	43.75	1774
64	49.8875	99.77	100.0	0.0	99.55	0.0	87.71	88.4	58.04	37.5	0030
64	50.0	100.0	100.0	0.0	100.0	0.0	89.29	89.11	57.48	40.62	1785
0	50.0	100.0	100.0	0.0	100.0	0.0	89.29	89.33	55.97	53.12	0791
0	52.5475	80.15	94.16	3.88	91.09	21.06	85.62	89.87	80.55	75.0	0506
0	70.3575	11.48	78.92	55.94	73.27	73.3	78.23	88.56	82.81	79.69	1026
64	50.0	100.0	100.0	0.0	100.0	0.0	89.27	89.71	57.1	48.44	0516
64	25.7975	-38.8	0.23	82.02	12.56	8.38	11.24	10.92	36.0	29.69	0038
64	29.9125	7.92	62.79	16.2	4.95	35.71	42.51	43.48	58.66	40.62	0509
64	50.0	100.0	100.0	0.0	100.0	0.0	88.98	89.49	56.89	57.81	0793
64	0.05	0.1	0.0	0.0	0.2	0.0	0.06	0.08	0.0	0.0	0534
0	49.9875	99.97	100.0	0.0	99.95	0.0	89.71	89.1	57.66	75.0	0514
0	50.0	100.0	100.0	0.0	100.0	0.0	89.43	89.55	56.79	57.81	0523
64	68.0825	39.39	88.51	40.07	87.04	56.71	87.16	90.91	83.83	79.69	0754
64	67.5375	50.19	93.37	30.85	91.89	54.04	88.25	90.46	81.93	75.0	1005
0	50.0	100.0	100.0	0.0	100.0	0.0	89.39	89.59	57.74	35.94	1016
0	50.0	100.0	100.0	0.0	100.0	0.0	88.96	89.65	57.69	54.69	0273
0	25.0175	-37.93	0.29	42.51	11.81	45.46	9.9	10.09	41.29	23.44	1276
64	50.0	100.0	100.0	0.0	100.0	0.0	90.1	89.45	57.53	57.81	1504
64	72.4825	-10.26	72.49	77.69	62.21	77.54	77.95	84.04	81.96	75.0	1527
0	50.0	100.0	100.0	0.0	100.0	0.0	89.11	89.53	58.3	57.81	1754
0	50.0	100.0	100.0	0.0	100.0	0.0	89.19	88.62	57.99	54.69	0518
0	62.87	24.87	75.03	43.29	75.58	57.58	78.76	91.66	85.22	81.25	0775
0	67.7675	0.81	66.58	64.59	69.77	70.13	76.04	87.85	84.14	79.69	1758
0	63.9175	43.99	86.59	33.74	85.24	50.1	84.16	89.08	83.14	71.88	1515
0	32.6625	10.65	66.12	53.94	9.86	0.73	49.17	48.89	56.79	35.94	1282
64	64.575	-40.48	60.74	87.35	27.93	82.28	66.26	80.7	79.24	60.94	0546
0	58.775	-6.34	55.91	47.28	55.31	76.6	66.63	86.03	82.99	73.44	1028
0	50.0	100.0	100.0	0.0	100.0	0.0	89.39	89.31	58.2	43.75	0503
64	68.6725	-25.45	64.0	81.35	47.9	81.44	73.82	82.58	82.22	73.44	0277
64	50.0	100.0	100.0	0.0	100.0	0.0	89.49	89.51	56.45	65.62	1770
0	49.9875	99.97	100.0	0.0	99.95	0.0	89.08	89.69	58.38	45.31	0253
0	53.3775	86.61	97.91	5.66	95.45	14.49	86.07	93.16	82.76	82.81	0276
64	50.0	100.0	100.0	0.0	100.0	0.0	89.35	89.02	55.81	56.25	0025
64	50.0	100.0	100.0	0.0	100.0	0.0	89.92	90.54	57.97	51.56	0764
0	53.59	63.84	89.39	12.87	81.63	30.47	79.91	92.89	82.96	78.12	0274
0	50.0	100.0	100.0	0.0	100.0	0.0	89.83	89.45	57.89	64.06	0766
64	50.0	100.0	100.0	0.0	100.0	0.0	89.83	89.85	58.12	56.25	0786
64	56.9875	78.74	98.27	15.21	94.44	20.03	87.97	89.31	79.37	73.44	0292
64	59.0075	72.48	96.7	17.2	93.79	28.34	87.79	89.55	80.91	78.12	0264
0	35.78	-11.01	4.24	80.8	56.31	1.77	19.26	19.72	31.08	26.56	0538
64	54.2975	85.29	96.44	16.76	97.45	6.54	88.58	91.49	81.19	87.5	1518
0	62.9275	-27.62	50.98	76.14	47.25	77.34	67.05	85.72	84.81	68.75	0525
64	50.0	100.0	100.0	0.0	100.0	0.0	90.08	89.51	57.3	54.69	1024
0	50.0	100.0	100.0	0.0	100.0	0.0	89.49	89.11	57.35	50.0	1004
0	60.07	-7.76	66.38	64.82	46.0	63.08	64.36	75.74	80.24	70.31	0531
64	9.7775	11.05	3.52	4.44	27.08	4.07	9.07	8.95	4.59	9.38	1287
64	25.0475	-38.9	0.23	8.66	10.96	80.34	8.87	8.79	40.88	20.31	1001
64	66.295	51.79	90.54	30.97	93.84	49.83	88.27	92.49	82.86	76.56	0776
64	72.565	-30.28	68.6	91.9	46.25	83.51	70.53	77.16	80.96	62.5	1000
64	69.36	33.51	83.94	42.73	88.29	62.48	81.55	87.24	80.57	79.69	1280
0	38.8675	71.41	93.83	6.33	55.31	0.0	76.04	76.21	56.68	37.5	0521
0	49.9875	99.97	100.0	0.0	99.95	0.0	88.94	89.33	58.22	43.75	1777
0	50.3175	-68.43	13.19	82.91	19.02	86.15	44.98	77.78	81.24	65.62	1260
0	49.9875	99.97	100.0	0.0	99.95	0.0	89.47	89.71	57.89	42.19	1786
64	50.0	100.0	100.0	0.0	100.0	0.0	90.42	90.38	56.27	51.56	0007
64	50.0	100.0	100.0	0.0	100.0	0.0	90.2	90.18	58.1	32.81	1530
0	61.575	33.37	79.14	40.18	77.38	49.6	81.41	92.08	81.45	67.19	0027
0	50.0	100.0	100.0	0.0	100.0	0.0	89.39	89.73	57.74	48.44	1275
64	49.9875	99.97	100.0	0.0	99.95	0.0	89.57	90.28	57.4	42.19	0760
0	50.0	100.0	100.0	0.0	100.0	0.0	89.0	89.63	59.53	51.56	1505
0	61.545	-11.2	53.43	68.37	58.46	65.92	70.72	90.97	85.32	78.12	0295
64	70.595	13.25	82.02	52.94	72.42	75.0	81.51	87.18	82.42	76.56	0758
64	66.92	33.99	85.25	33.96	82.58	65.89	84.39	93.16	85.27	82.81	0502
0	67.52	-4.87	68.21	72.92	61.96	66.99	68.14	84.61	80.32	76.56	1511
0	50.0	100.0	100.0	0.0	100.0	0.0	89.45	89.55	57.38	39.06	0265
64	21.9325	4.44	7.67	39.29	40.64	0.13	11.68	11.52	7.29	17.19	0005
0	65.455	34.63	81.01	46.61	84.53	49.67	76.85	89.06	81.52	79.69	1764
0	61.8225	47.26	88.67	34.07	82.23	42.32	79.34	90.2	81.47	71.88	0527
0	69.125	6.22	80.16	80.8	64.31	51.23	78.25	81.55	78.47	76.56	0539
64	74.9175	-8.85	71.67	80.24	69.32	78.44	79.83	87.71	84.09	78.12	0294
64	50.0	100.0	100.0	0.0	100.0	0.0	89.63	89.04	58.3	46.88	0772
0	50.0	100.0	100.0	0.0	100.0	0.0	89.65	89.41	57.22	39.06	1034
0	50.0	100.0	100.0	0.0	100.0	0.0	90.12	89.65	58.04	57.81	1525
0	50.0	100.0	100.0	0.0	100.0	0.0	89.59	89.57	57.25	60.94	1023
0	50.0	100.0	100.0	0.0	100.0	0.0	89.43	89.98	58.76	57.81	1014
64	22.645	-40.31	0.03	79.02	4.95	6.58	9.7	10.47	37.77	39.06	0260
0	62.6375	-32.21	50.62	77.58	42.44	79.91	61.97	78.72	80.88	64.06	1290
64	2.3325	2.33	0.69	2.33	6.31	0.0	2.25	2.23	0.36	0.0	1267
0	58.945	70.65	96.25	12.43	92.29	34.81	89.57	91.09	83.01	76.56	1258
64	50.0	100.0	100.0	0.0	100.0	0.0	89.39	89.91	58.79	53.12	1532
64	49.95	99.9	100.0	0.0	99.8	0.0	89.02	89.13	58.25	59.38	1273
0	48.975	97.95	100.0	0.0	95.9	0.0	87.04	86.09	59.07	43.75	0284
0	61.62	-6.14	56.59	51.61	60.51	77.77	66.28	88.74	83.35	81.25	1534
64	50.0	100.0	100.0	0.0	100.0	0.0	89.87	89.89	57.33	57.81	1784
64	57.195	74.9	95.3	6.55	93.99	32.94	89.19	92.63	81.19	79.69	0017
0	50.0	100.0	100.0	0.0	100.0	0.0	89.37	89.45	58.28	56.25	1031
0	50.0	100.0	100.0	0.0	100.0	0.0	90.04	89.37	58.94	46.88	1761
64	79.05	-9.86	81.82	83.35	66.42	84.61	78.86	77.44	80.14	70.31	1539
64	50.0	100.0	100.0	0.0	100.0	0.0	90.28	89.96	57.02	59.38	0780
0	59.4825	9.0	59.69	52.39	68.27	57.58	72.34	85.6	80.37	68.75	1767
0	50.0	100.0	100.0	0.0	100.0	0.0	89.59	89.83	57.22	60.94	1760
64	50.0	100.0	100.0	0.0	100.0	0.0	88.86	88.68	57.87	51.56	0289
64	78.4925	-1.69	84.63	75.36	70.67	83.31	80.76	90.46	81.63	73.44	0540
64	50.0	100.0	100.0	0.0	100.0	0.0	89.92	90.4	58.79	62.5	1507
0	50.77	92.16	97.0	5.11	96.7	4.27	87.5	90.6	79.29	73.44	0012
64	67.355	39.19	85.51	45.39	88.39	50.13	85.05	90.12	82.6	71.88	1286
64	72.1275	-12.5	61.88	79.69	69.87	77.07	74.95	90.68	81.16	75.0	1257
64	50.0	100.0	100.0	0.0	100.0	0.0	89.49	90.04	59.3	54.69	1015
64	73.97	-16.17	73.47	85.9	58.31	78.2	76.61	84.04	81.83	76.56	0787
0	27.6375	-42.37	0.59	1.22	12.31	96.43	7.43	7.27	36.82	18.75	0544
64	50.0	100.0	100.0	0.0	100.0	0.0	89.69	89.77	56.74	57.81	1510
64	67.605	28.56	81.69	60.49	82.08	46.16	81.47	86.63	81.7	71.88	1264
0	50.0	100.0	100.0	0.0	100.0	0.0	90.08	89.69	58.07	51.56	0257
64	50.0	100.0	100.0	0.0	100.0	0.0	89.51	89.81	58.53	48.44	1509
0	60.3775	42.95	85.08	34.18	78.63	43.62	81.37	90.89	81.68	64.06	1002
0	49.9625	99.92	100.0	0.0	99.85	0.0	88.13	88.09	57.97	40.62	1252
0	55.645	-9.35	56.04	56.05	45.9	64.59	66.08	88.11	81.45	73.44	1036
64	77.71	8.35	84.79	76.14	78.98	70.93	82.08	88.31	80.78	70.31	1519
64	74.585	30.73	90.31	51.72	89.59	66.72	84.45	87.04	81.96	73.44	1755
0	49.95	99.9	100.0	0.0	99.8	0.0	89.41	89.89	57.71	59.38	1531
0	57.44	62.61	92.56	23.97	84.93	28.3	82.08	91.78	81.42	79.69	1006
64	72.4475	32.99	89.39	36.74	88.49	75.17	86.92	91.86	82.65	78.12	1010
64	3.175	2.35	0.69	4.0	8.01	0.0	2.71	2.84	0.72	0.0	1270
0	50.0	100.0	100.0	0.0	100.0	0.0	89.55	90.12	59.3	46.88	0541
64	50.0	100.0	100.0	0.0	100.0	0.0	89.37	89.43	57.33	51.56	1268
64	0.0375	0.08	0.0	0.0	0.15	0.0	0.06	0.06	0.0	0.0	1278
64	69.34	28.08	85.38	30.19	81.38	80.41	84.33	89.37	84.24	73.44	0755
64	50.0	100.0	100.0	0.0	100.0	0.0	89.87	89.61	56.68	42.19	1524
64	68.0975	45.25	89.65	29.63	91.79	61.32	84.55	90.18	81.45	73.44	1775
64	50.0	100.0	100.0	0.0	100.0	0.0	89.81	89.98	57.92	48.44	0792
0	59.975	63.13	93.54	19.87	89.54	36.95	84.33	91.51	82.96	73.44	1537
64	66.0425	37.23	83.98	37.74	85.34	57.11	82.58	90.6	80.47	71.88	0762
0	50.0	100.0	100.0	0.0	100.0	0.0	89.53	89.04	57.48	50.0	1038
0	52.5825	-59.76	21.83	82.02	23.57	82.91	54.92	81.69	82.04	70.31	0022
0	49.8075	99.62	99.93	0.0	99.3	0.0	89.11	89.02	58.48	50.0	0041
64	49.9875	99.97	100.0	0.0	99.95	0.0	89.77	89.39	58.46	48.44	0290
64	79.62	23.93	91.48	56.27	91.69	79.04	87.73	90.2	78.52	71.88	1013
64	69.75	-12.76	65.73	76.36	61.01	75.9	75.23	81.86	81.27	71.88	1771
64	61.1825	69.44	95.56	23.75	96.25	29.17	88.34	90.91	80.93	84.38	0268
64	49.1175	97.93	99.77	0.0	96.4	0.3	84.71	84.1	58.07	42.19	0505
0	60.3075	-22.79	46.08	70.14	51.75	73.26	63.3	85.44	82.5	75.0	0029
0	60.1575	6.64	63.64	42.62	63.31	71.06	70.64	85.44	82.4	75.0	1765
0	50.0	100.0	100.0	0.0	100.0	0.0	89.15	89.31	57.04	51.56	1011
0	50.0	100.0	100.0	0.0	100.0	0.0	89.11	89.13	58.66	50.0	1766
64	50.0	100.0	100.0	0.0	100.0	0.0	89.79	88.86	56.97	59.38	0028
64	50.0	100.0	100.0	0.0	100.0	0.0	89.27	89.21	57.27	56.25	1019
64	0.0	0.0	0.0	0.0	0.0	0.0	0.0	0.0	0.0	0.0	1022
64	82.11	-2.51	82.18	86.46	79.53	80.27	82.36	91.47	83.83	87.5	0003
0	50.0	100.0	100.0	0.0	100.0	0.0	87.14	88.11	56.92	46.88	1779
0	50.0	100.0	100.0	0.0	100.0	0.0	89.06	89.06	56.68	37.5	0789
64	72.975	5.43	74.05	67.92	77.33	72.6	81.9	92.71	84.68	82.81	1037
64	49.9125	99.82	100.0	0.0	99.65	0.0	87.77	87.81	58.35	32.81	1020
64	72.1025	-21.13	74.28	80.02	48.8	85.31	77.42	87.99	86.07	73.44	0016
0	50.0	100.0	100.0	0.0	100.0	0.0	89.67	89.85	58.02	39.06	0781
64	50.0	100.0	100.0	0.0	100.0	0.0	89.98	89.96	58.17	56.25	0032
64	27.85	-39.11	16.19	94.78	0.4	0.03	31.88	32.1	57.35	32.81	0010
64	50.0	100.0	100.0	0.0	100.0	0.0	90.1	90.56	57.87	56.25	1041
64	63.2825	33.77	88.71	43.73	71.62	49.07	84.37	89.27	82.53	82.81	1018
64	51.9925	87.0	97.85	16.98	93.14	0.0	81.07	82.58	57.04	43.75	0037
0	50.0	100.0	100.0	0.0	100.0	0.0	89.41	89.51	57.07	54.69	1776
64	8.8375	1.35	2.81	16.32	16.22	0.0	5.37	5.51	2.57	3.12	0759
0	50.0	100.0	100.0	0.0	100.0	0.0	89.43	89.59	59.15	68.75	0773
64	71.9875	15.57	73.86	64.15	85.69	64.25	80.94	91.05	81.47	68.75	0296
0	50.0	100.0	100.0	0.0	100.0	0.0	89.73	89.83	57.66	67.19	0785
0	50.0	100.0	100.0	0.0	100.0	0.0	89.92	89.55	58.25	50.0	1780
0	50.105	99.66	99.97	0.55	99.9	0.0	91.15	90.02	77.75	78.12	1003
0	56.2575	-22.1	33.81	66.59	56.61	68.02	66.97	91.39	85.04	79.69	0513
0	49.9875	99.97	100.0	0.0	99.95	0.0	88.72	89.06	57.25	51.56	0254
64	50.0	100.0	100.0	0.0	100.0	0.0	89.37	89.73	56.27	48.44	0778
0	45.7175	89.44	98.89	2.0	81.98	0.0	80.94	80.32	57.15	31.25	1753
64	71.805	-33.95	57.41	89.01	52.25	88.55	68.95	80.48	82.32	78.12	0263
0	58.9775	-6.88	56.72	54.61	54.35	70.23	68.83	90.22	82.76	65.62	0510
0	51.1675	-38.61	29.99	69.15	33.73	71.8	58.99	88.36	86.12	76.56	0783
64	50.0	100.0	100.0	0.0	100.0	0.0	89.89	89.51	57.66	39.06	0788
0	52.96	87.3	96.77	7.44	96.45	11.18	88.78	89.96	79.34	71.88	0259
64	75.975	4.97	78.49	74.92	78.43	72.06	80.19	89.79	83.89	70.31	0039
0	50.0	100.0	100.0	0.0	100.0	0.0	90.22	89.23	58.76	51.56	0542
0	50.0	100.0	100.0	0.0	100.0	0.0	89.35	89.47	57.89	56.25	0532
0	54.625	-50.46	23.4	74.36	35.39	85.35	55.31	85.01	85.91	81.25	0020
64	29.245	-29.76	0.95	14.32	27.78	73.93	9.84	10.23	33.51	29.69	0019
0	50.0	100.0	100.0	0.0	100.0	0.0	90.14	89.89	56.17	45.31	0543
0	62.16	34.53	79.57	49.5	79.28	40.29	81.73	89.77	79.68	81.25	1007
0	65.6225	-11.34	58.45	68.92	61.46	73.66	65.43	82.79	80.11	54.69	0536
64	50.0	100.0	100.0	0.0	100.0	0.0	90.3	89.92	58.28	51.56	0756
64	79.4	6.72	83.84	69.37	81.68	82.71	84.31	89.75	83.22	82.81	0794
0	57.5575	38.57	79.41	22.31	74.27	54.24	73.01	90.4	82.47	68.75	0015
0	50.0	100.0	100.0	0.0	100.0	0.0	89.37	89.39	58.97	53.12	1514
64	79.325	-16.82	80.42	86.35	61.41	89.12	74.61	78.55	80.86	75.0	1788
0	50.0	100.0	100.0	0.0	100.0	0.0	89.39	89.85	58.04	50.0	1266
0	50.0	100.0	100.0	0.0	100.0	0.0	89.17	89.47	58.43	57.81	1040
0	65.53	27.95	78.23	43.06	80.78	60.05	76.75	90.64	82.53	75.0	0000
0	64.7475	12.44	77.58	37.51	64.36	79.54	74.71	74.56	81.24	70.31	1279
0	50.0	100.0	100.0	0.0	100.0	0.0	90.08	89.47	57.3	51.56	1250
64	50.0	100.0	100.0	0.0	100.0	0.0	89.39	89.77	57.3	45.31	0515
64	69.06	-29.94	57.08	87.79	51.1	80.27	76.45	82.97	83.42	76.56	1769
0	48.39	96.05	99.84	0.0	92.99	0.73	81.55	81.53	57.92	53.12	0530
0	61.2675	-9.46	56.07	61.93	57.01	70.06	66.89	88.64	83.29	75.0	1285
64	48.66	96.77	100.0	0.55	94.09	0.0	87.12	87.44	56.68	40.62	1277
64	50.0	100.0	100.0	0.0	100.0	0.0	89.33	89.63	58.81	59.38	1262
64	29.8975	-39.05	0.62	97.78	20.12	1.07	13.71	13.71	31.69	25.0	0269
64	26.7825	-13.69	4.44	67.15	35.44	0.1	12.09	13.08	12.47	20.31	0252
64	54.2	88.19	98.79	4.99	97.8	15.22	89.45	90.68	80.32	78.12	0270
0	50.0	100.0	100.0	0.0	100.0	0.0	88.96	89.45	57.22	50.0	1781
64	50.0	100.0	100.0	0.0	100.0	0.0	89.06	89.57	57.99	46.88	1032
64	50.0	100.0	100.0	0.0	100.0	0.0	89.75	89.17	58.07	46.88	0004
0	73.7175	3.12	77.68	68.15	72.87	76.17	80.94	85.4	84.81	71.88	0519
0	59.98	-0.26	61.39	66.15	58.31	54.07	74.6	90.93	83.55	81.25	1253
64	2.53	4.37	0.52	0.22	8.91	0.47	3.08	2.82	0.23	0.0	0002
64	75.63	9.96	85.44	76.25	75.78	65.05	82.02	89.0	80.88	65.62	1008
0	65.4175	5.7	72.72	61.82	63.81	63.32	71.12	87.79	80.86	76.56	0790
0	50.0	100.0	100.0	0.0	100.0	0.0	88.78	89.11	58.69	46.88	0520
64	50.0	100.0	100.0	0.0	100.0	0.0	88.76	89.81	57.87	45.31	0279
0	72.025	9.08	78.66	60.04	74.47	74.93	78.19	75.58	78.47	67.19	0771
0	64.855	-26.35	55.71	77.25	47.65	78.81	66.55	63.26	81.27	65.62	1283
64	50.0	100.0	100.0	0.0	100.0	0.0	89.11	89.47	57.61	48.44	1259
64	50.0	100.0	100.0	0.0	100.0	0.0	89.91	90.26	57.81	53.12	0271
64	49.9375	99.87	100.0	0.0	99.75	0.0	89.11	89.02	58.35	42.19	0765
0	50.0	100.0	100.0	0.0	100.0	0.0	89.98	89.57	56.94	56.25	0291
0	65.3625	30.3	79.8	46.28	81.23	54.14	77.58	91.35	82.83	76.56	0013
64	49.9875	99.97	100.0	0.0	99.95	0.0	89.39	88.78	57.66	42.19	1501
0	50.0	100.0	100.0	0.0	100.0	0.0	90.06	89.83	57.45	62.5	0021
64	71.265	17.46	84.27	50.83	75.73	74.23	83.43	91.17	82.83	78.12	1756
0	54.1225	-14.21	54.05	51.05	39.99	71.4	64.95	85.16	82.6	65.62	1778
0	40.0125	64.82	96.34	15.21	48.5	0.0	76.08	76.08	57.81	48.44	1536
64	49.975	99.95	100.0	0.0	99.9	0.0	90.0	90.14	57.84	64.06	1526
64	50.0	100.0	100.0	0.0	100.0	0.0	89.45	89.71	58.56	46.88	0763
0	50.0	100.0	100.0	0.0	100.0	0.0	89.43	89.79	58.28	57.81	1261
64	50.0	100.0	100.0	0.0	100.0	0.0	89.57	89.75	57.61	57.81	1033
64	75.75	25.07	87.43	56.27	89.14	70.16	85.38	91.62	81.73	82.81	0011
64	78.7575	0.65	84.69	82.24	73.47	74.63	83.74	89.73	83.99	75.0	1782
0	50.0	100.0	100.0	0.0	100.0	0.0	90.04	89.94	58.92	70.31	0750
64	79.9725	-12.4	84.33	86.9	63.21	85.45	78.82	89.19	85.09	78.12	0009
0	55.6475	-45.7	31.92	74.25	33.68	82.74	53.97	85.01	83.24	68.75	0008
0	50.0	100.0	100.0	0.0	100.0	0.0	89.39	89.41	58.89	43.75	0751
0	50.0	100.0	100.0	0.0	100.0	0.0	89.63	89.29	56.86	48.44	1523
64	50.0	100.0	100.0	0.0	100.0	0.0	90.0	89.41	58.4	64.06	1773
64	50.0	100.0	100.0	0.0	100.0	0.0	88.86	89.23	58.46	43.75	0286
64	72.4525	34.56	89.62	41.29	89.84	69.06	86.27	91.33	82.32	67.19	0535
0	50.0	100.0	100.0	0.0	100.0	0.0	89.02	88.88	57.22	48.44	1274
64	29.9875	-27.14	1.4	82.91	31.43	4.21	13.67	13.37	25.02	23.44	1039
64	61.9825	70.3	97.16	15.65	97.1	38.02	89.02	92.04	81.32	78.12	0287
0	50.0	100.0	100.0	0.0	100.0	0.0	90.16	90.56	57.45	56.25	0256
0	50.0075	99.98	100.0	0.0	100.0	0.03	91.27	88.8	77.65	68.75	0504
0	61.5475	55.53	91.48	32.52	87.14	35.05	81.92	90.7	80.63	79.69	1522
0	50.0	100.0	100.0	0.0	100.0	0.0	89.94	89.61	58.58	51.56	1502
64	49.24	96.46	95.79	0.55	99.15	1.47	81.27	81.04	58.07	40.62	1009
64	50.0	100.0	100.0	0.0	100.0	0.0	89.69	89.83	57.1	65.62	0258
0	63.63	36.15	83.03	40.18	80.38	50.93	82.54	91.31	81.86	64.06	0282
64	73.7825	14.36	77.45	57.6	84.48	75.6	82.04	92.08	83.4	81.25	0545
0	50.0	100.0	100.0	0.0	100.0	0.0	89.94	89.61	57.27	53.12	1027
64	74.79	-13.23	80.65	76.69	55.71	86.11	79.51	86.69	84.99	79.69	0035
64	50.0	100.0	100.0	0.0	100.0	0.0	90.1	90.22	58.81	60.94	0293
0	51.615	82.72	97.91	10.1	88.04	10.41	85.32	89.04	79.09	71.88	1506
64	50.0	100.0	100.0	0.0	100.0	0.0	89.79	90.04	57.81	60.94	1783
0	49.975	99.95	100.0	0.0	99.9	0.0	89.31	89.11	57.58	43.75	1035
64	49.8625	99.72	100.0	0.0	99.45	0.0	87.63	88.27	57.66	43.75	0255
0	50.0	100.0	100.0	0.0	100.0	0.0	89.92	89.96	58.33	48.44	0526
0	57.665	62.12	88.71	15.09	88.74	38.12	82.38	92.55	81.55	85.94	1500
0	50.0	100.0	100.0	0.0	100.0	0.0	89.77	89.59	57.22	64.06	1763
64	78.8775	-12.69	74.45	86.13	70.62	84.31	79.42	88.9	82.83	76.56	0753
64	50.0	100.0	100.0	0.0	100.0	0.0	89.67	89.92	58.79	39.06	0266
0	56.0825	65.34	89.52	25.19	87.99	21.63	83.86	92.22	79.63	71.88	1751
64	79.3325	16.61	87.14	77.8	88.14	64.25	86.07	92.35	82.47	78.12	0262
64	65.6425	-31.44	45.79	85.13	54.05	77.6	70.8	77.99	80.29	59.38	1750
0	50.0	100.0	100.0	0.0	100.0	0.0	89.63	89.04	56.76	45.31	1284
64	50.0	100.0	100.0	0.0	100.0	0.0	89.79	89.71	56.58	35.94	1254
64	3.3675	0.85	0.78	5.88	6.81	0.0	2.49	2.55	1.08	1.56	0517
64	50.0	100.0	100.0	0.0	100.0	0.0	89.96	89.73	59.64	32.81	0507
64	50.0	100.0	100.0	0.0	100.0	0.0	89.13	89.63	58.2	51.56	0251
0	50.0	100.0	100.0	0.0	100.0	0.0	89.59	89.49	57.33	46.88	0278
0	60.3025	54.6	87.92	25.75	87.29	40.25	82.32	93.11	83.32	70.31	1025
64	62.6925	52.56	89.56	37.74	88.39	35.08	84.43	92.26	81.96	78.12	0795
64	49.175	98.35	100.0	0.0	96.7	0.0	86.45	86.09	57.4	42.19	0283
64	50.0	100.0	100.0	0.0	100.0	0.0	89.91	89.89	58.28	46.88	1292
K	ADVFM_AVG	ADVFM_NEW-OLD	ADVFM_behind	ADVFM_in	ADVFM_near	ADVFM_on	FM	FMS	PT	SYNTH	ID
0	50.0	100.0	100.0	0.0	100.0	0.0	89.39	89.37	56.79	50.0	1124
64	50.0	100.0	100.0	0.0	100.0	0.0	89.79	89.19	57.63	42.19	0514
0	49.905	99.59	99.9	0.22	99.5	0.0	86.59	86.63	57.84	46.88	1559
64	50.0	100.0	100.0	0.0	100.0	0.0	89.49	88.84	58.76	50.0	1628
0	50.0	100.0	100.0	0.0	100.0	0.0	89.59	89.19	56.58	53.12	0055
64	7.4675	8.59	2.25	5.88	21.27	0.47	6.99	7.09	1.9	6.25	1067
0	50.0	100.0	100.0	0.0	100.0	0.0	89.67	89.96	59.51	48.44	1508
0	50.0	100.0	100.0	0.0	100.0	0.0	90.0	89.61	57.4	53.12	1104
0	50.0	100.0	100.0	0.0	100.0	0.0	89.92	90.12	58.58	60.94	0017
64	66.4975	46.59	92.75	39.84	86.84	46.56	86.41	91.11	83.17	76.56	0022
64	50.0	100.0	100.0	0.0	100.0	0.0	89.21	89.47	58.12	53.12	1107
0	59.005	66.55	94.42	16.98	90.14	34.48	84.65	90.91	81.78	84.38	1051
64	50.0	100.0	100.0	0.0	100.0	0.0	89.41	89.25	57.63	56.25	1623
64	60.11	72.71	95.23	17.54	97.7	29.97	86.31	90.44	80.63	78.12	1011
0	55.67	80.25	96.64	10.77	94.94	20.33	83.86	91.17	80.01	73.44	1153
64	67.2	49.01	90.67	35.96	92.74	49.43	87.08	91.31	81.91	75.0	1102
0	46.9225	92.73	99.74	1.11	86.84	0.0	84.61	84.22	56.81	28.12	1150
0	50.0	100.0	100.0	0.0	100.0	0.0	89.21	89.85	57.12	54.69	1057
0	50.0	100.0	100.0	0.0	100.0	0.0	89.59	89.65	57.74	68.75	0120
64	74.79	17.89	82.18	52.72	85.29	78.97	84.26	89.02	81.14	76.56	0109
0	57.3675	-44.51	28.13	77.91	42.09	81.34	54.76	85.82	82.47	78.12	1539
64	77.505	3.14	77.22	74.03	80.93	77.84	80.01	89.98	83.47	67.19	0122
0	50.0	100.0	100.0	0.0	100.0	0.0	89.17	89.71	58.97	60.94	0650
0	50.0	100.0	100.0	0.0	100.0	0.0	89.39	89.91	59.07	62.5	1041
64	49.67	95.67	99.22	3.66	95.8	0.0	85.54	85.91	55.94	34.38	1021
64	50.0	100.0	100.0	0.0	100.0	0.0	89.49	89.63	57.3	51.56	0602
64	50.0	100.0	100.0	0.0	100.0	0.0	89.96	89.47	57.76	35.94	1571
0	50.0	100.0	100.0	0.0	100.0	0.0	90.3	90.14	59.02	53.12	1137
64	72.265	18.86	85.51	55.94	77.88	69.73	84.89	87.26	82.11	79.69	0069
0	67.3425	23.35	81.46	55.16	76.58	56.17	77.12	86.37	81.52	68.75	0622
0	59.61	-30.35	42.72	73.7	46.15	75.87	63.65	89.11	84.14	81.25	1533
64	72.62	31.89	87.89	51.5	89.24	61.85	86.76	92.67	82.45	81.25	1568
0	57.5675	22.96	74.48	30.63	63.61	61.55	72.9	89.67	81.78	70.31	0021
0	49.75	99.5	100.0	0.0	99.0	0.0	86.51	86.23	58.15	48.44	1152
64	50.0	100.0	100.0	0.0	100.0	0.0	89.98	90.04	58.51	42.19	0559
0	50.0	100.0	100.0	0.0	100.0	0.0	89.49	89.47	56.58	53.12	1042
64	23.0825	-44.73	0.03	90.9	1.4	0.0	10.15	10.11	19.55	23.44	0643
0	58.1175	40.54	80.74	23.86	76.03	51.84	80.24	91.68	83.09	81.25	0057
0	53.93	-46.18	28.3	69.59	33.38	84.45	56.14	86.59	83.47	73.44	0028
64	25.135	-49.62	0.0	99.89	0.65	0.0	12.66	12.41	35.57	25.0	0516
64	50.0	100.0	100.0	0.0	100.0	0.0	89.37	89.19	58.4	46.88	1033
64	47.6875	75.18	97.03	20.2	73.52	0.0	75.05	74.93	57.48	35.94	1558
0	50.0	100.0	100.0	0.0	100.0	0.0	89.55	90.18	56.99	68.75	1061
0	60.835	-25.77	48.2	75.14	47.7	72.3	65.67	87.65	81.81	71.88	1620
64	48.1275	96.19	99.8	0.0	92.64	0.07	81.25	81.69	58.1	32.81	1576
64	1.865	3.16	0.49	0.33	6.41	0.23	2.19	2.37	0.18	0.0	0568
64	76.7925	20.82	88.12	64.37	86.29	68.39	84.51	88.72	81.76	76.56	0549
0	50.0	100.0	100.0	0.0	100.0	0.0	89.75	90.12	57.4	57.81	1054
64	74.1325	13.77	81.76	78.58	80.28	55.91	82.99	89.89	82.01	70.31	1524
64	78.51	-18.51	79.8	84.24	58.71	91.29	75.86	86.7	84.04	79.69	0630
0	50.0	100.0	100.0	0.0	100.0	0.0	89.83	89.89	57.89	54.69	0041
0	55.675	-54.28	27.84	84.35	29.23	81.28	53.71	75.5	81.65	87.5	0151
64	50.0	100.0	100.0	0.0	100.0	0.0	89.91	90.28	57.48	51.56	1563
64	50.0	100.0	100.0	0.0	100.0	0.0	89.85	90.24	58.35	56.25	1028
64	50.0	100.0	100.0	0.0	100.0	0.0	89.79	89.63	58.74	43.75	1542
64	18.8075	-9.33	3.66	46.95	24.62	0.0	8.85	9.13	7.7	4.69	1083
0	50.0	100.0	100.0	0.0	100.0	0.0	90.16	89.51	56.79	46.88	0006
0	42.99	62.81	90.63	22.97	58.16	0.2	69.4	69.12	57.02	34.38	0626
64	50.0	100.0	100.0	0.0	100.0	0.0	89.83	89.77	57.97	65.62	1526
64	68.13	43.02	90.34	29.52	88.94	63.72	87.53	91.49	81.63	82.81	0075
64	27.63	-10.56	3.66	65.82	41.04	0.0	14.26	14.56	11.37	15.62	0648
64	50.0	100.0	100.0	0.0	100.0	0.0	89.39	89.59	57.63	42.19	0625
0	49.95	99.9	100.0	0.0	99.8	0.0	88.76	89.21	57.3	35.94	0561
64	71.79	-9.72	72.1	77.03	61.76	76.27	78.49	87.18	83.78	71.88	0523
64	69.465	20.54	86.75	44.06	72.72	74.33	86.49	91.88	86.19	73.44	0647
0	50.0	100.0	100.0	0.0	100.0	0.0	89.67	89.21	56.94	45.31	0032
0	61.0575	-23.17	52.74	66.48	46.2	78.81	61.81	87.28	81.7	75.0	0617
0	50.0	100.0	100.0	0.0	100.0	0.0	89.89	90.02	58.51	46.88	0153
64	50.0	100.0	100.0	0.0	100.0	0.0	89.55	89.43	57.3	45.31	0056
64	50.0	100.0	100.0	0.0	100.0	0.0	89.23	89.43	56.66	46.88	0658
64	55.86	83.11	98.43	14.76	96.4	13.85	87.89	90.22	79.65	70.31	1119
0	67.23	-23.66	59.6	80.02	51.2	78.1	70.76	86.67	84.09	78.12	1037
0	50.0	100.0	100.0	0.0	100.0	0.0	90.16	90.24	58.69	45.31	0013
0	50.0	100.0	100.0	0.0	100.0	0.0	89.59	89.87	56.68	57.81	0631
64	49.7875	99.57	100.0	0.0	99.15	0.0	84.75	84.99	58.22	35.94	1046
64	50.0	100.0	100.0	0.0	100.0	0.0	90.16	90.08	57.94	59.38	0530
64	70.245	36.5	82.25	40.84	94.74	63.15	85.82	92.26	81.81	76.56	0620
64	74.7525	-1.19	80.35	79.8	67.97	70.89	78.88	85.03	80.78	73.44	0058
64	50.0	100.0	100.0	0.0	100.0	0.0	89.35	89.53	57.74	51.56	1117
0	59.24	-14.83	55.55	54.94	48.1	78.37	66.99	87.65	82.96	67.19	0574
0	58.8375	-26.98	43.34	73.36	47.35	71.3	65.88	88.66	83.96	73.44	1106
64	58.6575	74.56	95.63	15.98	96.25	26.77	88.66	91.13	80.93	73.44	1077
0	55.2625	80.32	96.05	11.65	94.79	18.56	88.62	91.88	84.3	68.75	0092
64	50.0	100.0	100.0	0.0	100.0	0.0	89.31	89.87	57.58	42.19	0048
0	50.0	100.0	100.0	0.0	100.0	0.0	89.94	89.51	56.51	53.12	0072
64	50.0	100.0	100.0	0.0	100.0	0.0	90.1	89.96	57.81	59.38	0091
0	55.755	80.89	95.95	23.31	96.45	7.31	88.34	92.91	81.4	71.88	0589
0	50.0	100.0	100.0	0.0	100.0	0.0	90.26	89.91	57.56	64.06	0613
64	50.0	100.0	100.0	0.0	100.0	0.0	89.39	89.39	57.27	51.56	0547
0	50.0825	98.17	99.09	1.66	99.25	0.33	82.6	82.66	57.74	32.81	0585
64	49.8425	99.46	100.0	0.22	99.15	0.0	88.74	88.25	57.35	42.19	0594
0	60.65	-0.36	60.08	56.94	60.86	64.72	72.42	90.16	82.53	67.19	1008
64	75.8725	-8.25	78.13	86.46	65.37	73.53	78.66	86.69	80.81	67.19	1626
0	57.6125	43.97	83.06	33.74	76.13	37.52	79.02	91.21	81.5	85.94	1586
64	0.415	0.61	0.29	0.22	1.15	0.0	0.51	0.53	0.05	0.0	1507
64	48.3575	87.84	95.56	8.88	88.99	0.0	83.92	83.56	57.84	42.19	1556
0	50.0	100.0	100.0	0.0	100.0	0.0	90.06	89.77	58.15	53.12	0050
64	0.495	0.99	0.03	0.0	1.95	0.0	0.63	0.67	0.0	0.0	0145
0	49.9875	99.97	100.0	0.0	99.95	0.0	89.94	89.73	57.43	60.94	0040
64	50.0	100.0	100.0	0.0	100.0	0.0	89.59	89.85	58.48	53.12	0033
0	50.0	100.0	100.0	0.0	100.0	0.0	89.29	89.81	56.79	45.31	1572
0	50.0	100.0	100.0	0.0	100.0	0.0	89.89	89.71	57.92	51.56	0525
64	75.815	-7.44	79.37	78.14	64.81	80.94	79.73	84.87	83.35	75.0	0646
0	50.0	100.0	100.0	0.0	100.0	0.0	89.61	89.69	56.76	60.94	0054
64	50.0	100.0	100.0	0.0	100.0	0.0	89.53	89.65	58.46	50.0	0038
64	50.0	100.0	100.0	0.0	100.0	0.0	89.83	89.59	56.56	40.62	1078
64	71.95	30.44	85.7	61.82	88.64	51.64	86.09	92.1	83.63	73.44	1567
64	69.3575	-6.45	68.05	73.47	64.21	71.7	76.23	82.5	81.16	67.19	0644
64	50.0	100.0	100.0	0.0	100.0	0.0	89.27	89.67	57.45	43.75	1580
64	74.565	29.98	87.17	61.04	91.94	58.11	84.93	91.27	80.91	78.12	1058
64	50.0	100.0	100.0	0.0	100.0	0.0	89.83	89.37	58.56	43.75	0615
64	46.0975	63.69	93.93	27.97	61.96	0.53	70.64	71.41	58.43	39.06	1074
64	73.0325	1.34	70.53	75.69	76.88	69.03	78.35	84.69	80.47	78.12	0509
0	50.0	100.0	100.0	0.0	100.0	0.0	89.27	90.04	58.25	51.56	1069
64	50.0	100.0	100.0	0.0	100.0	0.0	89.45	90.18	57.53	43.75	1132
0	55.3675	-48.23	30.22	77.36	32.28	81.61	57.19	85.32	84.71	79.69	0141
0	50.0	100.0	100.0	0.0	100.0	0.0	89.89	89.77	56.25	53.12	0007
0	52.6925	94.04	99.77	9.21	99.65	2.14	90.52	88.92	83.04	70.31	0114
64	50.0	100.0	100.0	0.0	100.0	0.0	89.1	89.11	58.2	50.0	0062
0	50.0	100.0	100.0	0.0	100.0	0.0	89.67	89.75	56.68	59.38	1624
64	25.08	-44.74	0.07	94.89	5.36	0.0	12.52	12.15	17.17	18.75	0107
64	70.8375	28.84	86.78	55.16	83.73	57.68	84.39	87.65	81.32	73.44	0039
0	63.795	-27.98	54.77	79.8	44.84	75.77	66.16	77.24	81.37	65.62	1506
0	49.7875	99.24	99.97	0.33	98.85	0.0	86.19	86.76	57.22	40.62	1600
0	50.0	100.0	100.0	0.0	100.0	0.0	89.77	89.67	57.99	54.69	0520
0	50.0	100.0	100.0	0.0	100.0	0.0	89.79	89.77	58.22	53.12	1040
0	65.005	-6.68	60.31	62.6	63.01	74.1	69.81	84.97	81.37	81.25	0111
0	54.545	56.22	85.93	29.97	79.38	22.9	81.67	92.87	81.83	73.44	0012
0	61.3875	-14.94	55.58	70.26	52.25	67.46	67.66	83.66	80.88	64.06	0095
64	65.9625	38.86	83.09	54.72	87.69	38.35	85.2	89.65	81.45	75.0	1514
64	19.9425	-3.4	3.0	43.29	33.48	0.0	10.96	10.47	7.54	9.38	0059
0	50.0	100.0	100.0	0.0	100.0	0.0	90.6	90.16	57.58	59.38	0544
0	65.7775	-18.5	57.15	79.69	55.91	70.36	73.01	86.98	84.89	65.62	0614
0	50.0	100.0	100.0	0.0	100.0	0.0	89.55	90.08	57.04	57.81	1588
64	50.0	100.0	100.0	0.0	100.0	0.0	89.91	90.06	57.76	57.81	0533
0	61.685	23.04	75.49	43.29	70.92	57.04	80.96	92.37	85.76	81.25	1027
0	58.1575	66.44	93.11	19.87	89.64	30.01	82.0	90.64	80.86	87.5	1136
64	71.3325	16.33	81.82	46.39	77.18	79.94	80.74	89.57	82.88	76.56	0600
0	50.0	100.0	100.0	0.0	100.0	0.0	90.04	90.12	57.79	56.25	0110
64	75.0475	25.12	89.33	48.17	85.89	76.8	86.45	90.44	81.55	78.12	1115
64	50.0	100.0	100.0	0.0	100.0	0.0	89.92	89.11	57.71	64.06	1060
0	50.0	100.0	100.0	0.0	100.0	0.0	89.69	89.65	59.28	45.31	0562
0	50.0	100.0	100.0	0.0	100.0	0.0	89.65	89.15	57.07	54.69	0610
0	70.915	29.48	89.78	53.61	81.53	58.74	82.99	77.36	78.78	64.06	1561
0	50.0	100.0	100.0	0.0	100.0	0.0	89.35	90.38	57.17	51.56	1609
0	50.0	100.0	100.0	0.0	100.0	0.0	89.92	89.1	57.33	40.62	1143
64	50.0	100.0	100.0	0.0	100.0	0.0	89.75	89.57	57.87	57.81	0046
0	50.0	100.0	100.0	0.0	100.0	0.0	89.77	90.0	58.2	57.81	1001
64	50.0	100.0	100.0	0.0	100.0	0.0	89.57	89.89	56.99	34.38	0108
64	79.4925	10.38	86.98	78.25	82.38	70.36	84.2	88.86	80.88	68.75	1004
64	50.0	100.0	100.0	0.0	100.0	0.0	89.39	88.94	57.48	40.62	1613
0	50.0	100.0	100.0	0.0	100.0	0.0	89.55	89.41	57.87	59.38	0004
64	71.7825	38.27	92.04	37.74	89.79	67.56	86.96	90.38	81.96	75.0	1611
0	47.45	-57.91	17.92	65.93	19.07	86.88	52.07	86.19	86.01	65.62	1135
64	0.9875	1.71	0.13	0.0	3.55	0.27	1.26	1.19	0.21	3.12	0545
64	50.0	100.0	100.0	0.0	100.0	0.0	90.04	89.71	58.63	51.56	1528
0	57.5625	77.35	97.23	8.1	95.25	29.67	85.05	91.53	80.68	75.0	1505
0	59.67	-39.01	44.39	88.79	35.94	69.56	64.22	73.75	83.83	64.06	1548
64	50.0	100.0	100.0	0.0	100.0	0.0	89.49	89.21	57.61	35.94	0135
0	50.0	100.0	100.0	0.0	100.0	0.0	89.75	89.49	55.86	37.5	1050
0	55.035	-35.41	41.12	76.03	33.53	69.46	58.06	82.73	77.83	70.31	0023
0	64.7625	6.98	69.58	60.6	66.92	61.95	71.63	81.75	80.78	68.75	0601
0	50.0	100.0	100.0	0.0	100.0	0.0	89.69	89.57	57.61	56.25	1577
0	53.3725	-47.25	33.81	72.59	25.68	81.41	53.12	78.94	83.27	62.5	1134
0	45.9375	91.61	99.8	0.0	83.68	0.27	77.14	77.6	58.53	43.75	1019
64	50.0	100.0	100.0	0.0	100.0	0.0	89.81	89.25	57.94	53.12	1073
64	50.0	100.0	100.0	0.0	100.0	0.0	89.96	90.1	58.81	68.75	0599
0	56.3225	-39.03	37.92	75.14	35.69	76.54	57.39	85.07	82.63	57.81	0126
0	50.0	100.0	100.0	0.0	100.0	0.0	89.98	89.77	57.51	50.0	0103
0	65.1975	43.86	86.06	54.83	88.19	31.71	83.56	79.51	75.44	51.56	0558
0	58.515	67.94	93.08	15.21	91.89	33.88	85.4	91.05	81.06	84.38	0607
64	50.0	100.0	100.0	0.0	100.0	0.0	89.94	89.57	58.04	67.19	0524
0	50.0	100.0	100.0	0.0	100.0	0.0	89.61	89.79	58.2	46.88	0653
64	50.0	100.0	100.0	0.0	100.0	0.0	89.79	90.06	58.1	59.38	0529
64	56.1825	81.88	97.0	11.65	97.25	18.83	87.1	91.03	81.22	79.69	0604
64	50.0	100.0	100.0	0.0	100.0	0.0	89.53	89.27	58.25	51.56	1048
0	50.0	100.0	100.0	0.0	100.0	0.0	89.55	89.61	58.46	50.0	1063
0	50.0	100.0	100.0	0.0	100.0	0.0	90.0	89.43	57.15	57.81	1590
64	50.0	100.0	100.0	0.0	100.0	0.0	88.88	89.85	59.15	43.75	0086
64	49.7675	99.33	99.97	0.0	98.9	0.2	88.36	88.15	59.12	45.31	1029
64	50.0	100.0	100.0	0.0	100.0	0.0	89.87	89.63	58.63	60.94	1599
0	55.4525	-33.82	35.05	67.92	42.04	76.8	63.41	89.91	86.17	75.0	0052
0	50.0	100.0	100.0	0.0	100.0	0.0	89.92	89.81	57.45	50.0	0576
0	50.0	100.0	100.0	0.0	100.0	0.0	89.33	89.49	58.33	40.62	0512
64	59.755	60.08	92.85	7.33	86.74	52.1	85.84	91.56	81.4	82.81	1113
0	54.115	-43.94	34.01	84.35	30.28	67.82	63.49	88.64	83.24	67.19	0143
64	50.0	100.0	100.0	0.0	100.0	0.0	89.98	89.85	58.46	46.88	1155
64	49.9875	99.97	100.0	0.0	99.95	0.0	90.52	90.22	58.1	53.12	0567
0	50.0	100.0	100.0	0.0	100.0	0.0	89.35	89.59	57.48	42.19	0580
0	50.0	100.0	100.0	0.0	100.0	0.0	90.02	89.59	57.4	60.94	1519
64	67.545	39.12	85.67	42.06	88.54	53.91	85.44	92.06	83.17	76.56	0542
64	50.0	100.0	100.0	0.0	100.0	0.0	90.02	89.98	57.84	43.75	0565
0	50.0	100.0	100.0	0.0	100.0	0.0	89.47	89.35	57.12	43.75	1129
0	50.0	100.0	100.0	0.0	100.0	0.0	89.31	89.41	57.17	45.31	0508
0	63.1125	-18.15	55.32	69.15	52.75	75.23	66.83	88.62	81.11	75.0	0579
64	84.44	0.44	83.78	82.02	85.54	86.42	82.52	90.0	79.96	73.44	0539
64	24.51	-41.1	0.16	68.59	7.76	21.53	7.9	9.17	38.77	20.31	1099
64	50.0	100.0	100.0	0.0	100.0	0.0	89.63	89.83	57.94	54.69	1038
0	56.6025	12.06	60.05	46.17	65.22	54.97	75.76	92.81	85.45	76.56	1100
0	51.06	97.35	99.67	1.33	99.8	3.44	90.83	90.36	79.06	79.69	0082
0	50.0	100.0	100.0	0.0	100.0	0.0	89.0	89.67	57.12	62.5	1552
0	50.0	100.0	100.0	0.0	100.0	0.0	89.33	89.41	58.71	37.5	0020
0	50.0	100.0	100.0	0.0	100.0	0.0	90.22	90.08	57.87	50.0	1081
0	63.2525	37.59	85.12	40.18	78.98	48.73	76.99	85.84	79.91	75.0	1518
0	50.0	100.0	100.0	0.0	100.0	0.0	89.73	89.27	58.28	34.38	1082
0	50.0	100.0	100.0	0.0	100.0	0.0	89.29	89.0	55.53	70.31	1521
0	68.0275	20.66	85.44	47.28	71.27	68.12	81.51	88.54	83.6	68.75	1035
0	48.65	97.19	95.79	0.11	98.7	0.0	81.67	81.88	57.56	29.69	1023
0	58.8425	42.62	83.03	22.42	77.28	52.64	77.18	89.04	81.65	79.69	0105
0	50.0	100.0	100.0	0.0	100.0	0.0	89.77	89.57	57.56	60.94	1550
0	50.0	100.0	100.0	0.0	100.0	0.0	89.85	89.75	57.4	45.31	1044
0	50.0	100.0	100.0	0.0	100.0	0.0	89.45	89.59	57.89	45.31	1535
64	49.9375	99.87	100.0	0.0	99.75	0.0	89.61	89.21	58.38	46.88	0511
0	50.0	100.0	100.0	0.0	100.0	0.0	89.91	89.0	57.45	50.0	1094
64	75.15	11.65	82.57	76.47	79.38	62.18	84.41	88.96	82.06	70.31	0584
0	63.83	-25.74	52.12	83.57	49.8	69.83	67.46	85.42	81.34	68.75	1534
0	50.0	100.0	100.0	0.0	100.0	0.0	89.96	89.89	58.07	39.06	1513
64	79.7125	12.14	87.53	71.92	84.03	75.37	86.09	90.87	83.5	81.25	0591
64	71.1625	26.89	89.03	45.28	80.18	70.16	84.71	88.96	83.29	78.12	1573
0	54.6325	-49.07	31.72	77.69	28.48	80.64	57.51	74.24	81.68	76.56	1070
0	55.5975	82.56	96.9	10.88	96.85	17.76	87.87	92.81	81.99	79.69	1053
64	69.83	-27.45	52.25	84.57	59.96	82.54	71.65	79.69	82.04	76.56	0635
0	65.7325	30.65	85.84	45.17	76.28	55.64	78.13	89.85	81.45	81.25	0049
64	49.545	97.34	99.48	1.55	96.95	0.2	86.11	86.23	58.07	50.0	0541
0	50.0	100.0	100.0	0.0	100.0	0.0	89.92	89.75	57.3	46.88	1039
0	58.2075	23.87	75.07	29.52	65.22	63.02	76.18	91.66	84.42	78.12	0637
0	50.0	100.0	100.0	0.0	100.0	0.0	89.71	89.35	56.27	50.0	0654
64	72.0275	-5.52	77.87	81.02	60.66	68.56	79.12	87.04	81.91	71.88	0099
64	59.6525	73.76	96.77	7.66	96.3	37.88	90.12	92.06	82.76	89.06	0124
64	50.0	100.0	100.0	0.0	100.0	0.0	89.47	89.91	56.51	53.12	0656
64	50.0	100.0	100.0	0.0	100.0	0.0	89.57	89.85	58.17	39.06	1527
64	75.0525	-11.57	74.87	84.91	63.66	76.77	76.49	84.93	81.16	71.88	0582
64	50.0	100.0	100.0	0.0	100.0	0.0	89.96	89.92	57.76	54.69	1612
64	49.9625	99.92	100.0	0.0	99.85	0.0	88.86	89.17	58.07	42.19	1602
0	50.0	100.0	100.0	0.0	100.0	0.0	90.08	89.87	57.87	62.5	0148
64	77.8325	7.98	79.86	71.25	83.78	76.44	84.45	91.37	84.89	81.25	0121
64	67.195	23.76	77.87	39.84	80.28	70.79	81.73	89.43	83.24	79.69	1109
64	50.0025	99.68	99.93	0.0	99.75	0.33	88.56	88.62	58.35	42.19	0502
0	56.695	73.6	95.2	2.11	91.79	37.68	87.04	91.6	81.96	82.81	1138
64	50.0	100.0	100.0	0.0	100.0	0.0	90.02	89.96	58.1	46.88	0546
64	50.0	100.0	100.0	0.0	100.0	0.0	89.77	90.5	57.45	54.69	0047
64	77.2325	-23.7	81.36	84.91	49.4	93.26	71.95	89.83	84.73	71.88	1126
64	50.0	100.0	100.0	0.0	100.0	0.0	89.25	90.06	57.1	50.0	0624
64	50.0	100.0	100.0	0.0	100.0	0.0	89.67	89.29	58.46	48.44	1131
64	66.6925	-44.84	49.8	89.68	38.74	88.55	66.89	75.17	83.5	76.56	1605
64	49.9875	99.97	100.0	0.0	99.95	0.0	89.53	89.55	58.48	32.81	1564
64	54.685	87.04	98.66	1.44	97.75	20.89	90.02	92.43	80.86	71.88	1566
0	50.0	100.0	100.0	0.0	100.0	0.0	88.92	89.94	57.66	64.06	0632
64	61.7775	63.0	94.71	30.52	91.84	30.04	85.82	88.82	80.81	75.0	0037
0	50.0	100.0	100.0	0.0	100.0	0.0	90.62	89.89	58.35	51.56	0101
64	50.0	100.0	100.0	0.0	100.0	0.0	89.47	89.85	57.43	50.0	1123
64	50.0	100.0	100.0	0.0	100.0	0.0	90.08	89.71	57.12	43.75	1084
64	50.0	100.0	100.0	0.0	100.0	0.0	89.83	89.89	57.81	56.25	0088
0	50.0	100.0	100.0	0.0	100.0	0.0	89.63	89.55	57.61	43.75	0060
64	79.18	-12.36	73.53	84.91	72.47	85.81	79.61	89.23	85.09	79.69	1585
64	74.3075	4.43	72.81	71.59	80.23	72.6	80.36	88.68	82.76	68.75	1049
0	50.0	100.0	100.0	0.0	100.0	0.0	89.69	90.2	58.84	53.12	1059
64	72.8225	-10.09	62.63	78.47	72.92	77.27	78.13	82.6	80.65	71.88	1018
64	61.4175	63.74	94.68	14.87	91.89	44.23	89.51	92.35	79.7	79.69	0611
0	50.0	100.0	100.0	0.0	100.0	0.0	89.87	89.53	56.86	51.56	0538
64	50.0	100.0	100.0	0.0	100.0	0.0	89.83	89.27	57.12	51.56	1133
0	51.235	-61.67	12.92	83.13	27.88	81.01	50.81	86.7	85.25	76.56	1604
64	1.8725	0.42	0.36	3.33	3.8	0.0	1.44	1.48	0.56	0.0	1125
64	81.945	-11.17	82.25	88.24	70.47	86.82	80.3	92.18	83.37	81.25	1014
64	26.1625	-31.09	0.82	0.0	20.42	83.41	9.11	8.75	31.36	21.88	1025
64	50.0	100.0	100.0	0.0	100.0	0.0	89.45	89.65	56.94	53.12	0067
64	81.19	11.53	85.57	78.02	88.34	72.83	83.72	89.71	81.83	68.75	0603
0	50.0	100.0	100.0	0.0	100.0	0.0	89.47	89.63	58.63	56.25	0550
64	50.0	100.0	100.0	0.0	100.0	0.0	89.13	89.51	57.1	50.0	1582
64	75.4025	21.35	84.82	67.7	87.34	61.75	85.6	93.24	84.17	84.38	1500
64	78.5725	-17.49	79.8	82.91	59.86	91.72	75.6	84.93	84.6	62.5	1570
0	49.45	98.9	100.0	0.0	97.8	0.0	86.47	85.8	58.25	50.0	0522
64	50.0	100.0	100.0	0.0	100.0	0.0	89.57	89.47	57.33	43.75	1146
0	65.0425	-4.83	63.84	61.82	61.41	73.1	69.77	87.57	82.14	81.25	0641
64	50.0	100.0	100.0	0.0	100.0	0.0	89.41	89.49	57.48	48.44	1013
64	50.0	100.0	100.0	0.0	100.0	0.0	89.39	89.69	59.56	51.56	1606
64	50.0	100.0	100.0	0.0	100.0	0.0	89.33	90.04	57.25	64.06	1523
64	50.0	100.0	100.0	0.0	100.0	0.0	90.22	90.0	57.89	45.31	0566
0	50.0	100.0	100.0	0.0	100.0	0.0	89.92	89.94	56.76	53.12	1120
0	50.0	100.0	100.0	0.0	100.0	0.0	89.96	89.71	58.02	35.94	0634
0	50.0	100.0	100.0	0.0	100.0	0.0	89.08	89.19	58.63	46.88	0083
64	74.0325	13.81	75.69	65.26	86.19	68.99	82.24	89.61	80.96	75.0	1546
0	52.6125	83.56	98.3	12.65	90.49	9.01	85.16	90.66	79.16	73.44	1144
0	49.855	-59.84	18.8	82.91	21.07	76.64	51.01	84.99	81.6	67.19	1547
0	56.2625	68.83	95.27	8.88	86.09	34.81	81.67	91.9	81.24	85.94	1105
64	64.635	-40.16	54.73	90.12	34.38	79.31	67.38	81.85	82.86	76.56	0078
64	50.0	100.0	100.0	0.0	100.0	0.0	89.33	88.96	57.17	54.69	1565
0	53.89	-10.78	41.94	48.5	55.06	70.06	67.4	89.19	85.78	70.31	1026
0	50.0	100.0	100.0	0.0	100.0	0.0	89.41	89.83	57.87	50.0	0598
64	77.7025	-7.24	76.8	79.13	71.37	83.51	78.19	89.73	81.99	73.44	0560
0	62.985	11.58	65.83	53.94	71.72	60.45	73.11	92.3	83.4	75.0	1607
64	75.3525	7.87	75.39	71.48	83.18	71.36	83.05	89.85	84.86	71.88	1121
64	70.2825	30.46	87.89	55.27	83.13	54.84	85.2	90.5	80.78	68.75	0510
0	50.0	100.0	100.0	0.0	100.0	0.0	89.92	89.63	58.43	51.56	0519
0	50.0	100.0	100.0	0.0	100.0	0.0	88.66	88.86	58.51	40.62	0590
64	61.5825	66.51	93.57	17.54	96.1	39.12	88.05	91.74	82.04	87.5	0578
64	76.4075	-17.32	78.69	89.12	56.81	81.01	78.98	85.4	85.86	81.25	0134
64	50.0	100.0	100.0	0.0	100.0	0.0	89.55	89.43	57.45	51.56	1080
64	37.555	-18.09	4.77	92.9	52.25	0.3	18.57	18.63	23.92	23.44	0639
64	50.0	100.0	100.0	0.0	100.0	0.0	89.98	89.63	56.63	46.88	1112
64	78.58	-8.96	75.33	82.24	72.87	83.88	80.15	87.51	83.17	78.12	0572
0	63.23	35.14	84.82	39.62	76.78	51.7	80.66	92.51	83.91	75.0	0097
64	74.65	-19.69	68.6	83.24	61.01	85.75	76.71	87.67	83.94	75.0	0035
64	81.0375	0.26	80.35	77.47	81.98	84.35	84.16	89.87	84.35	67.19	0649
0	65.395	6.28	69.35	63.26	67.72	61.25	71.63	85.2	81.24	71.88	0628
64	76.035	-0.52	76.83	68.81	74.72	83.78	80.94	90.08	82.06	79.69	1032
0	61.18	-18.57	50.59	65.93	53.2	75.0	64.99	87.36	80.45	76.56	0571
0	28.7375	-27.54	29.93	85.02	0.0	0.0	46.35	46.23	56.51	37.5	0577
0	50.0	100.0	100.0	0.0	100.0	0.0	90.3	89.77	57.66	60.94	0563
64	50.0	100.0	100.0	0.0	100.0	0.0	89.79	89.81	58.17	50.0	1127
0	49.8375	99.67	100.0	0.0	99.35	0.0	88.94	88.94	57.3	50.0	0531
64	50.0	100.0	100.0	0.0	100.0	0.0	89.75	89.73	57.87	56.25	0043
0	50.0	100.0	100.0	0.0	100.0	0.0	89.71	89.89	57.92	51.56	1627
64	50.0	100.0	100.0	0.0	100.0	0.0	89.71	89.47	57.63	40.62	1610
64	73.555	5.18	81.82	64.26	70.47	77.67	80.7	91.21	81.6	76.56	1092
0	50.0	100.0	100.0	0.0	100.0	0.0	89.55	89.89	57.79	62.5	1562
0	50.0	100.0	100.0	0.0	100.0	0.0	89.37	90.26	56.58	59.38	0019
64	50.0	100.0	100.0	0.0	100.0	0.0	89.23	90.14	58.35	62.5	1005
64	50.0	100.0	100.0	0.0	100.0	0.0	89.57	89.75	58.12	51.56	1595
0	50.0	100.0	100.0	0.0	100.0	0.0	89.19	89.33	57.56	43.75	1016
64	78.66	-13.9	82.51	82.8	60.91	88.42	78.7	87.38	83.63	73.44	1557
0	50.0	100.0	100.0	0.0	100.0	0.0	89.27	89.45	57.02	62.5	0500
64	0.1275	0.14	0.0	0.11	0.4	0.0	0.14	0.16	0.03	1.56	0085
0	50.0	100.0	100.0	0.0	100.0	0.0	89.47	89.69	56.51	48.44	1145
64	77.835	17.31	87.04	66.26	85.94	72.1	84.77	92.87	84.01	89.06	1130
0	50.0	100.0	100.0	0.0	100.0	0.0	89.71	90.24	57.97	60.94	0144
64	78.2325	-0.67	80.32	74.69	75.48	82.44	79.99	87.57	81.09	70.31	1504
64	75.0475	15.21	85.48	75.8	79.83	59.08	85.7	90.48	84.55	84.38	1009
64	50.4075	94.65	98.47	5.66	97.0	0.5	84.06	84.0	58.33	29.69	0506
64	68.2125	19.06	75.75	52.28	79.73	65.09	79.95	87.77	80.57	78.12	0014
0	59.7025	45.58	88.61	42.51	76.38	31.31	79.49	84.71	78.57	57.81	1002
64	49.9975	99.89	99.93	0.11	99.95	0.0	87.75	88.34	57.48	48.44	0655
0	50.0	100.0	100.0	0.0	100.0	0.0	89.39	89.13	57.99	48.44	0133
0	52.77	-59.33	24.54	75.92	21.67	88.95	52.02	79.73	81.93	71.88	0608
64	50.0	100.0	100.0	0.0	100.0	0.0	89.23	90.04	58.02	50.0	0564
0	55.0275	82.46	96.31	8.77	96.2	18.83	88.84	92.37	82.58	78.12	0609
64	76.115	-19.8	76.37	85.68	56.06	86.35	73.13	84.81	80.63	64.06	1085
64	50.0	100.0	100.0	0.0	100.0	0.0	88.88	89.83	58.04	60.94	1030
64	50.0	100.0	100.0	0.0	100.0	0.0	89.47	89.55	57.69	53.12	0552
64	72.4175	11.63	82.6	60.04	73.87	73.16	82.85	92.77	83.68	92.19	0540
64	73.2225	14.92	76.53	61.04	84.83	70.49	81.61	88.64	81.7	75.0	1503
0	2.0325	4.06	1.57	0.0	6.56	0.0	2.33	2.45	0.0	1.56	1619
64	50.0	100.0	100.0	0.0	100.0	0.0	90.2	90.06	58.33	42.19	1116
64	62.495	57.81	92.75	25.53	90.04	41.66	84.33	87.57	80.4	59.38	0521
64	50.0	100.0	100.0	0.0	100.0	0.0	89.73	89.51	57.97	48.44	1579
0	50.0	100.0	100.0	0.0	100.0	0.0	89.13	90.06	57.66	57.81	0587
64	25.0125	-49.97	0.0	100.0	0.05	0.0	19.62	19.38	27.2	31.25	0605
64	76.19	-10.49	74.12	87.24	67.77	75.63	77.36	87.55	83.17	76.56	0125
64	50.0	100.0	100.0	0.0	100.0	0.0	89.23	89.37	57.22	45.31	1149
0	50.0	100.0	100.0	0.0	100.0	0.0	89.33	89.17	57.76	45.31	0018
0	50.0	100.0	100.0	0.0	100.0	0.0	90.18	90.0	59.05	45.31	0027
64	64.3275	56.49	91.35	21.2	93.79	50.97	87.71	92.04	82.91	82.81	1103
0	50.0	100.0	100.0	0.0	100.0	0.0	89.45	89.81	57.56	51.56	0065
0	49.9875	99.97	100.0	0.0	99.95	0.0	89.39	89.55	58.07	62.5	0517
64	76.5375	28.03	86.62	54.05	94.49	70.99	86.7	91.25	81.78	78.12	1151
64	33.9825	-29.77	1.11	96.56	37.09	1.17	14.78	14.76	30.56	32.81	1003
64	50.0	100.0	100.0	0.0	100.0	0.0	90.6	89.87	57.99	54.69	1075
0	54.88	85.59	98.2	12.32	97.15	11.85	86.82	91.58	79.57	76.56	1511
64	49.9875	99.97	100.0	0.0	99.95	0.0	89.55	89.87	58.4	54.69	0553
64	50.0	100.0	100.0	0.0	100.0	0.0	89.11	89.69	57.56	43.75	1056
0	50.0	100.0	100.0	0.0	100.0	0.0	89.83	89.85	58.66	65.62	0515
64	50.0	100.0	100.0	0.0	100.0	0.0	89.92	89.98	57.45	51.56	1530
64	49.7	99.4	100.0	0.0	98.8	0.0	87.99	87.89	57.99	42.19	0501
64	71.6025	-19.11	67.04	86.24	57.06	76.07	77.2	88.56	84.35	78.12	1087
64	50.0	100.0	100.0	0.0	100.0	0.0	89.27	88.96	57.87	59.38	0597
64	50.0	100.0	100.0	0.0	100.0	0.0	90.3	89.35	56.58	45.31	1098
64	66.79	43.48	83.42	28.75	93.64	61.35	86.33	91.84	82.91	84.38	1625
0	50.0	100.0	100.0	0.0	100.0	0.0	89.71	89.47	58.4	37.5	0138
64	50.0	100.0	100.0	0.0	100.0	0.0	89.73	89.21	57.56	60.94	1111
64	67.6725	39.72	83.98	48.06	91.09	47.56	83.54	91.49	83.94	85.94	0129
64	26.5125	-45.52	0.1	98.34	7.41	0.2	12.54	12.78	34.82	18.75	1615
0	50.0	100.0	100.0	0.0	100.0	0.0	89.04	89.19	57.22	57.81	0592
0	50.0	100.0	100.0	0.0	100.0	0.0	89.63	88.86	57.58	54.69	1591
0	55.9325	-43.09	31.69	67.37	37.09	87.58	58.69	85.54	84.32	78.12	1593
0	50.0	100.0	100.0	0.0	100.0	0.0	90.0	90.08	57.15	54.69	1551
64	74.4425	31.23	87.83	55.6	92.29	62.05	86.27	90.93	82.81	76.56	0074
0	50.0	100.0	100.0	0.0	100.0	0.0	89.65	89.37	57.76	37.5	0596
64	76.7175	14.85	86.0	71.37	82.28	67.22	84.37	91.07	84.45	71.88	1024
64	25.5575	-48.88	0.23	100.0	2.0	0.0	17.34	16.69	35.77	23.44	1086
64	75.675	-20.59	72.0	87.79	58.76	84.15	78.29	86.65	86.01	64.06	0112
64	49.9375	99.87	100.0	0.0	99.75	0.0	89.53	89.67	57.02	43.75	0505
64	72.185	22.41	82.7	52.5	84.08	69.46	83.21	88.62	83.14	78.12	1515
0	50.0	100.0	100.0	0.0	100.0	0.0	89.31	88.82	59.33	43.75	0045
0	66.5	-27.08	50.82	80.8	55.11	79.27	72.15	79.28	83.94	67.19	0503
0	50.0	100.0	100.0	0.0	100.0	0.0	89.77	89.45	57.51	51.56	1617
0	50.0	100.0	100.0	0.0	100.0	0.0	89.91	90.1	57.3	32.81	0139
64	77.5925	-18.27	80.71	90.01	56.21	83.44	73.86	89.33	84.83	71.88	0548
0	61.22	50.67	87.08	30.74	86.04	41.02	78.59	89.53	80.11	82.81	1089
0	50.0	100.0	100.0	0.0	100.0	0.0	89.29	89.37	57.22	54.69	0003
0	54.8675	84.54	95.82	16.32	98.45	8.88	87.3	82.38	79.21	45.31	1118
0	64.5975	25.89	79.41	50.5	75.68	52.8	73.43	87.26	80.37	75.0	1045
64	71.64	-32.9	63.48	88.46	46.9	87.72	69.02	84.06	82.6	65.62	0152
64	70.735	35.74	88.12	53.16	89.09	52.57	84.87	91.35	79.63	76.56	1584
64	76.5625	-2.49	76.86	73.14	73.77	82.48	82.16	91.17	86.37	84.38	0534
0	50.0	100.0	100.0	0.0	100.0	0.0	89.61	89.61	57.2	42.19	1066
64	50.0	100.0	100.0	0.0	100.0	0.0	89.61	89.89	58.46	43.75	0142
64	76.1925	23.05	90.14	63.82	85.29	65.52	85.46	88.54	81.65	75.0	0051
64	52.28	94.37	99.58	0.11	99.35	10.08	89.41	91.96	80.63	81.25	1022
0	24.67	-48.93	0.36	92.23	0.05	6.04	21.89	22.8	55.58	32.81	0131
0	62.1275	-14.72	56.98	63.71	52.55	75.27	67.27	84.55	82.78	75.0	1618
64	83.5125	-3.07	84.82	83.35	79.13	86.75	83.33	91.29	84.58	73.44	0077
64	50.0	100.0	100.0	0.0	100.0	0.0	89.51	89.43	57.51	46.88	1549
0	56.08	-23.03	41.78	65.26	47.35	69.93	64.48	88.32	86.01	81.25	0593
0	50.0	100.0	100.0	0.0	100.0	0.0	90.2	90.1	57.66	51.56	1555
0	50.0	100.0	100.0	0.0	100.0	0.0	89.98	90.0	57.92	54.69	0117
64	58.09	-49.25	38.05	86.79	28.88	78.64	62.54	76.18	81.01	70.31	1522
0	69.835	8.71	79.11	51.39	69.27	79.57	80.34	85.74	84.24	78.12	1614
64	72.745	-31.64	67.2	87.01	46.65	90.12	72.44	82.89	86.17	79.69	1007
64	68.7825	-18.01	64.0	75.36	55.56	80.21	73.27	84.08	82.01	71.88	0526
0	49.555	99.11	99.12	0.0	99.1	0.0	86.37	86.45	58.74	46.88	1592
0	50.0	100.0	100.0	0.0	100.0	0.0	89.63	89.59	58.92	56.25	0029
64	50.0	100.0	100.0	0.0	100.0	0.0	89.53	89.65	58.76	50.0	1502
64	50.0	100.0	100.0	0.0	100.0	0.0	89.37	89.45	57.45	64.06	0586
64	59.535	58.64	86.62	16.2	91.09	44.23	85.88	90.97	82.81	75.0	0104
64	49.725	99.45	100.0	0.0	98.9	0.0	89.35	89.47	56.63	40.62	0627
0	50.0	100.0	100.0	0.0	100.0	0.0	89.51	89.77	56.76	57.81	0581
0	50.0	100.0	100.0	0.0	100.0	0.0	89.71	89.83	56.94	54.69	1079
0	52.2075	82.55	92.53	7.21	94.44	14.65	86.61	91.96	81.73	78.12	0053
64	59.3325	-41.63	46.15	79.36	30.88	80.94	64.58	71.1	81.11	67.19	1154
0	50.0	100.0	100.0	0.0	100.0	0.0	89.91	89.91	57.99	57.81	0042
0	50.0	100.0	100.0	0.0	100.0	0.0	88.84	89.33	56.74	43.75	1147
64	50.78	91.35	99.02	9.88	93.89	0.33	81.11	81.04	57.87	34.38	1071
0	57.1075	67.23	93.7	21.42	87.74	25.57	83.64	91.25	81.04	82.81	1622
64	27.37	-40.25	0.33	93.12	14.16	1.87	16.89	15.86	36.39	20.31	0068
64	78.18	6.22	80.55	76.58	82.03	73.56	83.25	90.22	81.29	84.38	0106
0	65.5825	-1.91	67.04	68.26	62.21	64.82	67.48	83.27	79.8	60.94	0555
0	50.0	100.0	100.0	0.0	100.0	0.0	89.77	89.85	58.3	43.75	0621
0	47.75	93.36	99.87	2.11	88.99	0.03	81.71	82.0	58.02	46.88	0102
0	50.0	100.0	100.0	0.0	100.0	0.0	89.92	90.26	57.17	54.69	1093
64	50.0	100.0	100.0	0.0	100.0	0.0	90.34	89.87	57.56	64.06	1072
0	59.035	43.31	83.55	24.86	77.83	49.9	75.98	90.83	83.01	82.81	0504
0	58.23	53.53	87.86	24.31	82.13	38.62	83.94	92.95	82.88	82.81	0150
64	72.13	24.81	84.79	58.27	84.28	61.18	83.37	84.43	80.63	73.44	1096
0	49.9325	99.87	99.93	0.0	99.8	0.0	88.52	88.27	57.43	56.25	1110
64	64.7625	54.59	91.42	30.41	92.69	44.53	86.53	90.93	81.11	75.0	0001
64	47.3	88.83	99.15	5.77	84.28	0.0	83.39	83.41	57.58	45.31	0543
0	50.0	100.0	100.0	0.0	100.0	0.0	89.21	89.25	57.43	45.31	1532
64	49.9375	99.87	100.0	0.0	99.75	0.0	89.89	89.61	57.69	43.75	1055
64	50.0	100.0	100.0	0.0	100.0	0.0	89.85	89.13	57.02	50.0	1064
0	62.07	14.11	73.14	45.17	65.12	64.85	76.14	90.73	82.65	73.44	0024
0	27.7775	-7.22	4.8	36.4	43.54	26.37	12.68	12.64	24.07	21.88	0015
0	49.9625	99.92	100.0	0.0	99.85	0.0	89.02	88.84	58.1	34.38	0575
64	50.0	100.0	100.0	0.0	100.0	0.0	89.33	89.61	55.86	48.44	0612
64	22.98	-40.85	0.1	84.91	5.01	1.9	14.38	13.43	38.57	26.56	0070
64	50.0	100.0	100.0	0.0	100.0	0.0	89.43	90.16	58.3	50.0	1589
64	75.105	-7.32	74.58	79.02	68.32	78.5	80.13	89.61	82.99	73.44	0573
64	50.0	100.0	100.0	0.0	100.0	0.0	89.92	89.92	56.38	48.44	1575
64	75.8625	-5.33	78.98	81.02	67.42	76.03	81.0	89.49	83.68	82.81	1540
64	50.0	100.0	100.0	0.0	100.0	0.0	89.49	89.61	57.45	51.56	0513
0	50.0	100.0	100.0	0.0	100.0	0.0	89.79	89.39	58.56	43.75	1512
64	50.0	100.0	100.0	0.0	100.0	0.0	89.67	89.06	57.94	48.44	1574
64	47.68	54.36	75.55	40.73	74.17	0.27	67.25	67.68	59.02	40.62	0084
64	50.0	100.0	100.0	0.0	100.0	0.0	89.55	89.43	57.87	40.62	0026
64	50.0	100.0	100.0	0.0	100.0	0.0	89.49	89.37	57.07	43.75	0081
0	50.0	100.0	100.0	0.0	100.0	0.0	90.02	89.69	57.87	67.19	1142
0	61.405	32.63	79.86	39.51	75.58	50.67	80.11	91.43	81.88	64.06	0009
64	50.0	100.0	100.0	0.0	100.0	0.0	89.33	89.67	58.2	46.88	0011
0	61.99	41.96	81.46	34.96	84.48	47.06	78.57	89.17	80.93	81.25	1509
64	50.0	100.0	100.0	0.0	100.0	0.0	90.2	89.71	56.99	46.88	0633
64	49.9625	99.92	100.0	0.0	99.85	0.0	89.35	89.27	57.22	42.19	1156
64	67.2275	51.96	93.37	34.3	93.04	48.2	87.85	91.68	82.35	81.25	1516
64	50.0	100.0	100.0	0.0	100.0	0.0	89.04	88.86	57.79	43.75	1529
64	50.0	100.0	100.0	0.0	100.0	0.0	89.27	89.91	57.71	53.12	0128
0	50.0	100.0	100.0	0.0	100.0	0.0	89.77	89.87	57.71	54.69	0119
64	74.6075	36.14	92.56	43.29	92.79	69.79	87.26	88.94	79.63	68.75	0532
64	68.1475	40.47	88.28	36.51	88.49	59.31	86.39	92.73	84.58	82.81	1597
64	50.0	100.0	100.0	0.0	100.0	0.0	88.96	89.08	57.74	45.31	0100
0	49.4075	-62.68	17.82	78.91	18.32	82.58	44.25	79.61	81.04	75.0	0079
64	73.4575	28.1	89.33	50.72	85.69	68.09	86.11	90.81	80.68	65.62	0002
64	50.0	100.0	100.0	0.0	100.0	0.0	90.18	89.81	57.97	40.62	1065
0	58.84	47.24	84.14	27.52	80.78	42.92	79.47	91.76	81.73	92.19	1603
64	50.0	100.0	100.0	0.0	100.0	0.0	89.15	89.53	58.38	59.38	1068
64	0.6525	1.19	0.2	0.11	2.3	0.0	0.83	0.83	0.03	0.0	1545
0	50.0	100.0	100.0	0.0	100.0	0.0	89.15	89.81	57.33	67.19	1578
64	71.4675	-13.69	65.18	79.36	64.06	77.27	78.19	83.09	81.42	82.81	0118
64	8.595	7.69	2.61	4.33	22.27	5.17	6.95	6.64	4.29	10.94	0640
0	50.0	100.0	100.0	0.0	100.0	0.0	89.15	89.65	59.23	60.94	0595
64	58.4775	71.78	95.4	22.64	93.34	22.53	87.67	90.64	81.76	82.81	0063
64	21.985	-43.82	0.0	85.35	0.15	2.44	5.97	6.8	46.63	21.88	0507
0	55.0675	-30.68	33.91	58.93	45.55	81.88	63.43	89.02	86.27	71.88	1062
64	63.52	49.19	87.14	32.52	89.09	45.33	84.02	89.89	81.34	68.75	0636
64	50.0	100.0	100.0	0.0	100.0	0.0	90.14	89.73	57.63	43.75	0031
64	10.6875	7.0	3.2	13.54	25.18	0.83	8.22	8.08	3.72	3.12	0096
64	50.0	100.0	100.0	0.0	100.0	0.0	88.6	89.65	57.94	43.75	1601
64	62.9625	61.63	94.06	26.75	93.49	37.55	86.9	89.75	81.63	79.69	1536
64	50.0	100.0	100.0	0.0	100.0	0.0	89.43	89.45	57.15	50.0	1581
64	72.8325	27.6	87.53	53.94	85.74	64.12	84.87	91.09	81.63	64.06	1501
64	50.0	100.0	100.0	0.0	100.0	0.0	89.39	89.25	57.1	59.38	1608
0	53.475	13.39	58.58	44.06	61.76	49.5	71.41	91.82	84.4	81.25	0000
0	62.5025	43.32	83.65	42.06	84.68	39.62	76.97	91.43	82.19	76.56	0657
0	64.2275	52.29	90.76	28.63	89.99	47.53	82.56	90.48	81.01	75.0	0115
0	50.0	100.0	100.0	0.0	100.0	0.0	89.57	89.53	58.22	50.0	0080
0	65.0825	-2.12	62.17	67.37	65.87	64.92	77.89	88.84	84.71	71.88	1108
64	50.0	100.0	100.0	0.0	100.0	0.0	90.02	89.61	57.33	39.06	1088
64	50.0	100.0	100.0	0.0	100.0	0.0	89.43	89.15	57.84	57.81	0629
64	60.6675	64.01	91.81	24.08	93.54	33.24	85.58	90.83	81.52	73.44	1034
0	62.015	57.97	92.36	27.41	89.64	38.65	82.79	90.1	81.42	78.12	0588
64	24.1425	-23.96	2.9	72.25	21.42	0.0	12.21	12.15	9.67	15.62	0016
64	50.0	100.0	100.0	0.0	100.0	0.0	89.71	89.49	56.56	62.5	0036
0	60.8825	37.93	78.56	25.86	81.13	57.98	78.43	92.39	82.04	78.12	1095
64	69.19	2.28	73.79	66.37	66.87	69.73	78.11	89.45	81.06	78.12	1596
0	67.0775	-27.07	54.08	79.25	53.0	81.98	69.0	80.74	83.01	65.62	0087
64	50.0	100.0	100.0	0.0	100.0	0.0	89.19	89.25	57.17	50.0	1159
0	49.9875	99.97	100.0	0.0	99.95	0.0	89.43	90.2	58.66	65.62	0136
0	62.5	47.31	84.82	26.86	87.49	50.83	78.84	90.5	81.42	70.31	0642
64	50.0	100.0	100.0	0.0	100.0	0.0	89.47	89.87	57.51	45.31	1114
64	50.0	100.0	100.0	0.0	100.0	0.0	89.17	89.57	56.92	51.56	1091
64	50.0	100.0	100.0	0.0	100.0	0.0	90.2	89.83	58.25	48.44	0071
64	25.265	-26.41	0.95	76.91	23.17	0.03	12.17	12.01	15.88	17.19	1587
64	50.0	100.0	100.0	0.0	100.0	0.0	90.02	89.21	57.17	48.44	1052
0	66.36	30.31	81.3	47.84	81.73	54.57	79.69	91.82	81.86	68.75	0537
0	50.0	100.0	100.0	0.0	100.0	0.0	89.45	89.45	57.27	48.44	0147
64	72.4775	-12.52	71.18	76.8	61.26	80.67	76.21	88.03	82.78	84.38	1000
64	67.645	46.28	92.98	25.19	88.59	63.82	87.38	91.68	81.81	76.56	0557
0	50.0	100.0	100.0	0.0	100.0	0.0	89.27	89.47	57.38	43.75	0527
64	50.0	100.0	100.0	0.0	100.0	0.0	89.73	89.35	57.89	51.56	0116
64	50.0	100.0	100.0	0.0	100.0	0.0	89.57	89.35	57.81	57.81	0645
64	70.14	-21.82	58.65	82.13	59.81	79.97	75.19	84.27	83.04	85.94	1569
64	25.4825	-45.33	0.03	1.0	5.61	95.29	8.04	8.53	43.65	18.75	1148
0	48.1675	70.88	89.49	25.08	77.73	0.37	70.76	70.78	57.25	40.62	0008
64	50.0	100.0	100.0	0.0	100.0	0.0	89.91	89.65	58.71	65.62	1140
64	77.76	0.11	83.26	77.47	72.37	77.94	83.54	87.73	85.09	84.38	0076
0	50.0	100.0	100.0	0.0	100.0	0.0	90.87	89.0	81.22	70.31	1036
0	49.6425	99.28	99.97	0.0	98.6	0.0	87.24	87.08	57.74	32.81	1006
64	50.0	100.0	100.0	0.0	100.0	0.0	89.79	90.0	57.69	54.69	1020
64	12.77	11.02	3.98	7.21	32.58	7.31	10.09	10.57	7.42	9.38	1598
0	50.0	100.0	100.0	0.0	100.0	0.0	89.89	90.08	56.58	54.69	0034
0	50.0	100.0	100.0	0.0	100.0	0.0	89.37	89.35	56.68	42.19	0583
0	50.0	100.0	100.0	0.0	100.0	0.0	88.94	89.57	57.27	67.19	1544
64	57.7925	77.69	96.18	5.88	97.1	32.01	87.26	92.12	81.04	67.19	1017
64	50.0	100.0	100.0	0.0	100.0	0.0	90.04	89.92	58.71	34.38	0618
0	57.575	74.07	95.27	16.32	93.94	24.77	83.58	90.34	79.88	75.0	1531
64	50.0	100.0	100.0	0.0	100.0	0.0	89.15	89.06	59.07	53.12	1031
0	50.3825	99.1	99.97	1.66	99.9	0.0	88.66	88.6	57.51	46.88	0638
64	50.0	100.0	100.0	0.0	100.0	0.0	89.96	89.85	57.38	62.5	1594
64	72.37	0.07	74.64	71.81	70.17	72.86	79.2	87.46	81.88	73.44	0137
64	75.9225	9.16	79.37	67.26	81.63	75.43	84.1	91.56	84.19	75.0	1090
64	63.075	55.44	86.95	32.63	94.64	38.08	83.54	91.39	81.04	82.81	1097
64	0.0	0.0	0.0	0.0	0.0	0.0	0.0	0.0	0.0	0.0	1101
64	68.745	-23.15	73.5	78.8	40.84	81.84	75.11	83.47	84.14	73.44	1157
0	63.9575	22.47	75.91	29.52	74.47	75.93	80.21	88.96	82.63	79.69	1554
0	50.0	100.0	100.0	0.0	100.0	0.0	89.75	90.48	58.3	48.44	0123
0	50.0	100.0	100.0	0.0	100.0	0.0	89.75	90.1	57.27	51.56	0127
0	50.0	100.0	100.0	0.0	100.0	0.0	90.14	89.47	57.33	48.44	0551
0	59.845	-13.73	50.65	62.49	55.31	70.93	68.96	91.01	84.91	82.81	1520
64	50.0	100.0	100.0	0.0	100.0	0.0	89.69	89.85	57.74	64.06	1525
0	50.0	100.0	100.0	0.0	100.0	0.0	89.53	89.33	57.51	60.94	0556
64	50.0	100.0	100.0	0.0	100.0	0.0	90.04	89.59	58.76	59.38	1076
64	68.465	-32.15	53.13	87.57	51.65	81.51	71.81	83.74	85.66	67.19	1158
64	50.0	100.0	100.0	0.0	100.0	0.0	88.64	89.29	58.51	48.44	1122
0	50.0	100.0	100.0	0.0	100.0	0.0	90.08	90.02	58.2	43.75	0098
0	54.05	83.52	97.13	6.99	94.49	17.59	85.91	93.07	82.83	71.88	1139
64	69.595	-29.23	58.06	84.57	51.9	83.85	72.68	81.07	83.47	76.56	0089
0	50.0	100.0	100.0	0.0	100.0	0.0	89.67	89.83	57.89	51.56	0132
64	50.0	100.0	100.0	0.0	100.0	0.0	89.41	89.35	58.22	48.44	1517
64	76.465	-12.79	83.68	77.8	56.46	87.92	76.21	88.4	80.6	64.06	1141
64	50.0	100.0	100.0	0.0	100.0	0.0	89.85	89.85	57.22	45.31	0140
0	50.0	100.0	100.0	0.0	100.0	0.0	89.35	89.67	57.99	46.88	0570
64	50.0	100.0	100.0	0.0	100.0	0.0	89.69	89.47	57.84	42.19	0066
64	16.66	-29.5	0.07	62.82	3.75	0.0	6.78	6.91	10.11	9.38	0113
0	50.0	100.0	100.0	0.0	100.0	0.0	89.83	89.47	57.2	45.31	0073
0	61.3925	38.95	78.66	28.19	83.08	55.64	74.04	91.21	81.78	75.0	0149
0	65.23	-12.85	61.0	68.48	56.61	74.83	64.88	83.78	81.76	68.75	0090
64	65.4525	41.93	84.69	38.85	88.14	50.13	87.26	93.78	84.86	85.94	0619
0	50.0	100.0	100.0	0.0	100.0	0.0	87.77	87.77	58.69	45.31	0651
64	49.975	99.95	100.0	0.0	99.9	0.0	85.99	85.89	57.51	42.19	1583
64	50.0	100.0	100.0	0.0	100.0	0.0	89.75	89.51	58.61	43.75	0061
0	49.9875	99.97	100.0	0.0	99.95	0.0	90.24	90.02	58.15	51.56	0652
64	50.0	100.0	100.0	0.0	100.0	0.0	90.28	89.91	57.17	35.94	1012
64	79.09	4.24	84.69	68.59	77.73	85.35	85.6	88.86	85.25	75.0	1541
0	50.4875	98.61	99.84	0.22	99.75	2.14	91.7	91.29	79.14	64.06	0518
64	60.235	69.03	94.16	30.74	95.35	20.69	87.18	90.1	80.27	75.0	1128
64	75.3675	12.37	86.98	60.16	76.13	78.2	82.89	90.0	81.65	71.88	1043
64	35.05	6.73	14.26	54.5	62.56	8.88	16.53	17.21	17.35	23.44	1553
0	50.0	100.0	100.0	0.0	100.0	0.0	89.0	88.92	58.02	35.94	0616
0	61.825	27.33	74.35	30.63	76.63	65.69	74.52	90.22	80.86	85.94	0044
0	50.0	100.0	100.0	0.0	100.0	0.0	89.83	89.77	58.97	62.5	0554
64	50.0	100.0	100.0	0.0	100.0	0.0	89.55	89.59	56.94	56.25	1537
64	66.5375	-2.19	69.52	75.92	61.36	59.35	74.97	76.67	80.04	73.44	0064
0	49.76	99.41	99.38	0.11	99.55	0.0	86.35	86.82	57.81	45.31	0535
0	58.9725	69.27	95.17	16.87	92.04	31.81	83.56	91.15	81.73	90.62	0536
64	73.605	6.23	83.62	57.6	69.82	83.38	81.41	89.31	84.45	75.0	1047
64	50.0	100.0	100.0	0.0	100.0	0.0	89.98	89.65	58.51	46.88	0025
64	74.4075	-22.97	73.14	81.8	52.7	89.99	76.49	84.87	86.04	79.69	1560
64	50.0	100.0	100.0	0.0	100.0	0.0	89.27	89.21	56.86	65.62	1538
0	50.0	100.0	100.0	0.0	100.0	0.0	90.28	90.32	57.69	53.12	1510
64	50.0	100.0	100.0	0.0	100.0	0.0	89.15	89.39	58.56	54.69	0030
64	75.425	15.92	86.39	65.7	80.38	69.23	82.91	91.05	81.14	64.06	1543
0	52.125	-46.57	28.2	83.8	29.48	67.02	56.76	86.19	82.86	76.56	0130
0	50.0	100.0	100.0	0.0	100.0	0.0	89.41	89.31	56.97	59.38	1015
64	50.0	100.0	100.0	0.0	100.0	0.0	89.75	89.51	57.63	54.69	0146
64	79.5825	-8.5	78.3	84.35	72.37	83.31	75.44	85.36	79.55	78.12	0093
0	60.4725	19.81	73.79	50.5	66.97	50.63	71.26	88.11	81.91	82.81	1616
0	28.7875	55.7	98.2	1.78	15.07	0.1	71.73	71.02	56.51	43.75	1010
64	73.4375	20.51	82.8	56.94	84.58	69.43	84.06	91.05	83.4	79.69	0005
64	70.285	41.01	90.54	33.3	91.04	66.26	87.06	90.28	80.88	75.0	0094
64	50.0	100.0	100.0	0.0	100.0	0.0	89.53	89.15	57.94	48.44	0569
0	56.55	82.28	96.83	22.31	98.55	8.51	87.69	84.02	75.67	48.44	0528
64	50.0	100.0	100.0	0.0	100.0	0.0	89.79	89.75	58.02	57.81	0623
0	50.0	100.0	100.0	0.0	100.0	0.0	89.67	89.33	57.51	48.44	0606
64	50.0	100.0	100.0	0.0	100.0	0.0	89.91	89.83	58.3	48.44	0010
0	64.0075	-15.55	55.16	77.14	57.31	66.42	68.0	88.32	81.86	78.12	1621
