K	SYNTH	ADVFM_AVG	ADVFM_in	ADVFM_on	ADVFM_near	ADVFM_behind	ADVFM_under	FM	PT	ID
 0	33.3333	54.8953	0.78	0	87.7567	99.22	86.72	81.2533	58.7533	0764
 0	33.8533	59.792	1.3	0	97.66	100	100	86.5633	59.3767	0562
 0	34.3733	58.75	0	0	96.6133	100	97.1367	85.8367	60	0163
 0	35.9367	55.156	0	0.52	85.1533	99.22	90.8867	79.48	59.3767	0863
 0	36.9767	59.4793	0	0	98.1767	100	99.22	87.81	58.1267	0114
 0	36.98	58.906	1.3	0.26	95.05	99.22	98.7	84.8967	58.02	0016
 0	38.5433	54.6347	10.4133	0	74.2167	96.8733	91.67	78.23	57.6033	0792
 0	39.5833	44.7393	15.3633	1.04	40.6267	90.3633	76.3033	71.3533	55.6233	0509
 0	40.6233	56.3547	1.30333	0	91.9267	99.22	89.3233	84.48	58.1267	0151
 0	40.6267	59.792	0	0	99.74	100	99.22	87.5	60	0854
 0	41.6633	50.1033	9.11333	3.64667	74.7367	89.5833	73.4367	69.9967	56.46	0901
 0	4.16667	13.2813	0	0	13.54	20.5733	32.2933	18.1233	0	0546
 0	41.6667	69.0107	48.6967	18.49	92.7067	96.3567	88.8033	79.7933	67.6033	0690
 0	42.1867	52.6033	1.56	0	79.4267	99.74	82.29	76.3533	57.71	0045
 0	42.1867	60	0	0	100	100	100	88.5433	56.7733	0781
 0	42.7067	35.574	38.5433	5.21	30.21	63.5433	40.3633	53.23	60.2067	0405
 0	43.2267	65.0527	54.43	19.7933	82.81	91.1467	77.0833	75.1033	68.75	0573
 0	43.23	59.844	0	0	99.48	100	99.74	86.4567	55.21	0017
 0	43.7467	60	0	0	100	100	100	87.2933	57.3967	0370
 0	43.75	59.948	0	0	99.74	100	100	87.1867	56.6667	0120
 0	44.2667	59.948	0	0	99.74	100	100	87.6	56.3567	0160
 0	44.27	55.5727	83.8567	38.54	52.8633	35.1567	67.4467	47.1867	63.2267	0931
 0	44.27	59.844	0	0	99.48	100	99.74	86.56	57.81	0135
 0	44.27	59.948	0	0	99.74	100	100	84.0633	56.98	0366
 0	44.27	60	0	0	100	100	100	88.3333	56.4567	0258
 0	44.7933	60	0	0	100	100	100	89.3733	57.5	0899
 0	44.7933	63.2293	69.2733	45.8333	59.6333	78.3867	63.02	66.0433	65.3133	0885
 0	44.79	68.9067	82.5533	67.1867	51.0433	73.4367	70.3133	66.1467	68.44	0861
 0	45.3133	60	0	0	100	100	100	86.5667	59.5833	0618
 0	45.3133	68.49	75	67.71	57.55	75.7833	66.4067	63.8567	64.5833	0396
 0	45.3133	75.7307	80.9933	75	73.7	72.3967	76.5633	75.0033	66.8767	0103
 0	45.8333	35.26	88.54	87.76	0	0	0	8.96	65.31	0368
 0	46.3533	60	0	0	100	100	100	86.77	58.1267	0007
 0	46.3533	62.7087	15.1033	0.26	99.74	98.7	99.74	90.2067	66.3533	0876
 0	46.3567	61.302	15.1033	0	96.0933	96.6167	98.6967	88.1233	63.8567	0671
 0	46.8733	60	0	0	100	100	100	87.2933	58.0233	0557
 0	46.8733	60.99	5.73	0	99.74	99.48	100	85.83	65.31	0814
 0	46.8767	65.676	70.05	52.8633	65.1	82.0333	58.3333	65.1	69.48	0551
 0	46.8767	72.3946	72.9133	53.6433	77.6033	80.47	77.3433	74.0633	66.5633	0186
 0	46.88	61.8247	18.4933	0.52	95.0533	97.92	97.1367	83.1233	66.77	0019
 0	47.3933	73.906	78.9067	75	71.6133	75.78	68.23	67.5	62.9167	0753
 0	47.3967	42.1347	86.2	75.78	5.20667	40.8833	2.60333	32.3967	66.98	0358
 0	47.3967	64.7407	35.4167	15.8867	88.5433	95.5733	88.2833	78.33	65.6233	0839
 0	47.3967	65.8333	39.0633	17.4467	87.24	95.57	89.8467	78.8533	66.25	0271
 0	47.9133	48.7493	72.6567	42.9667	33.8533	78.1233	16.1467	55	64.9	0363
 0	47.9133	59.01	67.97	42.1867	53.6467	82.81	48.4367	64.7933	66.7733	0387
 0	47.9167	60	0	0	100	100	100	87.6033	57.2933	0612
 0	47.9167	67.5527	32.03	23.1767	92.71	93.75	96.0967	81.8767	66.8733	0315
 0	47.9167	68.542	55.99	3.90667	94.7933	93.49	94.53	78.8567	67.4967	0128
 0	47.9167	70.7293	52.3433	26.0433	87.76	93.75	93.75	82.9167	67.3967	0531
 0	47.9167	71.2507	65.1067	39.5833	79.4267	87.24	84.8967	73.23	64.58	0353
 0	47.9167	78.906	63.8033	63.28	85.9367	91.4067	90.1033	80.94	66.98	0403
 0	48.4367	60	0	0	100	100	100	88.6467	57.71	0521
 0	48.44	57.1873	48.6967	17.97	70.05	94.27	54.95	69.0633	66.0433	0042
 0	48.9567	67.136	41.6667	0.78	98.18	95.8333	99.22	87.19	65.9367	0648
 0	48.9567	69.3233	62.24	59.1167	75	79.9467	70.3133	66.6667	69.3767	0677
 0	48.9567	70.2614	66.4067	65.8867	65.6267	74.22	79.1667	68.0233	66.8767	0859
 0	48.9567	72.968	52.08	36.4567	93.49	91.4067	91.4067	83.3333	69.6867	0299
 0	48.96	59.948	0	0	99.74	100	100	88.2267	59.79	0374
 0	48.96	72.6553	49.2167	64.84	82.8133	79.9467	86.46	72.92	67.5	0927
 0	49.4767	60	0	0	100	100	100	88.44	58.6433	0054
 0	49.4767	60	0	0	100	100	100	89.79	57.3967	0264
 0	49.4767	62.0313	13.02	0.26	98.7	98.1767	100	88.54	66.1467	0156
 0	49.4833	43.802	83.0733	61.9767	16.93	53.9067	3.12333	37.0833	64.1667	0345
 0	49.48	59.792	0	0	98.96	100	100	88.6433	56.8733	0112
 0	49.48	61.5633	10.9367	1.56	97.66	99.74	97.92	89.58	67.9167	0394
 0	49.48	62.448	16.9267	6.77	95.5733	97.1367	95.8333	86.04	64.5867	0634
 0	49.48	63.5427	81.7733	75.7833	61.46	50.26	48.4367	50.73	65.52	0022
 0	49.48	65.8847	10.4133	29.6867	95.05	96.6167	97.6567	85.6267	68.8567	0689
 0	49.48	69.844	60.4167	53.9067	75	84.1167	75.78	69.8967	68.54	0067
 0	49.48	80.1047	67.71	71.8767	84.6367	86.1967	90.1033	78.44	68.6433	0032
 0	49.9967	35.8327	87.7567	91.4067	0	0	0	7.49667	65.1033	0920
 0	50.0033	62.4474	78.6467	61.1967	55.4667	70.57	46.3567	59.79	67.2933	0421
 0	50.0033	76.9287	60.4167	54.43	86.2	91.1467	92.45	80.9333	65.8333	0384
 0	50.5167	63.7507	22.6567	0	97.3967	98.7	100	88.1233	67.9167	0758
 0	50.5233	35.9373	88.8033	90.8833	0	0	0	11.3533	65.4167	0603
 0	50.5233	60	0	0	100	100	100	87.6067	55.31	0338
 0	50.5233	60	0	0	100	100	100	88.6467	59.48	0041
 0	50.5233	60.8853	81.77	83.3333	53.9067	44.7933	40.6233	55.21	69.3733	0649
 0	50.5233	61.5633	18.23	1.3	96.0933	97.4	94.7933	87.7067	67.0867	0139
 0	50.5233	70	42.19	23.9567	92.9667	93.49	97.3967	85.21	67.29	0090
 0	50.5233	70.5207	60.6767	51.8233	80.99	76.8233	82.29	72.2933	63.8533	0538
 0	50.52	60	0	0	100	100	100	87.81	55.1033	0628
 0	50.52	62.7613	63.8033	14.0633	74.48	93.23	68.23	75.4133	67.2933	0575
 0	50.52	70.834	68.49	11.46	93.49	89.3233	91.4067	83.1233	64.69	0923
 0	50.52	75.0527	69.79	64.0633	74.74	78.3867	88.2833	78.96	68.02	0265
 0	50	60	0	0	100	100	100	88.8533	58.3333	0168
 0	50	67.0847	67.19	54.1667	71.6167	83.3333	59.1167	65.6267	65.21	0661
 0	50	67.1353	63.8033	58.5933	65.3633	81.25	66.6667	61.98	67.6	0004
 0	50	74.1147	76.3	60.4167	75.26	76.8233	81.7733	75.52	65	0310
 0	51.04	62.9167	71.3533	59.3767	54.1667	75	54.6867	61.8733	66.5633	0651
 0	51.04	68.5933	47.3967	42.4467	82.5533	88.02	82.55	71.98	68.5433	0133
 0	51.04	70	75.78	47.1367	68.23	83.0733	75.78	70.5233	65.6233	0362
 0	51.04	74.8953	66.9267	55.99	81.77	82.55	87.24	77.29	64.48	0252
 0	51.04	77.552	77.6033	77.6033	75.26	77.0833	80.21	70.73	67.2933	0581
 0	51.5633	60	0	0	100	100	100	87.9167	56.25	0390
 0	51.5633	65.8347	33.5967	3.12333	97.1367	97.6567	97.66	88.4367	64.5833	0862
 0	51.5633	66.3027	69.01	46.0933	64.5867	85.4167	66.4067	69.8933	66.25	0757
 0	51.5633	69.636	38.2833	24.48	94.0067	95.3133	96.0967	87.0833	64.5833	0181
 0	51.5633	73.1773	75.0033	73.1767	70.8333	72.6567	74.2167	66.25	66.3533	0026
 0	51.5633	73.8547	62.7633	63.5433	80.4667	82.2933	80.2067	70.2067	67.7067	0179
 0	51.5633	74.4793	83.3333	76.5633	72.1333	69.01	71.3567	72.71	63.1267	0308
 0	51.56	64.4287	25	2.08333	98.18	97.92	98.96	87.8167	69.3733	0768
 0	51.56	70.2593	27.0833	39.06	93.7467	95.3133	96.0933	83.6433	68.2333	0583
 0	51.56	72.448	64.3233	42.71	79.9467	88.28	86.98	80.6233	68.1267	0000
 0	51.56	73.0727	52.6033	36.72	90.1033	91.9267	94.01	80.1067	64.0667	0518
 0	51.56	73.386	36.1967	48.6967	91.1467	96.6167	94.2733	83.75	69.1667	0036
 0	52.0833	47.24	70.5733	33.8533	30.99	81.25	19.5333	53.5433	65.6233	0800
 0	52.0833	59.948	0	0	99.74	100	100	88.4367	59.4833	0298
 0	52.0833	60	0	0	100	100	100	87.1867	59.3733	0845
 0	52.0833	60	0	0	100	100	100	89.5833	62.1867	0197
 0	52.0833	60	0	0	100	100	100	89.8933	58.23	0847
 0	52.0833	62.3447	11.98	2.08333	98.44	99.74	99.48	88.54	66.25	0798
 0	52.0833	62.7607	44.01	16.1467	80.99	96.8767	75.78	75.6267	65.52	0015
 0	52.0833	63.072	61.1967	36.1967	66.9267	90.6233	60.4167	73.5433	67.6067	0287
 0	52.0833	63.8014	60.1567	35.6767	73.6967	85.6767	63.8	71.6667	63.9567	0903
 0	52.0833	70.104	59.3733	23.1767	83.0733	92.97	91.9267	81.1467	64.1667	0266
 0	52.0833	72.552	61.72	63.0233	76.3	82.55	79.1667	73.3333	68.4367	0891
 0	52.0833	73.282	64.5833	42.45	81.25	88.02	90.1067	75.94	65.42	0624
 0	52.0833	78.126	73.18	64.5867	79.9467	83.8533	89.0633	78.1233	65.4167	0652
 0	52.0867	59.7927	71.3533	53.3867	49.48	78.1267	46.6167	60.73	67.0833	0153
 0	52.0867	70.5733	62.24	68.49	66.41	72.6567	83.07	66.6667	66.9767	0595
 0	52.0867	76.9267	65.1033	73.6967	81.51	81.51	82.8133	76.8733	68.54	0759
 0	52.6033	60	0	0	100	100	100	88.9567	60.31	0837
 0	52.6033	63.6453	58.0733	26.5633	76.56	91.6667	65.3633	72.9133	64.8933	0082
 0	52.6033	74.478	47.3933	50.78	89.0633	92.7067	92.4467	81.77	69.06	0597
 0	52.6067	70.5727	55.47	26.82	89.3233	90.6267	90.6233	80.9367	64.3767	0398
 0	52.6067	72.3447	39.3267	34.8967	95.05	95.0533	97.3967	83.4367	66.1467	0541
 0	52.6	60	0	0	100	100	100	88.8533	56.3533	0838
 0	52.6	75.7293	57.29	40.3667	91.1433	93.4933	96.3533	85.3133	68.1267	0535
 0	53.1233	59.74	0	0	98.7	100	100	87.3967	57.2933	0037
 0	53.1233	60.574	6.51	0	98.7	99.22	98.44	89.06	62.6033	0503
 0	53.1233	62.3447	82.5533	63.2833	56.77	49.4767	59.64	53.23	67.81	0293
 0	53.1233	64.22	21.0967	5.99	96.8733	97.92	99.22	85.21	65.1067	0641
 0	53.1233	65.1053	32.55	7.81333	92.71	97.4	95.0533	85.6267	68.1233	0644
 0	53.1267	59.896	0	0	99.48	100	100	88.5433	59.2733	0278
 0	53.1267	60	0	0	100	100	100	87.3967	59.0633	0785
 0	53.1267	70.1053	18.23	46.8733	94.7933	93.7533	96.8767	82.3967	65.3133	0121
 0	53.6433	35.6773	88.2833	90.1033	0	0	0	9.16667	66.7733	0323
 0	53.6433	60	0	0	100	100	100	86.77	55.5233	0900
 0	53.6433	60	0	0	100	100	100	88.75	57.7067	0018
 0	53.6433	63.6467	21.0933	0	98.96	98.44	99.74	87.81	65.9367	0409
 0	53.6433	70.416	46.3533	32.03	88.8033	91.1467	93.7467	81.8767	63.8567	0089
 0	53.6467	60	0	0	100	100	100	88.75	59.27	0174
 0	53.6467	63.6467	17.1867	5.73	97.3967	98.18	99.74	89.1667	68.54	0640
 0	53.6467	68.4373	43.49	12.76	94.01	95.5733	96.3533	82.8133	66.1467	0686
 0	53.6467	70.5207	52.6067	21.8767	90.6233	93.4867	94.01	81.1467	67.71	0810
 0	53.6467	72.8126	79.1633	77.8633	67.71	71.3533	67.9733	69.3733	68.6467	0187
 0	53.6467	73.23	42.71	36.72	94.27	95.3133	97.1367	86.04	66.1433	0777
 0	53.65	60	0	0	100	100	100	89.27	60.1067	0152
 0	54.1633	60	0	0	100	100	100	89.6867	61.1467	0020
 0	54.1633	62.4487	12.24	2.86333	98.96	99.22	98.96	86.9767	68.23	0389
 0	54.1633	72.0833	81.51	75.52	57.8133	72.3967	73.1767	66.5633	66.46	0913
 0	54.1633	72.6567	40.3667	40.8833	90.8867	95.5733	95.5733	85.4167	68.23	0871
 0	54.1633	79.948	67.71	56.2467	90.1033	92.45	93.23	78.23	70	0193
 0	54.1667	52.03	55.4667	12.5	61.1967	90.8833	40.1033	68.1233	67.7067	0804
 0	54.1667	60.418	6.25	0	98.44	98.96	98.44	86.6667	66.5633	0569
 0	54.1667	60.6247	3.38333	0.26	99.48	100	100	88.1267	66.8767	0787
 0	54.1667	62.606	21.6167	4.43	92.97	98.18	95.8333	84.0633	66.4567	0002
 0	54.1667	62.9687	25.78	3.38333	91.4067	96.8733	97.4	85.42	67.2933	0280
 0	54.1667	67.1367	41.1467	8.33333	92.45	95.5733	98.18	87.3967	66.3567	0525
 0	54.1667	68.96	47.3967	13.0233	94.7933	92.4467	97.14	85.73	67.7067	0349
 0	54.1667	69.7933	16.1467	41.93	95.5733	96.8767	98.44	85.3133	65	0335
 0	54.17	65.0013	30.47	0	97.3967	97.4	99.74	88.1267	66.3533	0296
 0	54.6833	70.5227	48.18	17.71	91.4067	96.8767	98.44	88.1267	67.0867	0381
 0	54.6867	35.9893	91.4067	88.54	0	0	0	9.16667	64.6867	0602
 0	54.6867	60	0	0	100	100	100	90.3167	57.5	0869
 0	54.6867	61.458	38.0167	11.72	86.72	96.0933	74.74	76.77	64.1667	0820
 0	54.6867	61.7713	10.9367	0	99.22	98.7	100	85.7267	67.2933	0879
 0	54.6867	64.272	25	6.77	95.0533	96.88	97.6567	86.77	67.1867	0514
 0	54.6867	64.5833	79.9467	76.3033	57.55	45.0533	64.0633	57.6033	68.85	0383
 0	54.6867	67.3433	82.8133	54.6867	63.2833	66.6633	69.27	67.0833	66.2533	0411
 0	54.6867	67.6567	46.8767	5.20667	94.0133	95.05	97.1367	87.2933	65.73	0617
 0	54.6867	72.0307	17.4467	63.02	91.4067	93.49	94.79	85.5233	66.8733	0039
 0	54.69	63.1247	53.1233	61.1967	62.76	74.48	64.0633	64.3767	66.4567	0095
 0	54.69	66.9273	33.5933	12.5	94.7933	97.1367	96.6133	88.02	67.71	0600
 0	54.69	70.4687	52.08	39.3233	79.1667	88.8033	92.97	78.9567	66.5633	0393
 0	55.2067	57.916	16.4067	2.86333	90.6233	98.96	80.7267	78.4367	62.7067	0613
 0	55.2067	59.74	0	0	98.7	100	100	89.6833	65.4167	0593
 0	55.2067	60	0	0	100	100	100	88.1233	57.3933	0506
 0	55.2067	60.4693	5.20667	0	98.96	98.7	99.48	88.8567	68.6467	0175
 0	55.2067	64.4267	30.2067	3.12333	94.27	97.92	96.6133	85.21	66.77	0056
 0	55.2067	66.8233	34.1133	13.0233	94.27	95.5733	97.1367	86.3533	69.0633	0762
 0	55.2067	69.218	44.53	14.3233	95.83	95.8333	95.5733	83.75	66.56	0906
 0	55.21	60	0	0	100	100	100	87.2933	59.6867	0672
 0	55.21	60	0	0	100	100	100	88.75	55.73	0291
 0	55.21	60.6253	5.46667	0	98.44	99.48	99.74	87.1867	67.3967	0169
 0	55.21	63.802	16.93	10.1533	97.3967	96.8733	97.6567	86.5633	66.9767	0126
 0	55.21	68.75	40.3633	11.98	96.8767	97.3967	97.1333	84.8967	67.8133	0637
 0	55.21	69.1667	77.6033	58.8567	65.1033	73.6967	70.5733	66.1467	63.75	0875
 0	55.21	72.4487	33.3333	53.9067	88.5433	92.97	93.49	78.65	68.02	0088
 0	55.7267	62.5007	15.6267	0.78	97.9167	98.96	99.22	87.3967	65.73	0508
 0	55.7267	64.1147	19.53	8.85333	96.6167	96.8733	98.7	86.4567	65.73	0268
 0	55.7267	74.0627	75	74.74	74.48	73.7	72.3933	70.6233	65.42	0564
 0	55.7267	77.1873	47.92	65.1033	85.4167	94.0067	93.49	83.3333	67.6033	0141
 0	55.73	52.4993	48.9567	12.5	68.23	95.05	37.76	69.3733	66.3533	0369
 0	55.73	60	0	0	100	100	100	87.9133	56.8733	0660
 0	55.73	60.1567	6.50667	0.78	96.8767	98.7	97.92	85.9367	61.8733	0159
 0	55.73	62.8646	21.3533	1.82333	96.3533	98.44	96.3533	84.27	63.7467	0782
 0	55.73	63.5427	19.01	4.68667	96.3567	98.44	99.22	87.81	66.5633	0154
 0	55.73	63.698	22.6567	8.59	92.1867	98.18	96.8767	83.54	67.6033	0073
 0	55.73	66.3533	32.55	9.37667	95.57	96.8733	97.3967	87.81	67.5	0256
 0	55.73	69.166	68.2267	57.81	71.8767	81.77	66.1467	69.79	69.06	0397
 0	55.73	73.5413	63.8033	29.1667	90.3633	91.9267	92.4467	84.58	68.4367	0673
 0	56.2533	60	0	0	100	100	100	88.4367	57.5033	0392
 0	56.2533	60.052	0.78	0	99.48	100	100	88.1267	63.9567	0537
 0	56.2533	68.3327	41.1433	17.9667	90.8833	97.1367	94.5333	84.27	66.6667	0157
 0	56.25	59.74	0	0	99.22	99.48	100	88.02	66.04	0940
 0	56.25	61.3033	10.9367	0.26	97.92	98.18	99.22	89.06	65	0688
 0	56.25	61.6153	9.63667	0	99.48	99.48	99.48	89.27	64.0633	0429
 0	56.25	63.6453	23.9567	7.29333	93.4867	96.3533	97.1367	88.6433	66.77	0317
 0	56.25	68.438	59.3733	29.1667	82.2933	92.71	78.6467	79.0633	66.25	0251
 0	56.25	69.7913	53.3833	29.1633	85.94	91.6667	88.8033	83.5433	66.46	0346
 0	56.25	73.8546	63.5433	78.6433	80.47	70.3133	76.3033	69.0633	69.48	0359
 0	56.7667	69.5313	29.6867	29.1667	95.0533	97.9167	95.8333	86.3533	68.4367	0166
 0	56.7733	60	0	0	100	100	100	89.2733	57.0833	0669
 0	56.7733	60.4693	3.12667	0.52	98.96	99.74	100	88.6467	64.6833	0167
 0	56.7733	64.4273	29.9467	8.33333	91.4033	97.66	94.7933	84.0667	63.8533	0024
 0	56.7733	76.718	50.78	60.4167	90.1033	88.8033	93.4867	83.3333	70.3133	0560
 0	56.77	60.4167	5.72667	0	97.9167	100	98.44	87.5033	63.8533	0117
 0	56.77	60.5727	3.38333	0	99.48	100	100	86.6667	66.7733	0932
 0	56.77	68.5933	13.8033	52.8667	89.06	92.1867	95.05	81.6667	70.52	0571
 0	56.77	70.6773	20.8333	53.6467	90.8833	93.23	94.7933	83.1267	69.48	0109
 0	56.77	72.5513	48.1767	71.3533	81.25	77.3433	84.6333	79.3733	68.5433	0808
 0	56.77	73.072	40.8833	50	89.06	92.7067	92.71	84.48	66.7733	0894
 0	57.2933	60.0007	1.82333	0.78	97.92	99.74	99.74	87.08	67.1867	0328
 0	57.2933	60.26	0.26	3.38333	98.6967	99.74	99.22	88.85	64.9967	0260
 0	57.2933	61.042	5.99	0.26	99.48	100	99.48	87.81	66.3533	0528
 0	57.2933	66.8247	64.5833	77.3433	60.16	71.3567	60.68	59.5833	68.5433	0031
 0	57.2933	68.5427	24.7433	32.29	92.4467	95.5733	97.66	85.21	65.73	0097
 0	57.2933	71.7193	68.49	60.1533	73.18	74.74	82.0333	71.67	69.5833	0539
 0	57.2933	75.7273	44.79	60.1567	89.32	91.9233	92.4467	82.6033	68.44	0290
 0	57.29	60	0	0	100	100	100	89.48	59.2733	0284
 0	57.29	60.3653	4.16667	0.78	98.44	98.96	99.48	88.2333	64.7933	0035
 0	57.29	64.324	23.96	0.26	98.18	99.74	99.48	88.6467	68.3333	0419
 0	57.29	76.562	68.7467	57.2933	86.72	83.07	86.98	79.06	66.6667	0437
 0	57.8133	60	0	0	100	100	100	87.29	58.8533	0013
 0	57.8133	60	0	0	100	100	100	87.71	57.3967	0812
 0	57.8133	61.6147	9.89333	1.3	98.96	99.74	98.18	87.9133	66.3533	0376
 0	57.8133	62.2407	13.2833	0	98.96	99.48	99.48	85.5233	67.0833	0127
 0	57.8133	63.4893	52.8633	21.3533	77.0833	94.2733	71.8733	75.1033	65.8333	0286
 0	57.8133	67.918	45.3133	0	98.18	96.8767	99.22	87.6067	65.94	0559
 0	57.81	60.6773	4.94667	0	98.96	99.74	99.74	86.2467	64.8933	0314
 0	57.81	61.198	5.46667	2.86333	98.96	99.74	98.96	89.3733	66.8767	0023
 0	57.8167	61.824	12.24	1.56	98.44	98.96	97.92	86.8733	68.9533	0292
 0	58.3333	60.4173	4.95	1.56	96.6167	99.48	99.48	89.3767	64.8967	0190
 0	58.3333	60.5207	3.38333	0	99.48	99.74	100	86.7733	65.2067	0886
 0	58.3333	64.012	17.7067	8.85333	97.4	98.18	97.92	86.8733	64.1667	0096
 0	58.3333	64.792	26.5633	16.6667	90.6233	97.4	92.7067	83.4367	63.75	0682
 0	58.3333	66.6667	29.6867	11.72	96.3533	98.1767	97.3967	86.3533	65.9333	0432
 0	58.3333	67.188	18.23	29.4267	93.49	97.3967	97.3967	84.27	66.6667	0414
 0	58.3333	70.5733	34.3767	39.3233	93.75	91.1467	94.27	80.52	65.6267	0520
 0	58.3333	74.5307	38.02	54.6867	92.9667	91.1467	95.8333	85.7267	66.56	0306
 0	58.33	66.8233	15.6267	27.8633	94.53	97.3967	98.7	85.52	69.6867	0165
 0	58.3367	73.2287	64.8433	41.9267	85.6767	89.06	84.6367	73.8533	65.9367	0915
 0	58.3367	74.6353	43.75	65.8867	83.3333	87.5	92.7067	78.1267	66.25	0076
 0	58.8533	60	0	0	100	100	100	89.5833	57.0833	0111
 0	58.8533	60.208	1.04	0.52	100	100	99.48	90.1067	68.4367	0145
 0	58.8533	60.626	4.68667	2.08333	98.44	99.22	98.7	88.1267	67.0833	0919
 0	58.8533	61.3027	11.1967	0.78	97.3967	98.18	98.96	88.9567	65.21	0148
 0	58.8533	62.7093	16.9267	1.56	97.4	98.96	98.7	89.3767	70.1033	0633
 0	58.8533	62.8653	18.75	0	97.3967	98.18	100	88.1267	66.77	0385
 0	58.8533	63.386	2.60333	21.3533	96.0933	98.18	98.7	86.5633	69.1667	0642
 0	58.8533	64.2713	16.6667	7.55	98.7	99.48	98.96	86.04	67.3967	0324
 0	58.8533	64.6887	6.51	26.8233	94.5333	98.18	97.3967	85.52	66.1467	0883
 0	58.8533	71.5613	43.4867	38.5433	89.58	92.7067	93.49	83.54	65	0924
 0	58.8567	60.3127	2.34333	0	99.48	99.74	100	89.27	61.0433	0347
 0	58.8567	61.5627	13.2833	1.82	95.31	98.44	98.96	88.8567	65	0130
 0	59.3733	60.052	2.08	0.26	98.44	99.48	100	88.96	65.9367	0318
 0	59.3767	60	0	0	100	100	100	88.5433	57.6067	0282
 0	59.3767	60.1573	8.59667	0.78	95.8333	98.44	97.1367	87.71	65.8367	0601
 0	59.3767	61.354	7.55333	2.34	98.1767	98.7	100	88.54	66.2533	0009
 0	59.3767	61.5633	10.4167	2.08333	97.3967	99.22	98.7	87.6033	67.0833	0435
 0	59.3767	64.896	29.4267	7.03	95.0533	96.8767	96.0933	87.08	63.96	0093
 0	59.3767	75.2073	61.4567	38.28	88.5433	94.79	92.9667	81.4567	66.77	0294
 0	59.3767	78.23	65.6267	74.4767	79.43	84.8967	86.72	82.1867	66.5667	0281
 0	59.8933	60.6767	3.64333	0.26	99.74	99.74	100	87.8133	68.3333	0770
 0	59.8933	63.698	20.83	0	98.96	98.7	100	89.48	65.42	0501
 0	59.8933	66.356	5.99333	34.6367	94.79	98.7	97.66	84.27	65.6267	0285
 0	59.8967	60.6253	4.16667	0	99.22	99.74	100	89.0633	67.0867	0014
 0	59.8967	62.344	15.3633	1.3	98.44	97.9167	98.7	86.6633	66.8767	0625
 0	59.8967	67.448	38.28	5.98667	96.8767	97.9167	98.18	86.3533	65.9367	0888
 0	59.8967	74.2207	23.7	59.1167	95.5733	95.3133	97.4	86.4567	67.6033	0935
 0	59.8967	74.79	55.4667	43.75	91.6633	87.76	95.31	84.2733	67.81	0774
 0	59.8967	77.76	74.74	56.7667	81.51	84.6367	91.1467	79.1667	64.0633	0439
 0	60.4133	60	0	0	100	100	100	89.4767	59.48	0676
 0	60.4167	60	0.26	0	100	99.74	100	87.19	65.4167	0572
 0	60.4167	60.886	7.03	0	98.44	98.96	100	88.6467	68.8533	0679
 0	60.4167	60.99	5.99	0.52	99.22	99.48	99.74	87.81	66.0433	0824
 0	60.4167	62.9174	5.72667	16.9267	96.8767	98.18	96.8767	86.5633	66.77	0191
 0	60.4167	67.9167	20.0533	37.76	91.4067	95.8333	94.53	84.5833	67.5	0051
 0	60.42	63.2307	2.60333	18.23	98.44	98.7	98.18	86.77	71.56	0550
 0	60.42	71.6666	45.0533	32.8133	90.8833	94.27	95.3133	82.8133	66.6667	0635
 0	60.9333	60.156	1.04	0	99.74	100	100	87.1867	68.1267	0897
 0	60.9367	60.9907	9.11333	0.26	97.92	99.74	97.92	87.71	66.8733	0574
 0	60.9367	65.626	22.9167	9.89667	97.9167	98.18	99.22	85.52	66.77	0173
 0	60.9367	67.9167	10.1567	43.75	94.5333	95.5733	95.57	85.9367	67.8133	0823
 0	60.9367	73.23	63.02	16.1467	95.3133	94.01	97.66	86.1467	67.4967	0008
 0	60.94	60.4687	2.60333	0	100	99.74	100	89.1667	65	0094
 0	60.94	60.9387	6.51333	0	99.22	99.22	99.74	89.5833	67.2933	0027
 0	60.94	64.22	25.78	0.26	98.44	97.66	98.96	87.3933	69.3767	0817
 0	61.4567	59.896	0	0	99.48	100	100	88.8533	66.8767	0196
 0	61.4567	60.104	0.52	0	100	100	100	89.27	68.1267	0881
 0	61.4567	60.312	2.34	0	99.48	99.74	100	87.71	64.8967	0909
 0	61.4567	60.3647	2.86333	0	98.96	100	100	87.81	67.5	0050
 0	61.4567	61.7187	9.11333	0.78	99.48	99.74	99.48	89.3767	66.6667	0305
 0	61.4567	75.8347	61.7167	53.1267	84.3767	88.2833	91.67	79.7933	65.6233	0548
 0	61.46	60.1567	1.56333	0	99.48	99.74	100	87.6033	70.2067	0118
 0	61.9767	65.99	29.95	7.03	96.8733	97.3967	98.7	86.25	65.2067	0176
 0	61.9767	70.2087	47.9167	23.4367	91.4067	94.27	94.0133	84.8967	66.77	0083
 0	61.98	56.5627	25	3.64333	85.4167	98.44	70.3133	78.2333	64.79	0099
 0	61.98	60	0.78	0	99.48	99.74	100	90.52	66.8767	0668
 0	61.98	60.2613	3.38667	0	99.22	99.74	98.96	89.3733	65.94	0295
 0	61.98	60.4167	2.60333	0	99.74	99.74	100	88.23	69.3767	0582
 0	61.98	61.3553	9.11667	0	98.96	99.74	98.96	89.1667	67.29	0767
 0	61.98	61.4067	8.59333	1.3	98.96	98.44	99.74	87.5	64.5867	0680
 0	61.98	69.898	42.19	20.0533	95.5733	95.3167	96.3567	84.5833	66.77	0849
 0	62.5	59.7913	2.86	0	97.1367	100	98.96	87.9167	65.9367	0408
 0	62.5	59.896	4.16333	0	96.8767	100	98.44	88.2267	65.6233	0162
 0	62.5	60.678	4.95	0	99.22	99.22	100	88.6467	65.31	0857
 0	62.5	60.678	5.21	0	98.44	99.74	100	88.23	66.3533	0588
 0	63.0233	60.052	1.04	0.52	99.22	99.48	100	88.23	70.2067	0803
 0	63.0233	60.104	0.78	0	100	99.74	100	88.6467	65.2067	0567
 0	63.0233	60.4693	3.12667	0	99.22	100	100	87.1833	63.9567	0615
 0	63.0233	61.9793	0.52	13.54	97.92	99.22	98.6967	85.3133	65.2067	0788
 0	63.0233	68.4887	23.9567	28.1233	96.3533	95.57	98.44	87.0833	66.3533	0407
 0	63.02	59.792	0.26	0	98.7	100	100	88.33	64.1667	0852
 0	63.02	60	0	0	100	100	100	88.02	60.3133	0029
 0	63.02	60	0	0	100	100	100	89.1667	58.6467	0307
 0	63.02	60	0	0	100	100	100	90.6267	60.2067	0566
 0	63.02	60.156	0.52	0.78	99.74	100	99.74	88.8533	66.98	0898
 0	63.02	60.312	1.56	0	100	100	100	87.5	64.3733	0868
 0	63.5433	59.948	0.26	0	99.74	99.74	100	88.02	67.2933	0611
 0	63.5433	59.948	0.78	0	99.22	99.74	100	88.4367	65.1067	0170
 0	63.5433	59.9487	2.86333	0	98.96	99.74	98.18	87.1867	66.2533	0313
 0	63.5433	60.1567	0.52	1.82333	99.22	99.74	99.48	87.5	63.8533	0513
 0	63.5433	60.4687	3.90333	0	98.7	99.74	100	86.56	68.54	0639
 0	63.5433	60.574	8.07	0	97.66	98.44	98.7	87.8133	64.7933	0870
 0	63.5433	62.0327	12.5033	5.73	96.3533	98.18	97.3967	86.77	65.52	0766
 0	63.54	60	1.04	0	99.74	99.22	100	88.96	68.4367	0836
 0	63.54	60.3647	2.08333	0	99.74	100	100	86.98	67.2933	0399
 0	63.54	60.5727	3.64333	1.04	98.96	99.22	100	88.96	66.8733	0578
 0	63.54	62.03	16.4033	1.56	96.6133	98.44	97.1333	85.7267	64.1667	0805
 0	63.54	62.0833	1.04	14.5833	97.9167	99.22	97.6567	86.5633	68.44	0382
 0	63.54	64.7927	26.3	3.38667	98.7	97.6567	97.92	88.0233	68.6467	0858
 0	64.0633	57.5513	13.28	0.78	91.4033	99.22	83.0733	82.1867	62.8133	0352
 0	64.0633	59.792	0.26	0	98.96	100	99.74	88.1267	66.2467	0896
 0	64.0633	60	2.34	0.26	98.18	99.74	99.48	87.6033	67.9167	0678
 0	64.0633	60.8853	8.59333	1.04	96.0933	99.74	98.96	85.52	62.3967	0085
 0	64.0633	61.5633	9.89667	0	99.22	98.7	100	88.4367	67.2933	0675
 0	64.0633	61.7713	9.63667	1.3	98.96	99.74	99.22	88.1267	66.77	0361
 0	64.06	60.1567	4.95	0	96.8733	100	98.96	88.6433	66.0433	0134
 0	64.06	60.2613	3.90667	0	98.96	99.74	98.7	86.5633	64.6867	0301
 0	64.5833	60.4167	3.90333	0.52	99.22	99.22	99.22	89.5867	67.81	0355
 0	64.5833	63.542	23.1767	3.12333	95.8333	97.4	98.1767	87.9167	66.77	0811
 0	64.5833	64.0633	7.29	17.71	97.1367	98.7	99.48	86.4567	63.54	0505
 0	64.58	61.7713	10.9367	0	98.7	99.22	100	89.3733	68.5433	0643
 0	64.5867	61.4587	5.73	4.16333	99.74	98.7	98.96	87.1867	67.6033	0663
 0	64.5867	62.5527	17.45	2.60333	97.3967	97.3967	97.9167	85.4167	64.6867	0796
 0	65.1033	60	0	0	100	100	100	89.0633	61.0433	0629
 0	65.1033	60.052	0.78	0	99.74	99.74	100	88.54	65.42	0867
 0	65.1033	60.26	2.08	0	100	99.22	100	88.4367	66.8733	0433
 0	65.1033	61.668	7.55333	3.12667	98.96	98.96	99.74	86.1467	66.8733	0872
 0	65.1067	59.896	0	0	99.48	100	100	86.1433	69.5833	0755
 0	65.1067	60	0	0	100	100	100	89.48	57.9167	0587
 0	65.1067	60.5207	2.86333	1.04	99.74	99.22	99.74	89.48	67.29	0842
 0	65.1067	60.678	4.95	0	98.96	99.48	100	87.9167	66.6667	0059
 0	65.6233	60.2087	1.56333	0.26	99.48	99.74	100	89.48	66.98	0816
 0	65.6233	60.5213	3.64667	0.26	99.22	99.48	100	88.4333	66.6667	0171
 0	66.1433	59.896	0	0	99.48	100	100	89.3767	65.21	0687
 0	66.1467	60.99	8.85333	0	98.18	98.1767	99.74	88.1267	66.77	0685
 0	66.1467	61.1987	6.51333	0	99.74	99.74	100	87.5	65.73	0853
 0	66.1467	62.032	13.02	0	98.44	98.96	99.74	87.6033	67.6033	0177
 0	66.6633	60	0.26	0	99.74	100	100	89.0633	65.73	0523
 0	66.6667	60	0.78	0	99.74	100	99.48	89.48	66.67	0375
 0	66.6667	60.5727	2.86333	0	100	100	100	88.1267	67.3967	0124
 0	67.1867	59.948	0	0	99.74	100	100	87.71	67.1867	0430
 0	67.1867	60	0.26	0	99.74	100	100	89.6867	65.3133	0674
 0	67.1867	60.156	1.3	0	99.74	99.74	100	89.1667	67.5	0526
 0	67.19	59.948	0.26	0	99.48	100	100	89.27	68.7467	0831
 0	67.19	59.948	0.26	0	99.48	100	100	89.6867	68.6433	0848
 0	67.7067	60	0	0	100	100	100	88.1267	66.1467	0930
 0	67.7067	60.26	1.82	0	99.74	99.74	100	88.02	67.9167	0794
 0	67.7067	60.364	2.6	0	99.74	99.48	100	89.48	63.75	0791
 0	67.71	59.9473	1.82	0	99.74	99.74	98.4367	87.0833	62.6033	0182
 0	67.71	60	0	0	100	100	100	87.5	58.0233	0938
 0	67.71	60.0013	5.73	0	97.92	100	96.3567	87.1867	65.9367	0827
 0	67.71	60.7813	4.68667	0	99.74	99.48	100	89.4767	65	0561
 0	68.2267	59.114	4.94667	0	95.0533	99.74	95.83	84.7933	65	0342
 0	68.2267	59.792	0	0	99.22	99.74	100	87.5033	66.8733	0185
 0	68.2267	59.948	0	0	99.74	100	100	89.1667	67.6033	0533
 0	68.2267	60	0.26	0	99.74	100	100	85.9367	68.44	0339
 0	68.2267	60.3647	3.12333	0	98.7	100	100	87.71	67.2933	0064
 0	68.2333	60.156	0.78	0	100	100	100	87.08	65.4167	0609
 0	68.23	59.896	0	0	99.74	100	99.74	89.1667	65.52	0115
 0	68.23	60	0	0	100	100	100	88.9567	59.79	0365
 0	68.75	59.948	0.26	0	99.48	100	100	87.29	65.3133	0274
 0	68.75	60.052	0.78	0	99.74	99.74	100	88.02	67.29	0354
 0	68.75	60.26	2.08	0	99.22	100	100	87.5	65.73	0912
 0	69.2733	60.104	0.52	0	100	100	100	87.7133	65.6267	0038
 0	69.2733	60.2087	2.08333	0	98.96	100	100	88.8533	66.1467	0172
 0	69.27	61.8227	9.89333	0	99.22	100	100	89.79	68.0233	0925
 0	70.3133	60.3127	2.08333	0	99.74	99.74	100	88.3333	67.3967	0647
 0	70.31	60.3127	0	1.56333	100	100	100	89.5833	67.7067	0866
 0	70.8333	60.4693	4.42667	0	99.22	98.7	100	89.69	66.5633	0379
 0	70.83	60	0	0	100	100	100	88.96	65.52	0504
 0	70.83	60.6253	6.77	0.52	97.3967	99.48	98.96	86.1467	68.2333	0662
 0	70.8367	59.792	0	0	98.96	100	100	86.8733	67.29	0055
 0	70.8367	61.9273	0.26	11.7167	98.7	99.22	99.74	86.77	68.3333	0830
 0	71.3533	60	0	0	100	100	100	88.54	57.3967	0136
 0	71.8733	59.896	0.26	0	99.22	100	100	89.4767	66.1467	0610
 0	72.9167	60.26	1.56	0	99.74	100	100	87.8133	66.5633	0592
 0	73.4367	60	0	0	100	100	100	89.3767	57.2933	0829
 64	39.5833	47.5533	7.29333	16.9267	65.8867	73.7	73.96	56.77	58.6433	0269
 64	40.1033	57.0313	3.90667	5.99	86.7167	95.3133	93.23	70.73	58.1233	0080
 64	40.6233	59.7393	0.26	0	98.6967	99.74	100	85.5233	57.1867	0183
 64	41.67	58.49	0.78	0	94.7933	99.74	97.1367	82.6033	60.21	0623
 64	43.2267	59.844	0	0	99.22	100	100	88.8567	60.2067	0908
 64	43.7467	60	0	0	100	100	100	88.6467	61.7733	0754
 64	44.79	59.1673	1.56333	0	94.5333	99.74	100	87.2933	55.73	0143
 64	45.3133	60	0	0	100	100	100	89.06	58.0233	0650
 64	45.31	59.896	0	0	99.74	99.74	100	87.2933	57.71	0311
 64	45.31	60	0	0	100	100	100	88.6467	56.5633	0406
 64	45.8333	53.6453	64.8433	26.3033	56.77	89.3233	30.9867	64.1667	65.8333	0005
 64	46.8767	59.896	0.26	0	99.22	100	100	89.8967	60.73	0098
 64	46.8767	68.2273	52.8633	9.37333	91.6633	95.57	91.6667	79.8967	65.2067	0006
 64	47.3933	77.0827	70.8333	56.51	80.73	87.2367	90.1033	79.3767	66.98	0821
 64	47.3967	61.4073	39.32	4.69	85.42	97.66	79.9467	76.8733	66.1433	0813
 64	47.3967	72.3953	65.6267	34.6333	87.5	84.8933	89.3233	79.27	66.8733	0545
 64	47.3967	77.6573	80.2067	77.0833	68.2333	81.51	81.2533	76.67	64.0633	0606
 64	47.3967	79.532	77.6033	76.04	77.6067	80.21	86.2	79.17	67.08	0522
 64	47.9133	78.228	76.3	72.1333	79.9467	75.2633	87.4967	74.6867	63.5433	0638
 64	47.9167	60	0	0	100	100	100	90.42	55.1067	0380
 64	47.9167	68.3333	78.3867	67.7067	69.5333	72.3933	53.6467	59.3733	68.4367	0033
 64	47.9167	75.6267	69.27	40.8867	82.5533	90.1067	95.3167	79.8967	68.5433	0586
 64	48.4367	60	0	0	100	100	100	88.1233	58.8533	0928
 64	48.9567	81.25	69.7933	73.6967	86.72	82.55	93.49	80.3133	67.7067	0401
 64	48.96	65.1547	79.1633	53.1267	60.4133	76.04	57.03	68.2267	67.9167	0832
 64	48.96	73.5947	52.6033	41.15	89.5833	92.45	92.1867	81.0433	67.1867	0670
 64	49.48	80.8846	76.04	78.3833	77.3433	83.0733	89.5833	79.8967	70.5233	0835
 64	49.9967	58.3333	73.6967	53.9067	45.05	81.25	37.7633	59.69	66.5633	0822
 64	50.0033	72.7613	59.8967	21.6167	94.5333	93.75	94.01	86.25	68.44	0119
 64	50.0033	73.854	58.0733	50	84.3733	88.5433	88.28	79.3767	64.5867	0021
 64	50.5233	76.2506	75.7833	83.0733	74.22	71.3533	76.8233	72.0833	68.6433	0320
 64	50.52	82.344	68.75	70.5733	86.98	93.23	92.1867	83.6467	63.1233	0631
 64	50	70.6247	65.3633	61.72	76.3	83.3333	66.4067	72.6033	67.3967	0893
 64	50	76.5633	48.96	78.6467	83.5933	82.8133	88.8033	79.0633	65.31	0594
 64	50	78.334	76.56	67.71	79.95	83.3333	84.1167	79.0633	63.8533	0428
 64	51.0433	35.26	89.8433	85.9367	0	0.52	0	11.98	68.4367	0905
 64	51.0433	66.2507	66.9267	34.1167	71.6167	88.02	70.5733	73.1267	68.0233	0123
 64	51.0433	66.8747	40.8833	5.20667	95.3133	95.5733	97.3967	87.6067	64.3767	0846
 64	51.0433	71.458	68.23	39.8433	77.3433	90.3633	81.51	74.58	65.5233	0627
 64	51.04	60	0	0	100	100	100	86.8767	58.4367	0395
 64	51.04	67.9167	74.22	32.5533	75.52	77.3433	79.9467	75.73	66.6667	0434
 64	51.04	70.0527	35.1567	23.6967	96.0933	96.8767	98.44	84.1667	67.6033	0529
 64	51.04	74.0627	64.8433	60.1567	79.6867	84.8967	80.73	76.8767	67.0867	0936
 64	51.5633	72.448	78.6467	72.9167	67.45	70.05	73.1767	71.8733	66.8733	0880
 64	51.5633	76.72	77.3467	78.6467	71.3533	75.7833	80.47	76.04	65.1033	0579
 64	51.56	41.6667	87.76	65.6267	6.77	46.6167	1.56	38.1267	67.6067	0440
 64	51.56	69.062	40.6233	22.6567	90.8833	96.6167	94.53	84.3733	68.4367	0510
 64	52.0833	60	0	0	100	100	100	87.3967	58.02	0802
 64	52.0833	60	0	0	100	100	100	88.6467	57.3967	0072
 64	52.0833	67.1873	52.8667	21.6133	84.8967	92.9667	83.5933	79.06	67.1867	0184
 64	52.0833	71.8233	54.9467	16.6667	95.0533	95.5733	96.8767	86.6633	70.4167	0410
 64	52.0833	72.552	75.26	57.55	70.5767	78.1233	81.25	72.9167	65.1033	0344
 64	52.0833	79.5313	79.4267	70.0533	82.03	81.25	84.8967	78.0233	69.5833	0751
 64	52.6033	59.896	0	0	99.48	100	100	88.4367	60.21	0140
 64	52.6033	66.25	72.6567	59.1167	56.77	75.52	67.1867	62.0833	66.5633	0404
 64	52.6033	69.1133	62.24	24.4767	86.1967	87.76	84.8933	78.2267	64.0633	0122
 64	53.1233	68.542	50.52	1.56	96.3567	95.8333	98.44	86.9833	65.6267	0137
 64	53.1233	69.9473	61.9767	33.0733	82.03	82.8133	89.8433	80.4133	66.7733	0188
 64	53.1233	76.7187	58.3367	59.6333	85.1567	89.8433	90.6233	80.6267	69.5833	0666
 64	53.1233	77.916	60.4167	57.81	87.2367	90.3667	93.75	83.2267	66.6633	0129
 64	53.1267	56.6673	42.7067	5.47	78.1267	94.53	62.5033	73.54	64.8967	0790
 64	53.1267	70.312	76.0433	78.9067	63.02	70.3133	63.2767	63.44	66.3533	0069
 64	53.1267	82.4467	77.6033	67.9667	86.4567	88.54	91.6667	85.4167	68.3333	0656
 64	53.6433	66.822	79.6867	75.52	51.3	60.4167	67.1867	60.4167	65.4167	0263
 64	53.6433	77.2407	70.3133	70.3133	75	83.8567	86.72	76.1467	67.5	0431
 64	53.6433	80.156	72.6567	63.28	87.24	87.24	90.3633	83.3333	67.5	0801
 64	53.6467	64.7407	27.0833	0	97.92	99.48	99.22	86.6667	66.1467	0068
 64	53.6467	68.8033	37.24	18.49	95.5733	95.8367	96.8767	86.2533	68.0233	0418
 64	53.6467	70.8867	55.47	25.26	88.2833	94.5333	90.8867	80.1067	67.19	0889
 64	53.6467	75.52	40.8867	72.9167	86.1933	87.24	90.3633	80.9367	66.46	0025
 64	53.6467	76.3013	58.07	49.74	87.5	92.9667	93.23	83.23	66.2533	0918
 64	53.6467	77.1353	62.76	62.7633	82.55	88.8033	88.8	79.79	67.3933	0158
 64	53.6467	81.666	76.8233	79.6867	85.1533	82.0333	84.6333	73.3333	67.0833	0276
 64	54.1633	78.5947	60.1533	57.5533	91.1467	89.3267	94.7933	84.6867	70.42	0277
 64	54.1633	83.9073	76.0433	83.3333	83.5967	88.0233	88.54	81.0433	65.73	0289
 64	54.1667	64.2193	76.3033	70.8367	58.8533	68.23	46.8733	58.8533	68.6433	0034
 64	54.1667	72.4473	66.9267	33.8533	89.0633	86.9767	85.4167	78.75	67.7067	0780
 64	54.1667	73.5413	69.53	54.4267	80.2067	79.95	83.5933	78.4367	69.3733	0568
 64	54.1667	81.0413	69.7933	73.9567	84.1133	85.6767	91.6667	83.8533	65.94	0887
 64	54.17	77.3433	78.9067	68.4867	76.0433	82.8133	80.4667	75.21	67.08	0377
 64	54.6867	60	0	0	100	100	100	89.9	57.8167	0388
 64	54.6867	61.4053	7.03	8.59333	94.79	99.22	97.3933	86.25	67.1867	0333
 64	54.6867	66.876	35.94	8.85333	94.53	97.66	97.3967	86.04	67.6033	0543
 64	54.6867	67.658	34.6367	12.24	96.3567	97.1367	97.92	86.46	67.9167	0658
 64	54.6867	67.916	48.4367	12.24	92.7067	94.53	91.6667	84.8967	66.8733	0659
 64	54.6867	68.6973	48.9567	18.49	88.8	94.27	92.97	82.0833	64.1633	0856
 64	54.6867	69.3767	50	10.68	92.9667	95.5767	97.66	86.1433	66.77	0426
 64	54.69	70.2607	51.5633	19.27	91.1467	95.05	94.2733	84.0633	65.3133	0386
 64	54.69	74.0627	82.5533	79.1667	68.75	69.53	70.3133	68.8567	69.06	0864
 64	55.2067	60.522	10.16	0.26	96.8767	98.96	96.3533	85.83	63.8533	0400
 64	55.2067	72.2387	58.8533	26.04	91.4067	92.4467	92.4467	83.02	65.3133	0752
 64	55.2067	77.9687	79.1633	78.9067	71.8767	78.6467	81.25	74.06	63.6467	0416
 64	55.2067	83.4367	64.3233	79.4233	86.72	92.1867	94.53	83.8533	68.54	0591
 64	55.21	66.3547	41.6667	0.78	97.1367	94.7933	97.3967	88.2267	65.4167	0149
 64	55.21	69.844	46.09	12.76	95.3133	96.6167	98.44	86.2533	67.0833	0003
 64	55.21	69.9493	36.4567	24.48	96.3567	95.0533	97.4	86.7733	66.5633	0558
 64	55.21	70.9373	53.3867	26.8233	87.76	93.75	92.9667	82.5033	63.8567	0062
 64	55.21	71.0413	21.6133	54.4267	91.4067	92.19	95.57	83.8567	67.6033	0556
 64	55.21	76.3027	62.5	51.8233	85.4167	88.0233	93.75	81.5633	65	0371
 64	55.21	79.114	65.1033	45.5733	94.27	93.75	96.8733	85.6233	66.9767	0425
 64	55.7267	69.8953	34.1133	26.3	95.5733	96.3533	97.1367	87.9133	64.3767	0622
 64	55.73	60	0	0	100	100	100	89.27	56.8733	0840
 64	55.73	62.6047	15.6233	0.26	98.96	98.96	99.22	88.4367	66.6667	0904
 64	55.73	64.7393	43.75	6.77	91.1433	96.8767	85.1567	82.5	66.04	0934
 64	55.73	65.208	72.6567	44.53	66.9267	83.3333	58.5933	70.6267	66.6633	0060
 64	55.73	67.5527	41.6667	6.77	96.3533	95.3133	97.66	88.54	66.3567	0402
 64	55.73	69.1667	45.5733	11.9767	96.0933	93.49	98.7	88.54	65.8333	0779
 64	55.73	70.364	47.9133	19.0133	93.23	95.57	96.0933	86.1467	68.3333	0941
 64	55.73	72.136	68.23	29.69	83.3333	90.1033	89.3233	81.7733	66.6633	0895
 64	55.73	81.458	77.3433	66.9267	88.28	88.02	86.72	80.73	69.48	0844
 64	56.2467	69.8454	47.1367	16.6667	91.4067	96.8767	97.14	83.4367	66.98	0413
 64	56.2467	76.6673	76.5633	66.4067	72.6567	80.47	87.24	73.75	66.56	0933
 64	56.2467	81.1973	80.2067	81.51	83.5933	73.9567	86.72	77.5	68.02	0604
 64	56.25	63.126	17.45	1.3	98.96	97.92	100	87.1867	66.46	0423
 64	56.25	68.6447	73.9567	60.4167	62.24	80.4667	66.1433	63.9567	63.1233	0424
 64	56.25	70	85.1567	54.95	69.27	68.75	71.8733	73.9567	65.1067	0911
 64	56.25	72.1873	79.1667	64.8433	62.24	82.03	72.6567	69.58	65.4167	0684
 64	56.25	73.5933	38.54	54.1667	87.76	95.5733	91.9267	84.1667	67.2933	0081
 64	56.25	76.978	56.25	59.8933	88.54	88.02	92.1867	82.71	65.6267	0422
 64	56.25	79.8447	60.4167	70.8333	89.5833	84.3767	94.0133	81.98	66.46	0929
 64	56.25	82.9167	73.96	77.34	84.6367	85.4167	93.23	80.94	63.54	0570
 64	56.7733	60	0	0	100	100	100	88.1233	58.1233	0107
 64	56.7733	60	0	0	100	100	100	89.2733	58.1233	0065
 64	56.7733	61.8247	16.1467	2.34333	96.3567	96.6167	97.66	89.6867	66.56	0116
 64	56.7733	64.688	37.7633	4.94667	90.8867	97.9167	91.9267	82.6067	65.4133	0655
 64	56.7733	80.3653	72.9167	50.26	92.71	89.5833	96.3567	83.6467	66.25	0771
 64	56.77	60	0	0	100	100	100	89.7933	55.94	0084
 64	56.77	66.0413	72.6567	57.8133	59.6333	76.5633	63.54	67.6033	67.5	0367
 64	56.77	68.23	31.7733	21.0933	96.3533	95.5733	96.3567	86.8733	63.6433	0262
 64	56.77	68.3327	37.24	22.3933	91.4067	93.75	96.8733	84.06	67.0833	0272
 64	56.77	68.3333	46.8733	5.73	96.3533	95.8333	96.8767	87.5	69.8967	0261
 64	56.77	73.8553	52.8667	33.5967	94.2733	92.7067	95.8333	85.6267	65.94	0043
 64	56.77	74.1147	78.3867	41.6667	79.4267	82.0333	89.06	78.5433	69.4767	0077
 64	56.77	76.5107	47.9167	51.8233	92.1867	95.3133	95.3133	86.3533	66.46	0147
 64	56.77	81.094	65.6267	78.6467	85.4167	86.2	89.58	82.3967	67.1867	0010
 64	57.2933	60	0	0	100	100	100	89.1667	56.8767	0552
 64	57.2933	71.25	82.8133	60.9367	71.6167	69.53	71.3533	76.1467	67.3967	0892
 64	57.2933	75.0527	48.9567	48.44	88.54	94.5333	94.7933	85.6267	64.3733	0645
 64	57.2933	75.8333	27.3433	82.8133	84.6333	90.8867	93.49	83.3333	65.31	0553
 64	57.2933	79.5314	60.94	60.4167	90.6267	92.1867	93.4867	84.3767	68.1233	0131
 64	57.29	65.7827	8.59333	26.0433	96.8767	99.48	97.92	87.6033	68.2267	0304
 64	57.8133	62.344	11.1967	2.60333	99.22	99.48	99.22	88.96	66.56	0516
 64	57.8133	63.2307	15.6267	7.55	97.4	97.4	98.1767	86.04	68.6467	0773
 64	57.8133	63.75	22.3967	1.56	97.6567	98.1767	98.96	87.6033	68.7467	0058
 64	57.8133	67.1367	32.0333	12.5	95.5733	96.8767	98.7	86.2533	65.73	0331
 64	57.8133	67.24	42.4467	4.16667	94.79	97.92	96.8767	86.1467	66.6667	0110
 64	57.8133	69.2207	41.9267	11.46	97.66	98.44	96.6167	86.8733	64.5833	0028
 64	57.8133	72.2407	48.44	26.5633	94.27	95.8333	96.0967	85.1033	68.02	0646
 64	57.8167	64.168	25.7833	0.26	98.18	97.6567	98.96	87.1867	67.71	0502
 64	57.8167	76.98	57.8133	47.1367	89.8433	92.4467	97.66	85.4167	65.1033	0511
 64	57.81	67.9173	27.6033	23.7	94.27	96.0933	97.92	89.0633	65.73	0104
 64	57.81	70.1047	57.55	34.6367	84.3767	88.8033	85.1567	75.83	66.6667	0273
 64	57.81	81.7187	71.3533	70.5733	85.9367	89.0633	91.6667	82.81	65	0540
 64	58.3333	60	0	0	100	100	100	89.27	59.6867	0087
 64	58.3333	61.5627	4.69	4.42333	98.96	100	99.74	87.3967	66.8733	0348
 64	58.3333	64.95	22.9167	6.51333	98.18	97.14	100	88.54	67.08	0860
 64	58.3333	65.9913	28.9067	6.25333	97.92	97.1367	99.74	87.0833	67.9167	0843
 64	58.3333	66.1987	34.9	4.42667	96.6133	97.1367	97.9167	85.4167	63.23	0756
 64	58.3333	67.396	38.54	3.64333	98.7	96.8767	99.22	88.8533	66.98	0391
 64	58.3333	70.2087	35.1567	33.8567	93.23	94.01	94.79	86.7733	68.44	0783
 64	58.3333	73.6973	57.81	36.98	89.0633	89.06	95.5733	83.23	67.19	0517
 64	58.3333	74.1153	12.5	67.97	94.01	97.3967	98.7	85.6267	66.0433	0630
 64	58.3333	76.4067	76.04	73.7	76.5633	71.6167	84.1133	74.1633	67.6033	0357
 64	58.3367	69.7387	50.26	14.3233	92.7067	94.79	96.6133	86.15	66.9833	0589
 64	58.33	75.1027	56.2467	72.6567	77.08	83.5933	85.9367	78.1267	66.1433	0926
 64	58.8533	61.042	4.42667	3.90333	98.96	99.22	98.7	86.5633	68.2267	0312
 64	58.8533	62.084	12.24	0.26	98.7	99.22	100	88.3333	65.21	0815
 64	58.8533	63.4387	19.5333	0	98.7	98.96	100	88.1233	67.29	0336
 64	58.8533	64.116	23.18	0.78	98.96	98.18	99.48	87.7067	64.7933	0330
 64	58.8533	66.616	31.51	8.85667	96.0933	98.44	98.18	87.8133	63.44	0012
 64	58.8533	75.0527	55.21	40.8867	90.6267	93.2267	95.3133	82.3967	65.6233	0066
 64	58.8533	76.562	55.2067	53.3833	89.8433	91.1467	93.23	83.75	68.75	0907
 64	58.8567	61.98	11.98	0.26	99.22	99.22	99.22	86.6667	64.3733	0420
 64	58.8567	63.4907	4.42667	18.49	97.3967	98.18	98.96	86.3533	66.56	0890
 64	58.8567	67.448	39.0633	14.8433	92.4467	94.27	96.6167	84.1667	67.7067	0412
 64	58.8567	76.6667	54.4267	58.8533	84.1167	93.7533	92.1833	85	66.77	0341
 64	59.3733	60	0	0	100	100	100	88.6467	59.5833	0178
 64	59.3733	60	0	0	100	100	100	88.8533	58.23	0565
 64	59.3733	60.5207	4.42333	0	98.7	99.48	100	90	68.75	0427
 64	59.3733	60.782	6.25	0	98.96	98.7	100	89.0633	66.04	0665
 64	59.3733	69.22	8.33333	49.7433	92.1867	97.3967	98.44	84.7933	68.8567	0515
 64	59.3733	72.8127	45.5733	31.77	95.0533	94.27	97.3967	85.4167	65.1033	0309
 64	59.3733	78.8013	79.4267	73.1767	84.3733	68.49	88.54	78.23	66.6667	0761
 64	59.3733	79.3227	65.1033	54.6867	91.4067	89.06	96.3567	84.4767	66.77	0584
 64	59.3767	60.052	1.04	0	99.22	100	100	87.7067	66.98	0337
 64	59.3767	61.876	13.02	1.04	98.18	99.22	97.92	88.6467	66.4567	0657
 64	59.3767	65.2087	32.0333	1.82	97.6567	96.6167	97.9167	88.1267	65.2067	0877
 64	59.3767	65.3133	30.99	3.90667	96.8733	98.44	96.3567	85.8333	67.29	0914
 64	59.3767	67.4487	43.49	11.98	90.6267	95.3133	95.8333	85.83	65.6233	0681
 64	59.3767	68.6467	53.6467	42.97	78.1267	88.8033	79.6867	73.02	66.8733	0884
 64	59.3767	70.0527	45.3133	23.4367	91.9267	95.0533	94.5333	86.0433	66.0433	0340
 64	59.3767	76.4067	56.25	49.48	90.3633	91.4067	94.5333	83.75	69.6867	0415
 64	59.3767	80.7813	75	73.44	80.4667	86.7167	88.2833	80.8333	63.4367	0850
 64	59.8933	60	0	0	100	100	100	87.9167	58.2267	0343
 64	59.8933	61.8767	14.8467	0.52	98.18	96.6167	99.22	89.4767	66.46	0100
 64	59.8933	67.2927	3.38667	40.8867	95.57	98.18	98.44	86.2533	66.56	0040
 64	59.8933	76.9273	76.3033	56.51	83.8567	79.9467	88.02	78.3333	70.6267	0189
 64	59.8933	78.8533	67.19	63.8	90.1033	86.1967	86.9767	79.79	66.67	0259
 64	59.8967	60	0	0	100	100	100	85.73	55.1033	0797
 64	59.8967	61.666	6.77	2.6	99.48	99.74	99.74	87.5	66.0433	0001
 64	59.8967	61.98	10.6767	2.34333	98.7	98.44	99.74	88.8567	64.5833	0106
 64	59.8967	64.0627	1.56	21.6133	98.44	98.7	100	89.5833	70.6233	0608
 64	59.8967	64.7913	23.1767	7.81333	96.3533	98.1767	98.4367	85.4167	66.04	0769
 64	59.8967	65.208	30.47	1.56	97.6567	96.6133	99.74	86.2533	68.02	0554
 64	59.8967	72.7087	42.4467	36.4567	93.75	95.3133	95.5767	84.6867	66.6667	0074
 64	59.8967	73.542	48.96	35.4167	93.23	93.49	96.6133	87.81	67.9167	0527
 64	59.9	60.7813	2.34333	2.86333	98.96	99.74	100	87.81	67.7067	0614
 64	59.9	60.9893	11.1967	0	96.0933	98.4367	99.22	87.3967	67.0833	0195
 64	60.4133	60	0	0	100	100	100	89.3733	55.1033	0795
 64	60.4167	65.7833	34.8967	0.26	96.88	97.4	99.48	86.5633	66.5633	0626
 64	60.4167	67.448	28.1233	17.45	97.1333	96.0933	98.44	85.5233	65.8333	0150
 64	60.4167	67.9693	42.97	8.85333	95.5733	95.57	96.88	85.2067	69.6867	0053
 64	60.4167	68.7007	34.6367	16.67	96.8767	97.66	97.66	86.25	66.2533	0378
 64	60.4167	76.146	40.1033	65.3667	86.9767	92.97	95.3133	82.9167	68.5433	0325
 64	60.4167	78.228	44.0067	64.8433	92.1867	94.01	96.0933	86.3533	64.2733	0922
 64	60.4167	79.374	78.3833	80.9867	72.3967	77.3433	87.76	77.2933	67.71	0030
 64	60.42	60	0	0	100	100	100	89.27	56.6667	0052
 64	60.42	76.822	68.7467	52.3433	87.24	86.7167	89.0633	82.2933	65.94	0577
 64	60.9367	59.948	1.82	0.52	98.44	99.22	99.74	90.5233	68.1267	0534
 64	60.9367	60	0	0	100	100	100	87.3967	55.9367	0789
 64	60.9367	60	0	0	100	100	100	89.3733	56.56	0164
 64	60.9367	60.2093	3.38667	0.52	98.44	99.48	99.22	88.3333	63.7533	0818
 64	60.9367	61.6673	9.63333	2.60333	98.44	98.44	99.22	88.23	66.0433	0576
 64	60.9367	63.542	22.1333	1.04	96.6167	98.18	99.74	87.4	64.6867	0878
 64	60.9367	64.064	20.0533	3.90667	98.44	98.44	99.48	88.6467	66.3533	0916
 64	60.9367	65.106	23.96	6.77333	98.44	97.3967	98.96	88.6467	66.98	0530
 64	60.9367	65.21	15.3667	14.3233	98.44	99.48	98.44	86.8767	66.25	0075
 64	60.9367	65.886	30.21	4.68667	97.1367	98.4367	98.96	86.25	66.0433	0138
 64	60.9367	74.0107	42.4467	37.24	95.8333	96.3533	98.18	86.77	66.2467	0833
 64	60.9367	78.2287	54.1667	64.5833	88.28	90.3667	93.7467	83.5433	65.9367	0079
 64	60.9367	79.27	58.07	62.76	88.0233	94.01	93.4867	82.9167	64.5833	0806
 64	60.9367	82.8647	69.5333	77.8633	84.3767	89.3233	93.2267	85	66.98	0108
 64	60.94	72.0827	46.8733	40.3633	88.02	92.97	92.1867	80.8333	68.1267	0329
 64	61.4567	60.5727	3.90333	0.52	98.96	99.48	100	87.8133	66.8733	0826
 64	61.4567	63.334	21.3533	0	96.6167	99.22	99.48	85.4133	65.8333	0873
 64	61.4567	65.992	24.48	12.2433	96.8767	98.18	98.18	84.27	64.27	0372
 64	61.4567	71.6673	38.28	33.3333	92.71	95.3133	98.7	83.7467	68.8533	0917
 64	61.46	61.6147	10.1533	0.78	98.44	98.7	100	89.48	67.71	0636
 64	61.46	64.3227	24.4767	1.3	98.4367	98.18	99.22	88.5433	64.48	0851
 64	61.46	72.032	52.0867	32.03	89.8433	92.71	93.49	81.2533	65.2067	0250
 64	61.46	78.8547	53.9067	75.7833	87.5	87.5	89.5833	82.3967	68.96	0316
 64	61.9767	60.0527	2.60333	0	98.7	99.48	99.48	86.5633	70.21	0155
 64	61.9767	60.6787	7.81333	0	97.4	99.48	98.7	86.1467	63.2267	0091
 64	61.9767	67.7614	41.4067	4.68667	96.8767	96.8767	98.96	86.6667	68.4367	0784
 64	61.9767	74.53	65.3633	22.1333	95.05	92.4467	97.6567	86.1467	66.6667	0319
 64	61.9767	80.8333	72.1367	76.3	83.8567	83.8533	88.02	80.4167	63.9567	0599
 64	61.98	61.2507	11.4567	0	96.8767	99.48	98.44	85.8333	66.4567	0683
 64	61.98	61.7193	9.89667	0.26	99.22	99.74	99.48	86.25	65.1033	0549
 64	61.98	62.136	4.16667	10.9367	96.8767	99.22	99.48	85.9367	69.7933	0049
 64	61.98	62.5533	16.4067	0	98.44	98.44	99.48	87.0833	66.04	0326
 64	61.98	62.6047	24.4767	0.52	95.0533	97.66	95.3133	86.98	67.08	0011
 64	61.98	63.386	20.0533	1.04	98.1767	97.92	99.74	87.19	66.77	0142
 64	61.98	63.5427	21.6167	0.78	97.6567	97.66	100	88.54	64.7933	0654
 64	61.98	66.7193	41.1467	1.82	95.8333	97.1367	97.66	86.98	65.52	0619
 64	61.98	68.6454	47.3967	5.20667	95.31	97.1367	98.1767	88.1233	65.4167	0532
 64	62.5033	59.4793	5.46667	0	96.0967	99.74	96.0933	87.1867	62.7067	0772
 64	62.5	60.99	6.25	0	99.74	99.22	99.74	89.8967	69.2733	0865
 64	62.5	61.094	7.55	0.26	98.96	98.96	99.74	88.1267	64.3733	0063
 64	62.5	61.8227	11.9767	1.04	98.1767	98.44	99.48	87.9167	65.9367	0776
 64	62.5	62.1353	14.5833	0.52	96.3533	99.74	99.48	87.9167	66.25	0267
 64	62.5	62.136	17.45	0	96.8733	98.18	98.1767	87.3967	65.3133	0180
 64	62.5	63.1773	22.6533	0.26	96.3567	97.6567	98.96	85.2067	68.6467	0101
 64	62.5	68.022	33.8567	17.97	94.53	96.8767	96.8767	85.3133	67.9167	0373
 64	62.5	79.0627	59.8967	57.0333	90.6233	91.6667	96.0933	84.17	64.9967	0071
 64	63.0233	60	0.78	0	99.48	99.74	100	88.6467	65.4167	0809
 64	63.0233	60.5727	3.38333	1.82	98.44	99.74	99.48	88.54	65	0321
 64	63.0233	62.3967	11.9833	1.3	99.22	99.48	100	88.3333	66.77	0620
 64	63.0233	63.8547	23.18	0.26	98.1767	97.6567	100	87.2933	66.7733	0086
 64	63.02	60.156	1.04	0	100	99.74	100	87.3967	69.8967	0799
 64	63.02	60.5207	2.86333	0.26	100	99.48	100	87.9167	68.6467	0253
 64	63.02	62.6573	14.8433	3.12333	97.66	98.44	99.22	87.5	66.1467	0048
 64	63.02	62.8133	17.71	0.26	98.44	97.6567	100	86.9833	69.0633	0632
 64	63.02	64.4287	13.0233	16.9267	97.1333	97.66	97.4	88.54	67.8133	0786
 64	63.02	67.5027	30.47	15.6267	96.3567	97.4	97.66	86.4567	65.6233	0910
 64	63.02	68.126	41.93	7.81	96.0933	96.0967	98.7	87.29	65.2067	0765
 64	63.5433	60.678	9.89667	0	96.8733	99.22	97.4	86.25	66.1467	0519
 64	63.5433	60.8867	9.11333	0.26	97.92	99.22	97.92	88.5433	67.0833	0585
 64	63.5433	61.8233	15.3633	0	95.5733	98.96	99.22	88.3333	65.6233	0902
 64	63.54	61.4067	8.59333	0.52	98.7	99.22	100	87.7067	65.8333	0855
 64	63.54	62.0847	8.59667	4.68667	98.18	99.74	99.22	86.8733	65.4167	0441
 64	63.54	63.022	15.1033	3.64667	98.7	98.96	98.7	87.6033	65.8333	0146
 64	63.54	73.906	41.4067	48.7	91.1433	95.05	93.23	85.5233	70.7267	0113
 64	64.0633	60.2607	3.38333	0	98.96	99.48	99.48	88.02	65.8333	0161
 64	64.0633	61.7193	11.4567	0	98.7	98.7	99.74	87.5	68.3333	0044
 64	64.0633	62.8647	15.3633	1.56	99.48	98.44	99.48	85	67.0833	0807
 64	64.0633	73.5413	26.56	56.77	90.3633	96.6167	97.3967	86.1467	67.5	0356
 64	64.06	59.532	9.37667	0.52	95.5733	98.7	93.49	84.48	66.3533	0297
 64	64.06	60.4693	3.38667	0	99.22	99.74	100	89.6867	66.67	0605
 64	64.06	66.5627	38.8033	5.20667	94.27	97.1367	97.3967	87.0833	65.42	0302
 64	64.06	70.156	41.6633	17.4467	96.6167	96.0933	98.96	89.3733	67.0833	0350
 64	64.5833	59.948	1.04	0	98.7	100	100	88.1233	65.3133	0288
 64	64.5833	60.104	1.3	0.26	99.74	99.22	100	88.4367	64.48	0760
 64	64.5833	60.3653	3.12667	0	99.48	99.48	99.74	87.19	67.0867	0939
 64	64.5833	60.4167	2.86333	0.52	98.7	100	100	86.9767	65.3133	0257
 64	64.5833	60.4173	3.64667	0	99.48	99.22	99.74	88.5433	68.8533	0750
 64	64.5833	61.094	6.25	1.82	98.96	98.96	99.48	87.7067	67.81	0500
 64	64.5833	61.406	7.29	0.52	99.74	100	99.48	87.8133	67.29	0047
 64	64.5833	61.5633	12.24	0	96.8767	98.96	99.74	88.23	63.8533	0775
 64	64.5833	62.1367	2.08333	12.76	98.18	99.22	98.44	86.8733	66.77	0828
 64	64.5833	63.438	19.53	3.12333	97.92	97.1367	99.48	86.5633	62.3933	0327
 64	64.5833	66.2513	34.1167	2.34333	97.3967	98.18	99.22	87.8133	64.6867	0046
 64	64.58	64.584	25.52	2.86333	97.1367	97.92	99.48	87.5	65.4167	0937
 64	64.5867	64.0627	21.8733	0.26	98.96	99.48	99.74	88.8533	66.8767	0590
 64	65.1033	60	0	0	100	100	100	89.0633	56.25	0580
 64	65.1033	60.4173	3.90667	0	99.22	99.22	99.74	89.27	66.56	0667
 64	65.1033	63.0213	16.6667	0.26	99.48	99.22	99.48	87.7067	66.4567	0351
 64	65.1033	77.292	83.0733	83.8533	65.6233	77.8667	76.0433	76.25	69.06	0542
 64	65.1033	79.322	53.1233	66.1433	90.3633	92.1867	94.7933	85.21	70.3133	0555
 64	65.1067	61.8747	8.85333	1.56	99.48	99.74	99.74	88.44	64.17	0364
 64	65.1067	66.0427	34.6333	2.08333	97.4	97.1367	98.96	86.77	65.1	0596
 64	65.1	65.104	28.6433	0.26	98.1767	99.22	99.22	86.8767	67.2933	0105
 64	65.6233	61.564	12.7633	0.26	97.92	99.48	97.3967	85.2067	65.0033	0763
 64	65.6233	64.636	27.6033	1.56	98.7	96.0967	99.22	85.73	65.6267	0144
 64	65.6267	60.104	1.3	0	99.22	100	100	88.6467	63.75	0417
 64	65.6267	60.3647	3.64333	0	98.7	99.48	100	88.3367	66.3533	0598
 64	65.6267	65.5727	30.7267	3.38333	99.22	96.0967	98.4367	87.7067	66.1433	0279
 64	66.1433	61.2513	9.37667	0	98.96	98.44	99.48	86.1467	65.83	0563
 64	66.1467	60	0	0	100	100	100	88.1233	58.96	0070
 64	66.1467	60.2087	2.60333	0	98.96	99.48	100	88.6467	65.73	0544
 64	66.1467	60.3647	1.82333	0	100	100	100	88.9567	66.98	0664
 64	66.1467	60.626	4.17	0.78	99.74	98.7	99.74	88.9567	67.3967	0255
 64	66.1467	60.7293	5.46667	1.82	97.92	98.96	99.48	87.7067	65.8333	0198
 64	66.1467	60.886	5.73	0	99.48	99.48	99.74	89.3767	66.98	0547
 64	66.1467	60.99	6.77	0	99.48	98.96	99.74	87.5	65	0303
 64	66.1467	64.064	18.23	7.55333	98.44	97.1367	98.96	88.0233	63.1267	0102
 64	66.1467	74.2713	15.6267	67.7067	94.79	97.14	96.0933	86.2467	67.2933	0793
 64	66.6633	73.7487	39.06	48.4367	92.1867	93.75	95.31	83.75	66.04	0874
 64	66.6667	60.834	5.21	0	98.96	100	100	87.3933	65.6267	0616
 64	66.6667	61.146	7.03	0.26	99.22	99.22	100	88.3367	66.9767	0300
 64	66.6667	61.1993	9.63667	0.26	97.92	98.7	99.48	85.73	65.52	0524
 64	66.67	60.678	4.95	0.26	98.7	99.48	100	88.1267	66.98	0653
 64	67.1867	60.052	0.52	0	100	99.74	100	89.79	65.52	0507
 64	67.19	60	0	0	100	100	100	87.81	56.7733	0442
 64	67.19	60.104	1.56	0	98.96	100	100	90.31	68.6467	0270
 64	67.7067	60.3647	2.34333	0	99.74	99.74	100	89.0667	67.2933	0841
 64	67.7067	60.9387	5.99333	0	99.48	99.22	100	88.02	64.3733	0332
 64	67.7067	61.354	8.33333	0	100	98.4367	100	87.4967	68.96	0819
 64	67.71	60.2613	2.86667	0.52	98.44	99.48	100	88.6433	67.9133	0275
 64	67.71	60.8853	5.46667	0	99.22	99.74	100	86.98	67.6033	0132
 64	68.2267	60.938	5.99	0.26	99.22	99.48	99.74	87.2933	64.69	0334
 64	68.23	59.948	0	0	100	100	99.74	86.6667	69.3767	0438
 64	68.23	60.104	1.04	0	99.48	100	100	90.1033	67.5	0078
 64	68.23	60.1047	5.20667	0	96.8767	99.74	98.7	85.3133	66.6667	0607
 64	68.23	60.73	6.51	0	98.7	99.48	98.96	88.8533	66.3567	0436
 64	68.75	60.7813	4.68667	0	99.48	99.74	100	88.1233	67.1867	0621
 64	68.75	60.9373	5.72667	0	99.22	99.74	100	87.6033	65.7267	0778
 64	68.75	61.0427	7.29333	0	98.7	99.48	99.74	86.98	66.25	0536
 64	69.2733	60.26	2.34	0	99.22	99.74	100	89.27	66.6667	0057
 64	69.27	60.4687	3.12333	0.26	99.22	99.74	100	88.5433	67.6067	0322
 64	69.27	60.522	5.47	0	98.96	98.18	100	88.6467	67.5	0192
 64	69.27	61.98	11.98	0	99.48	98.96	99.48	86.9767	65.73	0512
 64	69.7933	60.1567	1.82333	0	99.48	99.48	100	89.7933	66.8767	0360
 64	70.3133	60.364	2.86	0	99.48	99.48	100	87.29	66.04	0825
 64	70.31	60.4167	3.12333	0	99.48	99.48	100	87.3967	62.6033	0194
 64	70.8333	60.4167	3.12333	0	99.48	99.48	100	89.0633	65.0033	0061
 64	70.83	63.5947	15.3667	5.98667	98.96	98.18	99.48	86.5633	63.5433	0283
 64	71.3533	60.886	5.73	0	99.22	99.48	100	88.54	68.02	0921
 64	71.3533	61.146	7.81	0	98.44	99.48	100	89.7933	69.4767	0125
 64	71.3567	60	0.52	0	99.48	100	100	90.0033	66.9767	0882
 64	72.3967	54.428	7.29333	0	98.96	99.22	66.6667	88.75	63.33	0254
 64	72.3967	61.0947	5.73	1.82333	99.48	98.7	99.74	87.3967	66.04	0834
 64	72.92	60.8853	5.20667	0	99.22	100	100	89.48	66.9767	0092
