K	ADVFM	FM	PT	ID
 0	48.314	3.062	69.75	0180
 0	48.56	3.748	70.376	0413
 0	48.75	4.748	68.812	0349
 0	48.874	5.188	70.312	0093
 0	49.564	3.874	68.998	0667
 0	49.626	6.25	67.938	0011
 0	49.936	4.938	70.064	0270
 0	49.998	8.752	69.248	0016
 0	49.998	9.438	70.376	0692
 0	50.062	5.188	67.876	0842
 0	50.124	4.126	69.436	0201
 0	50.438	3.562	69.186	0370
 0	50.496	8.312	70.876	0464
 0	50.502	5.626	70.626	0749
 0	50.5	3.686	70.874	0592
 0	50.5	5.44	68.062	0437
 0	50.562	6.5	71.436	0684
 0	50.5	8.188	68	0393
 0	50.628	7.938	69.438	0555
 0	50.688	4.69	71.31	0828
 0	50.938	2.75	67.124	0763
 0	51.436	7.686	69.502	0194
 0	51.624	5.126	68.186	0084
 0	51.688	10.564	69.06	0362
 0	51.75	4.252	69.936	0021
 0	51.874	10.312	70.44	0457
 0	51.874	13.248	68.938	0507
 0	52.188	4.312	69.812	0862
 0	52.438	7.188	67.498	0455
 0	52.626	9.938	69	0365
 0	53.062	18.252	69.938	0060
 0	53.124	5.438	68.626	0014
 0	53.188	28.376	71.5	0162
 0	53.438	25.564	67.752	0249
 0	54.064	18.876	67.188	0701
 0	55.374	26.624	67.064	0639
 0	57.062	84.062	67.876	0144
 0	57.5	83.688	68.75	0696
 0	58.376	30.996	67.688	0235
 0	59.312	81.876	68.438	0407
 0	59.376	81.19	71.126	0740
 0	59.688	82.81	69.374	0616
 0	59.752	80.626	68.938	0091
 0	60.126	32.748	70.126	0520
 0	60.25	84.624	69.126	0524
 0	60.81	83.938	69.562	0600
 0	61.124	44.436	68.688	0411
 0	62.124	47.064	68.312	0172
 0	62.248	83.938	73.064	0258
 0	62.5	81.874	67.75	0101
 0	62.814	45.5	67.438	0141
 0	63.188	83.436	67.252	0332
 0	63.564	81.438	69	0319
 0	63.564	84.56	71.5	0739
 0	63.5	85.312	72.436	0691
 0	63.626	83.002	72.876	0664
 0	63.628	77.626	69.064	0688
 0	63.812	78.188	66.376	0635
 0	64.25	83.312	69.624	0333
 0	64.312	81.998	69.498	0193
 0	64.376	82.188	67.75	0501
 0	64.376	83.188	70.438	0811
 0	64.624	83.374	68.376	0779
 0	64	82.564	67.502	0246
 0	64.876	82.81	67.938	0466
 0	64.938	83	68.002	0558
 0	64.938	84.44	72.75	0498
 0	65.062	82.25	67.314	0826
 0	65.312	82.002	69.624	0480
 0	65.314	79.626	69	0294
 0	65.374	82.434	66.498	0041
 0	65.376	57	68.376	0851
 0	65.376	84.438	70.124	0211
 0	65.562	50.814	69.062	0747
 0	65.686	83.814	71.376	0302
 0	65.688	80.75	75.248	0778
 0	65.69	71.938	73.562	0061
 0	65	80.314	70.622	0280
 0	65.874	52	65.25	0383
 0	65.874	83.814	68.5	0472
 0	65.876	47.69	67.874	0008
 0	65.876	78.438	69.188	0386
 0	66.002	82.5	67.252	0492
 0	66.002	82.812	69.624	0570
 0	66.188	80.126	68.498	0097
 0	66.314	81.31	71.626	0378
 0	66.438	80.686	67.438	0809
 0	66.626	86.812	72.814	0840
 0	66.688	82.25	68.624	0575
 0	66.688	82	69	0713
 0	66.748	82.938	69.186	0436
 0	66.754	84.75	71.062	0024
 0	66	81.25	71.31	0381
 0	66.812	81.376	72.502	0398
 0	67.314	81.502	69.812	0631
 0	67.436	81.064	66.812	0295
 0	67.502	81.314	70.81	0641
 0	67.562	85.5	71.188	0559
 0	67.688	52.186	70.124	0399
 0	67.752	64.25	70.938	0622
 0	67.752	83.188	67.94	0336
 0	67.75	78.31	69.626	0535
 0	67.75	79.94	68.438	0001
 0	67.75	83	70.564	0792
 0	67	81.19	70.5	0812
 0	67.874	81.314	66.126	0438
 0	67.874	84.5	68.314	0219
 0	67.876	57.062	66.936	0801
 0	67.878	82.624	72.876	0653
 0	67.938	71.002	71.372	0568
 0	67.938	82.5	68.31	0240
 0	68.314	71.94	71.876	0243
 0	68.436	71.06	67.126	0392
 0	68.562	84.062	69.25	0872
 0	68.5	81.128	72.438	0512
 0	68.75	62.376	68.876	0051
 0	68.75	83.188	70.876	0126
 0	68.812	81.126	71.936	0339
 0	68.812	81.248	72.062	0689
 0	69.002	79.998	68.876	0723
 0	69.002	81.626	69.124	0443
 0	69.062	78.938	69.314	0298
 0	69.248	81.128	70.25	0607
 0	69.376	81.25	68.75	0234
 0	69.438	72.316	72.124	0112
 0	69.438	81.75	67.814	0441
 0	69.562	78.56	67.5	0310
 0	69.626	69.998	71.562	0601
 0	69.748	76.558	69	0727
 0	69.75	66.374	65.81	0145
 0	69.75	79.812	69.128	0675
 0	69.936	81.124	68.814	0232
 0	70.062	80.188	70.374	0756
 0	70.062	81.126	68.376	0800
 0	70.06	79.874	67.814	0391
 0	70.124	79.75	69.186	0528
 0	70.25	77.564	69.878	0589
 0	70.25	78.436	67.874	0315
 0	70.312	64.874	66.44	0033
 0	70.316	80.938	71.438	0471
 0	70.376	57.938	66.062	0832
 0	70.376	58.624	70.998	0094
 0	70.376	77.626	71.936	0659
 0	70.438	64.188	69.626	0119
 0	70.438	81.438	67.374	0686
 0	70.438	81.5	70.812	0248
 0	70.438	84.622	68.874	0075
 0	70	54.062	68.874	0576
 0	70.5	61.44	68.124	0579
 0	70.562	83.126	67.876	0626
 0	70.624	79.876	68.876	0159
 0	70.626	61.062	68.812	0430
 0	70.75	78.498	68.31	0858
 0	70.75	81.562	71.752	0762
 0	70.812	80.19	65.25	0415
 0	70.814	61.31	71.002	0539
 0	70.81	81.936	70.374	0318
 0	71.062	80.124	69.376	0827
 0	71.062	80	71.812	0663
 0	71.062	81.374	69.5	0400
 0	71.124	69.814	74.374	0529
 0	71.248	82.75	66.998	0250
 0	71.374	68.186	70.5	0536
 0	71.376	78.376	72	0729
 0	71.436	75.188	64.438	0636
 0	71.436	75.564	68.562	0020
 0	71.438	80.564	69.438	0165
 0	71.502	81.124	68.312	0388
 0	71.502	82.874	68.502	0725
 0	71.626	79.252	68.938	0766
 0	71.626	84.626	68.874	0637
 0	71.752	65.748	67.5	0734
 0	71.75	69.626	67.686	0670
 0	71.75	77.812	66.874	0627
 0	71.75	80.814	68.688	0217
 0	71.814	78	72.686	0850
 0	71.876	67.376	73.312	0609
 0	72.124	64.19	69.124	0490
 0	72.126	67.25	67.938	0271
 0	72.186	77.498	69.5	0055
 0	72.25	61.812	71.124	0098
 0	72.25	82.876	70.06	0104
 0	72.312	82.436	68.436	0483
 0	72.314	78.374	68.374	0007
 0	72.376	76.438	65.25	0726
 0	72.436	81.938	70.5	0736
 0	72.562	75	71.312	0469
 0	72.564	77.624	70.312	0026
 0	72.5	66.062	70.188	0597
 0	72.5	69.566	71.688	0299
 0	72.626	72	68.998	0604
 0	72.688	65.938	70.252	0045
 0	72.688	69.938	71.628	0238
 0	72.752	62.374	68.936	0513
 0	72.752	81.376	73.314	0031
 0	72.75	71.75	68.064	0869
 0	72.812	72.062	70.938	0435
 0	72.814	64.688	70.752	0693
 0	72.814	78.502	73.688	0845
 0	72.874	76.748	67	0371
 0	72.936	76.5	70.062	0823
 0	72.94	75.624	64.686	0385
 0	73.064	78.376	69.188	0321
 0	73.064	80.626	67.126	0352
 0	73.122	63.186	71.502	0350
 0	73.124	80.876	69.374	0354
 0	73.124	83.062	71.314	0521
 0	73.186	59.438	69.498	0200
 0	73.19	82.688	72.81	0794
 0	73.25	81.562	70	0174
 0	73.314	75.75	72.436	0331
 0	73.376	62.75	68.44	0632
 0	73.376	64	68.19	0843
 0	73.436	79.876	68.626	0743
 0	73.438	63.064	71.06	0230
 0	73.44	59.81	68.312	0320
 0	73.498	77.186	67.374	0861
 0	73.562	79.874	66.564	0419
 0	73.562	82.126	70.562	0167
 0	73.562	82.938	67.622	0856
 0	73.564	55.502	68.938	0613
 0	73.5	76.374	70.126	0537
 0	73.5	80.686	70.56	0545
 0	73.624	81.188	67.44	0682
 0	73.626	65.252	67.062	0442
 0	73.688	84.31	68.186	0189
 0	73.752	84.5	68.19	0796
 0	73.75	58.688	66.938	0344
 0	73.75	64.25	69.5	0135
 0	73.812	79.062	68.25	0577
 0	73.874	66.874	71.252	0278
 0	73.876	82.06	70.812	0184
 0	73.936	79.126	67.56	0420
 0	73.938	71.062	67.248	0770
 0	73.94	77.314	67.81	0462
 0	74.062	81.686	66.562	0573
 0	74.064	65.752	68.438	0259
 0	74.124	74.062	68.876	0841
 0	74.186	80.126	70.75	0058
 0	74.19	63.062	68.252	0503
 0	74.252	77.686	68.816	0705
 0	74.312	69.186	68.438	0624
 0	74.314	77.124	71.562	0777
 0	74.374	83.498	68.5	0428
 0	74.376	81.562	69.688	0453
 0	74.438	69.498	69.312	0716
 0	74.562	79.25	67.688	0369
 0	74.622	82.312	70.688	0595
 0	74.626	78.686	71.252	0080
 0	74.686	70.748	69.314	0538
 0	74.688	68.624	71.812	0731
 0	74.752	81.624	68.812	0685
 0	74.75	69.126	69.938	0449
 0	74.75	83.438	69.436	0574
 0	74.812	63.75	68.062	0227
 0	74.936	70.626	69.878	0296
 0	74.938	77.814	70.126	0656
 0	74.998	62.938	71.25	0389
 0	75.062	75.124	67.25	0606
 0	75.126	64.376	68.562	0711
 0	75.186	68.936	68.438	0401
 0	75.186	78.564	70.876	0146
 0	75.186	79	68.188	0732
 0	75.188	76.126	65.564	0757
 0	75.25	64.5	67.686	0710
 0	75.25	74.748	67.062	0409
 0	75.25	76.124	66.062	0082
 0	75.312	79.314	67.252	0313
 0	75.314	73.998	66.124	0043
 0	75.316	62.312	71.75	0351
 0	75.374	81.938	69.314	0721
 0	75.436	76.314	70.502	0652
 0	75.624	65.564	71.686	0207
 0	75.624	66.126	73.188	0100
 0	75.626	75.252	68.624	0458
 0	75.626	76.252	68.25	0475
 0	75.75	66.938	68.438	0668
 0	75	79.75	70.064	0768
 0	75.812	77.25	66.938	0245
 0	75.814	71.064	64.938	0560
 0	75.814	81.938	71.126	0433
 0	75.81	71.188	71.376	0010
 0	75.81	77.314	70.126	0643
 0	75.938	79.936	67.564	0718
 0	76.062	82.126	70.25	0875
 0	76.064	69.748	69.376	0426
 0	76.064	74.5	68.25	0065
 0	76.124	75.562	72.124	0771
 0	76.126	73.56	67.252	0212
 0	76.188	83.124	68.814	0836
 0	76.252	71.812	71.062	0591
 0	76.25	79.434	69.874	0036
 0	76.312	71.812	68.5	0311
 0	76.312	76.374	69.252	0677
 0	76.374	73.434	72.626	0017
 0	76.376	72.188	67.504	0197
 0	76.376	74.06	70.5	0612
 0	76.438	68.5	68.938	0221
 0	76.562	73.314	71.812	0707
 0	76	60.936	67.874	0150
 0	76.686	73.376	66.75	0316
 0	76.688	68.248	68.312	0053
 0	76.688	77.124	66.372	0181
 0	76	74.062	72.252	0797
 0	76.748	66.25	68.498	0496
 0	76	77.562	70.438	0355
 0	76	77.564	65	0526
 0	76.812	70.124	68.938	0028
 0	76.814	82.374	66.374	0746
 0	76.936	69.25	68.126	0039
 0	76.936	72.938	66.752	0334
 0	77.062	76.314	72.252	0602
 0	77.062	77.188	65.938	0868
 0	77.124	64.876	69.002	0804
 0	77.186	76.436	66.812	0672
 0	77.248	73.812	68.376	0482
 0	77.252	81.31	68.938	0158
 0	77.25	81.064	71.312	0837
 0	77.312	83.75	72.002	0286
 0	77.374	73.186	68.814	0478
 0	77.374	82.94	67.75	0176
 0	77.376	73.81	69.438	0328
 0	77.376	74.814	66.252	0806
 0	77.376	75.812	67.25	0439
 0	77.436	79.124	69.812	0067
 0	77.562	70.124	69.876	0387
 0	77.562	73.814	67.874	0255
 0	77.564	73.126	71.062	0440
 0	77.564	80.374	68.5	0687
 0	77.626	63	69.188	0081
 0	77	65	67.876	0076
 0	77.686	81.562	70.062	0456
 0	77	74.624	69.998	0110
 0	77.748	67.374	70.25	0281
 0	77	76.312	69	0290
 0	77.812	72.748	70.064	0855
 0	77.814	81.814	71.06	0791
 0	78.002	76.25	70.748	0813
 0	78.062	74.876	68.376	0448
 0	78.062	78.252	68.438	0269
 0	78.064	81.5	67.186	0434
 0	78.124	78.004	67.248	0288
 0	78.126	81.064	66.75	0741
 0	78.188	70.436	69.5	0683
 0	78.19	74.126	67.812	0325
 0	78.312	72.248	66.812	0133
 0	78.372	83.562	68.062	0654
 0	78.374	77.686	70.75	0363
 0	78.376	73.438	69.062	0237
 0	78.436	73.314	69.312	0506
 0	78.436	74.188	67.75	0556
 0	78.438	73.938	67.936	0078
 0	78.438	79.126	67.126	0569
 0	78.498	73.062	70.064	0550
 0	78.502	75.25	67.5	0755
 0	78.502	79.812	68.562	0143
 0	78.564	76.624	66.564	0674
 0	78.56	73.814	68.064	0563
 0	78.5	77.5	70.686	0552
 0	78.624	77.688	68.438	0821
 0	78.686	76.686	68.124	0329
 0	78.688	76.002	69.938	0327
 0	78.69	74.5	69.562	0057
 0	78	70.752	69.69	0824
 0	78.748	73.564	68.562	0517
 0	78.876	83.438	68.75	0662
 0	78.938	79.938	66.812	0374
 0	78.996	73.376	66.75	0776
 0	79.062	71.626	68.688	0655
 0	79.06	75.122	68.75	0704
 0	79.124	76.938	65.686	0748
 0	79.124	77.374	69.812	0090
 0	79.124	78.5	68.438	0107
 0	79.126	82.998	68.686	0566
 0	79.186	73.5	70.126	0056
 0	79.186	75.124	70.062	0187
 0	79.19	72.312	70.064	0279
 0	79.25	79.626	65.748	0124
 0	79.312	77.686	69.31	0038
 0	79.312	82.438	72.002	0099
 0	79.314	75.75	69.124	0860
 0	79.374	75.5	66.75	0231
 0	79.374	75.5	71.688	0264
 0	79.436	76.874	68	0054
 0	79.562	76.312	68.312	0816
 0	79.564	72.374	69.874	0540
 0	79.5	78.626	69.06	0649
 0	79.624	75.186	68.938	0357
 0	79.626	75.25	69.562	0337
 0	79.626	81.374	66.374	0272
 0	79.688	83.876	70	0151
 0	79.752	77.75	65.936	0168
 0	79.75	76.998	66.936	0341
 0	79.75	82.688	69.688	0322
 0	79	76.186	69.5	0543
 0	79	78.812	68.374	0519
 0	79.814	78.564	68.622	0835
 0	79.814	79.374	69.248	0511
 0	79.814	82.688	66.126	0698
 0	79.874	73.624	68.812	0871
 0	79.874	79.562	69.002	0293
 0	79.936	80.5	66.124	0121
 0	80.062	79.626	69.438	0037
 0	80.062	83.002	68.562	0549
 0	80.126	83.002	69.812	0533
 0	80.436	80.248	68.626	0348
 0	80.436	82.25	68.874	0422
 0	80.438	81.876	69.5	0113
 0	80.502	76.56	69.938	0213
 0	80.624	76.752	69.19	0712
 0	80.686	74.626	66.874	0064
 0	80.812	79.314	67.936	0790
 0	80.814	77.062	68.812	0427
 0	80.814	80.372	70.936	0603
 0	80.934	76.75	70.126	0196
 0	81.066	81.69	68.122	0780
 0	81.06	78	71.312	0605
 0	81.126	79	68.124	0241
 0	81.126	81.5	67.562	0346
 0	81.186	79.376	68.874	0206
 0	81.25	77.312	70.686	0273
 0	81.436	80.434	68.878	0491
 0	81.496	77.624	70.064	0548
 0	81.564	77.936	69.436	0148
 0	81.564	78.748	68.248	0205
 0	81.626	81.25	71.188	0173
 0	81.69	81.312	70.186	0769
 0	81.75	79	68.248	0125
 0	82.062	78.752	67.75	0547
 0	82.186	78.374	67.126	0825
 0	82.376	78.438	69.374	0153
 0	82.562	81.312	69.816	0109
 0	82.562	81.876	69.5	0789
 0	82.626	80.686	65.936	0468
 0	82.626	81.938	67.44	0476
 0	82.748	79.252	68.316	0546
 0	82.75	82.122	70.252	0742
 0	82.814	80	66.44	0163
 0	82.872	79.626	67.436	0660
 0	82.874	73.564	70.626	0025
 0	83.128	82.688	70.374	0451
 0	83.312	81.376	66.124	0838
 0	83.5	81.126	68.872	0117
 0	83	79.438	69.312	0040
 0	83	82.934	69.75	0640
 0	83.938	81.812	68.688	0242
 64	48.312	11.5	68.126	0553
 64	48.31	4.436	68.438	0530
 64	48.81	5.376	69.248	0870
 64	49.564	3.876	67.374	0572
 64	49.816	3.126	69.062	0005
 64	49.998	6.564	69.626	0644
 64	50.064	11.688	68.938	0648
 64	50.188	4.186	67.624	0699
 64	50	4.56	69.936	0408
 64	50.562	4	69.31	0844
 64	50.998	3.248	70	0447
 64	51.126	3.124	69.75	0758
 64	51.126	3.436	69.062	0304
 64	51.126	5.124	68.312	0700
 64	51.248	6.374	70.314	0044
 64	51.314	10.688	69.562	0118
 64	51.314	3.562	68.624	0122
 64	51.314	3.75	69.998	0089
 64	51.628	20.814	67.876	0066
 64	51.686	12.252	69.5	0720
 64	51.812	6.438	69.684	0134
 64	52.438	9.126	68.186	0086
 64	52.498	2.498	70.248	0618
 64	52.5	3.314	70.75	0717
 64	52.998	6.874	67.876	0050
 64	53.438	6.69	70.436	0625
 64	53.626	2.5	70.314	0817
 64	55.002	82.686	59.314	0345
 64	55.126	29.438	67.44	0229
 64	55.25	24.25	66.876	0397
 64	55.502	20	69.622	0228
 64	57.25	25.252	67.686	0414
 64	57	30.938	67.248	0815
 64	59.126	37.126	69.936	0497
 64	59.312	39.124	67.94	0737
 64	60.498	59	66.686	0178
 64	61.624	43.5	67.686	0623
 64	62.688	47.312	67.874	0487
 64	62.936	66.686	65.376	0695
 64	65	64.188	66.624	0694
 64	65.752	77.498	65.438	0765
 64	66.624	63.25	68.564	0416
 64	66.626	79.126	64.688	0557
 64	66.748	78.124	67.438	0406
 64	67.248	75.686	63.252	0465
 64	67.312	77.938	64.812	0198
 64	67.562	72.248	66.686	0224
 64	67.812	70.436	65.564	0223
 64	67.938	79.874	67.75	0678
 64	68.252	83.25	66.438	0793
 64	69.19	80.998	66.5	0505
 64	69.69	60.562	65.75	0123
 64	69	82	68.81	0152
 64	69.874	75.938	69.746	0210
 64	69.874	80.812	66.684	0138
 64	70	79.812	66.748	0347
 64	70	81.186	69.688	0244
 64	71.126	71.31	67.626	0514
 64	71.75	80.688	69.25	0120
 64	71	78.378	65.25	0079
 64	71.876	75.062	65.81	0735
 64	72.06	73.938	67.438	0330
 64	72.188	81.06	67.064	0161
 64	72.376	76.688	65.376	0262
 64	72.69	82.938	70.374	0532
 64	72.812	79.25	67.188	0424
 64	73.062	79.562	66.874	0095
 64	73.186	75.936	67.124	0282
 64	73.188	77.376	67.376	0839
 64	73.248	82.378	67.56	0690
 64	73.436	63.876	68.502	0072
 64	73.5	84.5	69.064	0265
 64	73.624	66.624	67.312	0149
 64	73.686	79.688	66.876	0460
 64	73.998	82.376	68.06	0666
 64	74.124	76.814	67.438	0500
 64	74.188	81	68.56	0585
 64	74.254	63.562	66.566	0029
 64	74.25	67.002	66.686	0002
 64	74.312	74.874	68.186	0849
 64	74.374	76.622	64.564	0590
 64	74.502	78.624	66.5	0247
 64	74.562	80.374	68.062	0129
 64	74	62.874	66.502	0671
 64	74.628	78.75	67.002	0504
 64	74	72.252	64.624	0531
 64	74.75	81.75	68.812	0673
 64	74.936	61.376	68.064	0214
 64	75.062	80.5	67.31	0157
 64	75.436	81.436	66.252	0301
 64	75.44	62.188	67.438	0277
 64	75.564	80.316	64.998	0307
 64	75.624	81.75	68.748	0395
 64	75.69	77.75	68.564	0361
 64	75.752	76.312	67.124	0074
 64	75.812	75.376	67.186	0775
 64	75.874	80.124	67.5	0621
 64	75.876	67.126	65.5	0375
 64	76.062	79.124	68.562	0254
 64	76.252	67.938	67.436	0087
 64	76.372	74.126	68.938	0308
 64	76.374	76.562	67.876	0068
 64	76.376	74.498	70.564	0096
 64	76.498	71.812	67.624	0199
 64	76.624	79.124	68.75	0594
 64	76.626	66.062	66.688	0866
 64	76.626	72.75	66.376	0822
 64	76.75	73.186	68.44	0787
 64	76.812	77.374	65.94	0335
 64	77.186	82.936	67.312	0285
 64	77.188	61.564	66.498	0584
 64	77.252	70.684	67.75	0728
 64	77.252	82.936	68.562	0431
 64	77.25	74.502	66.25	0753
 64	77.374	81	69.69	0170
 64	77.376	68.064	67.186	0818
 64	77.376	71.688	70.624	0646
 64	77.436	83.376	68.688	0681
 64	77.438	76.812	65.312	0523
 64	77	78.124	69.998	0485
 64	77.812	81	68.874	0220
 64	77	83.314	68.312	0274
 64	77	83.874	68.312	0803
 64	77.876	64.376	69.438	0092
 64	78.002	81.498	66.624	0819
 64	78.062	82.002	70	0154
 64	78.124	75.562	68.626	0527
 64	78.188	84.748	70.938	0291
 64	78.312	81.248	69.252	0706
 64	78.436	75.126	67	0518
 64	78.438	76.252	67.562	0554
 64	78.622	70.062	68.628	0608
 64	78.626	81.998	69.5	0183
 64	78.688	67.124	68	0114
 64	78.69	77.624	70.186	0647
 64	78.752	69.438	68.748	0380
 64	78.75	67.5	71.562	0405
 64	78.75	76.378	69.19	0493
 64	78	79.75	69.376	0508
 64	78.812	83.376	70.626	0588
 64	78.874	82.812	69.25	0251
 64	78.874	83.186	69.062	0394
 64	78.876	78.438	67.312	0697
 64	78.938	75.376	65.688	0829
 64	79.002	81.25	70.374	0759
 64	79.064	73.688	69.25	0127
 64	79.064	82.062	70.688	0140
 64	79.248	69.624	68.874	0209
 64	79.248	71	66.688	0032
 64	79.25	69	69.562	0634
 64	79.312	80.31	67.062	0367
 64	79.372	71.626	68.188	0169
 64	79.564	79.626	67.626	0300
 64	79.564	82.128	67.312	0156
 64	79.5	78.938	67.314	0724
 64	79.686	73.498	66.75	0833
 64	79.686	80.252	67.498	0166
 64	79.812	65.624	68.938	0628
 64	79.874	81.248	67.938	0454
 64	79.876	79.624	67.938	0788
 64	79.938	67.874	67.69	0373
 64	79.938	74.438	67	0353
 64	79.938	74.814	66.626	0459
 64	79.94	74	69.374	0063
 64	80.126	68.438	67.126	0338
 64	80.126	79.186	67.688	0863
 64	80.126	80.374	67.438	0105
 64	80.186	75.248	67.436	0450
 64	80.186	80.25	70.874	0470
 64	80.188	82.75	65.998	0155
 64	80.248	80.75	69.998	0551
 64	80.252	78.124	67.252	0679
 64	80.25	77.75	68.124	0317
 64	80.25	78.252	68.874	0384
 64	80.25	80.316	68.812	0802
 64	80.376	69.75	67.064	0115
 64	80.376	80.062	68.562	0611
 64	80.376	80.69	69.124	0486
 64	80.376	83.436	69.062	0046
 64	80.436	72.064	69.25	0139
 64	80.502	78.562	68.874	0342
 64	80.562	64.75	70.124	0160
 64	80.562	78.626	69.814	0774
 64	80.5	65.562	71.188	0136
 64	80.624	76.75	68.314	0402
 64	80.686	76.812	68.434	0581
 64	80.752	79.94	67.438	0808
 64	80.75	81.688	69.752	0022
 64	80	79.126	66.75	0772
 64	80.812	69	69.062	0515
 64	80.876	71.874	71.314	0854
 64	80.876	82.688	70.314	0429
 64	80.936	79.252	71.5	0703
 64	80.938	64.564	69.064	0177
 64	80.938	80.938	70.06	0275
 64	80.94	80.688	72.002	0499
 64	81.002	68.436	69.436	0147
 64	81.002	77.998	66.624	0867
 64	81.124	77.814	68.188	0009
 64	81.188	81.188	68.94	0171
 64	81.248	70.062	69.062	0263
 64	81.312	74.998	66.688	0396
 64	81.312	82.124	68.124	0477
 64	81.376	71.19	68.938	0268
 64	81.376	79.25	69	0830
 64	81.438	80.752	64.938	0185
 64	81.496	73.44	68.812	0715
 64	81.502	73.124	67.25	0410
 64	81.562	78.248	69.188	0236
 64	81.562	80.062	66.874	0326
 64	81.564	79.5	66.876	0544
 64	81.5	77.312	69.062	0356
 64	81.5	80.936	69.06	0359
 64	81.622	76.188	66.498	0175
 64	81.624	77.062	68.374	0620
 64	81.624	77.564	69.438	0260
 64	81.624	83.314	70.248	0525
 64	81.686	75.496	68.688	0744
 64	81.688	69.626	70.25	0484
 64	81.688	73.69	69.312	0853
 64	81.688	76.06	68.186	0582
 64	81.748	82	67.688	0276
 64	81.75	79.312	69.752	0760
 64	81.874	74.188	68	0253
 64	81.876	70.938	69.876	0423
 64	81.938	69.438	69.812	0412
 64	81.998	79.624	68.876	0445
 64	81.998	83.376	66.812	0071
 64	82.064	71.936	68.436	0421
 64	82.124	78.062	66.936	0233
 64	82.128	72.314	68.376	0722
 64	82.184	73.128	69.376	0059
 64	82.188	78.314	68	0030
 64	82.188	82.624	69.126	0750
 64	82.248	78.498	69.188	0798
 64	82.252	73.376	65.312	0108
 64	82.25	79.374	67.312	0571
 64	82.314	77.562	68.124	0719
 64	82.314	79.562	69.062	0000
 64	82.436	72.812	69.314	0754
 64	82.436	78.498	69.376	0216
 64	82.438	71.498	69.436	0252
 64	82.502	80.75	68.186	0489
 64	82.502	82.5	68.126	0403
 64	82.562	71.25	69.624	0324
 64	82.562	78.938	68.626	0266
 64	82.564	77.314	69.188	0561
 64	82.564	81.372	70.124	0745
 64	82.564	83.066	68.686	0730
 64	82.5	83.25	68.686	0202
 64	82.624	78.938	70.75	0479
 64	82.626	70.438	69.25	0006
 64	82.688	79.188	68.75	0820
 64	82.688	83.312	70.874	0190
 64	82	69.938	68.062	0859
 64	82	73.252	68.938	0617
 64	82.748	82.252	68.936	0179
 64	82	75.062	68.874	0807
 64	82.752	79.938	67.814	0323
 64	82.812	73.938	71.56	0834
 64	82.812	78.124	70.064	0208
 64	82.812	81.436	67.186	0873
 64	82.872	81.064	69.812	0116
 64	82.936	68.502	70.5	0418
 64	83.062	74.562	68.438	0610
 64	83.124	68.938	69.626	0257
 64	83.186	79.812	71.75	0567
 64	83.188	77.814	68.374	0446
 64	83.188	78.438	69.938	0042
 64	83.188	79	70	0019
 64	83.192	65.186	71.686	0562
 64	83.25	77.062	70.69	0225
 64	83.25	78.062	69.186	0186
 64	83.25	81.688	67.626	0382
 64	83.312	79.498	68.938	0303
 64	83.374	67.002	70.688	0222
 64	83.374	78.19	69.498	0751
 64	83.376	76.312	69.688	0799
 64	83.376	77.686	68.5	0657
 64	83.376	83.814	69.69	0261
 64	83.436	78.75	68.374	0364
 64	83.44	78.564	70.372	0372
 64	83.502	72.376	69.06	0733
 64	83.502	76.94	73.002	0083
 64	83.562	66.626	70.938	0203
 64	83.562	77.062	71.062	0534
 64	83.562	80.938	70.062	0642
 64	83.562	82.562	67.5	0542
 64	83.564	78.062	67.314	0467
 64	83.564	83.188	69.626	0004
 64	83.56	72.124	69.688	0218
 64	83.624	83	68.814	0865
 64	83.626	68.5	68.814	0012
 64	83.626	78.188	68.186	0023
 64	83.686	76.128	68.566	0810
 64	83.686	76	68.748	0522
 64	83.688	76.748	68.186	0069
 64	83.688	80.5	69.938	0314
 64	83.748	79.936	66.874	0488
 64	83.75	75.122	71.064	0102
 64	83.75	82.686	69.372	0852
 64	83	78.75	67.374	0629
 64	83	79.938	68.69	0164
 64	83.814	75.188	69.186	0215
 64	83.814	82.562	69.94	0669
 64	83.874	65.94	69.69	0312
 64	83.874	80.44	68	0785
 64	83.874	80.624	68.498	0358
 64	83.876	77.5	71.938	0586
 64	83.998	81.186	66.936	0106
 64	84.002	77.248	68.502	0761
 64	84.002	82	69.248	0814
 64	84.002	83.064	68.376	0658
 64	84.062	74.75	69.434	0390
 64	84.062	83.062	69.624	0404
 64	84.124	64.562	72.688	0463
 64	84.126	70	70.188	0088
 64	84.126	75.31	69.936	0035
 64	84.126	82.186	69.686	0077
 64	84.188	69.5	71.75	0580
 64	84.19	73.876	69.81	0018
 64	84.19	77.438	71	0188
 64	84.248	70.252	72.502	0226
 64	84.248	76.438	69.686	0452
 64	84.248	81.436	70.312	0111
 64	84.25	74.938	68.814	0564
 64	84.25	75.376	69.876	0142
 64	84.312	69.69	70.316	0661
 64	84.312	71.816	69.622	0379
 64	84.312	75.436	71.376	0708
 64	84.312	77.126	69.374	0239
 64	84.374	67.25	70.374	0665
 64	84.438	65.374	72.436	0461
 64	84.438	68.75	70.19	0502
 64	84.502	70.69	69.312	0191
 64	84.564	78.062	71.126	0128
 64	84.624	70.624	68.688	0047
 64	84.626	72.438	70.374	0847
 64	84.626	80.624	71.438	0481
 64	84.626	80.814	69.75	0599
 64	84.684	80.436	70	0874
 64	84.686	76.624	69.5	0615
 64	84.686	80.438	70.002	0377
 64	84.748	76.5	70.312	0795
 64	84.752	73.75	70	0857
 64	84.752	78.75	74.062	0773
 64	84.752	79.186	70.688	0781
 64	84	75.748	68.812	0432
 64	84.812	74.376	69.872	0509
 64	84.814	75.876	70.064	0049
 64	84	82.062	69.314	0676
 64	84.874	79.062	69.562	0831
 64	84.874	81.688	67.562	0783
 64	84.876	80.936	68.19	0619
 64	84.878	83.438	69.626	0131
 64	84.938	75.126	69.126	0130
 64	84.938	82.748	69.562	0752
 64	85.002	81.252	68.748	0305
 64	85.062	75.688	68.812	0680
 64	85.062	77.876	69.126	0182
 64	85.06	73.94	70.938	0048
 64	85.124	80.874	68.812	0495
 64	85.124	83.376	69.436	0846
 64	85.126	79.31	71.124	0541
 64	85.188	71.25	69.626	0062
 64	85.188	82.122	70.314	0309
 64	85.19	71.438	70.25	0289
 64	85.25	80.374	68.812	0034
 64	85.312	78.688	68.624	0516
 64	85.31	74.748	70.436	0195
 64	85.372	77.252	69.312	0510
 64	85.374	73.124	70.812	0256
 64	85.376	83.188	70	0417
 64	85.438	77.062	72.126	0714
 64	85.438	79.312	68	0003
 64	85.498	73.312	70.312	0764
 64	85.562	67.812	69.562	0709
 64	85.564	82.876	67.312	0292
 64	85.56	66.936	71.248	0738
 64	85.626	75.938	68	0782
 64	85.628	75.062	71	0376
 64	85.686	76.25	68.56	0638
 64	85.688	77.874	71.126	0204
 64	85	71.248	68.128	0702
 64	85	71.372	68.5	0366
 64	85	72.814	69.754	0267
 64	85.75	81.874	69.564	0494
 64	85.81	83.436	69.374	0425
 64	85	82.186	71.06	0784
 64	85	82	68.624	0596
 64	85.874	76.688	71.752	0027
 64	85.874	79.312	69.812	0864
 64	85.936	71.686	71.062	0645
 64	85.936	79.248	72.186	0132
 64	85.938	63.378	71.936	0805
 64	85.938	78.188	69.75	0073
 64	85.998	81.624	69.062	0565
 64	86.062	75.94	69.376	0085
 64	86.062	79.936	71.188	0444
 64	86.064	68.56	69.876	0593
 64	86.126	70.312	69.814	0368
 64	86.184	76.5	70.75	0786
 64	86.188	79	71.81	0137
 64	86.252	78.438	70.624	0767
 64	86.312	75.998	68.938	0052
 64	86.312	80.25	70.752	0583
 64	86.312	83.688	68.938	0598
 64	86.314	80.126	68.686	0284
 64	86.436	75.498	70.752	0103
 64	86.438	80.564	68.814	0360
 64	86.438	82	69.248	0287
 64	86.502	80.94	68.31	0283
 64	86.502	84.062	70.626	0848
 64	86.562	79.44	70.564	0343
 64	86.562	79.998	73.25	0297
 64	86.5	82	71.124	0587
 64	86.626	80.872	68.188	0633
 64	86	72.75	71.562	0306
 64	86	80.002	69.312	0614
 64	86.814	80.376	71.312	0192
 64	86.814	82.938	70.686	0070
 64	86.876	83.566	71.252	0651
 64	86.938	80.438	68.312	0630
 64	86.998	65.876	72.814	0013
 64	87.062	81.374	70.186	0340
 64	87.312	76.748	72.188	0474
 64	87.498	81.5	68.126	0473
 64	87.938	81.748	70.124	0578
 64	88.374	78.75	70.124	0650
