K	ADVFM_AVG	ADVFM_in	ADVFM_on	ADVFM_near	ADVFM_behind	ADVFM_under	FM	PT	ID
 0	34.8427	87.7567	86.4567	0	0	0	8.75	81.3567	0680
 0	35.8333	88.02	90.6267	0.52	0	0	15.8333	79.6867	0059
 0	35.9893	90.6233	89.3233	0	0	0	10.5233	80.6233	0563
 0	35.9893	91.4067	87.76	0.78	0	0	13.8533	81.3567	0888
 0	36.0407	92.7067	84.1133	2.86333	0	0.52	21.04	81.2467	0640
 0	36.0413	88.8	91.4067	0	0	0	11.46	83.1233	0375
 0	36.5107	91.6667	85.94	3.64667	0.78	0.52	24.8967	78.54	0353
 0	38.9053	90.8833	88.8	8.59333	4.16667	2.08333	29.6867	78.02	0837
 0	47.6033	73.18	24.2167	59.8933	39.06	41.6667	56.4567	75.73	0296
 0	48.8014	19.79	4.68667	73.6967	79.4267	66.4067	69.3767	59.48	0010
 0	48.802	17.71	0.52	63.28	94.01	68.49	70.4167	57.0833	0386
 0	50.416	81.51	70.8333	45.5733	40.6233	13.54	54.27	80.5233	0042
 0	51.6667	67.97	39.8433	63.54	53.3833	33.5967	66.6667	79.3767	0409
 0	52.9167	57.5533	29.4267	59.6333	58.5933	59.3767	65.73	71.04	0070
 0	53.2287	77.8633	59.3767	52.3433	53.3833	23.1767	62.6033	81.98	0817
 0	53.228	78.9067	69.27	41.9233	41.6667	34.3733	63.7533	80.6267	0937
 0	53.542	73.7	54.1667	59.6367	52.6033	27.6033	63.02	82.3967	0257
 0	53.8027	1.04	0	78.6467	99.48	89.8467	83.02	57.3967	0879
 0	53.9587	71.8767	48.7	60.4167	60.4167	28.3833	63.44	79.79	0155
 0	54.218	76.0433	60.6733	56.77	51.04	26.5633	61.5633	78.2333	0019
 0	54.9467	77.8633	53.6433	59.3733	54.6867	29.1667	63.96	81.56	0110
 0	55.3133	66.93	43.23	65.3633	67.19	33.8533	71.0433	78.0233	0676
 0	55.7813	6.77	0	85.94	96.8733	89.3233	80.8333	51.04	0752
 0	56.1973	77.0833	51.5633	61.4567	60.6767	30.2067	66.1467	80.1033	0760
 0	56.8233	71.6133	69.2733	47.6567	51.3033	44.27	65.9367	79.8967	0881
 0	56.928	78.1267	58.5933	57.5533	54.95	35.4167	64.6867	81.98	0766
 0	57.186	69.27	46.6167	68.4867	65.6233	35.9333	71.5633	80.42	0351
 0	57.2927	8.33333	0	85.68	98.1767	94.2733	80.3133	56.98	0366
 0	57.656	53.9067	28.1233	82.8133	75	48.4367	77.0833	79.27	0103
 0	57.9693	61.98	32.29	71.8733	78.1267	45.5767	77.6067	78.8567	0083
 0	58.958	76.0433	71.0933	46.0933	55.4667	46.0933	66.8767	79.1667	0933
 0	59.0627	0	0	99.48	100	95.8333	86.1467	59.8967	0066
 0	59.0627	0.26	0.78	95.8333	99.74	98.7	86.8767	54.3733	0595
 0	59.2713	0	0	97.3967	100	98.96	89.7933	58.3333	0356
 0	59.3233	0	0	98.96	100	97.6567	88.1233	56.25	0372
 0	59.3247	79.69	78.9067	44.5333	45.0533	48.44	62.6033	78.3333	0380
 0	59.478	52.8667	16.1433	85.6767	87.7567	54.9467	77.5033	75.73	0528
 0	59.4793	0	0	97.6567	100	99.74	86.98	57.19	0140
 0	59.5313	0	0	99.48	100	98.1767	86.46	59.2733	0170
 0	59.5313	6.77333	2.08	96.3533	94.27	98.18	89.27	81.25	0411
 0	59.584	0	0	98.44	100	99.48	87.3967	56.98	0400
 0	59.6367	4.16667	1.56333	98.44	97.1367	96.8767	90.21	81.1433	0608
 0	59.6873	0	0	98.4367	100	100	90.21	57.8133	0925
 0	59.6887	23.96	5.20667	91.1467	96.3567	81.7733	88.1267	79.3733	0619
 0	59.7907	23.4367	2.86333	93.4867	95.5733	83.5933	86.77	77.1867	0425
 0	59.792	0	0	99.22	100	99.74	87.0833	56.1433	0623
 0	59.792	0	0	99.48	100	99.48	85.4167	58.9567	0422
 0	59.792	0.26	0	99.22	100	99.48	89.3767	78.1233	0799
 0	59.844	0	0	99.74	100	99.48	87.2933	55.2067	0075
 0	59.896	0	0	100	100	99.48	89.0633	59.1667	0439
 0	59.896	0	0	99.74	100	99.74	89.5833	55.8333	0583
 0	59.948	0	0	100	100	99.74	90.9367	77.2933	0327
 0	59.948	0	0	99.74	100	100	88.6433	58.3367	0673
 0	59.948	0	0	99.74	100	100	88.6467	75.8333	0895
 0	59.948	0	0	99.74	100	100	89.8933	79.3767	0855
 0	60	0	0	100	100	100	87.5	59.5833	0517
 0	60	0	0	100	100	100	87.7067	58.6467	0510
 0	60	0	0	100	100	100	88.02	54.7933	0107
 0	60	0	0	100	100	100	88.02	57.6	0755
 0	60	0	0	100	100	100	88.1233	55.2067	0109
 0	60	0	0	100	100	100	88.6467	57.9167	0142
 0	60	0	0	100	100	100	88.8533	57.5	0291
 0	60	0	0	100	100	100	88.9567	55.8333	0007
 0	60	0	0	100	100	100	88.9567	57.71	0081
 0	60	0	0	100	100	100	88.9567	61.2467	0927
 0	60	0	0	100	100	100	88.96	57.29	0507
 0	60	0	0	100	100	100	89.1633	57.8133	0862
 0	60	0	0	100	100	100	89.1667	56.77	0850
 0	60	0	0	100	100	100	89.27	59.3767	0130
 0	60	0	0	100	100	100	89.4767	57.0867	0514
 0	60	0	0	100	100	100	89.4767	59.8933	0564
 0	60	0	0	100	100	100	89.4833	76.25	0041
 0	60	0	0	100	100	100	89.69	76.8767	0651
 0	60	0	0	100	100	100	90.1033	59.3767	0069
 0	60	0	0	100	100	100	90.52	59.27	0529
 0	60	0	0	100	100	100	90	58.8567	0122
 0	60	0	0	100	100	100	91.04	55.4167	0300
 0	60	0	0	100	100	100	91.04	79.79	0929
 0	60	0.26	0	100	100	99.74	91.4567	76.25	0839
 0	60.052	0.26	0	100	100	100	90.1033	80.1033	0044
 0	60.0527	33.3367	12.2367	91.41	91.9267	71.3533	81.46	78.4367	0889
 0	60.104	0.78	0	100	100	99.74	91.5633	77.71	0393
 0	60.104	1.04	0	99.74	100	99.74	90.5233	78.8533	0814
 0	60.156	1.56	0	99.74	100	99.48	90.0033	76.5633	0332
 0	60.1567	2.08333	0.26	99.48	99.22	99.74	89.79	76.1467	0805
 0	60.2073	72.6533	54.9467	62.24	64.58	46.6167	73.1267	82.92	0654
 0	60.2607	12.2367	2.08333	95.3133	96.6167	95.0533	89.5833	79.79	0079
 0	60.3647	66.1433	71.0967	53.9067	61.2	49.4767	68.75	81.6633	0591
 0	60	44.7933	16.9267	81.7667	89.0633	67.45	83.4367	81.8733	0523
 0	60.47	7.29	3.90667	97.66	96.0933	97.4	91.56	82.19	0601
 0	60.5207	3.12333	0	100	100	99.48	89.1667	79.0633	0294
 0	60.522	7.29333	2.60333	96.3533	97.14	99.22	89.27	81.25	0500
 0	60.5733	4.43	3.90333	97.1367	98.1767	99.22	90.2067	82.71	0873
 0	60.5733	7.29	2.86333	97.66	96.0933	98.96	90.1033	80.52	0055
 0	60.626	6.77	1.56	98.44	97.66	98.7	89.3733	75.1033	0509
 0	60.7293	71.0933	71.3533	52.3433	58.5967	50.26	69.17	79.8967	0274
 0	60.834	12.24	1.56	97.1367	95.5733	97.66	90.5233	80.4167	0344
 0	60.8853	75.52	64.06	58.0733	56.25	50.5233	73.1233	78.96	0614
 0	61.0413	6.24667	1.56	99.22	99.22	98.96	90.73	84.1667	0558
 0	61.0947	7.81667	2.08	98.18	97.9167	99.48	89.4767	81.0433	0917
 0	61.1973	60.1533	41.9267	69.2733	77.8633	56.77	77.6033	77.6033	0533
 0	61.198	7.29	8.85333	97.1367	95.3133	97.3967	89.5833	78.3367	0297
 0	61.2514	10.1567	4.68667	96.8767	96.0967	98.44	88.3333	80.2067	0099
 0	61.25	23.4367	3.64667	94.27	95.3133	89.5833	89.5833	81.4567	0508
 0	61.3013	15.3633	2.86333	94.7933	95.57	97.9167	89.5833	77.9167	0182
 0	61.3567	13.0233	2.86667	97.66	94.2733	98.96	90.8333	81.1467	0853
 0	61.512	5.99	7.81667	97.6567	97.1367	98.96	90.2067	83.02	0435
 0	61.5627	10.9367	9.37667	94.27	94.27	98.96	88.44	81.8767	0527
 0	61.5627	61.72	59.6333	59.1167	69.27	58.0733	75.4167	81.56	0918
 0	61.6153	35.42	15.1033	91.1433	92.45	73.96	84.5867	78.23	0574
 0	61.616	13.2833	1.3	96.8767	97.92	98.7	89.3733	80.2067	0302
 0	61.72	4.94667	9.11667	97.3967	98.7	98.44	90.1	80.94	0355
 0	61.77	73.96	67.4467	52.6033	62.76	52.08	67.71	76.1433	0526
 0	61.824	14.8433	4.16333	97.14	95.5733	97.4	89.1667	81.77	0893
 0	61.9273	14.8467	7.55	96.8767	93.49	96.8733	88.8567	81.56	0844
 0	61.9273	70.0533	45.3133	68.23	68.75	57.29	76.0433	80.42	0916
 0	61.9787	49.48	20.57	84.6333	86.4567	68.7533	83.0233	79.7933	0423
 0	61.9787	69.0133	46.3533	64.06	69.79	60.6767	74.6867	80.2067	0602
 0	61.9793	41.1467	11.72	91.1433	91.1467	74.74	82.0833	76.04	0090
 0	62.0313	11.98	9.11333	95.8333	95.83	97.4	88.6467	81.04	0383
 0	62.032	35.94	11.7167	92.19	86.72	83.5933	85.4167	78.02	0865
 0	62.086	12.2433	6.51333	96.3567	97.1367	98.18	89.8933	81.25	0295
 0	62.1367	61.98	46.3567	66.1467	69.53	66.67	75.3133	81.25	0265
 0	62.1887	15.1067	4.94667	96.8767	96.0933	97.92	90.9367	80.73	0630
 0	62.2393	23.96	5.47	96.6133	93.2267	91.9267	89.6867	79.5833	0753
 0	62.24	25	5.47	92.97	93.49	94.27	90.3133	79.3733	0835
 0	62.24	69.01	54.6867	65.1067	62.7633	59.6333	73.4367	83.0233	0298
 0	62.2927	14.5833	4.16667	97.1367	97.1367	98.44	89.69	80.2067	0585
 0	62.4467	38.02	14.5833	90.1033	93.2267	76.3	83.9567	81.1467	0796
 0	62.4467	69.27	45.31	70.0533	70.31	57.29	74.7933	79.2733	0026
 0	62.448	16.4067	4.16333	97.66	95.31	98.7	88.8533	78.8567	0581
 0	62.5007	14.3233	3.64333	98.44	97.92	98.1767	89.8967	81.8733	0290
 0	62.5514	31.77	8.59667	93.2267	92.4467	86.7167	86.46	80.8333	0431
 0	62.6567	67.97	50	71.0967	71.0933	53.1233	76.8767	81.9767	0938
 0	62.6573	11.1967	13.2833	95.8367	94.53	98.44	89.2733	79.79	0020
 0	62.7073	52.3433	50	65.8833	76.56	68.75	75.42	78.5433	0665
 0	62.7093	65.6267	42.97	70.3133	71.3533	63.2833	77.5033	80.4167	0782
 0	62.76	64.3267	44.79	69.79	71.3533	63.54	78.8533	81.77	0801
 0	62.812	16.6667	3.64333	97.3967	96.6133	99.74	89.7933	80.1033	0936
 0	62.8133	21.6167	5.47	95.3133	94.27	97.3967	87.7067	83.8533	0539
 0	62.8646	48.96	45.8333	72.1333	77.0833	70.3133	76.56	81.04	0350
 0	62.864	69.01	48.4367	64.5833	66.6633	65.6267	74.0633	78.8567	0347
 0	62.8647	51.56	31.51	78.6467	79.95	72.6567	82.1867	80.1033	0441
 0	62.9167	20.57	7.81	93.75	97.4	95.0533	89.4767	80.31	0268
 0	62.9167	24.22	3.64333	95.8333	96.3567	94.53	88.0233	77.8133	0253
 0	62.97	6.51	17.1867	97.3967	96.0967	97.66	89.3733	81.6667	0856
 0	63.0207	12.2367	18.75	96.0967	93.49	94.53	87.6067	80.8367	0179
 0	63.0213	19.01	9.89667	96.0967	94.7933	95.31	87.0833	80.94	0777
 0	63.022	17.4467	3.90667	98.18	97.66	97.9167	87.0833	75.2067	0392
 0	63.074	73.96	78.3867	53.9067	57.5533	51.5633	69.1667	81.98	0793
 0	63.126	71.8767	65.3667	60.94	62.76	54.6867	71.8767	78.44	0785
 0	63.178	73.1767	73.44	57.0333	60.9367	51.3033	67.92	80.3133	0622
 0	63.228	23.6967	12.24	92.4467	93.2267	94.53	88.7467	78.8533	0094
 0	63.282	68.75	72.3967	53.9067	60.4167	60.94	71.77	82.5	0587
 0	63.28	40.3633	16.9267	86.7167	88.28	84.1133	85.52	79.27	0304
 0	63.3867	22.6533	3.64667	98.44	95.0533	97.14	89.5867	78.9567	0035
 0	63.3873	16.4067	8.59667	98.44	95.0533	98.44	87.3967	78.9567	0670
 0	63.436	28.3833	7.03	94.0067	92.45	95.31	88.8533	81.6667	0557
 0	63.4893	50.2633	30.7267	75	83.8567	77.6	83.8567	80.3133	0502
 0	63.49	18.23	10.4167	96.3533	95.05	97.4	89.1667	79.1667	0084
 0	63.49	25.7833	4.68667	96.3567	95.31	95.3133	88.54	80.1067	0546
 0	63.644	78.6433	80.7267	47.6533	49.48	61.7167	71.25	82.0833	0111
 0	63.6473	69.27	55.73	61.98	72.14	59.1167	74.6867	80.6267	0003
 0	63.7507	22.9167	1.56	97.9167	97.4	98.96	89.0633	79.6867	0337
 0	63.8007	69.53	76.5633	50.26	61.7167	60.9333	69.69	79.17	0520
 0	63.802	18.23	16.6633	95.8333	94.0133	94.27	87.8133	82.2867	0825
 0	63.8027	26.8233	8.07	95.0533	93.49	95.5767	88.33	79.5833	0348
 0	63.9587	18.49	14.0633	95.8333	94.53	96.8767	87.5	78.33	0872
 0	64.0627	25.26	11.46	95.05	94.5333	94.01	88.4367	79.8967	0877
 0	64.1133	63.8033	72.9133	50.52	67.9667	65.3633	72.9167	80.94	0821
 0	64.1147	28.1233	4.94667	96.6167	94.0133	96.8733	90	79.69	0275
 0	64.1154	28.1267	9.89667	93.2267	93.49	95.8367	87.92	79.5867	0067
 0	64.116	13.0233	21.6133	94.7933	94.7933	96.3567	88.02	80.94	0867
 0	64.166	15.1	15.1067	97.1367	95.83	97.6567	91.77	80.4167	0141
 0	64.1667	36.2	9.89667	94.53	93.2267	86.98	87.2933	78.2267	0178
 0	64.1673	32.0333	9.63667	89.8433	94.5333	94.79	89.1667	81.9767	0306
 0	64.2187	29.1667	9.37333	93.49	93.75	95.3133	89.8967	78.8533	0926
 0	64.2193	39.0633	4.16667	94.2733	90.1033	93.49	88.5433	78.96	0790
 0	64.3227	54.9467	26.56	81.5133	84.3733	74.22	82.1867	81.9767	0883
 0	64.3746	20.5733	14.5833	95.3133	94.53	96.8733	88.5433	82.2933	0815
 0	64.376	31.7733	6.51333	94.53	93.75	95.3133	89.7933	80.4167	0289
 0	64.4273	24.2167	9.9	96.3533	94.7933	96.8733	88.0233	81.6633	0014
 0	64.4273	69.7933	77.6033	53.9067	58.5933	62.24	72.8133	81.1467	0401
 0	64.4787	55.73	46.8733	72.3933	71.6167	75.78	80.7267	84.06	0338
 0	64.4793	51.5633	44.27	73.7	78.6467	74.2167	81.1467	81.5633	0368
 0	64.532	20.31	13.2833	98.96	94.01	96.0967	88.96	81.46	0836
 0	64.53	47.3967	33.33	79.1667	84.6333	78.1233	82.3967	78.9567	0371
 0	64.5827	37.24	14.8433	88.8	91.1467	90.8833	88.8567	79.5867	0432
 0	64.5833	32.8133	12.24	92.4467	90.1033	95.3133	88.3333	78.6433	0667
 0	64.584	37.5033	22.9167	89.0633	87.5	85.9367	85.2067	80.1033	0421
 0	64.584	72.1367	67.71	62.24	60.1567	60.6767	73.1233	82.0833	0891
 0	64.6353	45.5733	30.4667	84.1167	86.72	76.3	82.2933	80.7267	0001
 0	64.6867	54.6867	30.4667	77.8633	82.5533	77.8633	85.1067	80.73	0832
 0	64.688	28.9067	10.9367	96.8767	90.8867	95.8333	88.9567	81.56	0282
 0	64.7387	54.4267	44.2667	75.78	78.3867	70.8333	80.6233	77.2933	0442
 0	64.7393	37.76	30.4667	84.6333	87.2433	83.5933	85.73	80.3133	0902
 0	64.74	30.99	13.02	93.75	93.23	92.71	86.6667	78.6433	0909
 0	64.844	21.3533	11.2	98.1767	94.79	98.7	89.2733	80.6233	0088
 0	64.9993	73.7	74.4767	57.81	64.32	54.69	74.1667	79.3767	0641
 0	65.104	10.1567	38.2833	92.7067	90.8867	93.4867	86.25	82.08	0884
 0	65.104	69.79	58.3333	62.5	65.1033	69.7933	76.5633	81.1467	0270
 0	65.1047	26.04	11.46	97.66	94.01	96.3533	89.8967	82.08	0544
 0	65.1047	40.8867	25.26	86.46	87.24	85.6767	86.0433	79.7933	0907
 0	65.1047	46.8733	35.68	79.9467	83.8567	79.1667	83.3333	80.8333	0516
 0	65.156	29.95	10.4133	96.0933	95.5733	93.75	90.2067	80.5233	0320
 0	65.2093	26.0433	11.9767	97.92	92.71	97.3967	89.3733	81.5667	0596
 0	65.2607	40.6267	22.1367	87.76	88.8	86.98	85.31	80.6233	0548
 0	65.2613	57.0333	24.74	82.2933	84.3767	77.8633	83.3333	77.3933	0538
 0	65.26	59.3767	49.4767	75.78	67.1867	74.48	73.8533	78.4367	0161
 0	65.416	36.9767	9.89667	93.49	92.7067	94.01	87.9167	82.2933	0639
 0	65.4167	71.0933	71.6167	60.1533	65.6267	58.5933	72.8133	82.29	0162
 0	65.418	67.19	61.9767	67.97	63.5433	66.41	74.1667	79.7933	0096
 0	65.468	52.6033	33.8567	79.9467	83.5933	77.34	82.7067	78.75	0576
 0	65.4686	62.24	63.5433	66.1433	70.3133	65.1033	76.7733	80.6233	0101
 0	65.4687	27.3433	19.0133	94.27	91.9267	94.79	88.8567	82.1867	0018
 0	65.5727	32.03	8.59	96.8767	93.75	96.6167	87.3933	81.0433	0148
 0	65.624	15.6233	29.6867	97.1367	91.1433	94.53	85.6233	80.2067	0781
 0	65.6767	53.3833	16.6667	88.02	88.2833	82.03	83.9567	79.8933	0278
 0	65.7287	11.1967	33.3333	92.1867	96.3533	95.5733	87.71	82.71	0863
 0	65.7807	42.4467	30.73	83.5933	85.4167	86.7167	87.0833	80.1033	0341
 0	65.7813	22.1367	35.9367	93.23	89.0633	88.54	84.79	78.23	0575
 0	65.782	70.3133	65.1067	66.4067	61.98	65.1033	74.1667	78.96	0031
 0	65.8847	29.69	61.1967	74.48	80.2067	83.85	81.5633	79.6867	0396
 0	65.886	35.94	22.3967	89.8433	89.5833	91.6667	87.19	79.2733	0424
 0	65.9373	27.6067	28.3867	94.53	89.3233	89.84	85.8333	78.8533	0352
 0	65.938	27.34	8.33333	98.18	97.66	98.1767	90.94	76.3533	0824
 0	65.99	33.0733	20.8333	94.5333	92.1867	89.3233	88.1233	79.8967	0537
 0	65.99	46.8767	56.51	69.53	81.5133	75.52	80.1033	80.5233	0136
 0	66.042	46.3533	15.8867	89.0633	87.24	91.6667	86.77	80.8333	0852
 0	66.094	29.17	18.75	95.5733	91.4067	95.57	87.5	80.21	0554
 0	66.094	48.6967	29.6867	84.6367	83.3333	84.1167	86.4567	78.8567	0123
 0	66.146	52.8667	42.1867	80.21	75.78	79.6867	76.77	76.04	0255
 0	66.146	70.0533	54.4267	68.49	66.9267	70.8333	78.1233	80.21	0878
 0	66.1467	64.3233	46.0967	74.48	75	70.8333	75.94	79.79	0750
 0	66.1473	30.99	7.03	98.18	97.3967	97.14	87.5	79.0633	0864
 0	66.1473	42.97	29.69	85.9367	84.8967	87.2433	86.3533	81.9767	0820
 0	66.1973	30.73	14.3233	96.3533	96.3533	93.2267	86.9767	76.77	0159
 0	66.2493	46.3533	39.32	82.03	84.8967	78.6467	80.83	81.98	0149
 0	66.2493	70.57	68.75	62.76	63.54	65.6267	75	79.79	0779
 0	66.3027	31.51	19.7933	92.19	92.1867	95.8333	87.19	78.4367	0156
 0	66.4067	61.2	35.6767	81.51	79.4267	74.22	77.6	78.2267	0028
 0	66.4587	72.3933	68.23	60.94	64.3233	66.4067	73.0233	79.8967	0678
 0	66.4593	69.01	59.3733	67.45	72.3967	64.0667	77.1867	82.2933	0171
 0	66.562	69.27	43.2267	71.8733	70.8367	77.6033	75.2067	78.8533	0152
 0	66.6147	44.5333	20.0533	88.28	88.54	91.6667	86.5633	80.3133	0292
 0	66.6147	61.72	69.01	67.4467	73.1767	61.72	76.4567	80.3133	0913
 0	66.6153	40.1067	20.05	92.45	90.3633	90.1067	86.25	81.0433	0876
 0	66.7707	28.3833	41.4067	84.1167	90.1033	89.8433	83.8533	83.02	0536
 0	66.8747	55.2067	30.73	84.1133	81.25	83.0733	82.0833	78.1267	0125
 0	66.8767	64.5867	55.73	67.97	76.3033	69.7933	77.7067	80.4167	0892
 0	66.9273	34.1133	21.0933	92.7067	90.3667	96.3567	87.7067	84.48	0266
 0	66.9793	32.81	21.8767	94.2733	93.49	92.4467	85.7267	81.67	0157
 0	67.0314	59.8967	40.8867	74.2167	81.51	78.6467	78.8533	79.8967	0813
 0	67.2393	39.8433	25.26	92.7067	91.6667	86.72	85.1067	79.0633	0849
 0	67.2913	61.7167	42.4467	74.22	82.8133	75.26	81.2533	80	0378
 0	67.2933	42.71	19.01	88.0233	91.1467	95.5767	87.7067	81.25	0786
 0	67.3433	40.6233	30.99	88.5433	86.4567	90.1033	86.25	79.8967	0921
 0	67.3434	35.4167	42.4467	85.4167	85.6767	87.76	85.52	80.52	0588
 0	67.3453	33.0767	20.31	94.0133	94.0133	95.3133	87.2933	83.23	0023
 0	67.3947	41.9267	18.49	92.71	90.36	93.4867	88.6467	81.25	0317
 0	67.3953	63.8	48.9567	79.69	72.6567	71.8733	78.3333	80.8333	0868
 0	67.3973	64.0633	50.0033	77.0833	76.8233	69.0133	79.1667	80.9367	0359
 0	67.4487	53.3867	12.5033	87.5	90.6267	93.2267	84.6867	77.7067	0573
 0	67.5527	40.8833	15.8867	92.71	94.79	93.4933	89.8933	82.29	0616
 0	67.5527	53.6467	35.94	80.99	85.4167	81.77	85.6267	80.5233	0172
 0	67.6033	44.7933	24.2167	91.4033	89.0633	88.54	88.6467	81.8767	0800
 0	67.656	48.1767	30.99	83.0733	87.24	88.8	86.9767	78.6433	0002
 0	67.7607	40.3667	19.7933	94.79	91.1467	92.7067	88.44	80.3133	0150
 0	67.8147	66.15	36.9833	71.8767	79.95	84.1133	81.46	78.6467	0570
 0	67.916	44.53	72.6567	71.6133	76.3	74.48	79.3733	77.8133	0077
 0	67.916	45.05	32.03	89.5833	86.7167	86.2	85.0033	79.48	0261
 0	67.9167	50	31.77	84.6333	84.6367	88.5433	87.29	81.25	0335
 0	67.918	64.5833	57.5533	72.3967	79.95	65.1067	82.7067	78.96	0164
 0	67.9687	46.0967	23.4367	89.5833	88.54	92.1867	87.8133	83.4367	0794
 0	67.9693	56.77	55.21	74.7433	78.9067	74.2167	78.02	81.5633	0087
 0	68.02	60.9367	69.27	68.4867	71.8767	69.53	78.1233	79.27	0333
 0	68.02	62.76	61.9767	74.74	64.3233	76.3	74.27	79.8933	0843
 0	68.1267	49.74	53.9067	76.5667	80.73	79.69	78.44	81.56	0838
 0	68.1773	20.5733	29.1667	97.6567	96.0933	97.3967	88.2267	79.5833	0056
 0	68.2287	74.74	60.6767	69.01	69.79	66.9267	78.3333	80.73	0764
 0	68.2293	36.4567	24.2167	92.19	93.7533	94.53	88.23	83.23	0414
 0	68.332	43.49	25.5167	92.1867	86.9767	93.49	86.9767	81.46	0398
 0	68.334	54.4267	35.6767	83.0733	84.9	83.5933	85.9367	79.2733	0617
 0	68.3347	60.94	47.4	79.4267	80.47	73.4367	83.02	80.3133	0830
 0	68.3847	45.05	25	89.8433	88.02	94.01	85.9367	80.31	0650
 0	68.3853	38.0233	20.0533	94.79	93.49	95.57	87.6033	82.9167	0102
 0	68.386	80.99	70.5733	60.4167	69.7933	60.1567	76.04	81.0433	0163
 0	68.4373	24.22	40.3667	91.4033	93.2267	92.97	87.1867	81.8733	0571
 0	68.4893	40.3667	30.73	90.3633	89.32	91.6667	86.46	81.0433	0615
 0	68.5407	33.8533	31.25	92.4467	90.8833	94.27	87.3933	81.7733	0158
 0	68.5413	49.22	40.6267	83.3333	85.1533	84.3733	83.23	80.83	0404
 0	68.5947	61.1967	39.0633	84.1167	79.43	79.1667	85.1033	78.6433	0078
 0	68.6453	64.0633	54.6867	73.1733	76.0433	75.26	80.3133	83.8567	0117
 0	68.646	57.55	53.3867	76.56	78.91	76.8233	80.21	82.6033	0417
 0	68.696	45.83	28.3833	90.8833	91.9267	86.4567	86.6667	80	0625
 0	68.7507	55.21	45.3133	77.6067	83.8533	81.77	82.71	81.1433	0655
 0	68.75	79.6867	79.69	58.8533	59.1133	66.4067	74.2733	81.5633	0661
 0	68.8547	58.3333	56.77	71.6167	78.9067	78.6467	81.04	80.2067	0046
 0	68.8553	46.3533	33.3367	87.24	87.76	89.5867	84.8967	80.3133	0643
 0	68.9067	74.48	58.3333	70.3133	72.9167	68.49	75.94	82.3967	0631
 0	69.0107	57.0333	57.03	78.9067	78.3867	73.6967	77.8133	80.4167	0829
 0	69.062	76.5633	78.1233	62.24	64.5833	63.8	73.23	81.0433	0652
 0	69.1127	67.4433	72.1367	60.6767	73.4333	71.8733	73.23	81.7733	0060
 0	69.1147	64.0633	49.74	77.8633	79.4267	74.48	79.5833	79.58	0626
 0	69.2706	51.8233	47.1333	82.5533	84.3733	80.47	83.8533	80.7267	0505
 0	69.2707	43.23	35.4167	88.28	88.8033	90.6233	84.1667	80.8333	0846
 0	69.27	59.1133	48.4367	78.3833	81.77	78.6467	82.6033	80.5233	0769
 0	69.374	40.8833	28.9067	91.1433	92.4467	93.49	88.02	78.2267	0882
 0	69.3747	69.27	53.6467	72.6567	75.78	75.52	79.5833	77.7067	0357
 0	69.6347	72.6567	65.3633	71.3533	71.6133	67.1867	79.3767	81.46	0635
 0	69.7393	61.7167	65.8867	70.8333	75.26	75	76.98	79.6867	0854
 0	69.7907	46.3533	30.7267	89.84	87.24	94.7933	87.19	80	0605
 0	69.7907	54.9467	44.27	83.59	84.6367	81.51	82.29	81.46	0354
 0	69.79	54.9467	36.7167	85.4167	79.9433	91.9267	84.7933	80.3133	0133
 0	69.8433	55.73	44.27	84.1133	84.1133	80.99	81.25	81.6667	0361
 0	69.948	55.73	72.3967	70.05	78.1267	73.4367	79.3733	82.1867	0662
 0	69.9993	49.48	59.3733	78.3833	80.47	82.29	80.1033	80.7333	0098
 0	69.9993	58.8533	33.5933	85.6767	83.3333	88.54	84.6867	81.6633	0503
 0	70.0007	41.4067	38.5433	93.7533	89.06	87.24	84.8967	79.27	0620
 0	70.0007	50	39.0633	83.8567	89.3233	87.76	86.0433	80.8333	0263
 0	70.0507	55.7267	40.1033	83.07	86.98	84.3733	84.1633	81.1467	0324
 0	70.0527	57.5533	41.4067	85.4167	85.68	80.2067	83.5433	80.4167	0604
 0	70.3133	56.51	68.75	65.3667	80.9933	79.9467	80	79.48	0569
 0	70.3647	74.2167	72.1367	63.02	73.1767	69.2733	76.3533	82.19	0360
 0	70.5213	55.21	30.9933	91.1467	87.24	88.0167	86.8733	79.6867	0000
 0	70.5727	51.5633	37.24	92.4467	85.6767	85.9367	86.46	82.6033	0264
 0	70.5733	44.53	30.47	93.23	89.8467	94.79	89.5867	81.46	0418
 0	70.574	52.0833	35.6767	86.98	88.0233	90.1067	86.8767	77.3967	0858
 0	70.6247	59.3767	55.47	78.3833	79.9467	79.9467	82.71	80.94	0080
 0	70.7814	54.4267	48.9567	78.1267	87.5	84.8967	84.27	80.94	0894
 0	70.8327	53.1233	53.9067	82.0333	81.77	83.33	78.9567	81.98	0845
 0	71.0413	62.7567	67.1867	73.96	71.6133	79.69	78.4367	80.5167	0271
 0	71.354	61.4567	71.6133	74.22	78.9067	70.5733	73.3333	81.0433	0552
 0	71.4067	59.1133	61.46	76.3	80.73	79.43	82.3933	81.98	0138
 0	71.4587	41.6667	65.6233	80.99	85.94	83.0733	84.2733	80.4167	0580
 0	71.5107	75.78	74.2167	68.49	68.7533	70.3133	80	82.29	0008
 0	71.6147	51.5633	37.24	90.1033	88.54	90.6267	87.9133	83.23	0658
 0	71.666	58.5933	57.2933	80.4667	80.9867	80.99	81.04	82.5033	0870
 0	71.822	66.1433	60.1567	76.5633	77.3433	78.9033	80.73	78.2267	0405
 0	71.98	58.3333	55.47	78.3867	84.6367	83.0733	82.9167	81.46	0328
 0	72.0833	66.6667	72.3933	67.45	75.7833	78.1233	80.2067	80.1033	0420
 0	72.0834	49.4767	46.0967	86.7167	90.8867	87.24	85.8333	81.9767	0885
 0	72.2407	48.7	46.0967	85.16	89.32	91.9267	83.6433	80.5233	0808
 0	72.3453	52.6067	55.73	83.8567	82.03	87.5033	87.1867	81.4567	0402
 0	72.552	45.8333	57.0333	83.0733	86.1967	90.6233	85.8333	83.54	0068
 0	73.0213	62.5	61.46	76.04	80.47	84.6367	80.9367	81.0433	0759
 0	73.1773	61.1933	49.74	82.5533	86.2	86.2	86.25	82.1867	0874
 0	73.6993	69.5333	41.4067	88.0233	84.1167	85.4167	84.69	81.77	0124
 0	73.802	66.6667	58.0733	79.9467	82.2933	82.03	81.8733	80	0342
 64	34.6867	89.06	84.3733	0	0	0	16.77	79.5833	0761
 64	34.9487	86.46	88.2833	0	0	0	8.22667	81.3533	0403
 64	35.3653	90.8867	85.94	0	0	0	11.6667	82.19	0129
 64	35.416	87.76	89.32	0	0	0	11.56	81.6667	0612
 64	35.52	88.8	88.8	0	0	0	11.5633	79.0633	0382
 64	35.5727	88.5433	89.32	0	0	0	9.06	81.25	0939
 64	35.6767	89.8433	88.54	0	0	0	10.4167	80.7267	0584
 64	35.7287	89.5833	89.06	0	0	0	11.46	80.6233	0542
 64	35.7293	91.4067	86.46	0.78	0	0	16.6667	78.9533	0074
 64	35.8327	89.5833	89.58	0	0	0	8.96	79.48	0177
 64	36.0933	92.7067	85.94	1.82	0	0	18.1267	80.6267	0165
 64	36.1973	90.1033	90.8833	0	0	0	8.85667	79.8967	0184
 64	37.812	93.49	85.4167	8.33333	0.78	1.04	27.5	79.4767	0112
 64	39.166	88.28	81.25	16.4067	5.98667	3.90667	32.29	79.48	0089
 64	40.9893	27.3433	1.82333	45.31	75.52	54.95	65.94	59.1667	0379
 64	42.4467	86.4567	69.27	30.2067	16.1467	10.1533	43.54	77.81	0076
 64	43.4893	85.6767	68.49	31.25	20.05	11.98	45.4167	78.5433	0329
 64	50.4173	8.85333	3.38667	84.3767	86.46	69.01	71.3567	56.1433	0819
 64	50.8847	78.9067	58.33	48.6967	48.1767	20.3133	59.8967	78.0233	0387
 64	51.1473	71.8767	51.8233	56.51	48.18	27.3467	66.3533	77.8133	0565
 64	51.7194	86.72	73.1767	41.1467	41.4067	16.1467	54.8967	78.44	0038
 64	51.9267	76.5633	56.51	51.3	46.8767	28.3833	64.8967	81.0433	0679
 64	55.208	68.49	55.73	54.9467	60.9367	35.9367	69.7933	80.8333	0668
 64	56.0933	78.1233	58.8533	51.5633	54.4267	37.5	65.6267	83.6433	0780
 64	56.1467	76.8233	58.3367	54.95	52.6033	38.02	65.5233	77.29	0108
 64	57.3447	0.52	0	96.3567	98.96	90.8867	83.9567	58.2267	0656
 64	57.8633	71.8733	52.34	65.6233	52.3433	47.1367	71.25	79.27	0566
 64	57.9153	74.4767	54.69	59.6333	61.9767	38.8	71.25	79.27	0399
 64	58.592	62.24	37.4967	67.4467	76.56	49.2167	74.6867	80.9367	0277
 64	58.5927	75	71.0933	45.57	52.0833	49.2167	66.2467	80.9367	0309
 64	58.646	0	0	96.8767	99.74	96.6133	86.77	58.1233	0438
 64	58.6467	42.97	17.1867	87.7633	85.94	59.3733	82.6067	76.4567	0773
 64	58.7487	38.28	11.46	86.4567	89.06	68.4867	84.5867	76.98	0624
 64	59.166	74.4767	64.5833	54.6867	57.03	45.0533	66.1467	80.6233	0057
 64	59.3747	84.3733	48.6967	46.6133	62.2433	54.9467	61.3533	78.2267	0579
 64	59.3753	0	0	99.22	100	97.6567	86.2533	58.3333	0134
 64	59.6347	36.7167	12.5	86.1967	90.1033	72.6567	84.17	79.3733	0126
 64	59.636	0	0	99.74	100	98.44	87.1867	57.3967	0114
 64	59.688	0	0	98.96	100	99.48	86.6667	59.48	0272
 64	59.844	0	0	100	100	99.22	88.8533	55.94	0531
 64	59.8447	81.5133	63.8033	50.5233	61.1967	42.1867	69.6867	80.1033	0778
 64	59.896	0	0	100	100	99.48	87.9167	58.0233	0346
 64	59.896	2.86	0.26	98.44	99.48	98.44	90.73	81.04	0024
 64	59.948	0	0	100	100	99.74	87.9167	58.54	0025
 64	59.948	0	0	100	100	99.74	90.5233	57.3967	0167
 64	59.948	0	0	99.74	100	100	87.5033	59.1667	0058
 64	59.9993	3.90333	1.04	99.48	96.3533	99.22	90.52	78.8533	0308
 64	60	0	0	100	100	100	86.6667	57.8133	0016
 64	60	0	0	100	100	100	87.2933	58.6467	0128
 64	60	0	0	100	100	100	87.3933	59.1667	0762
 64	60	0	0	100	100	100	87.7067	56.88	0154
 64	60	0	0	100	100	100	87.9133	57.3933	0551
 64	60	0	0	100	100	100	88.02	56.2467	0763
 64	60	0	0	100	100	100	88.02	56.77	0323
 64	60	0	0	100	100	100	88.1267	54.48	0932
 64	60	0	0	100	100	100	88.44	55.7267	0004
 64	60	0	0	100	100	100	88.6433	60.6267	0598
 64	60	0	0	100	100	100	88.75	56.98	0597
 64	60	0	0	100	100	100	89.1633	55.1033	0804
 64	60	0	0	100	100	100	89.48	56.46	0370
 64	60	0	0	100	100	100	89.69	63.1233	0562
 64	60.0513	13.54	3.12333	95.3133	97.3967	90.8833	88.6467	77.08	0807
 64	60.2593	75.52	60.4133	57.81	58.3333	49.22	72.1867	78.1267	0092
 64	60.2607	46.3567	21.8733	89.0633	84.3733	59.6367	79.9967	81.25	0638
 64	60.26	73.4367	50.52	55.2067	59.8967	62.24	74.1667	79.9967	0506
 64	60.3127	2.86333	0.78	99.22	99.22	99.48	89.8967	80.2067	0899
 64	60.3127	9.37667	2.08	97.1367	97.6567	95.3133	90.21	79.5867	0160
 64	60.3133	4.68667	1.56	98.44	98.18	98.7	89.5833	79.3767	0436
 64	60.5747	6.77333	0.26	98.44	98.96	98.44	89.3767	81.8733	0251
 64	60.7307	7.03333	0.78	98.44	98.18	99.22	91.04	79.3767	0374
 64	60.7813	8.33667	1.56	97.1333	99.22	97.6567	88.02	79.48	0316
 64	60.782	18.23	4.17	95.5733	95.31	90.6267	86.8767	77.81	0869
 64	60.78	2.34	2.34	99.48	100	99.74	89.6867	78.8533	0774
 64	60.78	76.04	52.34	65.1033	68.23	42.1867	71.25	79.8967	0751
 64	60.834	5.99	0.78	98.44	99.48	99.48	91.56	80.73	0027
 64	60.938	7.29333	2.34333	99.22	97.3967	98.4367	90.52	80.9367	0660
 64	61.042	7.55333	1.04	99.22	97.9167	99.48	90.6267	83.44	0632
 64	61.0947	4.94667	3.90667	98.7	98.44	99.48	91.6667	78.6467	0085
 64	61.1973	1.82	8.33333	98.1767	99.74	97.9167	90.83	80.1067	0384
 64	61.198	12.24	2.60333	98.18	96.0933	96.8733	90	78.4367	0032
 64	61.1987	10.4167	3.90333	97.92	97.1367	96.6167	87.9167	79.79	0901
 64	61.1987	4.42667	5.99	97.1367	99.48	98.96	91.25	83.0233	0428
 64	61.2487	73.4367	69.27	50.26	61.7167	51.56	74.79	81.3533	0847
 64	61.25	28.1267	4.68667	93.23	94.01	86.1967	86.46	77.3933	0071
 64	61.302	9.11667	2.6	98.18	96.6133	100	89.1667	82.8167	0146
 64	61.3553	16.93	0.78	96.3533	97.4	95.3133	89.7933	81.46	0818
 64	61.356	11.72	1.3	97.92	97.92	97.92	90.21	79.9	0145
 64	61.4053	70.83	68.4933	56.2467	55.73	55.7267	71.4567	79.27	0062
 64	61.406	35.94	15.8833	89.8433	88.02	77.3433	82.6067	79.8967	0119
 64	61.4573	25.52	5.72667	92.1867	94.0133	89.84	88.6467	80.9367	0397
 64	61.458	70.0533	69.0133	62.7567	60.1533	45.3133	71.8733	81.3533	0175
 64	61.4593	19.01	6.25	96.0933	98.44	87.5033	89.1667	76.77	0524
 64	61.5127	16.93	4.43	97.4	95.8333	92.97	89.6867	77.6033	0908
 64	61.6153	17.1867	2.86333	95.8367	96.0933	96.0967	88.54	78.54	0915
 64	61.6673	12.24	6.50667	97.66	94.7933	97.1367	87.8133	79.1633	0006
 64	61.6673	6.25	5.98667	98.7	98.18	99.22	90.73	82.19	0037
 64	61.7187	12.76	1.56	98.96	96.3533	98.96	90.52	82.3933	0677
 64	61.72	13.5433	1.3	97.66	97.3967	98.7	89.4767	79.0633	0904
 64	61.77	27.6	11.72	93.75	94.79	80.99	88.4367	78.4367	0321
 64	61.772	8.59333	11.72	98.18	95.8333	94.5333	88.8567	81.1467	0594
 64	61.8247	9.63667	5.73	98.18	97.1367	98.44	90.21	80.4167	0127
 64	61.8753	5.20667	7.81	98.44	98.96	98.96	89.2667	82.0833	0039
 64	61.9267	16.6667	2.34333	96.09	98.7	95.8333	89.8933	81.3533	0919
 64	61.9273	14.58	2.34	97.66	98.44	96.6167	88.3333	79.06	0555
 64	61.928	74.22	76.5633	53.3867	47.4	58.07	71.4567	80.2067	0336
 64	61.9793	10.4167	8.85333	95.8333	95.8333	98.96	90.8333	82.1867	0322
 64	61.9794	14.06	4.16667	96.8767	97.3967	97.3967	89.5867	80.52	0050
 64	61.98	11.72	2.08	98.7	98.96	98.44	92.3933	80.8333	0097
 64	61.98	12.76	3.90667	96.8767	98.1767	98.18	89.6867	81.56	0789
 64	62.2907	66.1433	60.6767	58.5933	63.28	62.76	72.6033	80.73	0618
 64	62.2913	72.3933	76.04	57.0333	52.8667	53.1233	68.1233	79.1667	0011
 64	62.344	16.1467	4.16333	97.1367	96.8767	97.3967	89.8967	80.8333	0093
 64	62.3447	14.32	4.16667	97.3967	97.66	98.18	89.5833	81.5633	0906
 64	62.396	39.0633	9.89667	88.28	91.1467	83.5933	85.2067	78.96	0394
 64	62.3967	19.0133	4.42667	96.3567	95.8333	96.3533	87.2933	78.6467	0183
 64	62.448	56.51	33.5933	78.9067	81.2467	61.9833	77.0833	77.0833	0806
 64	62.4993	31.2467	7.81333	94.79	92.9667	85.68	88.02	81.1467	0609
 64	62.5007	17.1867	4.42667	96.8767	95.5733	98.44	89.3767	80.73	0649
 64	62.5527	8.85333	5.99	99.22	99.22	99.48	91.56	79.5833	0315
 64	62.5533	11.72	7.03333	97.6567	97.9167	98.44	88.1267	79.5833	0311
 64	62.656	20.3133	2.34	96.8767	99.48	94.27	89.1667	78.4367	0273
 64	62.7607	75	78.9033	53.3867	55.21	51.3033	70.94	79.3733	0607
 64	62.7613	22.3967	5.47	95.31	96.6167	94.0133	89.2733	78.5433	0381
 64	62.8133	13.28	8.07333	96.8733	97.92	97.92	89.79	80.3133	0772
 64	62.8647	30.99	8.07333	92.1867	94.7933	88.28	87.9167	78.6433	0118
 64	62.9167	26.04	9.37667	94.53	96.0967	88.54	88.75	79.8967	0104
 64	62.9173	23.4367	3.64667	96.3567	95.0533	96.0933	88.1267	82.0833	0525
 64	62.9693	14.8433	8.85667	97.6567	96.3533	97.1367	90.21	79.1667	0840
 64	62.9694	22.3967	3.90667	96.6167	95.05	96.8767	87.9167	80.9367	0543
 64	63.0213	14.32	13.8	95.5767	95.3167	96.0933	88.3333	80.6267	0091
 64	63.0733	25.52	14.0633	90.6267	94.7933	90.3633	85.73	78.7533	0628
 64	63.1767	15.1033	17.7067	93.49	97.1367	92.4467	88.9567	79.4767	0871
 64	63.1787	16.4067	6.77	97.92	96.8767	97.92	88.6467	80.8333	0816
 64	63.2287	43.7467	21.8733	85.6767	86.98	77.8667	83.3333	81.7667	0776
 64	63.23	36.72	57.29	71.6167	74.22	76.3033	78.9567	79.8967	0137
 64	63.2807	27.34	14.0633	92.7067	91.1467	91.1467	88.8567	80.3133	0415
 64	63.2807	7.55	13.02	98.1767	98.4367	99.22	90.83	80.31	0033
 64	63.282	11.7167	13.0233	98.18	95.31	98.18	88.96	80.83	0848
 64	63.282	22.6567	2.60333	98.18	95.8333	97.1367	89.6867	82.3967	0319
 64	63.3333	9.63333	12.2367	98.18	97.6567	98.96	91.04	82.0833	0833
 64	63.384	23.4367	4.68333	97.9167	94.27	96.6133	88.1233	80.1067	0180
 64	63.3847	35.6733	16.1467	89.8433	93.75	81.51	86.6667	77.7067	0390
 64	63.3853	20.8333	4.94667	97.1367	96.09	97.92	89.6867	81.9767	0647
 64	63.386	15.8867	14.8433	94.5333	95.5733	96.0933	89.5867	80.7267	0556
 64	63.386	18.49	2.08	98.96	98.44	98.96	88.75	81.15	0666
 64	63.4893	49.7367	23.96	88.28	85.1567	70.3133	85	75.8333	0132
 64	63.49	7.81	16.1467	97.9167	97.3967	98.18	91.3533	82.19	0250
 64	63.5427	19.53	7.29333	96.0933	96.0967	98.7	90.21	82.5	0034
 64	63.5933	32.8133	12.5	94.53	91.9267	86.1967	87.0833	79.0633	0589
 64	63.5947	17.9667	4.42667	98.7	97.92	98.96	90	82.8133	0859
 64	63.6453	24.74	5.46667	95.31	95.0533	97.6567	86.77	80.6267	0834
 64	63.6987	14.3233	12.5	98.18	95.8333	97.6567	89.69	80.9367	0105
 64	63.6993	5.47	21.0933	97.92	95.8333	98.18	89.6867	80	0645
 64	63.7507	20.8333	8.85333	98.44	94.27	96.3567	90.6267	81.25	0430
 64	63.7507	23.96	15.1067	93.75	93.23	92.7067	89.6867	78.4367	0775
 64	63.8033	17.19	8.07333	98.44	96.3533	98.96	90.21	80.21	0857
 64	63.856	15.3667	8.33333	98.7	97.66	99.22	90.52	82.9167	0064
 64	63.9587	6.25	22.3967	96.3533	95.8333	98.96	89.3733	80.73	0642
 64	63.96	26.3033	7.81333	96.0933	93.7533	95.8367	88.7533	82.0833	0922
 64	64.062	34.8967	10.1533	91.1433	90.6233	93.4933	89.0633	79.4767	0875
 64	64.0627	67.97	77.8667	57.55	55.7267	61.2	74.27	79.7933	0792
 64	64.0634	67.1867	58.3367	66.4067	62.5	65.8867	73.23	80.0033	0259
 64	64.114	27.6033	26.3	91.9267	89.3233	85.4167	86.46	78.2333	0260
 64	64.1147	26.3033	9.37667	95.3133	94.53	95.05	86.4567	81.8733	0826
 64	64.166	64.0633	67.4467	60.4167	63.54	65.3633	74.2733	80.73	0095
 64	64.2187	13.8033	20.8333	96.8767	94.53	95.05	86.98	81.3533	0313
 64	64.2693	56.25	34.8933	82.29	78.6433	69.27	81.46	77.0867	0174
 64	64.2694	28.6467	18.4867	92.9667	93.23	88.0167	87.0833	79.69	0532
 64	64.2713	32.5533	11.2	90.6233	92.9667	94.0133	88.54	79.79	0012
 64	64.2714	12.4967	16.9267	97.1367	97.1367	97.66	89.48	81.8767	0802
 64	64.27	29.1633	13.02	92.7067	95.8367	90.6233	87.2933	80.8333	0831
 64	64.27	69.27	74.74	60.9367	59.3733	57.03	72.3933	80.21	0784
 64	64.3233	77.0833	50.7833	61.98	71.0933	60.6767	72.7067	82.5	0106
 64	64.3753	35.68	11.98	92.9667	91.1467	90.1033	87.6067	77.81	0827
 64	64.428	23.1767	9.89667	94.7933	95.5733	98.7	89.6867	78.54	0599
 64	64.478	33.59	16.9267	90.1067	91.1433	90.6233	85.6233	81.46	0310
 64	64.4787	36.98	16.4033	93.75	91.9267	83.3333	86.4567	80.2067	0063
 64	64.5313	29.6867	16.6667	90.8833	94.0133	91.4067	88.0233	81.8733	0009
 64	64.5313	63.2833	39.0633	76.8233	75.78	67.7067	78.75	80.1033	0022
 64	64.688	19.53	15.8867	95.3133	95.3133	97.3967	89.48	81.25	0757
 64	64.688	6.24667	23.1767	98.7	97.1367	98.18	88.75	78.3367	0433
 64	64.6893	22.1367	11.2	98.18	94.53	97.4	89.48	79.8933	0325
 64	64.7393	23.4367	14.5833	94.79	94.5333	96.3533	89.2733	81.7733	0923
 64	64.7407	22.6567	11.46	96.8767	94.53	98.18	88.8567	80.6267	0169
 64	64.74	29.1633	9.63667	96.6167	93.49	94.7933	90.1033	79.06	0391
 64	64.74	54.6867	22.3967	86.72	83.5933	76.3033	81.5633	79.6867	0851
 64	64.7927	19.27	17.1867	94.0133	95.8333	97.66	88.7467	80.2067	0373
 64	64.7927	19.79	12.5033	98.44	95.05	98.18	89.48	78.9567	0898
 64	64.8433	28.3833	11.1967	94.79	92.97	96.8767	88.8533	81.56	0256
 64	64.844	30.4667	2.86333	97.1367	97.1367	96.6167	88.4367	80.1067	0501
 64	64.8973	73.7	77.6067	54.1667	58.5933	60.42	76.1467	81.25	0627
 64	64.9493	28.3833	8.85667	95.3133	95.3133	96.88	88.6433	82.1867	0413
 64	64.9993	50.78	29.6867	82.8133	83.5933	78.1233	82.9133	81.3567	0593
 64	65.0513	19.53	17.7067	94.79	97.1367	96.0933	88.23	82.2933	0318
 64	65.0513	22.1333	14.0633	96.6133	95.57	96.8767	90.21	79.3733	0147
 64	65.0527	24.48	17.45	95.8333	94.7933	92.7067	89.79	78.96	0535
 64	65.0533	19.79	14.5833	97.66	96.0967	97.1367	89.6867	78.2267	0444
 64	65.104	43.75	23.6967	86.46	89.8433	81.77	87.71	79.06	0530
 64	65.1553	68.7467	61.4567	64.0633	68.23	63.28	79.6833	81.8733	0890
 64	65.156	36.7167	12.24	93.49	92.7067	90.6267	88.12	77.9167	0100
 64	65.1567	28.9033	13.8033	95.5767	94.5333	92.9667	88.5467	81.8767	0287
 64	65.1573	29.1667	12.5	96.3567	94.2733	93.49	88.5433	83.6467	0513
 64	65.3126	75.7833	65.6233	62.24	65.3633	57.5533	71.6633	81.4567	0440
 64	65.3133	34.1167	9.37333	95.3133	92.45	95.3133	87.6067	80.83	0367
 64	65.3633	31.7667	14.0633	92.4467	92.7067	95.8333	88.54	80	0427
 64	65.3647	72.1333	72.6567	56.25	67.19	58.5933	74.27	82.81	0522
 64	65.52	39.3233	18.2267	89.5833	92.4467	88.02	86.3533	79.3767	0408
 64	65.5727	41.6633	29.17	84.8967	83.5933	88.54	85.8333	80.8333	0047
 64	65.5747	22.1367	11.46	97.9167	97.66	98.7	90.52	81.77	0809
 64	65.6233	13.8	24.2167	98.1767	96.8733	95.05	87.5033	79.48	0054
 64	65.6247	26.04	18.23	93.4867	93.75	96.6167	87.1867	79.6867	0754
 64	65.6253	33.5933	14.8433	95.3133	92.1867	92.19	86.5633	81.3533	0880
 64	65.6767	24.22	27.3433	93.49	90.8833	92.4467	86.25	81.25	0040
 64	65.7293	17.71	21.8733	94.7933	96.8733	97.3967	88.4367	82.9167	0788
 64	65.73	41.93	22.1367	87.24	90.8833	86.46	85.73	78.02	0258
 64	65.73	69.01	47.92	66.1467	77.6033	67.97	75.3133	79.5833	0886
 64	65.7827	24.74	13.02	97.1367	96.6167	97.4	88.4367	82.8133	0343
 64	65.834	58.8533	53.6467	64.5833	78.9067	73.18	78.6467	81.6667	0363
 64	65.8853	30.7267	15.6267	95.5733	93.49	94.01	87.6033	81.04	0051
 64	65.886	16.1467	32.5533	94.27	93.2333	93.2267	86.6667	81.1467	0812
 64	65.9366	20.31	21.0933	95.5733	96.3533	96.3533	89.48	80.52	0887
 64	65.9387	27.0867	12.5	96.8767	96.8767	96.3533	87.1867	81.1467	0553
 64	65.9893	43.75	18.23	90.3633	90.6233	86.98	88.02	80.1067	0358
 64	66.0414	36.1967	7.29	97.1367	91.9267	97.6567	90.2067	80.73	0314
 64	66.042	36.72	23.1767	86.98	90.3633	92.97	87.1867	81.8767	0600
 64	66.094	37.76	8.07333	94.01	93.75	96.8767	89.06	79.5833	0578
 64	66.0947	72.9167	71.6167	59.8967	70.5733	55.47	75.3133	80.6233	0561
 64	66.0947	75.7833	79.1667	58.8567	57.0333	59.6333	72.29	79.06	0015
 64	66.1453	45.3133	24.48	86.7167	88.02	86.1967	86.8767	81.77	0521
 64	66.1454	74.22	74.4767	60.4167	66.6667	54.9467	72.3933	81.0467	0798
 64	66.146	15.1067	30.9867	94.01	96.3567	94.27	88.6433	81.98	0293
 64	66.1973	36.4567	25	90.1033	90.1067	89.32	85.6233	79.2733	0121
 64	66.2494	2.34	40.6267	97.3967	97.6567	93.2267	87.92	77.9167	0410
 64	66.2507	28.9067	9.89667	96.3533	97.3967	98.7	89.69	80.8333	0928
 64	66.25	84.3767	70.3133	55.7267	66.4067	54.4267	74.69	82.81	0672
 64	66.3007	43.2267	28.1233	89.0633	89.06	82.03	86.04	79.27	0934
 64	66.354	31.25	15.8833	94.01	94.01	96.6167	88.54	80.52	0443
 64	66.3547	36.2	17.1867	91.4067	90.1033	96.8767	87.29	79.6867	0911
 64	66.3547	77.6067	75.26	59.1133	61.2	58.5933	72.5	78.9567	0281
 64	66.354	78.3833	66.9267	55.21	62.5	68.75	72.1867	80.5233	0173
 64	66.4587	35.1567	15.1033	95.8367	91.4067	94.79	88.96	79.38	0331
 64	66.4593	60.1567	50.2633	76.8233	74.74	70.3133	79.48	81.3567	0771
 64	66.5613	38.54	14.8433	91.1433	95.05	93.23	85.9367	77.19	0935
 64	66.614	52.34	38.54	76.5633	84.1167	81.51	81.98	80.9367	0279
 64	66.6153	17.4467	25.7833	96.6167	95.8333	97.3967	89.27	81.8767	0262
 64	66.7193	31.25	19.79	95.8333	94.2733	92.45	89.2733	80.1	0416
 64	66.8213	21.0933	26.3	93.7467	97.3967	95.57	89.48	81.25	0866
 64	66.8233	63.5433	50.52	72.9167	73.44	73.6967	82.1867	80.21	0822
 64	66.8234	35.6767	14.3267	95.05	92.1867	96.8767	89.3767	79.7933	0326
 64	66.8747	22.1333	30.99	93.23	94.27	93.75	87.2933	80.9367	0395
 64	66.9787	66.9267	61.46	63.8	72.3967	70.31	78.4367	78.3333	0168
 64	67.0307	31.77	16.9267	94.27	94.27	97.9167	89.69	78.96	0288
 64	67.084	46.0967	10.4167	92.19	94.01	92.7067	86.8733	82.6067	0369
 64	67.1347	59.6367	65.6233	61.1967	76.8233	72.3933	76.8733	79.8967	0340
 64	67.1867	31.25	25.52	92.4467	90.8833	95.8333	87.6033	81.25	0437
 64	67.188	73.7	71.0933	60.6767	66.4067	64.0633	77.5	82.0867	0664
 64	67.2393	46.8733	26.5633	88.8033	88.02	85.9367	87.2933	78.7467	0426
 64	67.24	76.3033	55.73	67.7067	72.3967	64.0633	77.4967	80.1033	0377
 64	67.2933	46.3533	33.8567	85.94	84.3767	85.94	84.5833	78.23	0504
 64	67.3427	45.05	14.06	92.97	89.8433	94.79	88.75	80.2067	0674
 64	67.3947	35.9333	16.9267	93.75	94.79	95.5733	87.5	82.29	0029
 64	67.3967	27.8667	36.98	87.5	93.4933	91.1433	85.2067	78.8533	0791
 64	67.4473	39.84	16.9267	95.0567	91.9233	93.49	88.33	79.0633	0115
 64	67.4487	32.0333	38.54	83.0733	89.3267	94.27	83.0233	80.9367	0611
 64	67.5007	78.1267	76.3033	58.5933	58.5933	65.8867	75.7267	80.73	0567
 64	67.5513	59.6333	60.1567	68.49	77.08	72.3967	79.1633	80.9367	0267
 64	67.5	60.6767	41.6667	79.4267	79.69	76.04	84.48	80.8333	0768
 64	67.6027	44.7933	48.9567	77.08	82.29	84.8933	80.9367	81.8767	0636
 64	67.6033	21.3533	34.3733	94.01	94.01	94.27	88.3333	81.8767	0633
 64	67.656	41.6667	32.8133	84.1133	87.4967	92.19	87.9167	81.1433	0269
 64	67.7593	66.9267	40.6233	79.4267	77.8633	73.9567	82.4967	83.7533	0312
 64	67.7607	75.26	64.5833	65.6267	65.8833	67.45	77.71	78.8567	0861
 64	67.812	38.02	28.1233	94.01	89.3233	89.5833	87.9167	82.2933	0592
 64	67.8653	54.43	56.77	77.8667	74.48	75.78	80.3167	78.44	0783
 64	67.9693	50	34.3767	84.6367	83.3333	87.5	83.7467	80.3133	0811
 64	68.0733	69.53	74.74	67.9667	67.45	60.68	74.4767	84.58	0841
 64	68.2813	43.75	57.2933	85.9367	60.9367	93.49	86.8767	78.8533	0036
 64	68.2813	82.5533	67.97	49.48	80.2067	61.1967	74.0633	82.8133	0669
 64	68.282	39.5867	30.73	89.0633	92.7067	89.3233	87.2933	80.8333	0061
 64	68.3327	11.7167	46.8733	94.5333	93.75	94.79	89.7933	83.1267	0362
 64	68.4373	61.98	60.6767	68.75	75.52	75.26	77.3967	80.2067	0914
 64	68.4893	44.7933	29.6867	86.4567	94.01	87.5	84.79	80.7267	0810
 64	68.594	37.24	38.28	92.1867	87.7633	87.5	85.73	79.27	0349
 64	68.594	49.2167	55.2067	78.9067	77.3467	82.2933	84.3767	82.2933	0301
 64	68.5947	74.48	75.26	49.2167	68.4933	75.5233	76.1467	78.8533	0053
 64	68.6973	38.28	32.55	91.4067	90.1033	91.1467	87.29	81.56	0181
 64	68.8027	34.8967	31.7733	90.8833	93.23	93.23	85.83	76.5633	0385
 64	68.8533	66.1433	38.8033	76.56	80.4667	82.2933	82.5	77.92	0675
 64	68.9067	44.01	29.1667	86.98	93.23	91.1467	88.2267	81.6667	0586
 64	68.958	35.1567	27.6033	90.1033	95.8333	96.0933	87.4967	81.25	0519
 64	69.0113	43.23	32.0333	92.7067	89.0633	88.0233	85.31	78.9567	0518
 64	69.062	45.3133	36.4567	89.06	85.94	88.54	84.8967	78.9567	0896
 64	69.114	51.56	38.8	83.3333	88.02	83.8567	85.8333	78.9567	0560
 64	69.218	33.8533	33.3333	92.9667	95.5733	90.3633	88.1233	80.4167	0648
 64	69.2187	52.0833	48.1767	83.3333	86.4567	76.0433	80.83	81.8733	0577
 64	69.3233	24.48	72.3967	83.5933	86.98	79.1667	84.0633	82.0833	0330
 64	69.3733	67.7067	50.2567	72.6567	77.8633	78.3833	81.1433	81.35	0912
 64	69.4274	62.5	66.4067	65.8867	74.9967	77.3467	75.7333	81.98	0143
 64	69.4274	69.53	59.3767	73.4367	73.1767	71.6167	78.6467	78.75	0073
 64	69.4793	50.52	38.54	84.6367	86.98	86.72	85.9367	82.0867	0540
 64	69.5827	60.6767	33.0733	84.3733	84.3733	85.4167	84.0633	78.8533	0049
 64	69.6354	38.28	34.1167	92.7067	92.9667	90.1067	86.56	81.1467	0043
 64	69.636	64.3233	46.3567	77.0833	80.47	79.9467	83.65	80.4167	0086
 64	69.7393	23.96	40.6267	95.83	94.01	94.27	86.25	80	0139
 64	69.8967	29.6867	43.4933	89.8433	91.4067	95.0533	85.2067	83.1233	0621
 64	70.1033	61.46	43.7467	85.1567	78.9033	81.25	81.15	81.8733	0842
 64	70.104	57.2933	57.03	76.0433	82.8133	77.34	80.5233	81.7733	0176
 64	70.1546	41.1433	33.5933	94.79	90.3633	90.8833	86.6667	82.2933	0549
 64	70.208	35.94	39.06	89.8433	91.9267	94.27	87.3967	79.1667	0334
 64	70.3127	49.2167	54.9467	83.0767	80.7267	83.5967	83.8533	80.3133	0419
 64	70.4167	52.8667	41.1467	83.33	89.8433	84.8967	83.6467	81.7733	0646
 64	70.4173	40.6267	42.4467	92.19	88.0233	88.8	84.06	80.4133	0407
 64	70.4687	69.27	64.3233	69.27	73.1767	76.3033	79.6867	82.1867	0606
 64	70.4693	47.9167	35.9367	88.02	91.41	89.0633	86.04	78.2267	0644
 64	70.5207	69.0067	69.53	69.5333	76.5633	67.97	78.0233	82.29	0545
 64	70.5727	22.6533	44.79	93.49	94.01	97.92	87.8133	84.1633	0637
 64	70.6247	72.92	64.8433	71.0933	74.2167	70.05	78.75	82.3967	0376
 64	70.7287	75.26	72.6567	67.4467	75.78	62.5	78.96	80.6267	0048
 64	70	77.6033	65.1033	68.75	77.3467	61.1967	74.9967	78.1233	0795
 64	70.7813	47.1367	35.1567	90.1033	91.1467	90.3633	86.46	80	0045
 64	70.7813	50.7833	36.7167	88.28	87.76	90.3667	88.54	80.21	0254
 64	70.8347	45.3133	43.7533	86.46	88.02	90.6267	84.3733	79.5833	0903
 64	70.8853	46.0933	45.5733	87.24	88.54	86.98	83.75	82.0833	0284
 64	70.886	52.8633	53.9067	79.95	84.3767	83.3333	84.0633	81.46	0613
 64	70.8867	65.8867	51.0433	78.65	80.47	78.3833	80.9367	76.6667	0434
 64	71.0413	59.8967	63.54	73.96	84.8967	72.9133	79.3733	78.4367	0924
 64	71.0413	72.6533	70.31	68.75	67.71	75.7833	80	80.0033	0286
 64	71.042	56.25	39.3233	90.3633	82.5533	86.72	84.6867	80.73	0120
 64	71.0427	50.5233	52.6067	83.5933	84.3767	84.1133	83.6433	80.9367	0017
 64	71.0427	62.5033	66.6667	70.0533	76.3	79.69	79.79	81.8767	0406
 64	71.0427	68.23	67.71	69.7933	77.6033	71.8767	78.4367	81.1467	0511
 64	71.0927	52.3433	63.02	81.5067	80.99	77.6033	82.0867	78.9567	0610
 64	71.4067	53.6467	51.3033	79.6867	85.94	86.4567	82.0833	83.23	0663
 64	71.4073	60.1567	44.0133	80.47	88.28	84.1167	85.1067	80.9367	0860
 64	71.408	41.1467	54.69	88.02	88.0233	85.16	85	82.5033	0345
 64	71.5106	51.8233	54.17	76.8233	89.5833	85.1533	84.69	82.5	0756
 64	71.5607	62.2367	55.7267	77.8633	79.9467	82.03	83.44	79.8967	0547
 64	71.7193	46.3533	46.3567	88.5433	89.06	88.2833	84.48	80.31	0276
 64	71.7693	48.1733	53.9033	86.98	88.54	81.25	85.2067	80.21	0082
 64	71.7707	78.3833	76.8233	56.25	74.48	72.9167	75.3133	86.3567	0828
 64	71.874	49.2167	74.74	76.8233	80.7267	77.8633	81.04	82.29	0931
 64	71.8753	36.46	61.72	81.51	88.8033	90.8833	85.1033	81.0433	0072
 64	71.8754	40.6267	35.68	93.2267	93.4867	96.3567	87.3967	81.04	0365
 64	71.9793	56.5133	50	83.33	85.1567	84.8967	84.0633	81.0433	0339
 64	71.98	73.7	77.0833	63.8033	75	70.3133	76.3567	78.4367	0389
 64	72.082	60.1567	71.8733	74.4767	79.6867	74.2167	79.3733	80.6267	0153
 64	72.136	49.7433	59.3767	85.1533	85.16	81.2467	83.5433	81.8767	0657
 64	72.24	72.1367	73.9567	67.4467	68.49	79.17	78.3367	81.3567	0299
 64	72.2907	32.29	42.9667	96.3533	94.79	95.0533	88.4367	79.9	0787
 64	72.3433	70.57	82.0333	68.7467	69.2733	71.0933	78.0233	80.8333	0653
 64	72.3953	48.1767	47.1333	88.8033	89.06	88.8033	85.9367	82.71	0144
 64	72.396	44.2733	61.7167	79.1667	89.5833	87.24	84.27	82.2933	0803
 64	72.6567	68.49	59.8967	83.0733	78.1233	73.7	83.54	82.29	0116
 64	72.6573	71.0967	72.6567	67.71	77.8633	73.96	79.6867	82.71	0515
 64	72.7607	71.0967	67.71	77.6033	79.9467	67.4467	82.3967	80.73	0797
 64	72.8127	64.8467	60.1533	75.0033	81.2467	82.8133	82.81	79.8967	0550
 64	72.8633	45.31	44.27	90.3667	91.6633	92.7067	88.75	80.3133	0659
 64	72.864	34.8967	43.4867	94.53	94.2667	97.14	86.8767	81.6667	0429
 64	72.918	46.0967	47.9167	90.8867	88.5433	91.1467	85.4167	83.1233	0280
 64	73.0733	71.3567	68.23	69.01	78.6467	78.1233	81.56	82.9133	0412
 64	73.1773	51.82	57.29	83.5967	90.3667	82.8133	86.6667	78.75	0905
 64	73.1773	72.9167	79.1667	70.0533	70.3133	73.4367	80.8333	82.2933	0920
 64	73.4907	65.8867	68.23	75.7833	73.4367	84.1167	80.4167	82.6	0252
 64	73.49	55.73	51.04	88.5433	82.5533	89.5833	87.19	81.56	0559
 64	73.5427	78.6467	65.8867	67.71	79.69	75.78	80.73	82.4967	0572
 64	73.594	51.5633	69.7933	77.08	83.8533	85.68	83.44	83.4367	0388
 64	73.6973	60.4167	58.5933	82.29	84.3733	82.8133	85.83	79.27	0113
 64	73.698	58.8533	49.4833	87.76	84.6367	87.7567	87.9167	81.67	0897
 64	73.8527	54.4267	55.4667	89.58	83.3333	86.4567	86.77	81.6667	0013
 64	73.8533	46.6167	73.6967	78.6433	84.8933	85.4167	81.8767	81.46	0590
 64	73.9593	65.1033	56.2533	81.51	81.7733	85.1567	85.52	78.9567	0634
 64	74.1153	56.51	54.4267	86.98	82.2933	90.3667	84.8967	83.1233	0629
 64	74.2693	68.7467	68.23	76.3	82.29	75.78	81.1467	81.6667	0758
 64	74.4253	52.6033	45.31	90.3633	90.6233	93.2267	85.7267	80.8333	0512
 64	74.636	67.97	68.23	73.4367	80.99	82.5533	81.9767	80.9367	0005
 64	74.6873	54.6867	64.3233	86.1967	85.1567	83.0733	84.3733	80.9367	0541
 64	74.6873	69.79	58.5933	77.0833	81.25	86.72	85.6233	81.0433	0603
 64	74.7913	63.28	59.3767	82.2933	84.8933	84.1133	83.5433	82.8133	0283
 64	74.8953	76.04	73.9567	64.5833	84.8967	75	81.0433	80.1033	0568
 64	74.9487	63.54	66.6667	82.0333	81.5133	80.99	83.8533	81.4567	0030
 64	74.9987	63.8033	57.2867	85.4167	86.4567	82.03	82.3933	80.7267	0303
 64	75.156	65.3633	60.9367	83.8567	84.3733	81.25	80.9367	79.4767	0767
 64	75.1573	54.1667	54.4267	87.5033	88.2833	91.4067	85.21	80.52	0582
 64	75.416	66.1467	67.7067	82.29	81.77	79.1667	85	81.35	0135
 64	75.4167	73.96	69.53	77.08	74.74	81.7733	80.7267	82.4967	0305
 64	75.4687	59.3733	73.6967	79.4267	82.8133	82.0333	82.6033	81.4567	0823
 64	75.572	52.6033	50.26	93.49	92.4467	89.06	85.8333	80.8333	0052
 64	75.574	76.8233	71.0967	70.5733	81.51	77.8667	78.3333	80.52	0166
 64	75.7807	83.8533	69.01	70.05	79.6867	76.3033	79.9967	77.71	0534
 64	75.9374	53.6467	66.6667	86.1967	86.2	86.9767	85.21	81.56	0930
 64	76.146	43.75	75	84.3733	90.8867	86.72	84.0633	79.3733	0021
 64	76.4587	64.8433	62.5	83.8567	84.3733	86.72	84.5833	81.46	0285
 64	76.5633	70.3133	68.23	79.6867	77.8667	86.72	82.0833	84.8967	0131
 64	76.6153	65.8833	53.3867	86.72	88.5433	88.5433	84.69	80.3133	0671
 64	77.0833	66.1467	62.24	86.2	80.99	89.84	85.8333	79.79	0065
 64	77.4473	64.8433	56.25	89.8433	87.5	88.8	86.46	81.77	0770
 64	77.864	77.8633	71.3533	76.3	85.1567	78.6467	80.9367	81.3567	0151
 64	78.02	58.07	80.47	74.74	86.7167	90.1033	82.9167	79.4767	0364
 64	78.074	68.49	50	85.4167	92.45	94.0133	87.3967	81.3533	0900
 64	78.4373	71.3567	65.3633	86.9767	82.0333	86.4567	84.2667	80.1067	0910
 64	78.9053	52.3433	71.8767	85.4167	90.1	94.79	85.4167	80.3133	0765
