K	ADVFM_AVG	ADVFM_NEW-OLD	ADVFM_behind	ADVFM_in	ADVFM_near	ADVFM_on	ADVFM_under	FM	FMS	PT	SYNTH	ID
0	25.564	42.61	57.51	0.0	16.42	0.0	53.89	88.97	88.38	57.36	57.81	0769
0	23.052	38.42	26.22	0.0	60.08	0.0	28.96	88.01	87.86	58.42	48.44	0508
0	20.382	33.97	42.66	0.0	5.51	0.0	53.74	88.16	88.21	58.7	34.38	0036
64	28.594	26.48	25.41	0.0	58.35	25.41	33.8	86.86	89.37	71.57	67.19	0524
64	25.126	41.88	26.19	0.0	30.31	0.0	69.13	88.85	88.42	58.84	53.12	0557
0	36.17	-37.44	16.47	46.32	9.35	70.95	37.76	70.03	86.79	84.3	70.31	0026
0	25.376	42.29	47.17	0.0	28.9	0.0	50.81	88.11	88.26	57.92	39.06	0061
64	38.894	-4.39	15.98	35.32	31.06	47.74	64.37	84.25	86.29	70.31	65.62	0250
0	23.05	38.42	72.65	0.0	17.45	0.0	25.15	88.47	88.56	58.48	50.0	0054
64	44.618	-19.44	56.0	62.81	34.58	49.76	19.94	85.09	81.98	67.6	64.06	0024
64	35.736	-89.34	0.0	88.65	0.0	90.03	0.0	5.88	6.09	68.27	54.69	0574
64	37.068	-7.96	49.21	61.29	15.78	22.4	36.66	85.44	91.05	82.29	84.38	0275
64	21.674	36.12	81.06	0.0	11.4	0.0	15.91	88.62	88.74	66.87	65.62	0310
64	25.072	41.79	35.8	0.0	29.44	0.0	60.12	88.9	88.59	58.62	37.5	0533
64	22.488	28.96	4.86	0.7	88.11	9.53	9.24	86.2	87.19	67.99	68.75	0796
64	40.474	-8.8	41.53	43.74	40.52	47.77	28.81	85.11	84.99	70.79	56.25	0073
0	20.44	34.07	48.4	0.0	45.81	0.0	7.99	88.75	88.87	58.62	40.62	0285
0	22.036	36.73	51.6	0.0	14.96	0.0	43.62	88.47	88.44	57.97	45.31	0288
64	51.112	-38.72	20.73	70.06	22.58	78.63	63.56	81.62	90.03	83.49	68.75	0033
0	23.834	39.72	54.45	0.0	26.74	0.0	37.98	88.97	88.71	58.98	45.31	0272
0	21.434	35.72	81.03	0.0	8.91	0.0	17.23	88.66	88.64	56.32	46.88	0031
64	39.486	-5.45	46.18	36.37	35.39	49.14	30.35	84.41	82.35	67.07	57.81	0261
0	25.634	27.23	39.74	8.19	30.9	10.41	38.93	85.68	83.24	67.4	64.06	0761
0	21.552	35.92	65.01	0.0	4.92	0.0	37.83	88.9	88.94	58.84	57.81	0779
64	19.978	33.3	75.96	0.0	1.13	0.0	22.8	88.75	88.77	58.28	40.62	0768
64	44.654	-23.07	32.95	41.52	39.17	75.47	34.16	83.11	80.37	69.53	60.94	0500
0	20.426	34.05	91.55	0.0	3.62	0.0	6.96	88.52	88.19	58.59	42.19	0804
64	34.548	12.07	9.64	17.43	45.0	37.18	63.49	86.67	87.45	69.67	70.31	0042
0	22.834	38.06	47.24	0.0	34.31	0.0	32.62	88.51	88.92	57.36	42.19	0023
64	24.026	40.04	55.97	0.0	22.96	0.0	41.2	88.14	88.38	58.2	45.31	0280
64	23.466	39.11	71.56	0.0	17.4	0.0	28.37	88.89	88.26	58.48	56.25	0752
0	27.28	31.84	20.49	0.35	14.37	16.0	85.19	86.94	87.57	68.91	76.56	0824
64	19.994	33.32	54.59	0.0	14.59	0.0	30.79	88.23	88.51	57.44	46.88	0317
0	42.824	-71.24	26.5	85.15	6.0	85.99	10.48	49.06	73.88	81.84	73.44	0767
0	40.198	-31.82	21.68	42.34	39.76	76.24	20.97	62.52	76.19	69.89	59.38	0043
64	24.084	40.14	34.07	0.0	36.79	0.0	49.56	88.74	88.59	57.58	57.81	0074
64	29.676	12.9	21.72	10.99	53.32	32.88	29.47	86.48	87.38	68.16	71.88	0777
0	20.458	34.1	98.52	0.0	3.62	0.0	0.15	86.87	86.66	58.39	35.94	0528
64	24.25	36.23	53.61	4.33	17.45	0.7	45.16	87.86	87.35	67.04	67.19	0782
64	20.194	33.66	68.32	0.0	3.62	0.0	29.03	89.27	89.17	58.23	57.81	0512
0	24.766	41.28	65.51	0.0	9.35	0.0	48.97	88.94	88.95	58.09	56.25	0757
64	23.614	37.73	16.51	0.0	17.5	1.95	82.11	88.24	90.09	75.35	76.56	0808
64	48.38	-18.67	52.24	68.89	37.87	50.28	32.62	80.85	87.04	69.92	65.62	0018
0	22.714	37.86	44.7	0.0	14.91	0.0	53.96	89.05	89.17	58.73	68.75	0006
0	24.072	40.12	44.21	0.0	8.7	0.0	67.45	88.28	88.62	57.55	56.25	0563
64	23.33	38.88	46.67	0.0	8.54	0.0	61.44	88.94	88.28	59.74	50.0	0281
64	22.388	37.31	62.09	0.0	26.9	0.0	22.95	88.94	88.47	57.69	40.62	0014
64	21.224	35.37	72.23	0.0	2.0	0.0	31.89	89.05	88.9	58.34	60.94	0314
64	21.012	35.02	94.16	0.0	1.08	0.0	9.82	88.28	88.67	58.53	59.38	0063
0	20.682	34.47	93.1	0.0	2.32	0.0	7.99	87.02	87.29	59.54	43.75	0267
0	18.092	30.15	32.59	0.0	56.4	0.0	1.47	88.49	88.99	57.95	42.19	0501
64	52.468	-55.1	27.0	83.74	39.44	87.31	24.85	67.77	76.17	67.94	65.62	0511
64	21.816	36.36	64.66	0.0	23.23	0.0	21.19	88.28	88.51	59.01	46.88	0529
0	41.448	-33.11	19.99	77.43	5.02	45.2	59.6	79.85	75.78	74.34	60.94	0537
64	22.864	38.11	33.54	0.0	33.71	0.0	47.07	87.7	87.47	59.01	45.31	0049
64	21.2	35.33	48.08	0.0	32.04	0.0	25.88	88.51	88.34	57.22	43.75	0040
64	48.518	-55.07	10.49	81.99	40.9	81.13	28.08	76.75	84.59	82.04	70.31	0573
64	22.612	37.69	62.62	0.0	0.0	0.0	50.44	87.86	87.88	58.53	45.31	0522
0	25.222	42.04	46.53	0.0	29.07	0.0	50.51	88.41	88.66	58.56	71.88	0784
64	23.202	38.67	65.51	0.0	13.18	0.0	37.32	88.62	88.77	57.11	59.38	0001
64	22.096	36.83	20.27	0.0	39.92	0.0	50.29	88.61	88.34	59.04	56.25	0034
64	22.668	37.78	42.91	0.0	52.03	0.0	18.4	88.51	88.82	58.03	48.44	0770
0	24.96	41.6	52.59	0.0	37.39	0.0	34.82	88.66	88.79	56.88	70.31	0774
64	24.214	18.34	90.74	20.47	0.97	5.96	2.93	62.83	63.23	58.11	39.06	0812
0	23.114	38.52	25.66	0.0	22.31	0.0	67.6	88.57	88.18	58.09	51.56	0827
64	48.74	-33.79	30.48	74.04	37.87	63.99	37.32	82.86	81.18	69.64	53.12	0030
0	23.152	38.56	45.3	0.0	39.92	0.04	30.5	88.8	88.87	69.22	70.31	0306
0	24.602	41.0	30.87	0.0	20.37	0.0	71.77	88.0	88.51	66.84	71.88	0791
64	23.216	38.69	17.92	0.0	67.59	0.0	30.57	87.76	87.24	57.95	35.94	0506
0	40.13	-38.23	17.28	76.49	2.54	49.65	54.69	64.55	81.01	77.9	64.06	0320
64	24.236	40.39	58.25	0.0	1.57	0.0	61.36	88.84	88.72	57.3	29.69	0516
64	21.272	12.64	78.99	27.37	0.0	0.0	0.0	63.56	63.77	57.92	48.44	0038
0	25.944	40.87	25.77	0.94	62.61	1.91	38.49	88.97	90.57	72.36	81.25	0509
64	24.124	40.21	51.53	0.0	3.84	0.0	65.25	88.82	88.64	58.11	51.56	0330
64	19.926	33.21	74.52	0.0	19.61	0.0	5.5	88.71	88.84	58.06	51.56	0793
64	20.492	34.15	88.42	0.0	5.46	0.0	8.58	88.72	88.89	57.39	67.19	0062
64	39.908	-14.56	7.64	59.88	56.13	37.4	38.49	83.11	85.24	72.27	76.56	0534
64	38.084	-9.48	7.5	45.73	24.04	41.82	71.33	82.96	88.33	71.38	71.88	0053
64	23.906	37.32	46.57	0.12	32.25	2.91	37.68	88.41	88.49	67.4	75.0	0514
0	39.414	-28.98	12.14	48.65	27.93	64.95	43.4	65.7	79.24	71.99	60.94	0816
0	22.482	37.47	6.83	0.0	41.65	0.0	63.93	88.85	88.84	57.05	59.38	0523
64	20.696	34.49	61.67	0.0	28.47	0.0	13.34	88.64	88.8	57.55	43.75	0055
64	24.994	41.27	52.34	0.47	13.88	0.0	58.28	87.75	88.44	66.51	81.25	0754
64	23.794	39.65	61.53	0.0	25.18	0.0	32.26	88.66	88.84	58.03	62.5	0300
0	21.888	36.48	77.54	0.0	12.91	0.0	18.99	89.05	88.64	56.99	57.81	0045
64	21.048	35.08	66.67	0.0	23.39	0.0	15.18	88.46	88.38	57.25	62.5	0821
0	24.0	38.9	40.62	1.17	27.55	0.15	50.51	89.71	90.89	74.73	57.81	0799
0	22.882	38.14	61.0	0.0	23.72	0.0	29.69	88.01	88.34	57.61	59.38	0309
64	25.01	41.68	5.63	0.0	59.16	0.0	60.26	89.25	88.51	58.81	46.88	0273
64	21.052	35.08	94.44	0.0	6.27	0.0	4.55	88.46	88.8	59.85	39.06	0318
0	21.02	35.03	82.72	0.0	6.32	0.0	16.06	79.99	80.23	57.44	48.44	0550
64	23.1	38.5	50.23	0.0	12.7	0.0	52.57	88.16	88.69	58.2	67.19	0800
64	53.828	-41.9	43.86	76.02	39.71	81.91	27.64	78.32	88.34	83.44	78.12	0560
0	24.268	40.45	50.72	0.0	26.63	0.0	43.99	88.54	88.64	58.76	51.56	0518
0	25.314	36.65	14.47	0.58	46.73	6.07	58.72	87.2	88.94	72.13	62.5	0775
64	24.072	40.12	57.02	0.0	36.95	0.0	26.39	89.17	89.2	57.86	45.31	0818
64	23.496	38.55	50.44	0.7	23.12	0.04	43.18	88.39	88.21	66.68	65.62	0546
64	46.416	-21.24	41.39	46.9	20.1	71.42	52.27	85.44	88.9	82.62	73.44	0553
0	21.034	35.05	92.93	0.0	5.35	0.0	6.89	89.15	88.72	56.94	62.5	0797
64	52.25	-45.41	62.51	75.32	25.01	83.67	14.74	80.73	86.43	79.38	82.81	0503
64	21.338	35.56	57.34	0.0	8.59	0.0	40.76	89.18	88.72	57.22	43.75	0329
64	48.276	-24.81	43.22	65.38	26.31	60.94	45.53	82.93	81.42	68.19	67.19	0277
64	22.726	37.88	20.06	0.0	13.29	0.0	80.28	89.4	88.87	58.65	46.88	0253
0	23.772	39.62	47.62	0.0	32.9	0.0	38.34	88.39	88.23	58.34	32.81	0276
64	22.09	36.82	84.34	0.0	14.53	0.0	11.58	88.41	88.42	57.47	62.5	0025
0	21.864	36.44	71.24	0.0	30.09	0.0	7.99	83.36	82.71	59.15	37.5	0547
64	25.594	42.66	47.06	0.0	25.12	0.0	55.79	89.18	88.89	57.75	76.56	0819
64	20.14	33.57	98.98	0.0	1.35	0.0	0.37	87.45	87.53	59.09	37.5	0764
0	22.164	36.94	53.43	0.0	4.97	0.0	52.42	88.62	88.51	58.0	54.69	0076
0	38.528	-14.24	13.94	37.43	58.02	56.71	26.54	77.61	79.29	70.09	62.5	0274
0	19.95	33.25	78.35	0.0	4.54	0.0	16.86	89.65	88.59	77.98	60.94	0766
64	22.608	37.68	63.78	0.0	8.64	0.0	40.62	88.13	87.78	58.84	46.88	0324
0	25.924	33.51	2.53	5.5	55.48	6.14	59.97	88.62	89.12	72.8	59.38	0786
64	37.504	-8.98	21.3	39.77	25.45	46.01	54.99	82.6	83.45	72.02	59.38	0292
64	23.244	38.74	15.98	0.0	38.14	0.0	62.1	88.42	88.04	58.62	42.19	0264
64	46.394	-35.57	16.54	69.71	50.41	65.76	29.55	83.26	83.17	70.98	56.25	0538
0	21.136	35.23	41.08	0.0	19.88	0.0	44.72	88.67	88.54	57.83	57.81	0067
0	25.822	43.03	27.81	0.0	32.31	0.0	68.99	88.41	88.67	57.55	54.69	0525
0	24.758	36.85	27.84	5.15	47.54	0.15	43.11	88.19	87.1	65.81	59.38	0531
0	30.444	15.78	22.39	7.6	57.75	34.35	30.13	82.05	82.76	67.49	57.81	0068
0	23.148	33.39	14.36	0.12	7.83	6.11	87.32	87.32	87.48	69.39	57.81	0776
64	41.85	-26.33	7.92	39.53	39.71	75.76	46.33	72.28	77.15	68.21	56.25	0551
64	25.678	-4.85	9.61	56.84	0.76	0.33	60.85	52.21	51.87	58.28	42.19	0521
64	20.61	34.35	51.18	0.0	26.8	0.0	25.07	88.57	88.19	56.83	59.38	0007
64	24.556	40.93	67.27	0.0	23.99	0.0	31.52	88.67	89.28	59.07	46.88	0027
64	29.586	27.7	30.69	2.69	67.04	23.24	24.27	86.96	88.33	71.6	73.44	0760
64	52.262	-55.08	8.8	87.02	14.15	83.6	67.74	71.81	77.92	75.91	67.19	0295
64	35.99	-9.69	7.95	26.9	32.74	56.71	55.65	80.61	86.05	80.53	76.56	0758
0	40.712	-19.19	55.05	70.29	29.17	34.17	14.88	85.14	79.47	71.77	53.12	0502
0	21.314	35.52	74.09	0.0	16.86	0.0	15.62	88.0	88.36	57.69	46.88	0265
64	49.18	-45.28	16.44	77.78	45.38	74.92	31.38	69.48	78.53	69.78	51.56	0005
0	23.478	-9.11	18.3	57.89	0.22	0.0	40.98	56.06	56.84	58.06	35.94	0527
64	21.54	35.9	46.43	0.0	26.74	0.0	34.53	88.64	88.67	58.39	54.69	0539
64	22.416	37.36	63.96	0.0	27.01	0.0	21.11	89.3	88.44	56.58	79.69	0294
0	43.398	-9.88	34.78	54.85	12.59	43.8	70.97	80.8	84.63	70.98	70.31	0070
0	43.532	-25.61	28.51	55.79	20.91	62.01	50.44	77.64	87.65	83.3	68.75	0772
0	39.894	-38.49	20.45	48.77	26.58	77.2	26.47	59.89	77.56	72.97	46.88	0316
64	23.998	35.4	22.28	0.0	27.01	5.52	65.18	87.38	90.67	76.33	76.56	0260
0	20.338	33.9	59.38	0.0	19.07	0.0	23.24	88.44	88.38	58.42	54.69	0284
64	41.346	-12.83	52.13	53.33	44.19	44.76	12.32	85.02	83.39	67.91	65.62	0059
0	26.78	43.92	28.69	0.82	39.17	0.04	65.18	89.25	89.86	70.37	73.44	0017
64	23.598	38.53	49.88	0.58	12.32	0.37	54.84	88.0	87.65	66.42	65.62	0780
0	22.27	37.12	75.5	0.0	2.27	0.0	33.58	88.75	89.17	57.69	57.81	0299
64	29.726	20.07	62.94	16.61	16.96	18.76	33.36	84.89	84.02	66.59	59.38	0075
0	21.762	36.27	76.35	0.0	1.08	0.0	31.38	88.42	88.72	59.29	50.0	0044
0	20.856	34.76	91.55	0.0	7.08	0.0	5.65	88.39	88.97	57.83	62.5	0289
64	24.782	41.31	18.51	0.0	46.46	0.0	58.94	88.36	88.42	57.69	53.12	0549
0	21.806	36.35	54.66	0.0	23.07	0.0	31.3	89.07	88.38	57.5	48.44	0540
0	40.242	-33.19	12.78	61.17	13.72	59.14	54.4	77.63	85.8	82.54	73.44	0302
0	19.832	33.05	84.97	0.0	11.99	0.0	2.2	88.69	88.66	58.67	57.81	0313
0	20.28	33.8	98.17	0.0	0.0	0.0	3.23	83.77	84.18	57.02	31.25	0057
64	43.932	-24.89	47.45	51.93	30.58	65.8	23.9	78.37	75.31	66.68	51.56	0012
0	20.482	34.14	90.25	0.0	2.7	0.0	9.46	88.8	89.22	58.45	39.06	0304
0	22.25	37.08	80.08	0.0	17.83	0.0	13.34	88.13	88.56	57.36	46.88	0787
64	30.794	5.58	36.92	27.49	14.21	27.4	47.95	86.58	93.16	80.41	79.69	0544
64	18.874	31.46	27.31	0.0	3.35	0.0	63.71	26.49	26.73	0.59	25.0	0803
64	27.934	25.06	22.35	9.94	67.04	15.85	24.49	86.54	89.32	71.26	70.31	0060
64	20.574	34.29	37.1	0.0	1.03	0.0	64.74	88.95	88.61	57.78	46.88	0301
0	40.692	-9.34	23.27	55.44	43.76	37.15	43.84	84.21	81.95	68.33	54.69	0257
0	28.15	24.77	53.68	18.01	18.85	8.57	41.64	85.55	83.57	68.1	53.12	0813
0	24.434	21.56	29.6	9.36	20.96	13.64	48.61	89.53	89.91	82.2	71.88	0064
0	22.464	37.44	26.72	0.0	12.43	0.0	73.17	88.8	89.12	59.09	60.94	0811
64	47.622	-34.71	17.53	73.45	8.1	63.44	75.59	82.68	83.65	69.64	67.19	0311
0	36.072	-21.54	8.48	43.16	31.87	54.84	42.01	70.86	87.73	81.14	70.31	0541
64	23.218	38.67	50.26	0.0	17.99	0.04	47.8	88.62	88.36	67.12	67.19	0077
0	46.458	-51.47	8.24	75.2	48.62	79.48	20.75	55.61	70.46	69.36	64.06	0809
64	27.646	27.27	28.58	0.58	35.76	21.99	51.32	88.29	89.89	72.78	68.75	0755
64	28.556	24.41	42.66	17.78	29.34	10.04	42.96	86.21	86.89	66.51	53.12	0072
0	21.434	35.73	48.57	0.0	26.42	0.0	32.18	88.82	88.71	58.14	57.81	0792
0	23.842	39.74	52.16	0.0	38.09	0.0	28.96	89.25	89.18	58.23	51.56	0762
0	40.458	-60.34	6.37	80.35	18.26	72.97	24.34	61.41	84.94	84.64	82.81	0022
64	22.81	38.01	70.19	0.0	20.91	0.0	22.95	88.87	88.51	67.66	64.06	0041
64	43.692	-35.1	55.44	59.18	11.89	70.32	21.63	82.79	88.29	81.87	68.75	0290
64	20.984	34.97	40.87	0.0	31.06	0.0	32.99	88.64	88.03	57.25	53.12	0802
0	22.334	37.23	59.31	0.0	23.55	0.0	28.81	88.42	88.67	58.34	54.69	0268
0	22.77	37.95	74.38	0.0	0.76	0.0	38.71	88.89	88.84	57.92	31.25	0820
0	22.824	38.04	21.82	0.0	16.64	0.0	75.66	88.85	89.25	56.99	51.56	0568
0	21.562	35.93	67.48	0.0	19.29	0.0	21.04	88.62	88.47	57.83	60.94	0505
64	23.402	39.01	69.55	0.0	35.22	0.0	12.24	89.05	89.33	67.29	70.31	0029
64	22.998	38.33	26.5	0.0	36.95	0.0	51.54	88.8	88.42	58.31	42.19	0798
64	21.808	36.35	9.64	0.0	7.83	0.0	91.57	88.8	88.84	57.25	53.12	0554
64	47.88	-28.76	21.08	56.49	43.33	73.78	44.72	79.59	84.53	76.72	64.06	0056
0	21.018	35.03	6.05	0.0	1.24	0.0	97.8	88.82	88.41	58.28	51.56	0323
0	22.136	36.9	56.49	0.0	9.18	0.0	45.01	88.82	88.95	57.5	51.56	0559
64	20.978	34.96	88.53	0.0	6.32	0.0	10.04	88.89	88.29	57.83	42.19	0028
64	20.542	34.24	96.02	0.0	0.97	0.0	5.72	88.64	88.62	58.81	59.38	0561
0	23.132	38.56	73.81	0.0	11.72	0.0	30.13	88.92	89.07	59.12	53.12	0003
64	21.732	36.22	92.26	0.0	0.27	0.0	16.13	53.57	54.39	6.13	35.94	0806
0	33.478	-1.31	18.16	22.92	19.12	45.61	61.58	76.45	88.79	82.06	68.75	0569
64	29.228	32.59	42.73	9.71	15.88	9.64	68.18	87.7	89.0	68.91	64.06	0789
64	20.808	34.68	83.63	0.0	3.4	0.0	17.01	88.74	89.55	59.26	59.38	0016
0	24.978	36.17	25.84	6.55	23.66	0.0	68.84	88.09	86.11	65.14	59.38	0567
0	23.292	37.3	22.35	0.47	70.29	1.36	21.99	87.83	89.86	70.34	68.75	0327
0	23.832	39.72	52.34	0.0	32.58	0.0	34.24	88.47	88.77	57.36	50.0	0781
0	33.328	-1.7	13.73	21.17	39.28	47.52	44.94	77.58	89.09	81.17	82.81	0032
0	23.782	38.76	51.36	1.05	29.77	0.0	36.73	88.64	88.13	66.76	65.62	0010
0	21.92	36.53	66.21	0.0	32.47	0.0	10.92	89.04	89.18	57.92	64.06	0058
64	19.956	33.26	95.85	0.0	2.32	0.0	1.61	88.72	88.72	57.27	28.12	0817
64	20.56	34.27	86.69	0.0	14.42	0.0	1.69	88.94	88.56	57.44	56.25	0555
0	24.98	41.63	69.73	0.0	8.91	0.0	46.26	88.89	88.42	57.86	48.44	0552
0	37.348	-9.14	28.86	38.48	33.5	47.19	38.71	77.33	89.4	79.94	73.44	0298
64	22.724	37.87	78.0	0.0	19.34	0.0	16.28	88.29	88.62	57.5	50.0	0810
64	41.922	-25.94	41.99	57.89	21.93	57.08	30.72	82.61	82.5	68.27	54.69	0325
0	22.666	37.78	42.7	0.0	39.33	0.0	31.3	88.84	89.43	58.14	64.06	0037
64	22.242	37.07	44.91	0.0	20.85	0.0	45.45	89.38	88.97	58.79	51.56	0071
0	26.828	36.66	47.17	1.64	24.96	8.02	52.35	87.96	87.62	67.66	53.12	0759
0	22.244	32.91	68.0	2.46	13.29	2.54	24.93	87.55	85.7	67.04	65.62	0312
64	19.948	33.25	96.02	0.0	0.05	0.0	3.67	88.24	88.92	58.45	39.06	0773
0	40.956	-16.16	45.05	57.43	32.69	43.88	25.73	79.57	83.77	79.74	65.62	0571
0	36.358	-10.48	19.22	40.94	25.01	44.35	52.27	74.31	88.59	81.98	84.38	0296
64	23.53	7.83	63.78	37.66	0.59	0.0	15.62	66.05	66.51	58.0	46.88	0785
0	41.584	-20.57	22.56	58.83	41.87	49.03	35.63	81.59	84.58	72.5	60.94	0305
0	22.236	37.06	8.59	0.0	54.35	0.0	48.24	88.44	88.41	58.25	53.12	0566
64	38.246	-10.25	12.32	24.91	10.21	63.88	79.91	73.61	85.68	71.74	59.38	0048
64	47.48	-30.3	25.41	54.97	15.13	76.35	65.54	84.53	86.15	76.39	67.19	0513
0	21.656	36.09	71.24	0.0	19.88	0.0	17.16	88.74	88.61	57.75	64.06	0254
0	22.118	36.86	81.94	0.0	7.02	0.0	21.63	88.77	88.71	57.78	53.12	0572
0	30.218	19.06	4.36	37.31	69.64	0.26	39.52	86.39	79.0	69.45	40.62	0778
0	29.758	0.23	44.74	36.84	39.38	22.4	5.43	85.95	86.16	80.58	53.12	0263
0	24.03	32.0	85.74	0.94	6.27	8.72	18.48	88.14	87.35	69.17	57.81	0510
64	25.08	35.35	40.83	2.92	44.79	4.82	32.04	87.86	88.14	67.1	71.88	0783
0	25.156	40.33	24.92	1.29	34.2	0.63	64.74	88.59	88.39	70.51	70.31	0050
64	21.788	36.31	55.72	0.0	24.04	0.0	29.18	88.38	88.38	58.2	43.75	0788
0	46.244	-39.54	19.85	66.2	44.3	73.74	27.13	72.75	79.64	73.25	62.5	0259
0	20.922	34.87	44.03	0.0	24.58	0.0	36.0	88.41	88.14	58.23	48.44	0039
64	22.99	37.67	38.47	0.0	6.43	0.77	69.28	88.97	88.82	67.71	73.44	0542
64	22.642	37.73	63.89	0.0	18.75	0.0	30.57	88.57	88.57	58.23	60.94	0532
0	31.634	18.77	41.18	26.43	17.23	14.31	59.02	85.47	84.87	66.12	60.94	0020
64	23.744	39.57	59.38	0.0	14.69	0.0	44.65	87.8	88.42	55.26	62.5	0307
64	21.912	36.52	56.56	0.0	13.78	0.0	39.22	88.72	88.36	58.48	53.12	0815
64	25.164	41.94	32.45	0.0	33.33	0.0	60.04	88.85	88.51	57.27	50.0	0019
64	21.76	36.27	10.63	0.0	34.68	0.0	63.49	88.49	88.09	56.69	34.38	0543
64	20.652	34.42	38.65	0.0	5.08	0.0	59.53	30.65	30.09	0.03	20.31	0319
64	21.064	35.11	7.18	0.0	6.86	0.0	91.28	85.9	85.85	57.75	32.81	0536
0	33.466	9.71	33.72	24.68	49.22	30.6	29.11	85.35	83.03	69.25	59.38	0051
0	36.408	6.14	26.15	26.43	65.59	39.02	24.85	83.5	84.59	72.66	73.44	0321
64	26.54	29.86	40.27	0.0	36.03	17.25	39.15	87.7	88.14	68.69	68.75	0756
64	31.52	39.97	38.33	9.01	32.2	6.07	71.99	88.28	91.46	79.69	79.69	0794
0	40.642	-37.84	21.05	70.53	38.9	56.16	16.57	65.26	81.75	76.75	70.31	0570
64	47.082	-41.59	20.94	79.42	14.96	64.66	55.43	78.07	89.45	82.85	73.44	0015
64	21.602	36.0	76.28	0.0	27.77	0.0	3.96	88.13	88.29	58.17	40.62	0052
64	25.096	41.83	32.17	0.0	21.83	0.0	71.48	88.64	89.2	59.12	53.12	0308
0	22.94	38.23	30.27	0.0	19.99	0.0	64.44	88.39	88.34	57.95	54.69	0556
0	20.102	33.5	99.58	0.0	0.27	0.0	0.66	83.93	83.98	58.23	37.5	0564
0	23.926	39.88	68.43	0.0	10.8	0.0	40.4	88.84	88.69	59.26	60.94	0322
0	25.076	41.79	54.03	0.0	17.61	0.0	53.74	88.57	88.47	58.79	57.81	0000
64	37.956	2.65	14.75	17.31	33.82	55.42	68.48	84.92	89.38	79.41	75.0	0515
0	22.97	37.85	61.63	0.23	16.48	0.29	36.22	88.23	88.57	66.96	68.75	0825
64	21.516	35.86	30.27	0.0	51.65	0.0	25.66	88.56	87.62	58.67	43.75	0530
0	21.75	10.72	8.52	30.64	0.97	0.0	68.62	31.13	31.41	8.84	20.31	0814
64	50.282	-37.83	35.48	74.39	15.94	71.57	54.03	84.56	84.38	69.84	65.62	0069
0	23.404	39.01	42.27	0.0	13.61	0.0	61.14	88.94	88.82	66.62	75.0	0315
64	50.626	-57.04	36.82	81.87	26.96	87.83	19.65	77.13	87.91	79.71	71.88	0269
64	45.544	-23.45	52.66	68.07	20.64	51.16	35.19	78.75	77.33	67.43	56.25	0252
0	37.028	3.75	7.36	24.68	43.71	44.87	64.52	76.87	86.18	75.6	62.5	0270
0	39.556	-39.35	8.1	61.75	18.85	64.58	44.5	72.39	87.12	83.46	75.0	0065
0	47.694	-41.16	21.51	69.94	15.88	74.84	56.3	67.37	71.66	71.12	51.56	0047
0	37.354	3.12	39.81	41.17	43.6	29.79	32.4	81.11	86.54	75.15	67.19	0004
0	23.452	39.09	25.27	0.0	49.32	0.0	42.67	89.0	88.51	67.29	64.06	0303
0	22.64	37.25	31.68	0.58	16.42	0.0	64.52	35.88	35.96	5.09	7.81	0519
0	35.736	-89.34	0.0	88.65	0.0	90.03	0.0	5.71	6.04	67.15	35.94	0828
64	22.898	38.16	29.92	0.0	10.16	0.0	74.41	89.07	88.59	57.97	59.38	0002
64	52.574	-48.02	19.68	85.5	22.58	77.27	57.84	77.96	87.68	76.72	70.31	0790
0	22.316	37.19	54.21	0.0	5.02	0.0	52.35	88.61	89.18	57.97	57.81	0520
0	22.68	37.8	65.82	0.0	23.61	0.0	23.97	88.04	88.44	57.5	43.75	0279
0	21.082	35.14	74.66	0.0	14.69	0.0	16.06	89.12	88.44	57.78	46.88	0771
64	45.8	-38.32	59.2	63.74	13.88	73.85	18.33	73.0	80.99	75.83	71.88	0823
0	26.7	31.49	51.99	11.35	30.04	4.27	35.85	88.04	86.31	67.46	64.06	0271
0	23.008	38.35	85.15	0.0	6.21	0.0	23.68	86.15	86.15	57.61	31.25	0765
0	23.652	39.42	22.67	0.0	49.7	0.0	45.89	88.42	88.33	58.84	53.12	0291
64	22.622	37.7	67.93	0.0	18.64	0.0	26.54	88.54	88.92	57.81	60.94	0013
0	28.938	19.6	40.87	16.96	36.25	17.4	33.21	83.74	88.54	76.19	78.12	0021
64	53.812	-32.53	36.5	73.1	48.73	73.56	37.17	80.43	85.72	73.25	79.69	0046
0	24.998	41.66	47.66	0.0	22.42	0.0	54.91	88.92	88.36	58.76	70.31	0763
64	39.344	-8.9	10.95	62.92	38.2	26.44	58.21	82.48	89.43	75.69	64.06	0011
0	23.964	39.94	78.25	0.0	5.13	0.0	36.44	88.51	88.49	59.49	53.12	0750
64	23.144	38.57	55.76	0.0	31.44	0.0	28.52	88.72	88.54	58.34	42.19	0009
0	22.394	36.59	77.4	0.0	11.4	0.88	22.29	89.05	89.61	73.42	54.69	0008
64	22.308	37.18	22.56	0.0	52.62	0.0	36.36	88.36	88.01	58.67	43.75	0751
0	20.93	34.89	49.17	0.0	1.89	0.0	53.59	88.87	88.8	58.62	64.06	0286
0	26.168	43.0	53.64	0.0	23.82	0.74	52.64	88.24	91.41	75.49	73.44	0548
64	32.536	18.85	20.59	21.52	15.4	20.93	84.24	86.16	90.36	74.99	62.5	0535
64	53.256	-27.26	31.57	68.65	8.75	70.58	86.73	80.43	86.48	80.05	68.75	0287
64	54.726	-38.9	63.08	80.7	13.51	75.43	40.91	80.18	87.62	79.71	71.88	0256
0	21.662	36.1	87.29	0.0	7.46	0.0	13.56	88.38	88.87	57.72	62.5	0504
0	41.776	-32.81	24.74	63.86	40.9	59.07	20.31	74.77	84.76	79.43	64.06	0558
64	26.196	29.24	19.04	13.22	31.66	4.08	62.98	87.12	87.58	68.35	62.5	0297
0	43.788	-64.76	19.54	80.58	15.72	84.7	18.4	60.19	67.47	77.14	56.25	0807
64	22.19	36.98	84.79	0.0	2.92	0.0	23.24	88.74	88.9	59.6	35.94	0258
0	28.874	27.46	68.15	7.25	14.26	17.54	37.17	87.57	86.59	68.07	62.5	0282
64	28.044	34.26	41.04	1.52	46.3	13.46	37.9	87.7	88.28	68.47	71.88	0545
0	24.788	41.22	40.44	0.0	22.1	0.11	61.29	88.69	89.1	68.55	68.75	0565
64	22.896	38.16	47.27	0.0	24.1	0.0	43.11	88.95	88.97	57.67	65.62	0035
0	42.374	-48.62	14.43	64.68	37.49	78.41	16.86	63.69	71.99	77.87	57.81	0293
0	36.02	0.78	8.52	48.3	26.8	22.8	73.68	84.16	75.36	69.56	60.94	0805
0	43.6	-25.32	35.13	46.78	31.93	70.8	33.36	75.1	73.98	66.98	53.12	0822
0	27.136	27.1	67.9	6.67	20.37	15.08	25.66	86.81	85.01	66.96	59.38	0826
0	22.414	36.87	20.91	0.0	7.29	0.59	83.28	88.51	88.99	67.29	60.94	0066
0	26.374	35.64	34.71	7.37	30.58	2.61	56.6	86.51	84.43	68.63	57.81	0255
64	22.32	37.2	57.27	0.0	20.31	0.0	34.02	88.59	88.54	58.28	50.0	0526
64	51.56	-28.9	56.28	60.82	27.5	76.98	36.22	81.8	88.9	83.18	70.31	0801
0	23.42	39.03	31.61	0.0	5.94	0.0	79.55	89.2	88.89	66.87	67.19	0328
64	30.564	20.27	38.51	20.58	53.32	16.22	24.19	87.3	88.13	70.68	64.06	0753
64	31.306	9.14	18.76	25.5	40.3	26.15	45.82	84.87	86.16	66.73	68.75	0562
64	47.94	-55.22	6.9	78.48	37.22	83.67	33.43	73.46	80.96	77.59	60.94	0266
64	41.892	-15.61	29.71	35.91	42.41	66.61	34.82	83.75	86.94	75.13	62.5	0262
0	20.436	34.06	47.94	0.0	11.35	0.0	42.89	88.97	88.59	57.08	50.0	0517
0	21.628	36.05	39.35	0.0	15.56	0.0	53.23	88.82	88.92	58.11	46.88	0507
64	26.272	43.79	23.37	0.0	42.3	0.0	65.69	88.71	88.69	58.28	35.94	0251
64	21.838	36.4	63.92	0.0	1.94	0.0	43.33	88.72	89.23	58.48	51.56	0278
64	22.762	37.94	76.06	0.0	2.05	0.0	35.7	43.76	43.87	4.62	40.62	0326
64	20.376	33.96	96.52	0.0	4.11	0.0	1.25	87.2	87.02	56.88	43.75	0795
0	20.736	34.56	82.47	0.0	1.78	0.0	19.43	88.44	88.54	58.28	57.81	0283
K	ADVFM_AVG	ADVFM_NEW-OLD	ADVFM_behind	ADVFM_in	ADVFM_near	ADVFM_on	ADVFM_under	FM	FMS	PT	SYNTH	ID
64	53.158	0.42	48.82	42.11	51.92	63.7	59.24	84.23	89.63	80.05	78.12	2256
0	40.65	-13.39	16.23	47.6	34.09	49.76	55.57	79.46	84.03	74.85	59.38	2526
0	25.53	24.36	52.52	20.35	7.78	1.47	45.53	88.29	86.82	69.47	64.06	2270
64	21.852	36.42	15.52	0.0	0.92	0.0	92.82	88.23	88.66	58.31	51.56	2002
64	21.568	35.95	77.68	0.0	4.21	0.0	25.95	88.29	88.49	58.67	37.5	1559
64	36.282	9.85	25.06	29.01	93.25	31.74	2.35	85.72	88.75	70.4	65.62	2265
64	25.94	43.23	45.41	0.0	10.32	0.0	73.97	88.79	88.9	57.92	59.38	2325
64	25.122	37.97	46.43	4.68	15.34	0.0	59.16	88.33	88.41	67.26	71.88	1067
64	58.776	-35.01	56.39	80.82	45.38	78.74	32.55	75.76	84.02	77.42	71.88	2271
0	28.256	13.49	83.03	36.73	13.45	3.6	4.47	79.71	69.9	66.14	45.31	1508
0	22.458	37.43	51.28	0.0	19.07	0.0	41.94	88.8	88.44	57.58	54.69	2316
0	22.398	37.33	45.48	0.0	28.31	0.0	38.2	88.13	89.12	57.08	34.38	2072
64	25.41	39.91	36.47	2.92	44.84	0.0	42.82	88.61	89.38	68.38	73.44	2538
64	57.314	-29.32	41.82	66.55	37.6	83.27	57.33	78.98	90.21	81.39	73.44	1817
0	22.27	37.11	65.58	0.0	14.32	0.0	31.45	89.0	88.71	57.19	39.06	1767
0	40.91	-33.01	4.79	53.57	37.71	67.86	40.62	64.65	80.35	73.75	59.38	2555
0	21.688	36.15	75.47	0.0	18.75	0.0	14.22	88.67	88.72	58.73	59.38	1051
64	51.758	-46.0	11.26	71.7	26.42	87.02	62.39	76.25	88.49	69.45	53.12	1011
0	19.318	32.2	67.62	0.0	7.56	0.0	21.41	88.24	88.19	58.39	43.75	1784
64	19.894	33.15	40.87	0.0	53.54	0.0	5.06	88.28	88.51	57.81	51.56	1057
64	22.368	37.28	20.7	0.0	17.61	0.0	73.53	88.82	88.49	56.97	51.56	1272
0	23.378	37.76	51.81	1.4	35.93	0.04	27.71	88.69	88.56	67.12	70.31	2560
0	24.006	40.01	39.81	0.0	14.75	0.0	65.47	88.71	88.8	57.89	56.25	2021
64	19.422	32.37	8.73	0.0	88.38	0.0	0.0	86.92	87.22	57.75	35.94	2052
0	25.014	41.38	49.07	0.0	25.12	0.37	50.51	88.79	89.27	70.87	75.0	1819
0	22.384	37.31	46.6	0.0	45.38	0.0	19.94	88.41	88.8	58.48	48.44	1305
0	23.604	39.34	47.69	0.0	23.34	0.0	46.99	89.13	88.41	57.67	42.19	2529
64	21.842	36.41	79.69	0.0	6.21	0.0	23.31	88.47	88.34	57.78	57.81	2537
0	23.64	39.4	49.49	0.0	25.82	0.0	42.89	88.71	88.51	58.73	32.81	1795
0	29.074	26.53	24.22	12.05	8.91	14.27	85.92	86.41	89.68	78.2	71.88	2315
64	21.422	35.7	47.24	0.0	16.69	0.0	43.18	88.21	87.81	57.64	42.19	1260
64	29.966	22.92	34.0	4.44	59.21	27.99	24.19	87.12	86.53	69.47	67.19	2085
64	27.32	45.53	32.24	0.0	52.67	0.0	51.69	88.47	88.82	57.47	57.81	1539
64	21.028	35.05	89.72	0.0	6.92	0.0	8.5	88.79	88.61	57.41	46.88	2007
64	44.35	-6.79	30.94	52.87	23.5	43.99	70.45	84.07	87.6	80.11	70.31	2025
0	34.208	-15.45	18.94	30.64	60.24	56.31	4.91	84.64	83.64	82.48	68.75	1041
64	22.554	37.59	62.69	0.0	26.47	0.0	23.61	88.38	88.79	57.81	50.0	1021
64	21.71	36.18	67.19	0.0	2.65	0.0	38.71	88.39	88.79	57.22	64.06	2028
64	34.152	-7.35	20.13	5.96	1.73	71.17	71.77	80.22	88.79	70.96	60.94	1571
0	33.428	2.03	43.61	28.3	28.9	36.12	30.21	81.14	88.89	77.34	70.31	2533
64	22.87	38.12	51.04	0.0	22.47	0.0	40.84	88.52	88.38	57.78	67.19	1797
64	23.616	39.36	18.9	0.0	42.73	0.0	56.45	88.47	88.08	57.92	48.44	1793
0	23.318	38.86	67.27	0.0	1.08	0.0	48.24	88.54	88.67	57.97	46.88	1533
64	49.968	-55.56	18.44	87.84	31.28	78.78	33.5	78.75	89.7	81.51	76.56	1568
0	20.564	34.27	5.21	0.0	96.22	0.0	1.39	88.89	88.61	58.84	43.75	2030
64	19.964	33.27	96.41	0.0	0.7	0.0	2.71	88.79	88.77	58.51	48.44	1254
64	48.986	-35.16	36.04	71.46	30.09	68.7	38.64	81.75	80.18	68.02	57.81	2509
64	23.412	39.02	28.93	0.0	41.65	0.0	46.48	89.42	88.24	58.09	37.5	2556
0	21.532	35.89	78.7	0.0	2.86	0.0	26.1	88.82	89.2	58.09	57.81	1042
0	37.794	-38.58	25.7	61.05	17.34	60.83	24.05	68.49	84.82	81.17	70.31	2301
64	20.952	34.92	17.92	0.0	52.46	0.0	34.38	89.38	88.77	58.2	48.44	2053
0	21.044	35.07	48.68	0.0	26.04	0.0	30.5	88.71	88.46	57.69	48.44	1824
64	21.68	36.13	85.29	0.0	9.99	0.0	13.12	88.94	89.0	57.13	78.12	1266
64	22.524	37.54	62.58	0.0	34.2	0.0	15.84	88.59	88.72	57.92	51.56	2516
64	20.382	33.97	36.99	0.0	51.65	0.0	13.27	88.77	88.9	59.74	51.56	2006
64	20.308	33.85	99.51	0.0	0.05	0.0	1.98	85.01	84.74	58.59	31.25	1033
64	32.556	6.34	10.03	29.59	26.63	27.91	68.62	86.26	87.07	70.12	67.19	1558
0	20.08	33.47	98.7	0.0	0.97	0.0	0.73	88.59	88.21	57.55	40.62	1061
0	34.868	-11.16	47.34	29.36	41.38	53.77	2.49	77.87	86.96	75.91	65.62	2578
64	22.954	-38.2	23.02	91.46	0.0	0.29	0.0	42.44	41.81	58.53	37.5	1576
64	22.806	38.01	59.7	0.0	18.04	0.0	36.29	88.38	88.77	57.55	45.31	2082
0	22.108	36.85	59.56	0.0	16.96	0.0	34.02	88.42	88.62	58.45	42.19	2252
0	21.146	35.24	82.79	0.0	3.73	0.0	19.21	89.53	88.66	58.48	54.69	2043
0	24.668	41.11	11.05	0.0	44.84	0.0	67.45	88.41	88.67	58.17	64.06	1307
64	24.368	37.5	26.29	0.94	20.48	2.8	71.33	88.19	86.71	68.16	59.38	1054
0	35.602	-4.72	26.22	52.51	19.72	24.35	55.21	84.0	85.77	74.65	62.5	1789
0	34.954	3.4	23.51	36.84	46.14	28.98	39.3	82.41	91.02	84.44	78.12	1787
64	21.716	36.19	82.08	0.0	7.51	0.0	18.99	89.3	89.3	56.6	54.69	1261
64	23.298	38.83	70.71	0.0	14.69	0.0	31.09	88.87	89.13	57.92	46.88	1524
64	22.538	37.56	6.9	0.0	81.96	0.0	23.83	88.41	88.99	58.56	35.94	1284
64	22.626	37.71	41.57	0.0	41.06	0.0	30.5	88.77	88.59	57.27	62.5	2264
64	20.766	34.61	96.02	0.0	0.7	0.0	7.11	88.46	88.97	58.2	54.69	1336
0	23.424	39.04	60.58	0.0	26.26	0.0	30.28	89.35	89.09	58.37	56.25	1327
64	22.916	38.19	44.6	0.0	13.02	0.0	56.96	85.09	85.68	58.9	45.31	2062
64	43.002	-24.16	8.55	36.84	22.85	78.15	68.62	78.24	84.89	66.37	53.12	1563
64	23.502	39.17	53.43	0.0	9.02	0.0	55.06	88.59	88.44	58.39	71.88	1028
0	21.556	35.93	65.79	0.0	6.21	0.0	35.78	88.75	88.56	58.34	35.94	1270
64	23.63	39.38	44.7	0.0	3.73	0.0	69.72	88.39	88.18	57.58	43.75	1542
64	51.636	-25.34	36.25	61.64	11.99	72.05	76.25	78.05	83.12	76.86	60.94	1083
64	29.544	25.07	30.34	12.63	53.92	16.37	34.46	87.65	89.76	77.28	68.75	1821
64	26.638	37.23	41.5	8.42	52.3	0.18	30.79	87.9	88.89	67.6	56.25	2541
64	25.83	33.91	37.73	0.0	38.74	10.96	41.72	89.0	91.03	68.77	56.25	2003
0	39.208	-28.84	3.94	52.63	23.07	60.39	56.01	69.22	85.39	80.5	70.31	1526
0	33.178	7.38	18.23	34.04	33.71	23.46	56.45	82.25	88.16	79.83	81.25	2064
0	20.57	34.28	52.52	0.0	20.42	0.0	29.91	88.82	88.29	57.89	45.31	1762
0	23.17	38.62	58.47	0.0	6.43	0.0	50.95	88.82	88.79	67.57	62.5	1756
0	44.502	-33.05	35.9	70.99	40.57	57.67	17.38	70.15	65.46	67.04	43.75	1785
0	24.872	41.45	80.25	0.0	14.05	0.0	30.06	88.72	88.94	57.75	53.12	1037
64	22.468	37.45	66.14	0.0	14.53	0.0	31.67	88.66	88.13	58.95	57.81	2567
0	45.554	-36.81	18.97	68.42	17.29	66.86	56.23	67.82	80.09	71.15	65.62	1046
64	48.13	-42.27	11.19	65.85	20.75	81.13	61.73	77.28	86.87	79.18	82.81	1318
0	35.736	-89.34	0.0	88.65	0.0	90.03	0.0	6.77	6.26	67.46	43.75	1834
0	22.366	37.28	72.65	0.0	4.43	0.0	34.75	88.87	88.51	56.8	51.56	1830
64	25.104	41.84	55.93	0.0	31.17	0.0	38.42	88.67	88.24	57.58	54.69	2061
64	20.148	33.58	20.77	0.0	4.75	0.0	75.22	30.17	30.32	0.59	17.19	1077
64	35.736	-89.34	0.0	88.65	0.0	90.03	0.0	6.26	6.27	67.52	51.56	2330
0	24.934	34.52	28.51	3.51	14.48	4.93	73.24	88.67	91.1	82.09	78.12	2277
0	19.996	33.33	99.54	0.0	0.0	0.0	0.44	89.09	88.38	56.16	48.44	1800
64	22.356	37.26	79.41	0.0	11.99	0.0	20.38	88.54	89.28	59.96	64.06	1293
0	43.634	-39.1	15.35	66.78	11.45	67.41	57.18	62.68	77.08	75.74	62.5	2086
0	24.63	41.05	22.88	0.0	26.15	0.0	74.12	89.32	88.82	57.27	56.25	2016
0	46.726	-61.24	29.64	82.46	24.37	84.48	12.68	53.83	68.46	71.24	56.25	2291
0	22.038	36.73	62.44	0.0	10.21	0.0	37.54	88.52	88.62	57.72	62.5	2308
64	22.77	37.95	49.91	0.0	31.39	0.0	32.55	88.77	88.71	58.09	60.94	1257
64	22.676	37.79	42.31	0.0	25.18	0.0	45.89	88.33	88.57	58.31	62.5	2262
0	20.836	34.72	67.9	0.0	15.24	0.0	21.04	89.13	88.79	58.84	57.81	2268
64	21.886	36.48	66.17	0.0	4.92	0.0	38.34	88.75	88.47	58.34	65.62	1008
64	32.674	11.77	53.43	22.57	19.72	28.65	39.0	85.22	85.2	66.14	65.62	2569
64	20.174	33.62	69.87	0.0	6.0	0.0	25.0	88.67	89.46	56.27	57.81	2075
64	21.186	35.31	95.53	0.0	0.65	0.0	9.75	86.77	87.37	58.65	32.81	1760
0	25.134	35.76	20.13	5.15	39.38	2.21	58.8	87.63	88.39	72.75	67.19	1823
64	21.816	36.36	67.69	0.0	13.24	0.0	28.15	88.9	88.31	56.55	45.31	2510
64	29.224	29.47	33.97	3.04	31.01	20.04	58.06	88.19	88.74	72.94	65.62	1507
64	22.76	28.96	9.54	3.63	14.32	7.13	79.18	87.38	89.17	70.73	67.19	1556
0	24.242	40.4	45.62	0.0	3.89	0.0	71.7	88.46	88.62	58.42	65.62	1319
64	38.764	-15.25	25.34	26.9	6.16	68.92	66.5	81.09	89.1	78.15	73.44	2527
64	25.222	42.04	43.61	0.0	15.56	0.0	66.94	89.05	89.02	58.2	56.25	1802
64	44.454	-51.77	22.88	70.41	23.07	80.62	25.29	75.83	85.16	82.29	68.75	2032
0	24.47	40.78	52.24	0.0	36.9	0.0	33.21	88.18	88.74	58.28	46.88	1572
0	24.294	40.49	25.55	0.0	58.24	0.0	37.68	88.66	89.23	58.31	60.94	2050
0	22.59	36.87	66.56	0.94	14.15	0.0	31.3	88.46	88.14	66.26	70.31	1078
0	34.378	11.97	36.75	25.96	15.13	28.43	65.62	83.22	91.73	81.87	78.12	1271
0	24.644	41.07	39.39	0.0	11.18	0.0	72.65	89.15	89.33	58.65	67.19	2310
0	27.254	45.42	43.47	0.0	23.45	0.0	69.35	88.95	88.74	59.65	73.44	1567
0	23.608	39.35	54.91	0.0	10.05	0.0	53.08	88.62	88.41	58.7	54.69	1285
64	56.704	-38.71	58.85	84.21	34.68	75.65	30.13	78.39	82.35	82.32	76.56	1809
0	23.818	39.69	39.28	0.0	26.8	0.0	53.01	89.0	88.0	57.69	34.38	1580
0	20.004	33.34	84.62	0.0	6.16	0.0	9.24	88.69	88.59	56.86	62.5	1058
64	40.726	-13.29	49.03	33.22	35.28	64.18	21.92	79.64	79.92	66.2	64.06	1769
0	22.514	37.52	68.64	0.0	13.94	0.0	29.99	88.39	88.64	56.99	53.12	2254
64	20.12	33.53	99.19	0.0	0.16	0.0	1.25	88.41	88.74	57.97	42.19	1074
0	23.302	38.84	68.53	0.0	19.02	0.0	28.96	88.03	88.28	57.05	50.0	2583
64	51.488	-22.25	33.23	60.12	57.0	69.55	37.54	82.61	87.53	75.43	64.06	1069
64	48.758	-43.04	22.35	64.8	39.06	84.37	33.21	74.29	87.04	75.69	67.19	1326
64	21.032	35.05	61.25	0.0	19.5	0.0	24.41	88.75	88.62	57.53	50.0	1506
64	22.034	36.53	69.02	0.23	0.38	0.0	40.54	86.41	86.25	58.7	34.38	2564
64	49.166	-38.62	18.87	72.51	24.15	72.16	58.14	76.96	78.09	69.25	53.12	2534
0	43.036	-29.1	37.66	43.51	30.79	77.49	25.73	78.04	74.8	81.65	60.94	1816
64	23.084	38.47	51.11	0.0	35.06	0.0	29.25	88.41	88.26	56.32	53.12	1040
0	40.068	-32.85	8.91	53.8	14.69	65.76	57.18	71.86	88.64	83.46	78.12	1514
0	42.128	-47.75	8.17	64.33	13.99	77.23	46.92	70.81	78.68	83.38	65.62	2570
0	36.128	1.68	65.33	32.51	24.69	37.73	20.38	85.35	82.43	65.64	51.56	2036
64	20.812	34.69	43.93	0.0	5.29	0.0	54.84	28.76	29.52	0.08	21.88	1334
64	22.19	36.98	42.73	0.0	25.99	0.0	42.23	88.95	89.25	58.93	51.56	2283
0	20.778	-51.59	0.28	98.13	0.0	5.33	0.15	37.17	37.12	56.88	42.19	2552
64	23.166	38.61	63.25	0.0	17.02	0.0	35.56	88.42	88.59	58.09	50.0	1274
64	47.28	-12.69	42.03	38.25	55.7	71.53	28.89	82.68	88.92	80.58	60.94	2048
0	24.342	40.57	63.64	0.0	17.67	0.0	40.4	88.89	88.8	58.23	50.0	2321
64	43.174	-37.31	14.61	72.16	26.15	58.96	43.99	82.03	84.99	80.39	70.31	1027
0	22.398	37.33	59.98	0.0	14.91	0.0	37.1	89.15	88.87	58.28	50.0	1768
0	41.72	-62.19	4.26	80.47	19.07	77.6	27.2	53.45	74.49	77.59	64.06	1788
64	50.018	-41.84	18.66	70.88	53.32	79.37	27.86	78.62	84.84	74.12	64.06	2528
64	48.726	-49.62	13.23	85.61	36.3	71.39	37.1	75.02	81.13	75.43	71.88	1298
64	22.686	37.81	79.27	0.0	13.78	0.0	20.38	88.51	88.64	57.16	51.56	2058
64	49.32	-39.45	2.92	67.02	44.03	78.96	53.67	82.32	83.67	72.61	64.06	1781
64	20.476	34.13	95.0	0.0	5.62	0.0	1.76	87.95	88.62	58.28	60.94	1060
64	27.304	30.85	6.69	2.69	35.33	14.9	76.91	85.78	89.65	73.03	68.75	1561
64	22.818	38.03	64.41	0.0	17.72	0.0	31.96	88.84	88.26	57.64	56.25	1281
0	22.354	37.26	36.08	0.0	19.39	0.0	56.3	88.89	88.87	58.67	45.31	2304
64	44.81	-16.81	43.37	59.18	30.2	50.61	40.69	85.12	89.99	80.67	65.62	1001
0	21.052	35.09	60.75	0.0	24.2	0.0	20.31	88.66	88.64	59.07	56.25	1004
64	41.142	-1.38	25.17	37.78	59.43	46.16	37.17	81.79	89.89	79.74	65.62	2045
64	38.902	-2.08	35.52	30.06	14.1	50.24	64.59	84.36	91.35	81.98	81.25	1280
64	22.582	37.64	49.35	0.0	50.51	0.0	13.05	88.47	88.66	58.51	54.69	2069
64	21.724	36.21	85.67	0.0	7.19	0.0	15.76	88.49	88.49	58.84	54.69	1321
64	26.01	43.35	23.34	0.0	43.44	0.0	63.27	88.66	88.97	58.0	45.31	2059
0	19.55	32.58	85.29	0.0	2.49	0.0	9.97	88.95	89.28	57.25	51.56	1528
64	46.448	15.78	51.32	42.22	58.13	31.74	48.83	86.1	90.47	80.58	73.44	1505
0	24.368	40.61	42.66	0.0	48.24	0.0	30.94	88.82	87.48	67.29	65.62	2523
64	21.678	36.13	23.27	0.0	6.75	0.0	78.37	88.18	88.04	58.67	65.62	1548
64	45.47	-37.7	16.23	77.78	51.7	58.4	23.24	80.8	82.84	68.13	64.06	2031
0	21.344	35.57	43.22	0.0	31.39	0.0	32.11	88.24	88.67	58.59	51.56	2507
64	33.168	2.84	13.45	34.97	63.59	27.95	25.88	82.18	87.57	69.22	68.75	1275
64	23.13	38.55	74.3	0.0	8.43	0.0	32.92	88.64	89.07	57.22	54.69	1050
0	23.58	39.3	61.67	0.0	16.64	0.0	39.59	45.95	45.34	5.43	35.94	2543
0	22.198	36.99	51.85	0.0	17.13	0.0	42.01	88.34	88.38	58.98	51.56	1577
0	22.926	38.21	68.78	0.0	13.45	0.0	32.4	88.92	88.41	56.6	53.12	1019
0	20.454	34.09	76.59	0.0	5.67	0.0	20.01	88.13	88.71	57.39	46.88	1073
64	21.68	36.13	58.43	0.0	25.34	0.0	24.63	88.72	88.8	57.92	48.44	2324
0	24.554	36.25	20.2	5.61	51.43	0.0	45.53	88.54	89.22	70.23	70.31	1048
64	30.652	18.48	36.43	6.43	21.18	32.7	56.52	86.87	88.34	73.06	75.0	1063
0	22.04	36.73	26.96	0.0	14.91	0.0	68.33	88.52	88.66	57.39	43.75	1772
0	20.222	33.71	60.33	0.0	19.23	0.0	21.55	88.95	88.47	57.5	46.88	1320
64	19.526	32.54	86.1	0.0	2.0	0.0	9.53	88.47	88.44	56.86	46.88	2049
64	23.044	38.41	31.15	0.0	40.52	0.0	43.55	88.61	88.13	57.5	57.81	2565
0	22.166	36.94	26.75	0.0	51.16	0.0	32.92	88.67	88.42	57.41	51.56	2066
64	41.596	-16.47	7.81	52.16	55.43	50.79	41.79	83.06	83.62	67.8	73.44	2014
64	21.788	36.31	80.61	0.0	26.42	0.0	1.91	88.56	88.23	58.42	39.06	2267
0	38.504	-0.58	15.87	25.85	38.68	51.86	60.26	76.24	84.78	74.29	70.31	1029
0	33.78	3.63	25.17	29.59	44.89	33.62	35.63	78.4	88.62	78.96	67.19	2297
64	19.052	31.75	42.73	0.0	3.19	0.0	49.34	88.71	88.52	56.74	54.69	1829
0	34.876	5.85	54.8	21.87	30.09	40.86	26.76	82.41	75.94	68.61	56.25	1794
0	21.686	35.85	26.36	0.35	65.37	0.0	16.35	89.2	88.62	67.1	57.81	2018
0	34.602	-1.92	27.24	18.36	14.59	53.14	59.68	75.71	86.96	77.08	68.75	2056
0	25.752	39.26	47.1	4.21	38.41	0.18	38.86	90.04	90.08	75.15	84.38	1811
64	19.708	32.85	84.93	0.0	13.61	0.0	0.0	86.31	85.96	58.42	35.94	1773
0	20.656	34.43	85.85	0.0	9.29	0.0	8.14	88.94	88.31	59.32	57.81	1519
0	42.446	-40.71	5.63	62.11	14.64	71.64	58.21	63.01	81.04	78.2	62.5	1763
64	24.232	39.59	45.79	0.0	25.88	0.96	48.53	88.28	88.13	67.49	67.19	2051
0	42.62	-45.21	21.19	67.37	18.04	72.12	34.38	63.62	79.95	79.04	78.12	2513
64	50.816	-35.56	39.81	76.96	15.72	67.34	54.25	78.63	87.09	83.41	65.62	1755
64	25.352	42.25	69.59	0.0	6.0	0.0	51.17	88.23	88.92	56.46	57.81	2302
0	24.656	38.37	30.94	3.27	19.5	0.0	69.57	88.66	88.41	65.92	56.25	2550
64	53.296	-43.0	17.85	70.29	43.81	87.9	46.63	72.9	84.82	70.73	79.69	2084
64	34.488	10.06	51.57	18.25	25.55	38.65	38.42	82.88	82.91	66.34	51.56	1038
64	21.642	35.87	93.56	0.23	10.97	0.0	3.45	84.41	85.19	58.03	37.5	2542
0	21.194	35.33	52.27	0.0	17.34	0.0	36.36	89.25	88.62	58.34	64.06	1552
64	21.894	36.49	63.82	0.0	23.07	0.0	22.58	88.75	89.51	57.61	60.94	2311
64	24.148	40.25	38.82	0.0	20.85	0.0	61.07	88.82	88.56	58.65	70.31	1331
64	22.81	38.02	45.16	0.0	8.48	0.0	60.41	88.85	88.85	58.79	54.69	1329
0	37.728	-12.58	38.51	49.47	34.58	41.08	25.0	76.7	89.17	81.11	75.0	2584
0	22.858	38.1	44.0	0.0	32.9	0.0	37.39	89.0	88.41	58.95	57.81	1081
0	25.612	24.2	2.08	3.39	9.45	18.79	94.35	84.4	85.82	73.34	50.0	2549
64	23.18	38.63	31.61	0.0	29.82	0.0	54.47	88.9	88.67	59.71	53.12	1518
64	48.042	-30.3	37.38	61.75	32.41	70.69	37.98	81.87	85.3	67.91	70.31	1082
0	24.258	40.43	49.14	0.0	13.13	0.0	59.02	88.64	88.26	55.9	60.94	1521
0	19.364	32.28	66.03	0.0	19.5	0.0	11.29	88.72	89.2	58.65	50.0	1833
0	23.99	39.98	58.04	0.0	41.82	0.0	20.09	88.18	88.89	58.62	46.88	1822
0	22.736	37.89	29.64	0.0	45.11	0.0	38.93	88.64	88.71	57.75	48.44	1035
64	28.844	18.29	21.33	16.84	3.94	18.9	83.21	86.34	88.24	71.38	76.56	1023
64	20.998	35.0	39.46	0.0	34.74	0.0	30.79	89.45	88.57	58.84	62.5	2013
64	22.674	37.79	51.04	0.0	9.4	0.0	52.93	88.82	88.38	57.44	60.94	1322
0	33.868	4.21	24.89	26.32	10.21	36.37	71.55	77.94	90.52	79.46	71.88	1273
64	25.232	42.05	40.2	0.0	29.07	0.0	56.89	88.84	88.56	57.89	78.12	1550
0	20.75	34.58	87.96	0.0	7.73	0.0	8.06	88.71	88.85	58.06	45.31	1044
0	21.928	36.55	82.4	0.0	13.24	0.0	14.0	89.05	88.74	59.15	70.31	1535
64	41.28	38.12	58.92	20.12	73.42	16.7	37.24	87.3	89.84	72.52	78.12	2280
64	42.49	-13.46	41.29	55.67	34.25	45.46	35.78	82.89	87.98	76.92	62.5	1831
0	25.66	38.53	55.79	1.4	24.47	3.68	42.96	88.14	88.41	70.06	65.62	1534
0	20.702	34.5	90.25	0.0	0.65	0.0	12.61	88.52	88.75	58.2	60.94	1513
64	21.25	35.42	56.11	0.0	30.2	0.0	19.94	89.12	88.03	58.98	64.06	1287
0	24.176	40.07	49.84	0.12	27.88	0.15	42.89	88.61	89.17	70.37	73.44	1573
64	30.436	11.23	8.06	31.81	13.07	15.59	83.65	84.36	88.23	75.46	78.12	1070
0	42.706	-18.3	23.41	61.4	19.99	45.97	62.76	75.89	84.56	75.77	76.56	1053
64	21.016	35.03	90.78	0.0	3.67	0.0	10.63	88.69	88.54	57.83	65.62	2312
0	26.414	24.41	54.24	7.95	32.52	15.59	21.77	84.26	83.34	68.3	59.38	1039
64	36.416	5.24	55.33	23.04	30.58	43.51	29.62	85.67	87.04	67.29	67.19	1790
64	22.114	36.46	78.74	0.47	6.43	0.0	24.93	88.79	88.94	67.8	71.88	2573
64	20.292	33.82	87.05	0.0	7.67	0.0	6.74	89.25	89.1	58.59	35.94	2519
0	20.268	33.78	55.68	0.0	22.2	0.0	23.46	88.51	88.8	58.62	54.69	2298
64	23.492	39.15	39.56	0.0	34.2	0.0	43.7	88.34	88.64	56.77	59.38	1780
64	24.178	40.3	42.63	0.0	19.39	0.0	58.87	89.42	89.33	57.64	53.12	1317
64	22.862	38.1	78.46	0.0	9.02	0.0	26.83	88.62	89.37	58.31	43.75	2501
64	43.066	-23.61	15.24	56.02	16.64	58.44	68.99	81.26	82.76	70.2	53.12	1527
64	39.796	-21.54	10.98	44.68	53.97	60.76	28.59	84.1	86.71	70.34	67.19	1807
0	23.414	39.02	0.88	0.0	71.69	0.0	44.5	88.23	88.51	59.51	37.5	1766
64	20.284	33.81	89.48	0.0	11.94	0.0	0.0	88.41	87.09	57.61	39.06	1832
0	25.758	42.41	32.14	0.47	29.61	0.15	66.42	88.94	90.42	70.51	59.38	2041
0	24.164	40.27	27.0	0.0	35.17	0.0	58.65	88.47	88.26	57.64	56.25	1564
64	50.248	-43.04	20.24	72.63	5.62	79.51	73.24	74.7	82.02	68.58	65.62	2588
64	21.924	36.54	47.45	0.0	6.16	0.0	56.01	88.64	88.34	57.3	60.94	2010
64	22.714	37.85	24.5	0.0	16.05	0.0	73.02	88.85	89.13	58.42	57.81	2554
0	25.94	43.23	26.22	0.0	22.91	0.0	80.57	88.95	89.23	57.55	42.19	1566
0	20.232	33.72	98.59	0.0	0.0	0.0	2.57	85.07	85.32	58.23	32.81	2303
64	20.986	34.98	63.22	0.0	29.98	0.0	11.73	89.22	88.34	57.97	39.06	2070
64	22.92	38.2	43.68	0.0	21.29	0.0	49.63	88.62	88.95	58.84	62.5	1084
64	30.952	14.51	48.54	0.58	13.78	43.91	47.95	86.54	86.01	69.03	56.25	2020
64	20.296	33.83	70.64	0.0	28.42	0.0	2.42	88.79	89.05	56.83	50.0	2319
0	27.032	25.02	29.07	5.5	33.44	18.54	48.61	87.76	89.56	81.87	82.81	1049
0	23.64	-33.65	0.25	78.83	0.38	8.83	29.91	32.13	33.83	58.79	40.62	2038
0	26.038	42.04	30.34	0.23	31.5	1.4	66.72	88.51	89.4	69.45	65.62	1253
0	20.026	33.37	87.12	0.0	7.73	0.0	5.28	88.75	88.89	58.7	59.38	1820
64	26.082	43.47	61.32	0.0	22.1	0.0	46.99	88.8	88.61	58.0	53.12	1059
64	24.556	40.93	23.51	0.0	62.83	0.0	36.44	88.74	88.31	58.23	53.12	1018
64	49.332	-42.84	20.49	75.56	26.47	74.51	49.63	77.33	84.08	76.05	71.88	2309
0	22.73	37.88	61.21	0.0	16.15	0.0	36.29	88.24	88.79	57.47	50.0	1808
0	23.904	39.84	26.22	0.0	36.41	0.0	56.89	88.92	89.13	57.19	56.25	2044
64	28.48	27.16	35.62	7.49	51.11	16.88	31.3	87.73	91.05	81.48	81.25	1764
64	30.998	6.93	3.34	42.69	84.76	11.0	13.2	83.14	86.74	70.03	50.0	1014
0	21.9	35.91	73.18	0.7	4.97	0.0	30.65	88.61	88.71	66.59	73.44	2524
64	52.254	-35.77	22.88	64.68	28.2	82.75	62.76	76.52	89.73	81.34	67.19	2263
0	35.736	-89.34	0.0	88.65	0.0	90.03	0.0	6.29	6.01	67.49	35.94	2089
64	21.612	22.57	5.56	16.14	1.46	0.0	84.9	30.32	29.95	8.76	29.69	1304
0	20.718	34.53	65.22	0.0	27.23	0.0	11.14	88.67	88.8	59.21	43.75	1025
64	25.618	42.7	34.39	0.0	30.58	0.0	63.12	88.24	87.98	58.81	59.38	2076
64	22.538	37.56	71.38	0.0	13.45	0.0	27.86	87.9	88.28	57.55	60.94	2295
64	23.802	39.67	25.45	0.0	17.61	0.0	75.95	86.91	87.3	58.06	42.19	1582
64	21.048	35.08	96.41	0.0	0.11	0.0	8.72	88.44	87.93	56.69	42.19	2558
0	22.752	37.92	55.05	0.0	25.72	0.0	32.99	88.44	88.79	59.04	59.38	1570
64	24.54	40.9	49.28	0.0	27.23	0.0	46.19	88.46	88.9	57.89	51.56	2504
64	22.322	37.2	54.59	0.0	32.09	0.0	24.93	88.62	88.16	58.17	35.94	1289
0	25.234	42.06	46.18	0.0	23.61	0.0	56.38	88.74	89.07	58.39	62.5	2017
64	38.956	17.42	47.45	8.42	35.93	48.58	54.4	86.69	91.46	78.46	76.56	1295
64	19.94	33.24	34.21	0.0	64.61	0.0	0.88	88.08	88.94	57.97	35.94	1770
0	21.612	36.02	85.08	0.0	8.32	0.0	14.66	88.77	88.8	58.25	62.5	1013
64	23.174	38.62	34.28	0.0	43.17	0.0	38.42	88.92	89.1	56.18	57.81	1523
0	28.79	22.36	44.98	10.41	9.72	20.34	58.5	83.6	82.89	68.89	56.25	2078
64	49.154	-43.2	24.01	70.41	27.77	79.74	43.84	71.73	81.41	76.05	67.19	2536
0	20.208	33.68	94.9	0.0	0.05	0.0	6.09	88.06	87.78	58.73	39.06	2040
0	24.208	40.35	45.83	0.0	23.82	0.0	51.39	89.45	89.13	58.11	62.5	2313
64	46.256	-22.91	34.88	49.94	42.46	70.06	33.94	84.61	88.34	80.11	70.31	1776
64	58.92	-32.54	59.13	79.88	48.89	77.01	29.69	79.56	86.36	77.87	54.69	2253
0	23.564	39.27	46.32	0.0	33.82	0.0	37.68	87.96	88.13	57.02	54.69	2026
64	24.424	40.71	66.21	0.0	5.4	0.0	50.51	89.0	88.46	57.72	48.44	1546
0	45.348	-46.31	25.8	75.91	16.91	70.36	37.76	65.24	81.32	77.2	73.44	2317
64	23.17	38.62	2.64	0.0	83.52	0.0	29.69	89.3	89.46	58.14	40.62	1324
0	20.348	33.91	99.47	0.0	0.0	0.0	2.27	85.54	85.62	58.2	37.5	1547
64	19.718	32.86	95.99	0.0	0.11	0.0	2.49	88.8	88.71	57.41	51.56	1828
0	36.134	-4.73	11.09	32.05	30.63	45.9	61.0	80.14	87.88	78.06	76.56	1565
0	42.744	-47.37	27.0	74.04	34.41	68.3	9.97	61.21	71.4	72.78	57.81	1308
0	22.326	37.21	51.74	0.0	39.22	0.0	20.67	88.94	88.72	57.69	53.12	2074
0	22.426	37.37	61.74	0.0	13.51	0.0	36.88	89.15	89.17	66.9	68.75	2572
64	56.786	-26.0	73.85	61.87	40.68	82.9	24.63	79.76	85.01	79.35	68.75	2559
0	30.638	2.76	63.36	57.89	29.82	0.07	2.05	82.71	73.79	67.43	37.5	1026
0	22.208	37.01	58.18	0.0	14.37	0.0	38.49	88.57	88.41	57.41	42.19	2281
0	21.438	34.95	45.05	0.94	25.72	0.0	35.48	86.54	86.72	58.51	46.88	2258
64	21.736	36.23	70.5	0.0	5.19	0.0	32.99	89.6	89.23	58.84	56.25	2517
64	23.874	39.79	80.25	0.0	3.78	0.0	35.34	88.61	88.62	57.67	51.56	2260
0	23.61	39.35	66.17	0.0	20.58	0.0	31.3	89.94	90.27	72.89	70.31	1080
64	21.332	35.55	68.15	0.0	31.33	0.0	7.18	88.85	89.45	58.9	56.25	2503
0	23.302	38.84	58.22	0.0	19.07	0.0	39.22	89.15	88.62	58.03	43.75	2506
0	28.416	20.19	52.8	14.62	22.74	17.98	33.94	84.59	80.78	66.84	62.5	1777
0	24.244	40.41	30.87	0.0	31.33	0.0	59.02	88.95	88.49	58.84	62.5	2548
0	25.578	42.63	89.09	0.0	14.75	0.0	24.05	44.68	44.93	0.45	26.56	2279
0	40.946	-10.89	11.23	41.52	38.2	53.44	60.34	76.65	84.03	75.13	65.62	2294
0	25.5	42.5	31.29	0.0	28.25	0.0	67.96	88.61	88.16	56.74	65.62	2511
64	25.038	41.73	19.61	0.0	21.12	0.0	84.46	88.77	89.32	59.07	56.25	1032
64	21.974	36.62	40.87	0.0	21.93	0.0	47.07	88.64	88.8	57.11	57.81	1309
0	24.164	40.27	35.52	0.0	27.82	0.0	57.48	88.66	88.59	57.5	65.62	2023
64	23.366	36.32	24.74	3.16	0.59	0.0	88.34	78.7	79.47	57.22	26.56	2065
64	42.052	-21.31	27.95	39.53	37.01	70.14	35.63	82.15	86.0	70.03	64.06	1278
0	19.992	33.32	99.96	0.0	0.0	0.0	0.0	87.33	87.96	57.83	34.38	2015
64	47.924	-55.51	36.33	85.85	16.05	76.61	24.78	75.68	85.09	80.89	68.75	1774
64	22.14	36.9	3.45	0.0	12.75	0.0	94.5	87.58	87.73	58.9	48.44	1754
0	22.164	36.94	62.02	0.0	42.57	0.0	6.23	88.47	88.67	58.2	35.94	2286
0	22.59	37.65	8.98	0.0	38.57	0.0	65.4	88.13	88.04	58.25	40.62	2563
64	21.628	36.05	74.59	0.0	25.34	0.0	8.21	88.72	88.94	59.29	46.88	1264
64	23.274	38.79	56.6	0.0	13.07	0.0	46.7	88.61	88.54	57.39	71.88	2539
0	23.252	38.75	52.02	0.0	30.15	0.0	34.09	88.72	88.44	58.62	54.69	2530
0	23.072	37.32	45.9	0.0	23.45	1.36	44.65	88.74	87.98	68.13	70.31	2275
64	20.156	33.59	97.99	0.0	0.22	0.0	2.57	88.8	88.61	57.44	60.94	2589
64	20.25	33.75	45.12	0.0	11.78	0.0	44.35	88.23	88.89	57.95	57.81	2261
0	21.076	35.12	85.29	0.0	2.27	0.0	17.82	88.99	89.2	58.34	67.19	1792
64	24.688	36.23	37.94	2.11	43.6	3.79	36.0	88.26	88.67	68.02	70.31	2544
64	20.448	34.08	87.36	0.0	12.75	0.0	2.13	86.43	86.81	58.59	42.19	1562
0	28.468	47.45	65.47	0.0	24.74	0.0	52.13	44.47	46.17	0.36	39.06	1262
64	22.87	38.12	48.79	0.0	12.26	0.0	53.3	89.05	88.29	58.11	54.69	2005
0	25.712	42.82	46.43	0.0	23.07	0.04	59.02	88.19	88.49	68.97	71.88	1005
64	39.994	-24.12	57.41	54.5	14.64	54.43	18.99	81.84	90.13	81.51	65.62	1016
64	51.482	-28.34	28.23	67.02	43.6	69.95	48.61	82.88	89.02	80.3	75.0	1557
0	46.356	-56.86	8.69	81.4	13.61	79.55	48.53	56.84	71.61	75.97	60.94	2029
0	20.914	34.86	96.55	0.0	2.81	0.0	5.21	88.9	88.9	58.25	53.12	2326
64	53.19	-45.23	32.59	74.27	56.13	86.39	16.57	74.55	83.32	78.62	71.88	2300
0	45.612	-47.55	25.62	76.49	23.66	71.79	30.5	66.66	83.95	81.9	68.75	2575
0	48.24	-31.68	35.8	71.93	34.47	62.56	36.44	77.68	74.01	67.38	57.81	1504
0	21.018	35.03	31.93	0.0	47.87	0.0	25.29	88.66	88.82	57.58	42.19	1009
0	20.716	34.53	94.9	0.0	3.4	0.0	5.28	88.69	88.8	57.86	59.38	1263
0	30.12	26.23	54.45	28.77	22.37	0.0	45.01	87.29	85.2	67.15	37.5	1002
64	25.082	32.92	44.74	1.87	36.95	8.79	33.06	87.05	86.87	67.21	70.31	2571
64	29.876	11.47	4.47	17.19	75.9	28.8	23.02	81.18	84.61	67.8	53.12	1302
64	23.194	38.66	50.58	0.0	42.52	0.0	22.87	88.21	88.44	58.23	71.88	1333
64	25.76	26.46	14.22	19.77	68.56	0.0	26.25	87.32	88.51	66.4	59.38	1085
64	25.0	41.67	46.25	0.0	19.07	0.0	59.68	88.52	88.54	57.61	60.94	1030
64	25.374	42.29	46.6	0.0	3.51	0.0	76.76	43.79	41.55	1.43	31.25	1796
64	25.208	42.01	35.69	0.0	62.34	0.0	28.01	88.69	88.77	58.45	57.81	1297
0	25.956	42.87	72.23	0.47	21.45	0.0	35.63	88.14	86.62	69.45	60.94	1503
64	19.856	33.09	78.25	0.0	6.37	0.0	14.66	88.67	88.79	56.86	45.31	1286
0	22.574	37.62	64.24	0.0	7.35	0.0	41.28	89.02	88.59	58.42	65.62	1579
0	21.86	36.43	93.98	0.0	4.32	0.0	11.0	89.27	88.74	58.11	54.69	2269
64	22.492	37.49	71.59	0.0	11.4	0.0	29.47	88.39	88.21	59.32	50.0	2009
0	22.93	38.22	82.4	0.0	7.62	0.0	24.63	88.82	88.49	57.64	43.75	1301
64	47.654	-38.58	24.15	68.42	38.79	73.19	33.72	80.76	81.21	67.85	54.69	2039
0	24.98	40.33	51.81	1.05	22.85	0.51	48.68	87.93	87.48	68.19	56.25	2012
0	40.43	-52.76	2.92	68.89	32.25	75.29	22.8	53.62	79.08	74.12	50.0	1003
64	20.944	34.9	82.86	0.0	11.08	0.0	10.78	88.47	88.36	57.44	64.06	1075
0	22.98	38.01	56.25	0.35	18.64	0.0	39.66	88.38	88.29	66.45	65.62	1511
0	23.452	38.99	35.69	0.12	41.71	0.0	39.74	88.69	89.13	68.1	62.5	1805
0	26.432	26.66	23.65	13.33	59.05	7.54	28.59	87.22	83.97	69.5	64.06	2046
0	22.028	36.71	76.63	0.0	3.08	0.0	30.43	88.85	88.0	57.92	59.38	2027
0	22.128	36.88	66.74	0.0	10.91	0.0	32.99	88.89	88.57	58.17	60.94	1056
64	45.548	-28.94	12.39	63.16	6.97	62.67	82.55	80.27	86.0	73.75	73.44	2033
0	23.186	38.64	71.77	0.0	6.7	0.0	37.46	33.65	34.05	0.08	28.12	1810
64	37.92	-17.82	37.7	80.35	18.31	16.88	36.36	83.42	83.75	70.98	57.81	1256
64	20.458	34.09	81.52	0.0	15.78	0.0	4.99	88.03	88.89	57.58	57.81	1530
64	43.394	-37.99	17.25	70.88	13.83	61.49	53.52	76.85	86.67	81.17	62.5	2518
0	20.356	33.93	94.79	0.0	0.32	0.0	6.67	89.02	89.0	58.53	64.06	1087
64	26.332	16.05	2.57	11.23	3.89	22.18	91.79	83.39	89.68	79.55	82.81	2505
64	22.092	36.82	20.1	0.0	61.91	0.0	28.45	88.69	88.11	58.76	68.75	2525
64	25.518	42.53	37.17	0.0	31.33	0.0	59.09	88.62	88.71	56.18	59.38	1803
0	23.188	38.65	34.53	0.0	24.96	0.0	56.45	88.85	88.75	57.89	62.5	2081
0	24.774	32.36	61.32	4.09	21.93	6.62	29.91	86.48	86.08	67.4	59.38	1290
64	25.964	43.27	63.64	0.0	20.21	0.0	45.97	89.12	88.44	57.44	46.88	2314
0	29.228	31.45	36.11	2.81	39.6	17.91	49.71	85.77	85.85	69.36	57.81	1551
0	21.708	36.18	70.5	0.0	18.91	0.0	19.13	88.66	88.71	67.18	56.25	2540
64	20.0	33.33	100.0	0.0	0.0	0.0	0.0	88.42	88.13	57.33	53.12	1024
0	33.226	15.86	24.01	28.07	13.18	19.35	81.52	84.02	90.16	75.43	75.0	2515
0	24.098	40.17	70.01	0.0	12.8	0.0	37.68	89.56	89.17	57.47	51.56	2581
64	28.314	21.39	33.05	5.03	46.84	25.93	30.72	87.27	87.67	69.45	54.69	1259
0	24.56	40.93	41.46	0.0	12.64	0.0	68.7	88.61	88.57	57.19	56.25	1086
64	21.464	25.54	94.61	12.28	0.43	0.0	0.0	72.49	72.26	57.64	35.94	2067
64	26.232	43.53	22.46	0.12	61.26	0.11	47.21	87.37	90.82	73.56	62.5	1515
64	46.766	-50.14	14.04	74.04	22.69	79.66	43.4	71.68	77.49	75.57	71.88	2585
0	24.98	41.64	21.47	0.0	20.15	0.0	83.28	88.9	88.62	58.34	43.75	2532
64	43.1	-28.84	11.72	55.09	37.44	65.72	45.53	72.69	83.97	76.97	54.69	2514
64	20.098	33.5	72.62	0.0	20.69	0.0	7.18	88.47	88.72	59.71	40.62	2580
64	44.546	-27.24	38.82	39.18	12.64	82.6	49.49	74.72	85.42	71.49	67.19	1291
0	21.242	35.41	74.02	0.0	1.4	0.0	30.79	87.7	88.71	57.55	46.88	2022
64	26.96	33.84	33.23	0.0	42.73	13.31	45.53	87.19	90.57	69.19	60.94	2272
64	21.03	35.05	90.71	0.0	8.21	0.0	6.23	88.92	88.77	58.59	46.88	1818
64	38.854	-6.28	37.94	65.5	59.86	19.75	11.22	83.72	84.96	68.21	70.31	1045
64	22.592	37.66	63.67	0.0	16.96	0.0	32.33	88.75	88.31	58.67	57.81	1288
64	21.128	35.21	70.4	0.0	3.13	0.0	32.11	88.16	88.66	59.01	57.81	1258
0	45.672	-30.5	38.65	57.08	30.31	70.87	31.45	76.39	73.2	67.35	45.31	1066
64	22.052	36.75	81.94	0.0	10.43	0.0	17.89	88.74	88.36	57.53	54.69	1265
64	60.398	-37.39	38.72	75.44	34.85	90.22	62.76	76.98	88.61	80.44	75.0	2293
64	35.992	0.97	63.67	35.56	29.55	35.27	15.91	86.38	87.6	68.38	54.69	1761
64	25.256	36.55	34.11	2.46	51.43	4.19	34.09	87.37	88.23	66.93	76.56	2522
64	44.838	-20.22	17.49	50.06	36.09	63.88	56.67	78.07	87.55	73.78	68.75	1022
0	24.578	40.97	51.21	0.0	44.41	0.0	27.27	88.75	88.64	58.23	53.12	1549
64	21.782	36.3	73.39	0.0	8.54	0.0	26.98	88.49	88.69	56.97	53.12	2299
64	22.788	37.98	31.57	0.0	32.74	0.0	49.63	88.16	87.75	58.42	62.5	1555
0	20.58	34.3	98.2	0.0	0.59	0.0	4.11	89.68	88.64	58.56	50.0	2520
0	38.58	-18.79	14.19	49.24	38.47	50.46	40.54	67.92	79.05	73.84	54.69	1251
64	24.77	40.93	35.73	0.35	37.33	0.07	50.37	88.47	87.81	67.32	65.62	1771
0	20.882	34.8	84.41	0.0	8.64	0.0	11.36	88.44	88.85	58.45	39.06	2024
0	24.998	41.66	19.85	0.0	57.27	0.0	47.87	88.56	88.36	57.95	60.94	2305
0	21.388	35.65	38.79	0.0	47.7	0.0	20.45	88.52	88.66	56.02	51.56	1522
64	22.428	37.38	65.96	0.0	0.65	0.0	45.53	88.72	88.67	57.36	51.56	2508
64	40.882	-14.58	29.0	53.22	65.8	46.05	10.34	80.6	86.58	71.29	68.75	2531
0	29.992	16.98	21.08	24.68	13.61	14.93	75.66	85.7	92.17	82.51	65.62	1007
0	23.042	38.4	33.47	0.0	17.88	0.0	63.86	89.43	88.8	57.81	59.38	2287
0	22.41	37.35	85.46	0.0	7.46	0.0	19.13	88.94	88.59	57.55	60.94	1804
64	23.112	38.52	7.85	0.0	31.98	0.0	75.73	88.24	88.33	58.95	46.88	1799
0	22.362	37.27	60.89	0.0	16.1	0.0	34.82	89.0	88.94	58.51	53.12	2512
64	48.02	-32.09	63.11	60.58	23.61	73.96	18.84	81.09	84.86	67.6	56.25	1300
64	20.484	34.14	95.46	0.0	0.0	0.0	6.96	88.26	88.51	57.69	50.0	1502
64	48.018	-38.92	8.52	70.18	39.71	72.56	49.12	80.56	85.67	70.93	57.81	1775
64	25.31	42.18	23.06	0.0	26.36	0.0	77.13	88.51	88.59	57.83	45.31	1765
64	21.476	35.79	57.2	0.0	43.44	0.0	6.74	89.18	88.61	58.7	45.31	1079
0	23.08	38.46	36.54	0.0	45.87	0.0	32.99	88.0	88.01	58.34	39.06	2289
0	25.04	41.73	47.45	0.0	22.1	0.0	55.65	88.67	88.51	57.86	50.0	1323
64	26.05	39.67	31.89	2.22	22.53	2.28	71.33	88.04	89.56	72.41	70.31	2284
64	23.534	39.22	25.45	0.0	17.88	0.0	74.34	88.95	88.85	58.11	65.62	1071
64	21.156	35.26	19.68	0.0	76.72	0.0	9.38	88.74	88.64	58.09	51.56	2255
64	23.66	39.43	21.37	0.0	18.26	0.0	78.67	88.44	88.99	58.76	64.06	1778
0	21.428	35.71	86.06	0.0	8.54	0.0	12.54	87.85	87.65	58.23	46.88	1752
0	22.06	36.77	66.98	0.0	9.08	0.0	34.24	88.66	88.64	57.53	48.44	1782
0	31.078	-4.68	8.91	34.27	7.89	33.5	70.82	78.6	89.66	81.84	78.12	2562
0	24.47	40.2	32.21	0.7	31.6	0.0	57.84	88.77	88.52	67.04	71.88	2306
0	44.53	-45.09	3.91	66.08	22.64	77.09	52.93	65.6	83.01	81.14	70.31	2574
64	50.24	-29.22	13.41	75.67	32.09	59.87	70.16	78.98	84.41	68.07	57.81	1335
0	38.156	-58.89	15.52	68.42	23.07	78.56	5.21	58.54	81.54	83.16	73.44	1072
0	20.314	33.86	47.2	0.0	11.99	0.0	42.38	88.31	88.28	58.87	37.5	2057
64	43.042	-19.97	14.11	38.48	26.9	71.57	64.15	82.79	85.85	74.34	56.25	2576
0	28.494	24.12	48.33	10.06	32.52	17.98	33.58	86.66	84.3	67.24	59.38	1827
64	25.754	42.92	50.76	0.0	18.04	0.0	59.97	88.52	88.61	57.33	46.88	1255
0	40.414	-38.12	22.63	67.25	25.45	59.32	27.42	71.81	85.96	82.04	68.75	2019
64	22.53	37.55	36.11	0.0	55.43	0.0	21.11	88.38	88.72	59.15	40.62	2088
64	24.848	41.41	33.09	0.0	44.3	0.0	46.85	89.25	88.62	59.07	62.5	1532
64	31.118	18.45	33.72	2.81	23.12	37.29	58.65	86.36	87.15	68.07	67.19	1055
64	49.506	-55.95	27.95	81.05	35.76	85.1	17.67	74.98	86.03	79.91	73.44	2288
0	39.492	-7.04	73.5	58.01	33.01	29.42	3.52	85.95	76.8	70.84	50.0	1064
64	48.34	-40.2	33.33	69.12	50.84	75.8	12.61	79.56	83.54	73.2	57.81	2557
64	22.02	36.7	52.02	0.0	17.02	0.0	41.06	88.72	88.62	58.53	71.88	1759
64	20.21	33.68	70.15	0.0	18.8	0.0	12.1	88.62	89.07	58.84	42.19	1276
0	35.054	-11.41	42.7	37.19	20.48	46.6	28.3	84.86	86.62	81.42	70.31	1575
0	34.89	-11.05	6.16	83.04	82.17	0.0	3.08	74.29	73.07	69.22	46.88	2553
64	24.696	41.16	33.83	0.0	42.95	0.0	46.7	89.05	89.37	55.46	40.62	1540
64	20.222	31.75	98.77	2.34	0.0	0.0	0.0	79.97	80.8	57.19	34.38	1277
0	21.736	36.23	71.07	0.0	6.16	0.0	31.45	89.17	88.31	59.37	53.12	2055
64	21.254	35.42	72.4	0.0	21.99	0.0	11.88	89.37	89.04	58.31	59.38	2292
0	20.58	34.3	96.13	0.0	2.22	0.0	4.55	88.57	88.61	58.03	46.88	1512
0	44.262	-46.2	25.41	70.41	37.49	73.56	14.44	62.07	71.48	71.4	67.19	2004
0	32.68	17.14	16.19	44.8	23.01	0.0	79.4	87.9	88.61	71.96	67.19	1328
0	47.786	-48.97	9.93	81.29	11.4	73.04	63.27	70.48	79.57	75.27	73.44	2054
64	22.882	38.13	27.67	0.0	28.53	0.0	58.21	88.33	88.61	57.97	56.25	1574
0	27.176	27.98	51.74	7.02	23.55	13.76	39.81	87.33	85.44	66.79	62.5	1791
0	20.602	34.34	89.3	0.0	1.03	0.0	12.68	88.51	88.79	56.77	57.81	2500
0	24.878	41.46	52.41	0.0	8.27	0.0	63.71	88.54	88.41	58.2	59.38	1252
0	46.366	-48.0	24.43	78.36	37.28	71.97	19.79	76.21	65.51	81.7	68.75	2320
0	26.324	37.21	29.04	1.64	31.82	6.36	62.76	87.75	90.37	71.57	68.75	1509
0	22.946	38.25	56.21	0.0	1.78	0.0	56.74	35.22	34.49	0.11	26.56	2579
0	26.882	29.34	26.54	14.74	29.93	3.82	59.38	88.57	85.29	77.67	70.31	1325
64	28.696	20.6	25.94	13.8	68.67	18.87	16.2	87.12	88.29	70.17	68.75	1516
0	25.29	42.15	37.49	0.0	45.92	0.0	43.04	89.07	88.14	58.34	50.0	1303
0	24.408	40.68	6.2	0.0	41.06	0.0	74.78	88.57	88.62	59.18	46.88	1294
0	22.658	37.66	35.23	0.12	21.56	0.0	56.38	88.62	87.73	66.82	51.56	1529
64	36.24	2.94	35.9	9.12	20.04	59.84	56.3	84.99	85.49	69.53	54.69	1757
0	33.944	5.04	32.88	29.36	48.46	32.48	26.54	82.88	84.08	70.76	57.81	2577
0	21.282	35.47	61.42	0.0	16.1	0.0	28.89	89.17	88.29	68.69	56.25	1315
64	24.266	40.44	67.93	0.0	6.92	0.0	46.48	88.39	88.49	58.48	43.75	2566
64	46.478	-22.38	41.53	45.85	24.64	73.96	46.41	78.42	78.3	66.76	62.5	1065
0	24.28	40.47	35.8	0.0	40.73	0.0	44.87	88.59	88.11	59.63	59.38	1312
64	27.986	25.88	29.88	9.36	51.7	15.56	33.43	87.22	87.2	68.77	67.19	2274
64	23.682	39.47	32.63	0.0	48.46	0.0	37.32	88.39	88.01	58.31	50.0	1068
64	25.032	41.72	29.92	0.0	22.15	0.0	73.09	88.23	88.9	57.19	54.69	1545
64	42.932	-32.45	1.09	58.6	58.56	66.2	30.21	77.16	85.07	72.3	73.44	1578
64	24.51	40.85	67.19	0.0	18.48	0.0	36.88	88.49	88.21	59.23	56.25	2042
64	27.99	30.47	73.85	7.02	33.93	12.39	12.76	88.11	91.41	75.63	76.56	2568
0	21.298	35.5	54.52	0.0	9.08	0.0	42.89	88.62	88.75	57.67	59.38	1062
64	23.952	39.21	32.45	0.82	26.26	0.04	60.19	88.61	88.77	67.54	60.94	2273
0	46.978	-42.38	13.41	65.85	51.16	78.96	25.51	64.98	69.37	68.8	54.69	2083
0	21.05	35.08	69.59	0.0	5.67	0.0	29.99	88.44	88.71	58.65	51.56	1536
64	42.402	-34.05	17.39	45.26	63.53	80.4	5.43	79.89	86.89	81.03	76.56	1581
0	24.188	22.69	39.88	5.26	28.53	15.89	31.38	84.76	89.28	77.59	65.62	2035
0	23.566	39.28	15.45	0.0	51.65	0.0	50.73	89.04	89.4	58.25	56.25	1501
0	38.88	2.52	34.32	28.07	31.6	46.67	53.74	85.49	86.33	74.65	78.12	2296
64	39.164	8.02	46.15	20.82	75.9	47.89	5.06	87.0	89.88	81.65	67.19	2307
64	44.81	-16.81	43.37	59.18	30.2	50.61	40.69	85.12	89.99	80.67	65.62	0000
64	21.15	35.25	49.67	0.0	13.56	0.0	42.52	88.54	88.69	56.91	59.38	2587
64	32.898	8.25	24.22	23.86	62.83	32.03	21.55	84.26	84.78	68.66	65.62	2047
0	41.912	-34.61	10.21	59.88	21.29	65.47	52.71	70.24	86.13	82.51	71.88	2328
0	23.32	37.7	19.04	1.4	22.04	0.0	74.12	76.88	76.93	57.64	45.31	1786
64	24.5	40.84	64.48	0.0	18.58	0.0	39.44	88.24	88.61	57.13	53.12	1751
0	23.322	38.87	39.63	0.0	26.69	0.0	50.29	88.28	88.72	57.61	39.06	1814
64	37.68	-3.43	49.1	30.64	22.8	48.84	37.02	85.07	83.09	68.38	48.44	2329
0	22.622	37.31	82.26	0.47	20.26	0.0	10.12	81.47	81.39	59.09	42.19	1034
64	20.156	32.72	87.36	1.05	0.05	0.0	12.32	82.02	82.05	57.47	35.94	2318
64	32.622	15.34	39.35	8.19	27.07	38.65	49.85	85.22	85.37	66.31	62.5	1779
64	48.366	-37.64	22.88	62.57	35.55	79.33	41.5	78.47	85.39	74.01	73.44	2282
0	48.522	-37.61	18.9	77.08	32.04	65.1	49.49	75.63	74.64	69.42	57.81	2008
64	53.58	-46.87	21.82	89.01	7.67	74.4	75.0	70.53	75.33	64.97	43.75	2276
0	43.57	-17.35	38.82	45.15	27.66	62.82	43.4	81.89	81.21	68.33	57.81	1825
0	47.414	-33.82	36.96	62.22	26.8	73.19	37.9	75.99	75.76	68.07	51.56	2582
0	33.144	7.11	18.44	7.37	49.27	50.39	40.25	78.9	82.38	71.6	67.19	2551
64	21.568	35.95	92.33	0.0	1.73	0.0	13.78	88.72	88.33	58.0	54.69	1052
0	20.986	34.98	8.94	0.0	82.5	0.0	13.49	89.65	87.45	71.8	59.38	2068
64	23.404	39.01	11.37	0.0	67.75	0.0	37.9	88.66	88.89	57.22	43.75	2257
64	26.856	19.26	14.68	11.11	2.05	19.49	86.95	85.12	89.04	76.75	81.25	2327
64	20.982	34.97	96.48	0.0	2.27	0.0	6.16	88.99	88.89	58.87	60.94	1316
64	22.852	38.08	32.84	0.0	17.56	0.0	63.86	88.84	88.95	58.23	42.19	1569
0	22.344	37.24	76.1	0.0	17.07	0.0	18.55	88.56	88.71	57.72	62.5	2259
64	20.602	34.34	95.56	0.0	1.73	0.0	5.72	88.9	89.12	59.09	51.56	1813
0	43.856	-13.85	23.02	51.23	34.74	53.11	57.18	79.08	78.24	67.52	57.81	1269
64	33.512	26.28	34.81	16.73	35.82	18.76	61.44	89.75	91.93	82.46	79.69	2034
0	24.5	40.7	42.63	0.12	32.2	0.04	47.51	88.9	88.49	68.33	71.88	2266
0	19.946	33.24	61.53	0.0	21.12	0.0	17.08	88.69	88.54	58.95	48.44	1313
64	23.214	38.69	33.69	0.0	17.5	0.0	64.88	89.18	88.97	58.14	42.19	2545
64	23.426	39.04	65.75	0.0	10.32	0.0	41.06	88.67	88.94	58.17	29.69	2001
0	22.25	36.99	71.7	0.12	14.8	0.0	24.63	89.17	89.05	67.8	65.62	1306
64	32.658	18.7	38.89	7.02	36.95	35.86	44.57	88.01	90.36	80.41	76.56	1036
0	22.862	38.1	40.69	0.0	28.53	0.0	45.09	88.57	87.76	58.09	53.12	1006
64	47.726	-43.7	9.4	82.57	46.08	65.32	35.26	81.44	81.19	69.64	60.94	1282
0	29.948	21.87	27.38	11.11	41.71	22.55	46.99	84.02	82.53	67.63	56.25	1020
64	24.278	40.46	53.19	0.0	12.26	0.0	55.94	88.39	88.89	59.07	51.56	2077
0	19.28	32.13	78.42	0.0	3.46	0.0	14.52	88.21	88.42	57.3	54.69	1544
0	22.22	37.04	74.3	0.0	8.43	0.0	28.37	33.75	34.11	0.0	25.0	1017
64	22.47	33.71	72.54	0.12	11.56	4.38	23.75	88.04	87.91	66.54	70.31	2535
0	21.898	36.5	81.38	0.0	1.94	0.0	26.17	88.51	89.27	58.31	56.25	1531
64	20.352	33.92	93.31	0.0	3.24	0.0	5.21	88.24	89.02	58.06	50.0	1031
64	25.64	42.73	79.27	0.0	0.54	0.0	48.39	88.14	88.04	58.09	31.25	2251
0	42.734	-26.38	13.41	64.09	43.33	53.03	39.81	76.37	80.48	71.6	57.81	1299
0	24.306	40.09	43.79	0.35	34.79	0.15	42.45	88.69	89.43	71.12	79.69	1812
64	22.47	-12.26	38.19	59.65	11.72	0.0	2.79	63.33	64.42	58.09	48.44	2561
0	22.428	37.38	66.95	0.0	14.69	0.0	30.5	88.18	88.44	56.24	54.69	1554
0	24.22	39.66	57.23	0.58	17.94	0.26	45.09	88.64	88.47	67.49	64.06	2071
64	48.134	-5.08	42.63	38.95	39.01	63.41	56.67	83.49	88.89	81.87	75.0	2080
0	17.868	29.78	38.16	0.0	51.11	0.0	0.07	88.84	88.9	58.81	37.5	2521
64	22.522	37.54	67.93	0.0	14.69	0.0	29.99	89.86	88.85	57.47	48.44	1310
0	23.376	38.96	20.94	0.0	44.62	0.0	51.32	88.74	88.62	58.14	51.56	1806
0	24.314	27.15	60.72	10.53	10.86	5.52	33.94	87.8	83.21	68.27	54.69	2285
0	24.234	40.39	27.07	0.0	29.66	0.0	64.44	88.34	88.34	57.58	56.25	1520
0	23.694	39.49	54.95	0.0	20.48	0.0	43.04	89.1	88.59	67.4	65.62	1525
0	23.036	38.39	54.17	0.0	29.12	0.0	31.89	88.23	88.57	59.29	60.94	1076
0	22.976	38.3	50.3	0.0	23.82	0.0	40.76	88.46	88.69	58.28	64.06	2073
0	22.924	38.21	33.23	0.0	11.45	0.0	69.94	88.77	88.38	57.58	62.5	1517
0	20.948	34.91	90.11	0.0	2.97	0.0	11.66	88.87	88.69	56.88	76.56	1815
0	37.364	-4.8	32.03	23.74	29.07	56.75	45.23	81.03	77.94	68.3	64.06	2278
64	23.436	39.06	54.38	0.0	25.12	0.0	37.68	88.82	88.8	57.3	57.81	2547
64	22.016	36.69	64.98	0.0	34.25	0.0	10.85	88.74	89.18	58.0	51.56	2322
64	20.368	33.94	86.45	0.0	3.73	0.0	11.66	88.72	89.1	58.42	54.69	1283
0	21.786	36.31	93.84	0.0	6.37	0.0	8.72	88.77	88.46	58.87	32.81	1332
0	22.202	37.0	80.92	0.0	14.91	0.0	15.18	87.5	87.47	57.05	48.44	2546
64	19.924	33.2	44.67	0.0	46.52	0.0	8.43	88.66	88.47	58.03	50.0	2063
0	22.33	37.22	38.54	0.0	16.59	0.0	56.52	88.38	88.94	57.97	67.19	2037
0	21.048	35.08	52.62	0.0	33.71	0.0	18.91	88.41	89.02	57.78	60.94	1753
64	43.54	-28.64	22.95	39.06	26.9	82.38	46.41	71.27	80.2	72.3	60.94	2087
0	22.586	37.45	45.2	0.23	30.04	0.0	37.46	88.79	87.9	65.44	67.19	1758
0	35.736	-89.34	0.0	88.65	0.0	90.03	0.0	6.27	5.81	67.66	51.56	1583
64	54.838	-47.95	34.42	75.09	6.86	92.13	65.69	70.69	84.59	80.5	60.94	1311
0	22.002	36.67	71.35	0.0	7.94	0.0	30.72	89.15	89.2	57.72	59.38	2079
0	43.738	-51.19	10.7	79.65	17.23	69.25	41.86	63.36	85.91	83.86	75.0	1783
0	28.866	21.21	9.08	3.74	22.91	28.54	80.06	85.65	85.6	68.19	71.88	1826
0	35.628	-3.38	13.69	28.54	35.98	46.78	53.15	81.14	90.69	82.23	70.31	2290
0	35.992	7.09	35.3	33.1	38.95	30.38	42.23	84.79	84.82	69.95	59.38	2060
64	19.94	33.23	90.25	0.0	9.45	0.0	0.0	86.66	87.04	58.51	35.94	1012
64	47.486	-15.99	22.03	52.63	24.04	61.53	77.2	77.11	86.31	69.84	65.62	1541
64	31.516	22.75	20.73	4.21	83.74	31.52	17.38	83.07	86.76	64.58	48.44	1268
64	34.38	-0.44	12.43	47.37	40.25	21.92	49.93	84.96	84.91	68.89	43.75	1043
0	34.798	-4.36	8.38	26.32	23.18	48.51	67.6	78.15	83.26	70.71	60.94	1798
64	38.71	-9.84	29.29	49.47	52.08	39.76	22.95	85.62	83.8	68.58	53.12	1553
64	45.794	-52.54	15.42	80.23	35.39	74.4	23.53	75.41	87.04	83.07	81.25	1292
64	23.486	39.14	63.25	0.0	1.03	0.0	53.15	48.48	48.12	6.04	15.62	1537
64	22.588	37.64	16.9	0.0	69.21	0.0	26.83	88.72	88.77	58.39	59.38	1047
64	55.082	-11.56	54.95	45.15	22.15	78.89	74.27	82.94	90.52	77.87	81.25	2011
0	42.144	-34.29	7.74	65.96	13.18	59.47	64.37	73.79	86.11	81.48	68.75	1560
64	21.892	36.49	66.31	0.0	1.73	0.0	41.42	88.66	88.41	58.45	65.62	1538
0	21.824	34.03	79.62	2.81	12.32	0.0	14.37	88.03	86.39	67.4	59.38	1510
0	44.292	-49.01	10.95	84.33	17.88	63.07	45.23	70.67	76.12	80.53	73.44	1330
64	24.126	31.27	70.47	8.19	11.72	2.54	27.71	87.32	87.04	66.79	64.06	1543
0	23.522	-24.73	39.56	76.73	0.0	0.0	1.32	57.76	58.26	58.48	34.38	1015
0	42.396	-24.08	34.04	54.5	25.18	59.18	39.08	82.32	85.75	83.16	62.5	2586
0	42.416	-19.71	46.99	59.53	17.61	48.95	39.0	82.2	79.16	74.65	56.25	1267
0	24.488	27.65	26.12	4.8	70.77	11.0	9.75	85.95	85.11	70.06	64.06	1279
0	25.632	42.5	57.13	0.12	34.47	0.15	36.29	88.51	89.81	70.98	70.31	1010
0	25.346	42.25	34.49	0.0	25.82	0.0	66.42	88.46	88.41	58.73	43.75	1314
64	21.794	36.32	91.52	0.0	2.27	0.0	15.18	88.82	88.69	58.17	48.44	2323
0	23.724	39.54	56.95	0.0	11.89	0.0	49.78	88.72	88.66	58.81	65.62	1801
0	27.922	16.06	20.03	16.37	39.98	20.19	43.04	82.73	88.46	74.01	75.0	1296
0	21.358	35.6	71.24	0.0	12.97	0.0	22.58	89.3	89.02	58.56	50.0	2502
