K	ADVFM_AVG	ADVFM_NEW-OLD	ADVFM_behind	ADVFM_in	ADVFM_near	ADVFM_on	FM	FMS	PT	SYNTH	ID
64	32.6075	26.49	44.81	4.77	46.9	33.95	89.47	91.82	82.37	71.88	2025
64	61.7	-25.24	46.61	67.26	51.55	81.38	81.85	90.0	86.07	78.12	1526
0	36.65	2.92	12.86	27.52	63.36	42.86	73.61	92.59	84.63	89.06	3533
64	52.4125	-14.54	49.09	56.05	41.19	63.32	82.2	84.97	80.86	75.0	3528
64	41.16	19.63	62.57	26.3	39.39	36.38	86.47	90.04	80.14	82.81	2069
64	26.2525	52.5	49.15	0.0	55.86	0.0	89.47	89.13	56.92	53.12	2042
0	24.2225	48.45	63.51	0.0	33.38	0.0	89.91	89.73	57.66	37.5	1521
64	25.0	50.0	100.0	0.0	0.0	0.0	89.0	88.58	57.87	31.25	2532
64	25.7275	51.46	94.35	0.0	8.56	0.0	89.47	89.17	58.4	50.0	3532
0	25.1675	50.34	97.62	0.0	3.05	0.0	90.16	89.59	58.87	64.06	2576
64	29.8825	51.15	61.52	0.33	49.4	8.28	89.43	92.87	81.73	81.25	3045
64	24.075	-16.47	0.0	19.76	31.68	44.86	10.85	10.77	35.26	29.69	3051
64	26.145	52.29	90.27	0.0	14.31	0.0	90.04	90.24	59.2	54.69	3040
64	25.2	50.4	99.45	0.0	1.35	0.0	90.18	89.92	57.81	39.06	0557
0	25.0	50.0	100.0	0.0	0.0	0.0	89.91	89.98	57.89	59.38	1006
0	25.395	50.79	97.68	0.0	3.9	0.0	89.83	89.87	57.74	45.31	1035
64	25.42	50.84	96.57	0.0	5.11	0.0	89.79	90.02	57.02	48.44	0025
0	29.33	-2.03	56.63	60.49	0.0	0.2	48.81	48.12	56.79	37.5	0090
64	24.6725	49.34	96.74	0.0	1.95	0.0	88.46	87.69	57.25	50.0	0527
64	25.09	50.18	68.93	0.0	31.43	0.0	89.61	88.92	56.45	40.62	0038
0	25.2225	50.45	96.34	0.0	4.55	0.0	89.33	89.79	58.12	54.69	2038
64	25.27	50.54	99.28	0.0	1.8	0.0	89.79	89.81	58.33	43.75	1016
0	40.53	-5.88	35.44	38.07	39.74	48.87	75.44	91.82	84.32	81.25	0027
0	25.2475	50.49	90.18	0.0	10.81	0.0	89.63	90.04	57.27	40.62	2518
0	24.84	49.68	95.76	0.0	3.6	0.0	89.71	89.49	56.61	32.81	1023
64	58.1025	-39.92	41.25	76.91	35.04	79.21	74.26	87.18	83.01	65.62	0519
0	45.4175	-52.36	15.6	74.81	22.87	68.39	57.55	86.07	82.96	76.56	1562
0	25.5325	51.06	86.36	0.0	15.77	0.0	89.55	89.59	57.1	51.56	1062
64	25.06	50.12	94.58	0.0	5.66	0.0	89.45	90.34	58.12	43.75	1555
64	25.76	51.52	96.48	0.0	6.56	0.0	89.79	89.33	57.33	46.88	2528
0	25.02	50.04	99.93	0.0	0.15	0.0	89.43	89.59	56.27	54.69	1017
0	43.035	-28.1	18.93	46.95	39.04	67.22	69.28	91.98	85.89	76.56	1051
64	25.0	50.0	100.0	0.0	0.0	0.0	86.88	86.78	58.12	51.56	3037
64	25.5125	51.03	94.09	0.0	7.96	0.0	89.51	89.49	58.99	60.94	2000
0	36.3925	30.83	70.53	24.2	33.08	17.76	83.01	90.95	80.52	82.81	0518
0	39.3375	-1.51	43.08	36.63	34.08	43.56	76.43	91.43	84.4	79.69	3584
0	25.0	50.0	100.0	0.0	0.0	0.0	80.17	80.5	56.84	51.56	2019
0	41.51	-4.26	35.12	41.29	43.64	45.99	70.29	90.44	81.99	75.0	2558
0	25.94	51.88	89.2	0.0	14.56	0.0	89.59	89.13	57.94	48.44	0524
64	54.8475	-35.06	33.39	73.7	41.24	71.06	75.07	83.54	81.76	78.12	0067
0	25.9	51.8	97.29	0.0	6.31	0.0	90.3	90.52	57.97	46.88	2081
0	25.0	50.0	100.0	0.0	0.0	0.0	89.39	89.71	57.02	37.5	0535
64	52.6875	26.88	68.34	30.3	63.91	48.2	84.79	93.05	82.22	82.81	3571
64	21.3025	25.41	3.66	13.32	64.36	3.87	27.22	27.26	27.61	20.31	1018
0	25.1075	50.22	99.18	0.0	1.25	0.0	89.47	89.55	59.25	56.25	1505
0	44.9525	-23.72	17.79	61.15	48.4	52.47	69.97	90.62	82.94	79.69	3561
0	25.0975	50.19	99.84	0.0	0.55	0.0	89.39	89.33	57.12	46.88	1081
0	47.025	-6.73	49.09	49.94	38.24	50.83	71.91	86.8	80.16	70.31	1052
64	57.1	-15.92	50.98	57.49	47.3	72.63	82.73	89.33	82.24	62.5	1085
0	25.88	51.76	72.29	0.0	31.23	0.0	89.33	88.94	56.15	39.06	0007
0	45.0	-28.3	24.51	56.05	37.19	62.25	71.41	89.83	85.48	81.25	1547
0	24.985	49.97	99.64	0.0	0.3	0.0	89.45	89.19	57.87	34.38	2048
0	32.4025	40.94	54.05	7.1	51.7	16.76	81.98	90.14	80.57	75.0	0506
0	25.0	50.0	100.0	0.0	0.0	0.0	89.61	89.75	58.22	37.5	2502
0	25.13	50.26	93.21	0.0	7.31	0.0	89.59	89.53	57.94	46.88	3504
64	25.0	50.0	100.0	0.0	0.0	0.0	89.53	89.59	58.92	43.75	1046
64	25.195	48.5	98.89	1.89	0.0	0.0	83.64	83.8	57.25	56.25	1564
0	24.9525	49.91	98.66	0.0	1.15	0.0	90.14	89.51	57.22	64.06	0005
0	45.745	-34.09	12.76	59.93	44.64	65.65	68.21	83.54	84.09	75.0	2522
64	62.6825	-32.77	45.2	76.69	47.4	81.44	76.51	88.38	86.58	76.56	0542
64	25.01	50.02	99.84	0.0	0.2	0.0	89.53	89.27	58.25	50.0	3000
64	57.885	-47.81	25.91	81.91	42.04	81.68	74.48	77.89	85.37	71.88	1019
0	25.9725	51.95	89.33	0.0	14.56	0.0	89.67	89.81	58.71	59.38	0035
0	26.8175	53.64	85.8	0.0	21.47	0.0	89.33	89.31	59.17	50.0	2534
0	24.045	26.08	0.1	21.98	74.07	0.03	29.75	30.28	32.23	40.62	0059
64	41.6025	20.11	34.5	28.41	68.82	34.68	85.36	90.34	81.86	76.56	3067
0	25.2275	50.45	91.45	0.0	9.46	0.0	88.72	89.17	56.51	31.25	2566
0	37.6625	18.88	33.84	24.31	60.36	32.14	77.58	89.0	81.27	75.0	1550
0	31.445	42.82	54.31	7.55	51.4	12.52	85.68	92.43	82.7	81.25	2059
0	25.0225	50.05	99.64	0.0	0.45	0.0	89.73	89.55	57.89	50.0	2060
64	24.995	49.99	99.93	0.0	0.05	0.0	89.83	89.31	57.71	42.19	2049
64	25.19	50.38	98.76	0.0	2.0	0.0	89.45	89.35	58.12	42.19	1541
0	29.6625	48.41	79.9	5.11	27.83	5.81	85.3	92.16	79.98	75.0	0030
64	55.5075	-47.49	16.02	76.03	47.5	82.48	74.08	84.26	83.42	78.12	2051
0	40.9375	5.28	32.8	33.74	54.35	42.86	75.82	91.74	82.58	79.69	0540
0	30.2	48.05	55.45	5.11	53.0	7.24	83.92	91.21	81.63	84.38	2053
64	47.4625	11.73	77.87	37.07	28.78	46.13	87.69	91.82	81.16	78.12	2503
0	46.88	-52.33	16.35	82.91	25.08	63.18	64.16	82.91	83.27	53.12	2511
0	25.0125	50.03	99.9	0.0	0.15	0.0	89.47	89.65	57.63	57.81	2535
0	26.625	53.25	92.49	0.0	14.01	0.0	89.67	89.61	56.35	45.31	1571
64	30.4625	44.95	72.94	7.1	32.93	8.88	89.41	92.26	80.7	78.12	1501
0	24.975	49.95	99.9	0.0	0.0	0.0	80.56	80.76	57.94	31.25	1000
64	41.18	14.86	25.85	30.08	71.37	37.42	83.64	90.81	82.68	78.12	2513
0	39.925	-20.95	23.01	51.83	35.89	48.97	65.57	89.1	80.86	78.12	1053
0	48.8	-38.19	38.09	66.7	21.32	69.09	62.47	81.15	81.6	75.0	0511
0	25.78	51.56	87.3	0.0	15.82	0.0	89.89	89.83	58.17	48.44	0018
64	27.64	21.65	76.93	33.63	0.0	0.0	57.15	56.91	59.05	57.81	2037
0	24.0	48.0	76.73	0.0	19.27	0.0	89.67	89.65	57.17	62.5	2026
64	0.9125	1.61	0.03	0.22	3.4	0.0	1.22	1.3	0.08	1.56	3557
0	24.9925	49.98	99.97	0.0	0.0	0.0	90.06	89.47	57.94	35.94	1003
0	25.2875	50.57	90.54	0.0	10.61	0.0	89.71	89.55	57.58	56.25	0566
0	34.2275	36.45	62.01	9.88	42.89	22.13	81.92	89.94	79.98	73.44	1058
64	49.5175	-23.3	25.03	55.38	50.7	66.96	76.18	83.11	81.81	68.75	0570
64	25.57	51.14	93.02	0.0	9.26	0.0	89.85	90.16	57.81	57.81	2080
64	35.5325	22.82	21.96	12.54	71.92	35.71	85.8	90.77	82.6	65.62	1533
64	47.0825	1.38	32.73	30.97	62.81	61.82	86.09	91.7	84.81	73.44	1545
64	49.7675	-4.61	42.92	55.38	52.0	48.77	86.35	91.23	83.01	73.44	2085
0	25.71	51.42	94.58	0.0	8.26	0.0	89.75	89.77	58.92	57.81	2585
64	22.2575	-34.75	0.0	42.95	9.76	36.32	8.91	9.72	39.06	26.56	2076
0	51.3075	-23.41	41.51	57.27	37.69	68.76	77.42	83.74	81.91	81.25	3054
0	29.2875	41.68	40.89	7.55	59.36	9.35	86.61	91.53	83.58	73.44	1080
0	42.8125	-34.48	18.96	60.16	32.18	59.95	69.3	91.64	85.6	79.69	3509
64	25.305	50.61	94.91	0.0	6.31	0.0	90.04	89.65	57.15	56.25	0055
0	26.0025	52.0	93.15	0.0	10.86	0.0	89.85	90.28	58.48	53.12	3031
0	48.0775	-67.22	13.12	82.46	15.82	80.91	51.36	69.6	81.68	75.0	2569
64	25.48	50.96	77.15	0.0	24.77	0.0	90.2	89.63	57.84	51.56	3049
64	25.355	50.71	99.02	0.0	2.4	0.0	89.75	89.59	57.25	46.88	2500
64	47.32	-3.81	26.57	39.84	64.26	58.61	80.11	86.86	80.63	76.56	0021
64	25.72	51.44	93.02	0.0	9.86	0.0	89.71	89.43	58.71	67.19	3578
0	25.2475	50.5	96.74	0.0	4.25	0.0	89.73	89.35	57.38	43.75	1025
0	24.9975	49.99	99.74	0.0	0.25	0.0	89.92	89.91	56.92	57.81	1554
64	25.03	50.06	99.67	0.0	0.45	0.0	89.19	89.41	57.51	60.94	0085
64	26.4925	52.98	89.2	0.0	16.77	0.0	89.92	89.55	57.22	48.44	2507
64	25.4125	50.82	99.35	0.0	2.3	0.0	89.85	89.71	58.28	71.88	1506
0	25.0425	50.08	99.87	0.0	0.3	0.0	89.13	89.02	57.33	51.56	3569
0	25.6225	51.25	93.83	0.0	8.66	0.0	90.0	88.78	58.35	42.19	3560
0	48.59	-37.23	28.72	62.71	31.23	71.7	62.8	81.63	81.91	70.31	1066
0	25.3925	50.55	84.37	0.0	16.97	0.23	85.34	85.97	57.89	50.0	1091
0	42.015	-40.13	21.38	60.04	22.52	64.12	64.01	81.65	82.06	64.06	2546
0	39.5125	11.62	35.74	24.75	54.9	42.66	76.91	88.8	81.58	84.38	0065
0	35.1825	18.82	33.68	15.76	55.51	35.78	77.91	92.12	83.96	85.94	1039
64	49.7575	-6.71	28.39	50.72	64.41	55.51	80.72	87.91	78.73	73.44	3006
64	25.05	50.1	99.9	0.0	0.3	0.0	88.96	89.89	57.17	45.31	3573
64	28.285	55.87	45.72	0.33	66.72	0.37	89.59	91.98	79.09	73.44	3032
64	61.19	-33.88	34.6	79.69	53.9	76.57	77.08	89.23	83.86	79.69	2062
64	56.54	-23.26	65.05	64.04	24.77	72.3	73.31	81.94	80.4	70.31	1069
64	25.32	50.64	99.58	0.0	1.7	0.0	89.59	89.77	55.94	48.44	3044
64	24.8825	49.77	99.38	0.0	0.15	0.0	89.59	89.23	56.99	46.88	3034
64	53.01	-11.04	73.96	57.38	21.02	59.68	86.33	91.15	83.96	73.44	2505
64	26.9325	53.86	90.31	0.0	17.42	0.0	90.24	90.34	57.71	60.94	2058
0	25.0	50.0	100.0	0.0	0.0	0.0	88.66	89.85	57.12	45.31	3530
64	40.61	1.74	28.56	27.08	54.4	52.4	79.57	90.52	82.01	71.88	0074
64	55.25	-23.36	34.99	68.81	52.15	65.05	77.56	83.86	79.86	62.5	1050
64	25.1725	50.35	98.69	0.0	2.0	0.0	89.75	89.59	57.71	57.81	3066
64	26.52	53.04	80.45	0.0	25.63	0.0	89.92	89.65	57.51	54.69	3022
0	39.9725	-15.34	21.31	42.95	43.29	52.34	75.11	91.78	86.04	70.31	3052
64	53.52	-31.24	26.5	66.15	49.3	72.13	76.71	87.97	83.73	75.0	2006
0	25.355	50.71	93.86	0.0	7.56	0.0	89.11	89.94	58.07	59.38	1059
0	25.875	51.75	96.44	0.0	7.06	0.0	90.2	89.94	57.56	42.19	2581
64	25.375	50.75	99.05	0.0	2.45	0.0	89.75	89.89	57.2	60.94	0041
0	28.07	54.13	62.47	0.44	47.8	1.57	87.46	92.14	80.16	81.25	0531
0	30.8	53.72	78.23	2.11	37.09	5.77	88.8	89.67	80.73	76.56	2578
0	30.6675	30.16	37.89	10.65	53.6	20.53	85.66	90.52	84.01	76.56	3542
64	33.305	43.38	53.98	4.77	56.01	18.46	87.53	91.8	82.7	79.69	2541
0	44.6225	-61.36	15.47	69.03	12.41	81.58	54.19	83.94	81.16	57.81	3078
0	29.9025	33.24	12.76	11.88	80.28	14.69	84.37	92.73	81.01	81.25	1033
0	49.55	-65.15	15.18	81.91	18.77	82.34	57.86	77.76	84.45	76.56	2517
0	25.4875	50.98	98.4	0.0	3.55	0.0	89.87	89.77	58.69	75.0	0555
64	10.1825	11.23	0.16	7.1	31.43	2.04	10.37	10.17	9.67	15.62	2526
0	31.05	37.13	51.63	24.97	47.6	0.0	66.73	67.07	58.43	51.56	2057
64	53.2075	-42.1	31.79	74.58	32.53	73.93	66.71	75.05	80.86	65.62	2002
64	25.09	50.18	99.61	0.0	0.75	0.0	90.26	89.47	58.46	40.62	2056
64	25.2975	50.59	90.93	0.0	10.26	0.0	89.55	89.89	57.56	42.19	1580
0	43.77	3.97	76.04	45.62	15.47	37.95	74.61	82.46	79.78	76.56	2020
0	25.0	50.0	100.0	0.0	0.0	0.0	88.84	89.04	58.46	29.69	2032
64	26.14	52.28	95.3	0.0	9.26	0.0	89.53	89.37	56.58	48.44	3019
0	39.235	18.01	59.24	25.31	37.24	35.15	79.24	88.72	80.57	71.88	0046
64	16.6875	-0.0	0.29	3.77	33.08	29.61	9.88	10.11	22.94	15.62	1032
0	41.44	-29.94	24.31	64.26	28.63	48.56	68.04	89.23	83.6	81.25	2084
64	25.0975	50.2	99.64	0.0	0.75	0.0	89.79	89.63	56.27	62.5	2021
64	24.975	49.95	99.45	0.0	0.45	0.0	89.11	89.23	57.4	43.75	0564
0	44.44	-30.4	15.24	58.27	43.24	61.01	62.09	82.24	80.75	75.0	1044
64	59.31	-27.56	60.84	66.7	30.23	79.47	81.25	91.6	83.12	81.25	2539
0	25.16	50.32	98.89	0.0	1.75	0.0	89.92	90.26	57.66	57.81	0574
0	25.0	50.0	100.0	0.0	0.0	0.0	89.65	89.29	57.76	48.44	2573
0	46.36	-16.97	33.06	51.61	42.69	58.08	73.71	86.29	81.32	70.31	0512
64	56.1175	-27.15	38.09	76.36	47.0	63.02	77.1	88.01	83.09	71.88	1015
64	53.28	-58.38	12.7	75.58	35.49	89.35	67.72	79.08	84.89	78.12	3540
0	40.1875	-1.47	47.88	32.74	31.03	49.1	72.7	86.78	81.19	78.12	0072
0	41.46	-9.7	41.19	41.18	32.03	51.44	74.06	87.1	81.65	75.0	2562
64	25.1775	50.36	88.9	0.0	11.81	0.0	89.53	89.98	57.17	59.38	2079
0	42.9625	-58.87	5.29	73.36	21.77	71.43	51.76	88.84	85.86	73.44	0088
0	46.96	-46.24	27.06	76.14	20.62	64.02	65.17	87.75	82.86	71.88	0579
0	27.8075	55.62	73.69	0.0	37.54	0.0	89.63	89.73	58.51	50.0	0037
0	26.7725	53.55	74.51	0.0	32.58	0.0	90.83	89.35	78.39	54.69	1528
64	53.4275	-27.6	12.04	65.59	67.22	68.86	77.72	87.91	83.14	76.56	1519
64	25.0375	50.08	100.0	0.0	0.15	0.0	89.61	89.81	58.46	57.81	3008
64	25.0	50.0	100.0	0.0	0.0	0.0	88.72	88.01	56.89	39.06	2067
64	25.0	50.0	100.0	0.0	0.0	0.0	89.55	89.77	59.1	45.31	0507
0	25.3625	50.73	98.3	0.0	3.15	0.0	90.16	90.18	58.4	51.56	2556
64	36.6575	24.64	26.89	13.76	71.07	34.91	84.2	91.31	81.63	81.25	0063
0	26.9275	53.86	93.05	0.0	14.66	0.0	89.33	89.11	56.71	46.88	1007
64	25.6725	51.34	94.88	0.0	7.81	0.0	89.37	88.96	57.74	43.75	0051
64	51.7825	-29.53	41.25	64.04	32.78	69.06	71.65	83.7	81.93	81.25	0062
64	40.0625	40.39	50.85	21.64	69.67	18.09	87.18	91.51	81.83	81.25	1532
0	45.3375	-60.28	3.92	78.69	26.48	72.26	52.55	81.81	82.55	76.56	1520
64	24.965	49.93	98.96	0.0	0.9	0.0	89.59	89.96	57.71	67.19	1558
0	26.1475	52.29	79.41	0.0	25.18	0.0	89.33	89.92	58.63	60.94	1068
64	25.625	51.25	97.39	0.0	5.11	0.0	89.85	89.91	56.02	46.88	1549
0	44.3275	-32.63	28.39	52.16	27.63	69.13	62.33	87.34	81.5	87.5	2533
0	25.1075	50.21	99.58	0.0	0.85	0.0	89.91	89.75	56.81	42.19	0560
64	24.8525	49.7	98.11	0.0	1.3	0.0	89.13	89.21	56.61	56.25	1037
64	25.3475	50.69	93.08	0.0	8.31	0.0	89.67	89.63	57.63	53.12	3079
64	25.8225	51.64	97.98	0.0	5.31	0.0	88.92	89.31	57.79	54.69	1540
64	37.6775	42.88	46.51	15.32	71.72	17.16	87.65	92.61	82.5	78.12	1584
0	24.83	49.66	99.22	0.0	0.1	0.0	89.61	89.47	58.38	53.12	1556
0	26.1	52.2	74.12	0.0	30.28	0.0	89.77	89.15	59.51	35.94	1084
0	29.8925	48.74	68.44	2.66	40.09	8.38	85.22	91.94	81.19	81.25	1021
64	27.15	54.3	84.53	0.0	24.07	0.0	89.39	89.49	56.56	42.19	3582
64	25.06	50.12	83.32	0.0	16.92	0.0	89.67	89.45	58.25	68.75	0538
0	30.045	47.27	52.51	7.21	54.85	5.61	86.65	90.38	78.91	71.88	2052
64	49.4325	-19.21	30.25	56.16	49.4	61.92	79.34	84.75	82.6	70.31	2586
0	47.0525	-46.45	19.52	72.7	28.13	67.86	58.32	83.52	81.45	76.56	0516
0	25.68	51.36	98.47	0.0	4.25	0.0	89.63	89.73	57.4	53.12	2040
64	46.1625	-2.75	57.34	41.84	32.23	53.24	82.62	87.1	81.47	64.06	3012
64	25.0825	50.17	99.38	0.0	0.95	0.0	89.25	89.25	58.12	70.31	3519
0	30.07	49.93	53.36	7.77	56.71	2.44	89.1	92.87	82.78	81.25	3500
64	25.4575	50.92	97.78	0.0	4.05	0.0	89.39	89.17	57.43	56.25	3537
0	25.0525	49.7	94.55	0.0	5.26	0.4	87.67	87.59	58.56	43.75	1022
64	49.56	-4.16	47.06	54.72	47.9	48.56	83.11	90.42	80.81	71.88	0028
0	48.1075	-21.84	61.72	61.71	12.66	56.34	66.91	75.96	79.24	68.75	2523
0	25.9325	51.87	70.2	0.0	33.53	0.0	89.37	89.67	58.84	56.25	2001
0	49.015	-59.35	18.51	80.91	20.17	76.47	54.98	81.37	82.11	64.06	0578
64	63.4175	-23.38	54.86	66.7	48.6	83.51	77.54	88.09	80.4	67.19	0502
0	42.7975	-30.71	25.16	52.05	29.73	64.25	68.17	91.13	81.91	71.88	1042
64	44.115	15.85	62.34	29.86	41.74	42.52	87.65	92.41	85.55	81.25	2508
0	25.8425	51.69	93.11	0.0	10.26	0.0	89.51	89.41	56.79	46.88	3039
64	26.0875	52.17	88.48	0.0	15.87	0.0	89.45	89.53	57.04	51.56	0049
0	40.1475	-28.43	34.4	54.38	17.47	54.34	62.29	87.67	81.22	78.12	1067
0	46.105	-43.66	23.07	64.71	25.48	71.16	57.88	85.18	80.52	67.19	2045
64	25.03	49.84	99.15	0.22	0.75	0.0	88.29	88.78	58.04	42.19	1504
0	34.8275	24.18	42.98	7.33	50.85	38.15	80.38	91.76	84.45	79.69	0582
64	24.7925	49.58	49.97	0.0	49.2	0.0	89.13	88.78	56.66	39.06	3545
0	51.7825	-38.12	28.46	77.36	36.99	64.32	71.99	82.95	84.19	68.75	0084
64	26.445	52.89	84.66	0.0	21.12	0.0	89.79	89.59	57.22	51.56	1507
64	52.4675	-43.75	23.69	72.59	37.49	76.1	70.17	80.76	82.32	67.19	2524
0	24.6925	49.38	97.72	0.0	1.05	0.0	89.94	89.53	58.53	53.12	3502
64	25.03	50.06	99.77	0.0	0.35	0.0	89.55	89.45	57.89	54.69	2018
64	5.9325	3.98	0.23	7.88	15.62	0.0	6.34	6.16	2.44	6.25	1034
0	25.125	50.25	97.0	0.0	3.5	0.0	90.34	90.12	57.58	35.94	2024
0	39.125	-23.6	19.61	50.28	35.04	51.57	66.57	89.41	82.5	70.31	0552
0	31.1425	52.77	60.8	0.78	54.25	8.74	91.31	91.21	77.55	75.0	1508
64	25.3625	50.73	92.59	0.0	8.86	0.0	89.91	89.75	58.66	53.12	2064
0	25.035	50.07	99.64	0.0	0.5	0.0	89.59	89.61	59.92	48.44	0044
64	55.265	5.6	57.47	37.74	58.66	67.19	84.69	90.93	84.78	85.94	3013
0	25.0725	50.15	88.38	0.0	11.91	0.0	89.61	89.29	56.74	62.5	1020
64	25.0	50.0	100.0	0.0	0.0	0.0	89.43	89.61	57.74	42.19	0022
64	25.0	50.0	100.0	0.0	0.0	0.0	89.31	89.73	58.63	43.75	0545
0	27.02	54.04	68.99	0.0	39.09	0.0	89.02	88.76	58.48	43.75	3033
64	61.6725	-20.47	52.02	72.59	50.85	71.23	78.7	86.37	80.73	82.81	3535
0	25.57	51.14	40.67	0.0	61.61	0.0	90.66	89.96	58.02	51.56	3028
64	35.05	36.96	24.28	8.21	82.78	24.93	86.72	92.67	81.99	82.81	2506
0	21.97	30.04	0.36	13.87	73.62	0.03	22.72	23.63	23.2	21.88	1048
64	49.8525	17.41	54.41	29.52	62.71	52.77	83.37	90.97	82.94	78.12	3007
0	25.8775	51.76	65.37	0.0	38.14	0.0	90.12	89.69	57.61	54.69	3547
0	24.055	48.11	80.55	0.0	15.67	0.0	90.1	90.52	58.79	48.44	0529
64	56.7325	-37.58	38.15	83.02	37.74	68.02	76.1	79.44	83.04	67.19	1089
64	39.9	18.58	44.58	34.18	53.8	27.04	83.9	93.05	83.78	79.69	3047
0	25.3075	50.62	91.02	0.0	10.21	0.0	89.69	89.77	59.1	50.0	3536
0	25.15	50.3	99.15	0.0	1.45	0.0	89.69	89.85	58.04	53.12	2033
0	27.0625	54.13	67.46	0.0	40.79	0.0	89.89	90.0	57.25	53.12	3541
64	55.87	-34.71	27.38	73.25	49.65	73.2	77.18	85.52	83.17	73.44	2074
64	51.9125	-32.49	18.08	52.61	53.25	83.71	70.45	85.08	80.24	73.44	0577
64	25.1325	50.27	99.38	0.0	1.15	0.0	90.12	89.87	57.12	68.75	2531
0	24.985	49.97	98.24	0.0	1.7	0.0	89.23	89.21	58.48	65.62	1538
64	25.0	50.0	100.0	0.0	0.0	0.0	89.37	89.89	58.74	56.25	1054
0	30.365	46.31	54.34	5.11	52.7	9.31	86.09	93.56	82.68	67.19	3062
0	25.0	50.0	100.0	0.0	0.0	0.0	89.45	89.83	57.17	39.06	0537
64	49.525	-1.0	65.47	48.95	32.58	51.1	87.89	90.6	83.12	79.69	1012
0	42.7825	20.07	62.24	27.75	43.39	37.75	86.92	83.05	80.96	68.75	0080
0	45.87	-68.05	5.22	82.35	18.47	77.44	48.72	83.98	83.63	71.88	3506
64	25.0275	50.06	99.51	0.0	0.6	0.0	89.69	89.67	57.51	34.38	3577
64	25.5475	51.09	96.18	0.0	6.01	0.0	89.25	89.47	59.33	50.0	1083
64	53.955	-18.77	30.78	69.37	58.36	57.31	81.25	88.52	85.35	71.88	3005
64	51.835	-8.85	31.66	55.38	63.16	57.14	83.03	92.3	85.27	84.38	1024
64	58.11	-27.12	65.18	68.81	23.92	74.53	81.9	88.56	83.94	84.38	3035
64	51.5675	-13.47	41.32	44.17	48.35	72.43	76.53	89.59	83.17	76.56	0581
0	35.7875	24.24	43.02	15.09	52.8	32.24	80.66	89.49	81.52	76.56	1529
0	38.4825	25.17	51.83	39.18	50.3	12.62	83.8	87.99	82.7	78.12	2041
64	38.025	27.42	61.68	24.2	41.79	24.43	85.89	87.93	80.63	81.25	2039
64	61.7025	-29.12	39.98	69.59	54.3	82.94	79.24	87.44	83.89	73.44	2065
0	46.4775	-37.86	15.31	53.61	39.79	77.2	71.89	87.14	86.14	79.69	3534
64	60.12	-42.95	38.35	84.02	38.94	79.17	77.99	81.69	84.83	75.0	2561
64	25.66	51.32	94.68	0.0	7.96	0.0	89.65	89.73	57.53	60.94	0086
64	25.22	21.58	0.2	28.19	71.82	0.67	15.51	15.98	17.06	15.62	0048
64	25.525	51.05	97.65	0.0	4.45	0.0	89.45	89.77	57.43	64.06	0523
64	54.965	-9.2	50.03	48.5	50.7	70.63	81.19	89.02	82.27	79.69	3521
64	25.155	50.31	93.31	0.0	7.31	0.0	89.45	90.08	57.58	57.81	1045
64	25.645	51.29	91.22	0.0	11.36	0.0	89.29	89.0	57.45	46.88	0064
0	41.885	8.54	43.86	34.74	48.45	40.49	77.14	87.73	82.42	81.25	0033
64	57.36	-28.18	46.9	74.14	39.64	68.76	78.9	86.41	83.19	75.0	1503
64	26.93	43.67	29.31	2.11	68.22	8.08	88.42	92.81	81.73	81.25	0571
0	25.5925	51.19	97.72	0.0	4.65	0.0	88.7	87.77	59.23	43.75	3555
0	37.9675	-22.19	23.27	41.95	30.48	56.17	67.31	90.08	82.88	71.88	0087
64	24.36	48.72	83.68	0.0	13.76	0.0	89.47	89.63	58.15	65.62	3002
64	26.57	53.14	83.36	0.0	22.92	0.0	89.61	89.92	57.25	42.19	3009
64	55.725	-19.64	40.31	71.14	51.5	59.95	79.47	86.13	81.19	68.75	0034
0	25.6725	36.85	1.21	1.11	86.99	13.38	19.64	18.79	29.25	25.0	1031
64	37.9825	39.66	51.86	6.1	63.76	30.21	89.31	92.89	84.42	81.25	2571
0	26.415	52.83	79.08	0.0	26.58	0.0	89.04	89.37	59.2	53.12	3562
0	25.2	50.4	99.35	0.0	1.45	0.0	89.15	89.02	57.94	56.25	0026
64	56.95	-2.46	50.88	52.61	60.56	63.75	81.57	89.31	83.29	78.12	1524
64	45.865	0.85	37.27	48.06	55.31	42.82	83.33	88.9	82.81	78.12	3068
64	59.32	-28.95	23.07	72.92	66.62	74.67	80.05	88.54	84.96	76.56	3075
64	44.9525	11.92	25.1	31.52	76.73	46.46	80.4	86.51	81.32	59.38	0500
64	25.075	50.15	93.54	0.0	6.76	0.0	88.8	89.57	57.35	46.88	3574
64	56.2625	-42.72	39.33	76.47	30.48	78.77	75.37	81.86	83.09	70.31	3524
64	25.1775	50.36	98.01	0.0	2.7	0.0	89.59	89.39	58.51	64.06	2501
64	33.64	43.99	47.16	11.54	64.11	11.75	89.11	91.76	81.99	70.31	3576
0	32.3825	39.72	61.29	10.1	43.19	14.95	83.33	91.94	81.83	84.38	1512
64	25.0	50.0	100.0	0.0	0.0	0.0	80.96	80.13	58.38	21.88	3048
64	28.2125	48.35	69.19	3.33	35.59	4.74	90.34	93.22	82.63	76.56	2007
0	24.955	49.91	99.77	0.0	0.05	0.0	90.06	89.77	58.02	45.31	3515
64	24.9825	49.97	91.12	0.0	8.81	0.0	89.91	89.59	58.76	40.62	0584
0	25.485	50.97	94.13	0.0	7.81	0.0	88.96	89.35	57.69	51.56	2034
0	25.0	50.0	100.0	0.0	0.0	0.0	88.62	88.25	56.89	34.38	3004
64	25.025	50.05	100.0	0.0	0.1	0.0	89.17	89.49	56.86	48.44	1055
64	24.975	49.95	99.9	0.0	0.0	0.0	90.06	89.57	58.3	45.31	1073
0	45.1	-58.34	21.15	77.14	10.71	71.4	60.49	86.01	84.4	75.0	1014
64	25.07	50.14	99.38	0.0	0.9	0.0	90.04	89.73	57.79	57.81	1587
0	33.555	29.01	39.26	13.43	56.86	24.67	82.06	90.75	81.11	76.56	2572
0	25.1475	50.29	98.34	0.0	2.25	0.0	89.19	89.77	58.15	57.81	3016
0	41.45	-19.75	14.3	58.16	48.85	44.49	70.94	91.51	83.86	76.56	0569
64	25.205	50.41	81.1	0.0	19.72	0.0	88.66	88.84	58.17	51.56	3510
0	36.68	5.95	29.01	31.3	50.3	36.11	77.06	91.9	83.45	73.44	3549
64	52.3325	-8.08	35.77	50.5	60.81	62.25	83.76	88.66	82.29	68.75	2514
64	8.6375	9.28	0.13	7.99	26.43	0.0	9.58	9.96	3.87	10.94	1586
0	39.715	-18.96	22.58	37.07	37.89	61.32	69.54	89.47	82.68	81.25	3046
64	48.55	-2.27	30.12	47.17	64.71	52.2	86.33	91.78	82.06	71.88	1013
64	24.9725	49.94	94.03	0.0	5.86	0.0	89.31	89.61	58.66	43.75	2063
0	26.725	53.45	83.58	0.0	23.32	0.0	89.67	89.55	59.1	62.5	1576
64	63.7825	-44.79	42.89	87.9	39.89	84.45	71.61	84.53	81.7	79.69	2548
64	24.96	49.92	99.74	0.0	0.1	0.0	89.91	89.71	58.53	57.81	0504
0	43.05	4.33	62.5	34.74	27.93	47.03	75.42	89.45	81.42	78.12	0081
64	25.6075	51.22	98.63	0.0	3.8	0.0	90.18	89.92	58.58	54.69	3550
0	30.1125	49.57	70.66	3.44	39.14	7.21	85.78	91.43	81.19	73.44	1043
64	25.0	50.0	100.0	0.0	0.0	0.0	89.1	89.37	57.04	53.12	2071
64	41.175	26.57	63.12	13.76	45.8	42.02	85.2	92.34	79.88	68.75	0541
64	39.0825	22.85	67.69	18.53	33.33	36.78	87.32	91.66	81.29	56.25	2544
0	24.9775	49.95	58.62	0.0	41.29	0.0	89.11	88.66	57.27	45.31	0567
64	0.1375	0.28	0.0	0.0	0.55	0.0	0.22	0.2	0.0	0.0	0032
64	39.9675	21.75	61.85	35.18	39.84	23.0	86.53	91.03	78.83	70.31	0514
64	25.0175	48.17	98.2	0.0	0.0	1.87	80.8	81.04	57.94	48.44	0001
64	55.9825	-19.93	50.95	63.37	41.09	68.52	80.36	93.03	82.78	78.12	1557
64	26.31	52.62	59.14	0.0	46.1	0.0	90.08	89.71	58.51	54.69	1047
0	25.68	51.36	94.71	0.0	8.01	0.0	89.37	89.81	58.89	70.31	0009
64	25.0	50.0	100.0	0.0	0.0	0.0	90.2	89.96	58.4	43.75	1008
64	26.23	52.46	85.8	0.0	19.12	0.0	89.77	89.92	56.68	60.94	3527
64	64.9575	-48.23	35.84	88.35	45.85	89.79	74.46	84.45	84.76	67.19	3064
64	59.9925	-35.14	30.29	73.25	54.55	81.88	78.57	88.9	84.68	78.12	0075
64	25.005	50.01	99.97	0.0	0.05	0.0	89.73	89.51	56.84	40.62	3070
64	25.0875	50.18	95.5	0.0	4.85	0.0	89.69	89.57	56.56	43.75	0036
0	37.4475	22.07	41.06	19.64	55.91	33.18	77.48	88.74	81.04	76.56	1030
64	25.68	51.36	85.9	0.0	16.82	0.0	88.64	89.43	56.89	46.88	0556
0	25.1925	50.39	98.27	0.0	2.5	0.0	89.31	89.21	57.33	46.88	3505
0	24.845	49.69	89.72	0.0	9.66	0.0	89.96	89.85	57.04	59.38	0503
64	24.2425	-44.63	0.0	93.12	3.85	0.0	15.35	15.37	33.9	29.69	2031
0	27.1925	54.38	81.79	0.0	26.98	0.0	89.69	89.75	58.58	43.75	2028
64	26.4625	52.92	90.63	0.0	15.22	0.0	89.39	89.23	56.97	46.88	2574
0	51.08	-29.87	41.71	70.48	30.58	61.55	73.21	87.65	82.63	71.88	0070
64	52.27	-14.47	38.22	51.72	51.85	67.29	83.15	87.4	81.81	79.69	2005
64	45.3575	12.01	56.63	31.3	46.1	47.4	88.25	92.75	84.96	79.69	2525
0	25.7175	51.44	72.19	0.0	30.68	0.0	89.59	89.31	58.2	54.69	1070
64	26.625	53.25	91.48	0.0	15.02	0.0	89.47	90.12	57.69	65.62	3514
0	25.9775	51.95	73.73	0.0	30.18	0.0	89.15	89.15	56.2	42.19	0553
0	25.2	50.4	97.55	0.0	3.25	0.0	89.69	89.45	57.63	42.19	0008
0	31.5975	16.24	79.44	32.96	0.0	13.99	48.7	48.24	55.38	42.19	2015
0	25.195	50.39	99.48	0.0	1.3	0.0	89.08	89.33	57.79	53.12	0547
0	50.8225	-49.5	9.2	67.04	42.94	84.11	60.98	78.92	83.94	68.75	2044
0	24.9325	49.87	99.28	0.0	0.45	0.0	88.82	89.17	58.3	39.06	2050
0	36.2775	7.62	25.42	26.42	54.75	38.52	73.59	92.12	83.35	75.0	1076
0	25.0	50.0	100.0	0.0	0.0	0.0	89.59	88.7	56.68	45.31	1575
0	26.9375	53.87	89.43	0.0	18.32	0.0	89.85	89.91	58.79	68.75	0562
64	54.6925	-20.03	61.33	71.7	28.03	57.71	78.61	82.14	82.24	70.31	2070
0	25.1375	49.72	100.0	0.55	0.0	0.0	87.51	87.63	58.25	35.94	1548
0	41.1675	-6.84	23.99	43.95	51.5	45.23	73.71	85.82	81.06	78.12	3564
0	39.5475	13.94	52.55	21.09	40.49	44.06	73.51	87.87	81.73	76.56	1038
0	44.7875	-59.42	15.14	66.81	15.02	82.18	50.63	77.99	81.27	70.31	3057
0	27.7825	49.02	84.56	1.11	20.02	5.44	90.89	92.3	80.04	82.81	1573
64	26.645	53.29	83.16	0.0	23.42	0.0	89.43	89.51	57.74	46.88	1057
0	25.3425	50.69	97.32	0.0	4.05	0.0	89.63	89.51	58.97	51.56	2582
64	47.3475	10.84	64.3	42.73	41.24	41.12	88.6	89.87	82.42	75.0	3077
64	54.66	-22.1	26.4	53.39	60.81	78.04	77.76	85.5	80.09	76.56	2519
0	25.1175	50.24	99.77	0.0	0.7	0.0	89.41	89.96	56.53	54.69	1002
64	58.22	-6.49	44.13	56.94	65.82	65.99	81.15	86.84	78.75	65.62	3523
0	47.2875	-60.3	15.21	82.57	19.07	72.3	56.66	80.11	81.68	70.31	0576
0	40.6075	-1.69	48.89	41.29	30.63	41.62	72.17	87.4	79.86	62.5	1553
0	29.8725	51.88	43.31	2.22	68.32	5.64	90.56	91.66	82.09	65.62	3020
0	25.7025	51.4	97.1	0.0	5.71	0.0	89.1	89.37	58.51	71.88	2012
0	26.2125	52.42	87.08	0.0	17.77	0.0	89.73	89.61	58.74	57.81	2549
64	57.1	-28.45	64.43	71.59	21.32	71.06	78.07	87.81	81.96	79.69	2023
0	32.4025	41.84	43.54	12.65	63.11	10.31	86.17	92.02	80.99	75.0	0017
0	25.955	51.91	77.64	0.0	26.18	0.0	89.57	89.41	59.46	46.88	0568
64	45.6925	-23.32	35.74	52.72	32.33	61.98	71.37	80.64	81.76	79.69	2068
64	56.4125	-17.38	50.95	64.82	44.49	65.39	84.29	91.19	84.04	76.56	0054
64	55.0125	-18.83	28.04	58.82	63.16	70.03	79.04	85.99	81.01	75.0	3023
64	55.2225	-42.83	33.98	71.37	33.63	81.91	69.6	82.24	80.96	71.88	1527
0	24.2175	42.35	19.32	5.55	71.47	0.53	73.15	73.37	57.84	35.94	1510
64	34.025	39.73	70.04	3.55	37.74	24.77	89.23	90.89	80.32	68.75	0525
64	46.2525	-4.23	39.23	43.73	49.05	53.0	81.17	88.64	82.29	84.38	0563
0	25.295	50.59	98.83	0.0	2.35	0.0	89.57	89.23	57.27	62.5	1509
64	25.7275	51.45	90.05	0.0	12.86	0.0	89.55	89.92	58.4	45.31	0012
64	53.95	-46.59	30.03	75.58	31.28	78.91	70.11	81.43	82.27	68.75	1500
0	25.0925	50.18	94.81	0.0	5.56	0.0	89.83	90.28	57.74	67.19	3522
0	38.1525	-6.23	10.02	31.96	60.06	50.57	73.96	91.27	84.48	84.38	1561
0	32.1475	34.32	36.0	6.88	62.61	23.1	84.31	90.26	83.81	76.56	0528
0	44.795	-12.01	19.97	53.27	57.61	48.33	80.82	84.75	84.42	71.88	1049
0	31.96	30.07	36.13	16.43	57.86	17.42	87.18	92.1	83.42	78.12	2047
0	24.9925	49.98	99.97	0.0	0.0	0.0	89.33	89.43	54.12	64.06	1578
0	44.0125	-65.15	8.16	84.35	14.71	68.83	48.74	78.27	80.73	81.25	1009
0	25.0	50.0	100.0	0.0	0.0	0.0	88.5	89.13	57.74	43.75	1522
64	51.1425	-22.51	45.89	56.94	33.88	67.86	76.77	82.62	81.55	81.25	1079
0	25.0	50.0	100.0	0.0	0.0	0.0	89.33	88.8	57.48	50.0	1559
0	25.0	50.0	100.0	0.0	0.0	0.0	89.31	90.08	57.63	75.0	0002
0	25.0	50.0	100.0	0.0	0.0	0.0	89.49	89.98	57.27	46.88	1515
0	47.145	-64.98	15.7	79.36	13.61	79.91	50.34	77.24	80.19	68.75	0586
0	30.83	35.48	56.3	14.1	40.84	12.08	81.81	91.7	81.4	84.38	3546
64	25.535	51.07	92.43	0.0	9.71	0.0	90.0	89.89	57.71	37.5	0546
64	30.3475	23.74	84.43	33.52	0.0	3.44	59.46	60.17	58.02	39.06	1551
0	38.3675	6.6	38.45	38.96	44.89	31.17	78.27	89.85	82.94	78.12	3568
64	25.3825	50.77	80.81	0.0	20.72	0.0	89.45	89.43	57.3	57.81	0526
0	26.135	52.27	86.52	0.0	18.02	0.0	89.81	89.47	56.94	48.44	0042
64	25.925	51.85	93.24	0.0	10.46	0.0	89.47	89.51	58.1	65.62	0015
0	24.9975	49.99	99.84	0.0	0.15	0.0	89.73	89.59	58.4	40.62	0014
64	0.0	0.0	0.0	0.0	0.0	0.0	0.0	0.0	0.0	0.0	3038
0	37.8975	16.83	66.55	24.75	26.08	34.21	80.5	91.07	81.45	75.0	2583
0	28.0	56.0	73.66	0.0	38.34	0.0	91.19	89.75	76.47	68.75	2004
0	27.87	55.71	60.7	0.0	50.75	0.03	90.28	90.08	78.24	68.75	0031
64	35.8025	29.65	28.13	7.88	73.12	34.08	84.87	89.71	80.09	81.25	0572
0	24.9375	49.87	98.5	0.0	1.25	0.0	89.37	89.79	57.1	46.88	1077
64	24.9825	49.97	99.38	0.0	0.55	0.0	89.17	89.98	57.84	45.31	2542
0	25.655	51.31	96.51	0.0	6.11	0.0	89.37	89.29	56.94	53.12	3566
64	45.4025	4.51	56.92	36.63	38.39	49.67	80.54	84.2	79.47	62.5	1569
0	24.9925	49.98	99.97	0.0	0.0	0.0	89.08	88.42	58.35	50.0	3586
64	25.1325	50.27	99.18	0.0	1.35	0.0	89.87	90.0	59.25	57.81	1582
64	24.9975	50.0	99.64	0.0	0.35	0.0	89.71	90.4	58.61	46.88	2011
64	34.6375	38.77	64.85	7.88	43.19	22.63	87.08	92.45	82.58	92.19	3017
0	23.7925	47.59	86.16	0.0	9.01	0.0	90.14	89.63	57.84	46.88	3548
0	24.91	49.82	99.09	0.0	0.55	0.0	89.33	89.1	58.33	56.25	0016
64	34.775	30.31	37.79	7.77	62.06	31.48	86.35	90.66	81.27	85.94	3554
64	42.6575	22.21	41.45	18.98	66.07	44.13	84.35	89.15	83.4	79.69	2061
0	26.16	52.32	69.45	0.0	35.19	0.0	89.37	89.71	58.46	60.94	3544
64	55.7875	-23.17	30.84	73.7	57.56	61.05	80.4	84.22	83.14	76.56	2016
0	45.8425	-49.2	11.85	73.03	30.63	67.86	59.48	85.97	81.73	60.94	1539
64	25.06	50.12	98.69	0.0	1.55	0.0	89.47	89.37	58.25	62.5	3525
0	24.1925	48.38	38.61	0.0	58.16	0.0	89.81	90.5	59.23	62.5	0058
64	48.64	5.71	53.39	32.52	49.6	59.05	83.96	90.34	84.27	84.38	1040
64	33.86	21.16	56.1	22.53	32.78	24.03	85.8	92.28	81.22	84.38	2083
64	27.015	54.03	89.49	0.0	18.57	0.0	89.77	90.08	58.04	54.69	0551
0	27.46	44.82	99.64	10.1	0.1	0.0	82.87	82.38	56.33	39.06	0003
0	25.1825	50.36	97.98	0.0	2.75	0.0	89.73	89.92	58.3	46.88	0045
0	35.295	18.43	22.0	26.53	67.02	25.63	79.99	91.82	84.01	81.25	0019
0	25.1675	49.37	0.85	0.67	98.85	0.3	26.97	27.1	27.23	23.44	3053
64	25.83	51.66	82.15	0.0	21.17	0.0	89.33	89.87	58.07	65.62	3575
0	25.0	50.0	100.0	0.0	0.0	0.0	89.69	89.75	57.07	34.38	3508
0	25.0	50.0	100.0	0.0	0.0	0.0	88.8	89.02	57.69	53.12	1565
0	44.6325	-38.44	10.18	57.05	40.64	70.66	66.81	89.63	85.14	71.88	1061
64	18.46	0.41	0.39	36.18	36.94	0.33	14.9	15.07	15.65	12.5	1026
64	25.7125	51.42	97.39	0.0	5.46	0.0	89.41	88.46	57.2	45.31	2073
64	25.1325	50.27	99.93	0.0	0.6	0.0	89.63	88.76	58.38	43.75	1572
64	39.225	39.84	27.9	13.54	90.39	25.07	86.74	89.39	80.68	78.12	1502
64	34.735	28.29	15.93	21.75	81.83	19.43	83.45	89.57	80.47	70.31	2527
0	38.555	-11.07	22.39	51.17	43.64	37.02	74.97	93.34	84.81	79.69	1041
0	25.7975	51.6	88.38	0.0	14.81	0.0	90.0	89.67	57.33	67.19	0565
64	25.0	50.0	100.0	0.0	0.0	0.0	89.13	89.1	57.17	45.31	0536
64	48.225	8.79	76.01	42.73	29.23	44.93	86.94	90.16	82.99	68.75	0505
0	45.775	-52.16	19.42	74.25	19.97	69.46	56.34	83.76	83.19	68.75	3072
0	39.145	7.06	30.74	36.96	54.6	34.28	85.56	90.62	83.32	75.0	3036
0	44.13	-38.17	13.45	60.71	36.64	65.72	61.36	86.84	82.17	60.94	0011
64	42.1175	16.37	52.61	26.3	48.0	41.56	84.35	87.63	81.88	78.12	1090
64	42.275	-1.42	23.92	30.3	59.21	55.67	83.19	93.13	82.88	84.38	3015
0	25.1425	50.29	99.77	0.0	0.8	0.0	89.61	89.08	57.76	31.25	2563
0	25.91	51.82	93.73	0.0	9.91	0.0	89.21	88.8	59.35	53.12	0520
64	25.235	50.47	99.74	0.0	1.2	0.0	90.5	89.89	58.38	62.5	0004
64	49.1075	-39.63	30.71	65.48	27.88	72.36	65.31	78.35	81.11	73.44	2521
64	25.0	50.0	100.0	0.0	0.0	0.0	89.06	89.0	56.79	54.69	1004
0	25.0925	49.62	85.15	0.33	14.66	0.23	88.52	88.32	56.97	48.44	2547
0	25.39	50.78	97.06	0.0	4.5	0.0	89.0	89.19	57.17	67.19	3565
0	46.07	-48.82	16.94	67.26	26.38	73.7	61.04	90.6	85.53	78.12	1088
0	27.7425	55.48	83.39	0.0	27.58	0.0	89.53	89.75	56.97	60.94	2529
64	33.395	48.87	51.5	1.0	64.16	16.92	88.62	91.82	80.7	81.25	1010
64	25.0	50.0	100.0	0.0	0.0	0.0	89.81	90.02	58.53	37.5	3507
0	25.03	50.06	99.67	0.0	0.45	0.0	89.23	89.45	58.2	35.94	1086
0	25.005	50.01	99.97	0.0	0.05	0.0	89.06	88.68	57.51	46.88	3538
0	27.8125	55.62	90.08	0.0	21.17	0.0	89.35	89.59	57.04	48.44	1092
64	56.1575	-23.27	28.88	69.37	60.16	66.22	81.19	86.94	81.81	82.81	3069
64	27.0825	54.17	84.46	0.0	23.87	0.0	89.73	89.51	57.51	65.62	0517
0	42.6375	-2.14	43.05	46.39	40.09	41.02	75.52	89.61	81.63	73.44	0057
64	25.1775	50.35	98.86	0.0	1.85	0.0	89.45	89.43	58.33	64.06	0020
0	25.005	50.01	99.87	0.0	0.15	0.0	89.0	88.74	56.27	39.06	0010
64	61.025	-32.16	49.71	75.8	40.19	78.4	75.23	87.28	83.99	84.38	0534
64	40.1825	8.68	21.67	16.65	67.37	55.04	82.06	90.7	83.09	81.25	3583
0	30.405	50.97	47.62	2.0	64.16	7.84	84.0	92.91	81.7	82.81	2008
64	25.2175	50.44	88.61	0.0	12.26	0.0	89.69	89.81	55.91	65.62	1060
0	25.075	50.15	99.8	0.0	0.5	0.0	89.67	90.06	57.84	53.12	0501
64	15.81	19.82	0.69	10.77	50.75	1.03	15.71	15.67	8.8	15.62	2009
64	32.1075	32.84	44.16	1.66	52.9	29.71	88.5	92.32	82.5	84.38	2555
64	26.7975	53.59	86.72	0.0	20.47	0.0	89.13	89.41	56.84	51.56	2072
64	26.03	52.06	82.7	0.0	21.42	0.0	89.77	89.53	57.17	50.0	3061
64	30.455	45.38	58.39	0.44	47.9	15.09	88.46	91.6	81.99	76.56	1082
64	46.805	2.2	48.11	40.07	47.7	51.34	84.79	88.92	82.94	73.44	3011
0	24.8175	49.63	97.72	0.0	1.55	0.0	90.22	90.08	59.2	40.62	2077
64	25.91	51.82	89.23	0.0	14.41	0.0	89.23	89.35	57.87	48.44	2055
64	51.78	-54.09	21.44	79.58	28.03	78.07	60.89	72.76	81.16	70.31	2540
0	0.12	-0.14	0.1	0.11	0.0	0.27	23.88	24.63	24.92	7.81	0071
64	26.0425	52.09	76.14	0.0	28.03	0.0	89.75	89.43	58.17	57.81	3030
0	39.1225	-16.83	26.83	52.72	34.58	42.36	72.94	88.01	84.22	75.0	1583
64	25.04	50.08	93.9	0.0	6.26	0.0	89.73	89.83	57.61	57.81	3513
0	47.9825	-28.92	62.14	72.59	4.9	52.3	63.99	70.03	78.37	56.25	3511
64	26.455	-27.62	25.29	79.8	0.0	0.73	39.0	39.45	56.3	45.31	2560
64	36.3675	33.97	62.86	12.1	43.84	26.67	86.43	90.77	80.55	75.0	2036
0	52.065	-30.88	27.9	56.27	45.35	78.74	75.48	83.86	84.24	75.0	1566
0	24.71	49.42	97.39	0.0	1.45	0.0	89.73	90.14	58.87	68.75	2003
64	24.9075	49.81	99.48	0.0	0.15	0.0	89.47	90.06	58.28	37.5	0573
0	25.74	48.71	1.89	2.77	98.3	0.0	27.4	27.78	23.09	28.12	2565
0	13.1225	25.8	1.6	0.44	50.45	0.0	17.84	17.92	6.0	12.5	1029
64	50.3275	-12.59	42.82	50.72	45.25	62.52	82.24	87.46	81.65	68.75	0510
64	56.2	-9.71	52.64	59.93	50.05	62.18	82.34	90.93	84.89	84.38	3570
0	32.3175	28.19	29.11	2.0	63.71	34.45	78.78	90.04	81.32	78.12	2013
64	39.395	42.6	52.02	12.32	69.37	23.87	88.19	91.35	81.63	75.0	2520
64	25.0475	50.09	99.74	0.0	0.45	0.0	89.49	89.63	57.33	56.25	2027
64	44.155	-26.57	24.8	52.83	36.94	62.05	70.64	82.06	81.5	75.0	3512
0	26.1225	52.25	75.26	0.0	29.23	0.0	89.89	89.25	55.61	43.75	3055
0	29.2225	50.16	82.93	3.11	25.68	5.17	87.08	91.45	79.75	82.81	3014
0	25.0	50.0	100.0	0.0	0.0	0.0	88.56	88.48	57.94	50.0	2082
0	33.04	35.87	54.9	8.55	47.05	21.66	82.06	91.13	80.73	82.81	3526
0	25.0	50.0	100.0	0.0	0.0	0.0	89.81	89.53	56.76	53.12	2570
0	29.675	51.7	70.01	4.88	41.04	2.77	86.86	91.9	79.6	81.25	0050
64	25.035	50.07	99.74	0.0	0.4	0.0	89.45	89.25	58.25	35.94	3076
0	33.6475	34.13	48.92	12.54	52.5	20.63	84.29	91.31	81.09	79.69	0078
64	25.055	50.11	99.87	0.0	0.35	0.0	90.2	89.73	56.97	50.0	3559
64	54.44	-34.53	37.86	66.04	36.49	77.37	71.73	82.5	81.22	64.06	1581
0	25.015	50.03	99.61	0.0	0.45	0.0	89.81	89.85	57.99	57.81	1563
64	56.78	-24.06	34.14	66.26	55.36	71.36	82.97	85.08	82.73	75.0	2030
64	25.905	51.81	92.66	0.0	10.96	0.0	88.98	89.06	57.35	42.19	2554
0	37.165	20.68	39.36	22.97	55.66	30.67	79.3	91.43	80.68	68.75	2078
64	59.7275	-34.38	49.38	79.47	35.69	74.37	79.73	86.43	81.6	75.0	2054
0	28.025	56.05	74.41	0.0	37.69	0.0	89.77	89.69	57.51	60.94	2543
0	24.5875	49.18	94.65	0.0	3.7	0.0	89.79	88.84	58.2	46.88	3029
0	26.27	52.54	94.32	0.0	10.76	0.0	89.04	89.23	58.38	56.25	3579
0	25.435	50.87	96.48	0.0	5.26	0.0	89.81	89.57	57.61	48.44	3520
64	50.0	-22.29	38.87	50.39	38.84	71.9	72.74	80.96	81.14	65.62	0509
0	36.795	-2.73	28.07	34.96	42.79	41.36	76.06	91.19	83.71	71.88	3563
0	25.3275	50.65	93.15	0.0	8.16	0.0	89.35	89.71	56.84	59.38	1074
64	54.8975	-45.04	39.43	77.03	25.33	77.8	72.48	80.09	82.29	73.44	1525
64	34.76	29.29	40.5	12.43	58.31	27.8	85.2	89.21	81.78	75.0	2580
0	38.6475	-12.06	13.38	31.08	51.85	58.28	64.5	89.13	82.81	71.88	0073
64	39.1275	22.98	59.6	15.98	41.64	39.29	83.21	87.38	80.06	76.56	2559
0	25.8325	51.66	85.51	0.0	17.82	0.0	89.67	89.67	58.51	50.0	0024
0	38.545	13.47	25.39	34.41	65.17	29.21	81.02	83.82	79.75	68.75	1036
64	24.9475	49.86	99.71	0.0	0.05	0.03	84.67	84.51	58.2	34.38	1544
0	38.46	22.83	73.17	26.75	26.58	27.34	80.42	87.44	80.65	71.88	3058
0	25.11	50.22	99.84	0.0	0.6	0.0	90.2	89.89	57.89	65.62	1064
64	45.48	3.36	24.9	34.3	69.42	53.3	83.48	91.15	83.76	75.0	2530
64	55.82	-45.99	26.01	77.69	39.64	79.94	74.85	85.32	83.76	71.88	3539
64	26.5325	53.07	91.22	0.0	14.91	0.0	89.79	89.83	56.81	48.44	1568
0	26.92	53.84	88.71	0.0	18.97	0.0	90.02	89.96	57.12	50.0	3041
0	29.3825	37.42	39.62	12.1	56.56	9.25	81.25	90.56	80.24	73.44	2545
64	25.0125	50.03	100.0	0.0	0.05	0.0	89.59	89.31	56.09	43.75	1027
0	44.815	-2.17	51.47	39.96	35.99	51.84	75.31	85.93	80.73	68.75	1028
0	25.035	50.07	99.84	0.0	0.3	0.0	89.49	89.27	57.76	39.06	3042
64	33.34	30.61	34.53	10.77	62.76	25.3	86.45	90.79	80.22	78.12	3056
64	62.855	-40.35	38.61	90.46	46.75	75.6	75.48	80.4	80.29	56.25	3010
0	37.38	20.38	45.69	14.43	49.45	39.95	77.24	89.75	81.68	81.25	3060
64	53.495	26.42	60.44	25.53	72.97	55.04	85.5	92.43	83.94	70.31	1567
0	26.0975	52.19	85.12	0.0	19.27	0.0	89.61	89.37	57.92	60.94	1535
64	56.4475	-39.1	44.16	77.03	29.63	74.97	75.05	83.33	83.58	76.56	0039
0	24.8325	49.67	97.68	0.0	1.65	0.0	89.08	89.37	58.2	43.75	3543
0	25.0	50.0	100.0	0.0	0.0	0.0	89.37	88.84	57.35	45.31	1511
0	44.415	-54.03	12.83	70.7	21.97	72.16	57.11	86.69	84.12	75.0	3050
0	27.885	55.77	78.46	0.0	33.08	0.0	89.91	90.18	57.38	45.31	1087
0	25.23	50.46	97.52	0.0	3.4	0.0	89.41	89.79	56.12	53.12	3587
0	25.3175	50.64	98.07	0.0	3.2	0.0	89.51	89.61	57.22	56.25	1063
64	25.16	50.32	95.63	0.0	5.01	0.0	89.79	89.77	57.87	48.44	1543
0	25.235	50.47	99.09	0.0	1.85	0.0	89.04	88.68	58.25	39.06	0083
64	26.745	53.49	84.66	0.0	22.32	0.0	90.08	89.61	57.87	53.12	0575
64	59.985	-46.24	32.64	85.57	41.09	80.64	76.1	86.82	84.24	71.88	3558
64	25.5225	51.05	97.39	0.0	4.7	0.0	89.21	89.45	56.99	54.69	2577
64	53.915	-18.33	52.06	61.27	37.44	64.89	77.76	83.96	81.65	64.06	1552
64	26.245	52.49	83.36	0.0	21.62	0.0	89.73	89.73	57.84	48.44	2512
0	25.6675	51.33	88.81	0.0	13.86	0.0	89.35	89.25	57.79	60.94	2552
0	45.805	-61.4	13.84	76.47	16.37	76.54	52.13	79.22	81.42	73.44	0515
64	45.395	14.93	41.61	30.3	64.11	45.56	82.64	88.54	81.86	76.56	2538
0	25.4525	50.9	94.75	0.0	7.06	0.0	89.51	89.63	57.89	43.75	1075
64	62.2225	-20.45	42.89	63.15	61.11	81.74	78.8	89.11	84.78	68.75	0056
0	25.4825	50.97	97.98	0.0	3.95	0.0	89.71	89.96	58.69	50.0	2510
0	26.0525	52.11	90.4	0.0	13.81	0.0	89.71	89.41	57.25	56.25	3518
64	65.06	-28.75	45.56	74.36	55.81	84.51	77.6	86.05	84.42	71.88	3552
0	43.15	-30.3	27.02	56.05	28.98	60.55	69.64	89.31	85.22	78.12	0548
64	25.6325	51.26	95.82	0.0	6.71	0.0	88.88	88.7	58.02	43.75	0554
0	50.665	-19.89	38.45	73.36	42.99	47.86	79.55	62.98	78.24	64.06	3567
0	26.745	53.49	40.31	0.0	66.67	0.0	88.88	89.25	58.4	40.62	2568
0	34.255	38.3	70.53	13.98	36.29	16.22	83.86	89.61	80.91	84.38	1005
64	16.655	-0.54	0.59	33.85	32.18	0.0	14.42	14.36	8.67	15.62	2046
64	30.94	38.73	52.06	0.55	48.55	22.6	87.73	91.51	82.09	84.38	0047
64	25.795	51.59	92.72	0.0	10.46	0.0	89.27	89.37	58.2	48.44	1516
64	24.42	-47.94	0.0	96.78	0.9	0.0	17.52	17.01	31.54	23.44	0522
0	49.6225	-56.44	24.09	83.02	18.72	72.66	57.78	82.36	82.22	76.56	0559
0	25.9325	51.86	85.41	0.0	18.32	0.0	89.04	90.12	57.92	46.88	2579
64	54.9475	-48.0	33.36	80.36	28.53	77.54	75.74	84.97	83.71	78.12	3003
64	28.2475	56.5	68.8	0.0	44.19	0.0	89.59	89.87	59.66	60.94	0530
0	29.245	49.32	30.78	4.66	77.03	4.51	89.63	92.24	84.3	73.44	2553
64	25.275	50.55	90.24	0.0	10.86	0.0	89.55	89.43	56.79	46.88	2537
64	52.27	-63.86	15.76	82.35	24.92	86.05	60.25	79.4	82.01	54.69	1523
0	25.39	49.33	99.41	0.78	0.7	0.67	81.69	81.53	59.46	37.5	3073
64	25.0	50.0	100.0	0.0	0.0	0.0	89.65	89.51	57.63	29.69	0543
0	25.0	50.0	100.0	0.0	0.0	0.0	89.61	89.63	58.22	45.31	2504
64	19.6075	-39.06	0.0	47.84	0.15	30.44	6.34	5.63	47.55	25.0	0023
64	29.335	54.97	68.44	1.33	45.2	2.37	88.98	91.47	81.4	76.56	3553
0	26.6425	53.29	78.39	0.0	28.18	0.0	89.94	89.55	57.02	65.62	1517
0	25.2125	50.42	94.84	0.0	6.01	0.0	89.59	89.51	58.04	59.38	3018
64	25.2425	50.49	86.16	0.0	14.81	0.0	90.36	90.0	58.48	54.69	0539
0	25.0	50.0	100.0	0.0	0.0	0.0	89.27	89.89	56.86	43.75	3027
64	64.68	-16.08	43.51	67.7	69.77	77.74	82.52	92.37	84.89	82.81	1542
0	43.7725	-22.27	41.45	51.94	23.82	57.88	68.14	90.42	82.4	64.06	3059
64	45.65	-3.75	21.48	45.62	66.07	49.43	83.27	87.79	82.86	81.25	1534
64	54.595	-41.64	38.12	71.59	29.43	79.24	68.57	74.99	81.6	78.12	0550
64	23.23	-42.31	0.0	86.9	4.15	1.87	13.93	13.79	41.39	18.75	1514
0	46.355	-57.08	12.96	71.59	22.67	78.2	60.06	87.83	85.17	81.25	3529
0	26.015	52.03	92.1	0.0	11.96	0.0	89.73	89.85	57.22	65.62	0585
64	58.4425	-17.1	63.15	63.15	36.64	70.83	82.44	89.61	82.5	79.69	3501
0	45.535	-31.17	30.97	65.26	28.93	56.98	69.5	91.33	84.68	76.56	2575
64	25.8375	51.67	96.44	0.0	6.91	0.0	89.85	90.18	57.58	50.0	1078
0	42.405	1.78	48.4	32.96	38.19	50.07	74.85	86.53	80.78	68.75	1574
64	24.98	49.96	99.87	0.0	0.05	0.0	89.98	89.91	58.07	51.56	3580
0	25.9125	51.82	95.89	0.0	7.76	0.0	89.79	90.0	56.99	71.88	3585
64	25.17	50.34	85.97	0.0	14.71	0.0	89.49	89.11	57.63	42.19	0521
64	25.0	50.0	100.0	0.0	0.0	0.0	89.75	89.49	58.63	46.88	3572
0	35.43	16.99	37.3	19.76	50.55	34.11	72.52	89.61	80.42	71.88	0040
64	25.55	51.1	98.2	0.0	4.0	0.0	89.53	89.83	56.89	67.19	3024
64	24.975	49.95	99.9	0.0	0.0	0.0	83.98	83.74	56.53	42.19	3065
64	50.4575	-36.29	35.64	72.59	28.98	64.62	67.44	74.69	80.09	78.12	2516
0	24.695	49.39	98.43	0.0	0.35	0.0	89.33	89.45	58.92	39.06	1579
0	40.9875	4.3	31.63	30.74	54.65	46.93	74.93	88.5	81.55	79.69	3026
0	49.9925	-45.5	26.4	77.03	28.08	68.46	61.85	79.55	81.04	65.62	3043
0	37.015	6.58	18.9	37.18	61.71	30.27	76.69	89.0	83.01	79.69	2557
0	42.67	5.67	51.93	35.07	39.09	44.59	71.28	88.13	80.11	70.31	3516
64	39.0225	28.15	42.04	12.54	64.16	37.35	87.0	91.94	81.78	82.81	0000
64	24.4725	48.94	78.82	0.0	19.07	0.0	89.87	89.71	57.43	53.12	3531
64	65.4375	-23.71	45.3	79.69	61.86	74.9	81.94	88.4	85.73	78.12	0513
0	46.4625	-11.09	39.69	49.61	42.14	54.41	73.71	86.49	82.32	73.44	2075
64	25.0	50.0	100.0	0.0	0.0	0.0	89.08	89.15	57.1	54.69	1071
0	46.3775	-31.09	23.17	59.16	38.49	64.69	68.81	85.58	81.19	68.75	2509
0	45.5325	-61.64	22.72	81.24	6.71	71.46	53.63	75.56	80.96	68.75	2043
64	25.0	50.0	100.0	0.0	0.0	0.0	89.13	88.86	59.2	34.38	2035
64	25.005	50.01	99.97	0.0	0.05	0.0	89.81	89.39	57.97	56.25	1531
0	42.395	-31.58	10.02	56.16	43.19	60.21	64.78	89.73	84.76	89.06	3071
64	45.3725	11.87	53.62	21.86	49.0	57.01	86.37	92.61	85.5	87.5	1001
0	25.0	50.0	100.0	0.0	0.0	0.0	88.5	88.76	56.81	34.38	2017
0	33.2225	33.53	46.57	17.2	53.4	15.72	83.01	93.05	82.45	73.44	2567
0	45.405	-45.78	11.0	76.14	34.03	60.45	62.05	87.24	83.58	67.19	1056
64	25.605	51.21	98.07	0.0	4.35	0.0	89.43	90.08	58.43	39.06	0532
64	25.0	50.0	100.0	0.0	0.0	0.0	80.4	81.51	58.61	42.19	1577
0	24.835	49.67	98.34	0.0	1.0	0.0	89.75	89.37	57.74	51.56	0060
64	29.965	46.44	81.4	3.11	24.97	10.38	88.21	90.02	78.93	78.12	3021
0	25.98	51.96	82.9	0.0	21.02	0.0	89.61	89.61	58.61	51.56	0580
64	25.905	51.81	94.71	0.0	8.91	0.0	90.1	89.29	57.79	59.38	0066
64	25.4525	50.91	88.15	0.0	13.66	0.0	89.61	88.78	58.04	43.75	3556
64	25.3725	50.74	96.48	0.0	5.01	0.0	89.91	90.3	57.87	53.12	1536
0	35.065	35.32	48.24	24.86	57.21	9.95	85.18	82.26	75.67	45.31	0583
64	61.0975	25.08	73.76	38.4	73.52	58.71	85.12	92.12	83.99	90.62	0061
0	48.735	-68.94	17.46	81.47	11.06	84.95	48.97	73.23	81.32	65.62	2022
64	62.7875	-43.6	53.2	84.46	28.78	84.71	72.56	81.33	82.17	75.0	0006
0	44.5075	-59.44	7.25	76.36	22.32	72.1	55.2	87.42	85.12	75.0	0549
64	54.625	-15.36	45.59	60.16	48.3	64.45	82.3	88.27	82.94	79.69	0089
0	34.7925	5.24	10.31	30.97	64.51	33.38	77.34	92.67	84.14	81.25	1570
0	38.63	-9.51	39.92	37.07	27.83	49.7	70.01	91.88	83.19	82.81	0053
64	29.885	47.82	65.8	1.44	41.79	10.51	89.71	92.39	81.06	90.62	0013
0	28.3225	49.19	47.32	3.55	58.51	3.91	82.48	93.07	82.96	89.06	3551
64	32.835	32.78	38.94	4.55	59.51	28.34	88.34	91.03	81.11	76.56	0561
0	25.76	51.52	97.03	0.0	6.01	0.0	89.61	89.87	57.25	71.88	3025
0	24.975	49.95	99.8	0.0	0.1	0.0	89.73	90.14	56.99	46.88	1546
64	24.84	49.68	97.26	0.0	2.1	0.0	90.04	89.94	57.25	43.75	1513
64	63.7675	-30.89	51.6	88.46	45.05	69.96	73.19	82.4	80.63	76.56	1518
64	25.015	50.03	98.11	0.0	1.95	0.0	89.69	89.23	56.15	53.12	3503
0	24.9875	49.98	99.8	0.0	0.15	0.0	89.98	90.32	58.3	31.25	2014
0	47.0925	-27.93	27.87	55.49	38.39	66.62	65.43	81.63	81.29	65.62	0079
64	59.4875	-43.74	47.75	87.35	27.48	75.37	73.77	82.66	82.11	68.75	0043
64	24.9675	49.93	99.87	0.0	0.0	0.0	89.53	89.19	57.33	54.69	2066
64	26.4525	52.91	91.25	0.0	14.56	0.0	89.53	89.45	58.35	53.12	1530
64	26.7125	53.43	74.87	0.0	31.98	0.0	89.79	89.43	57.15	46.88	2550
0	40.93	-1.0	53.88	43.51	26.98	39.35	74.38	89.57	80.55	76.56	1065
0	37.8425	12.72	48.11	25.75	40.29	37.22	78.61	89.02	83.04	67.19	2584
0	24.92	49.84	91.97	0.0	7.71	0.0	89.83	89.75	57.61	48.44	0068
64	51.4175	-28.73	23.4	59.27	50.7	72.3	74.56	78.53	81.78	67.19	0069
64	63.145	-44.73	32.96	84.91	48.6	86.11	72.03	85.14	81.78	75.0	2551
64	25.0125	50.03	100.0	0.0	0.05	0.0	89.43	89.31	56.45	42.19	0029
0	25.055	50.11	99.97	0.0	0.25	0.0	89.77	90.16	57.63	51.56	0076
0	26.475	52.95	78.52	0.0	27.38	0.0	89.94	89.87	58.25	59.38	0544
0	25.645	51.29	99.18	0.0	3.4	0.0	89.57	89.49	56.61	32.81	0508
0	2.43	4.86	1.11	0.0	8.61	0.0	3.95	4.05	0.0	0.0	2029
64	35.1075	36.45	49.15	9.1	57.51	24.67	86.84	90.79	81.76	70.31	3074
64	45.2225	-12.83	19.26	55.27	58.36	48.0	78.13	87.61	82.09	73.44	3001
0	47.22	-75.16	1.21	83.02	18.07	86.58	45.02	82.42	83.5	60.94	2536
0	31.9	30.89	33.68	10.65	61.01	22.26	81.81	92.24	82.99	73.44	3581
0	24.6775	49.36	93.96	0.0	4.75	0.0	88.78	89.71	57.66	45.31	1560
0	24.61	49.22	55.25	0.0	43.19	0.0	90.08	90.2	57.92	46.88	3063
0	25.0	50.0	100.0	0.0	0.0	0.0	89.94	89.81	58.71	46.88	3517
0	37.8325	11.41	20.01	30.3	67.07	33.95	77.38	90.73	81.65	82.81	1585
64	25.18	50.36	98.47	0.0	2.25	0.0	90.08	89.35	57.07	51.56	2010
0	45.47	-52.57	8.39	85.9	29.98	57.61	60.35	86.57	81.78	68.75	1011
0	44.3275	-36.99	34.4	66.59	17.27	59.05	66.61	92.73	84.81	79.69	2515
0	39.8025	-16.44	19.78	43.17	43.39	52.87	72.5	92.08	85.42	87.5	0052
64	25.5225	51.04	84.37	0.0	17.72	0.0	89.71	89.59	57.51	56.25	0533
0	25.0	50.0	100.0	0.0	0.0	0.0	89.47	89.41	58.35	46.88	0082
0	25.765	51.53	94.45	0.0	8.61	0.0	89.81	89.53	57.71	54.69	0558
64	25.49	50.98	96.25	0.0	5.71	0.0	89.29	89.61	57.35	57.81	2564
0	25.0	50.0	100.0	0.0	0.0	0.0	89.79	89.53	58.1	48.44	0077
64	25.6075	51.22	88.12	0.0	14.31	0.0	89.21	89.71	57.2	35.94	1072
64	25.9075	51.82	91.32	0.0	12.31	0.0	89.13	89.39	58.51	42.19	1537
