K	ADVFM	FM	PT	ID
 0	35.5	6.002	81.126	0632
 0	36.748	3.56	81.5	1594
 0	36.812	3.75	82.312	0723
 0	36.814	2.876	80.126	1420
 0	36.876	3.184	81.438	1291
 0	36.94	3.688	80	0260
 0	37.062	3.812	82.186	1502
 0	37.126	4.064	81.5	1437
 0	37.186	3.438	80.438	0159
 0	37.25	3.374	79.378	0596
 0	37.25	4.124	79.376	0283
 0	37.312	3.186	80.748	0214
 0	37.31	4.686	81.5	0898
 0	37	3.25	80.938	0653
 0	37.374	2.746	81.312	1001
 0	37.374	3.126	80.812	1091
 0	37.436	3.81	81.562	1023
 0	37.436	7.688	81.126	1740
 0	37.502	3.812	80.376	0595
 0	37.564	4.25	80.25	0076
 0	37.624	3.752	82.564	0168
 0	37.626	4.374	81.814	0252
 0	37.686	2.75	81.94	0581
 0	37.688	3.25	81.564	0782
 0	37.75	13.188	82.124	1715
 0	37.75	17.438	80.188	0690
 0	37.812	7.062	81.064	0738
 0	37.814	2.624	79.812	0988
 0	37.876	2.876	80.438	0590
 0	37.938	3.562	80.688	0378
 0	37.938	6.812	80.314	0105
 0	38.002	2.748	83.752	1109
 0	38.002	3.186	81.252	1014
 0	38.062	3.562	80.438	1661
 0	38.064	8.938	80.814	0067
 0	38.122	2.312	81.374	0426
 0	38.122	3.874	81.372	0056
 0	38.124	3.752	82.374	0323
 0	38.126	3.688	82.248	0176
 0	38.126	3.814	81.69	0990
 0	38.186	2.312	82.75	0679
 0	38.188	6.126	81.314	0098
 0	38.188	6.312	80.064	0103
 0	38.25	4.314	82.75	0197
 0	38.312	4.438	80.624	1237
 0	38	3.188	80.19	0623
 0	38.436	3.562	80.5	0673
 0	38.436	4.438	81.938	0885
 0	38.436	4.812	83.06	0463
 0	38.502	5.25	80.25	0100
 0	38.5	2.874	80.688	0989
 0	38.562	2.934	81.936	0611
 0	38.562	3.624	78.878	0322
 0	38.562	5.314	79.936	1201
 0	38.562	5.936	82.874	0145
 0	38.626	11	80.126	1491
 0	38.626	3.5	80.374	0515
 0	38.688	2.69	80.31	0178
 0	38.688	3.562	80.75	0364
 0	38.688	3.69	80.876	0606
 0	38.688	7	82	1523
 0	38.69	3	80.624	1184
 0	38.748	11.874	82.5	1208
 0	38.748	3.874	83.624	0920
 0	38.75	9.248	81.876	1259
 0	38.812	2.25	80.938	1749
 0	38.814	7.316	80.188	0370
 0	38.874	3.812	82.126	0085
 0	38.876	6.062	82.188	1519
 0	38.938	4.438	81	1641
 0	38.938	6.624	80.626	1739
 0	38.998	2.312	81.124	0077
 0	39.06	4	80.75	0853
 0	39.122	3.938	80.374	1315
 0	39.124	12.874	82.248	0189
 0	39.124	3.624	79.374	0703
 0	39.124	3.624	82.502	0347
 0	39.126	5.25	81.436	0047
 0	39.186	3.876	80.938	0993
 0	39.188	6.25	82.374	1090
 0	39.252	6.128	81.06	1324
 0	39.25	3.248	83.062	1428
 0	39.312	3.622	82.75	1533
 0	39.312	4.44	80.502	0935
 0	39.316	5.126	81.312	0314
 0	39.374	3.502	80.436	0471
 0	39.376	3.812	81.688	0265
 0	39.376	3.936	81.502	1137
 0	39.376	4.876	81.814	0417
 0	39.436	10.25	79.936	1136
 0	39.436	2.938	78.438	0219
 0	39.436	3.248	78.502	1706
 0	39.44	3.062	82.5	1388
 0	39.498	11.064	80.252	1352
 0	39.502	16.312	78.438	0683
 0	39.502	3.752	80.252	1726
 0	39.502	4.502	80.75	1703
 0	39.562	3.5	81.25	0717
 0	39.564	3.748	79.5	0116
 0	39.622	4	82.626	0247
 0	39.624	4.31	82.562	0954
 0	39.624	5.124	80.998	0436
 0	39.626	3.876	79.812	0641
 0	39.626	4	79.686	0506
 0	39.626	4	81.126	1494
 0	39.688	3.064	79.186	0282
 0	39.688	3.502	79.564	0689
 0	39.752	4.374	80.56	1407
 0	39	7.564	81.562	0869
 0	39.812	2.562	80.44	1583
 0	39.812	2.5	81.936	0656
 0	39.812	4.938	80.564	0908
 0	39.81	4.876	81.314	0617
 0	39.872	2.75	82.624	0553
 0	39.874	6.564	80.188	1017
 0	39.876	3.186	82.25	0533
 0	39.876	6.062	82.312	0790
 0	39.878	3.374	80.75	1497
 0	39.936	5.19	80.626	1164
 0	39.998	3.688	79.438	0555
 0	39.998	6.126	80.44	1353
 0	40.06	2.376	82.062	1250
 0	40.124	12.688	82	0074
 0	40.124	2.69	81.874	0124
 0	40.124	3.5	81.188	1684
 0	40.186	2.812	80.688	0440
 0	40.186	8.624	81.124	0007
 0	40.188	2.438	79.876	1577
 0	40.188	3.248	78.378	1102
 0	40.25	4.502	81.25	0433
 0	40.312	3.314	80.812	1698
 0	40.374	2.372	80.688	1741
 0	40.376	2.936	82.5	0701
 0	40.436	3.5	80.5	1058
 0	40.436	5.938	80.438	1536
 0	40.438	2.684	82.312	1225
 0	40.5	2.748	80.188	0734
 0	40.5	4	82.124	0251
 0	40.562	6.626	79.688	1105
 0	40.688	3.998	80.438	1348
 0	40.752	3.126	80.248	0258
 0	40.814	3.374	81.186	0686
 0	40.874	3.062	80.438	0001
 0	40.874	3.562	80	1692
 0	40.874	6.748	82.184	0081
 0	40.874	7.562	82.564	1695
 0	40.874	8.374	81.064	1360
 0	41.062	5.438	79.936	0928
 0	41.188	16.752	79.498	1173
 0	41	24.624	80.062	1734
 0	41.314	2.438	82.374	0248
 0	41.374	4.874	81.248	1306
 0	41.436	3.688	82.312	1423
 0	41.562	2.874	82.06	1550
 0	41.686	20.372	81.252	1630
 0	41.752	16.94	79.936	0639
 0	42.188	17.062	81.814	0626
 0	42.188	2.75	80.752	1327
 0	42.188	3.19	81.752	1528
 0	42.248	17.438	83.312	1624
 0	42.312	6.376	82.438	0410
 0	42.624	3.626	81.126	0629
 0	43.436	17.376	80.5	0365
 0	44.188	19.5	79.75	0516
 0	44.25	21.126	80.75	0060
 0	44.75	22.5	81.5	1392
 0	44.938	23.874	80.376	0952
 0	45.31	22	80.876	0714
 0	46.002	27.064	80.186	0850
 0	46.188	19.874	80.94	1084
 0	46.188	28.06	80.436	0840
 0	46.498	23.686	79.436	1367
 0	46.5	31.688	82.124	1606
 0	46.874	22.686	79.312	1114
 0	47.752	40.06	79.938	0521
 0	47.938	32.376	80.002	1358
 0	48.186	30.374	82.062	1083
 0	48.376	35	81.252	1524
 0	48.378	38.498	82.252	0593
 0	49.312	29.998	79.812	0694
 0	49.998	35.748	80.19	1287
 0	50.874	38.81	79.25	0576
 0	51.748	41.938	80.064	1705
 0	51.814	36.504	78.188	1603
 0	53.126	49.126	81.312	0288
 0	53.376	53.188	79.124	1059
 0	53.69	39.25	79.502	0827
 0	54.06	44.814	79.684	1668
 0	54.25	54.188	77.936	0169
 0	54.688	89.814	56.998	0816
 0	54.878	48.126	80.5	0246
 0	54.998	88.376	78.248	1132
 0	55.19	42.124	80.812	0594
 0	55.314	54.188	79.438	0196
 0	55.812	89.002	81.936	0063
 0	55.814	51.064	80.062	1026
 0	56.126	89.686	80.624	0676
 0	56.252	56.002	81.562	1297
 0	56.312	42.376	82.126	0102
 0	56.502	89.312	80.374	0059
 0	56.686	89.186	79.124	1649
 0	56.94	54.376	77.002	0049
 0	57.064	90.376	78.498	0308
 0	57.248	59.376	78	0355
 0	57.25	90.126	79.998	1319
 0	57.25	90.502	79.126	1496
 0	57.314	86.314	81.252	0863
 0	57.374	67.56	79.624	0817
 0	57.374	89.812	81.186	1093
 0	57.376	90.624	82.25	0831
 0	57.436	88.874	78.94	1342
 0	57.438	89.562	77.938	1598
 0	57.626	88.438	80.688	1121
 0	57.686	90.436	80.438	0778
 0	57.688	50.434	80.686	0650
 0	57.688	57.06	81	0776
 0	57.688	87.814	78.188	0027
 0	57.75	89.626	78	0026
 0	57.812	90.186	80.064	0760
 0	57.874	70.248	80.752	0303
 0	57.874	91.314	80.374	0872
 0	57.876	90.566	80.25	0339
 0	57.938	53.5	78.498	0970
 0	57.938	89.126	77.812	1651
 0	57.938	89.44	79.126	1569
 0	57.938	89.874	81.69	1425
 0	57.938	90.498	81.688	0232
 0	57.998	88.312	78.124	0542
 0	58.064	55.314	80.562	0523
 0	58.126	55.064	80.374	0186
 0	58.188	88.812	81.124	1018
 0	58.252	65.686	77.188	0034
 0	58.312	85.874	79.874	0431
 0	58.378	88.874	80.188	0318
 0	58.436	64.126	79.312	0572
 0	58.626	89.624	80.124	0729
 0	58.814	90.876	77.876	0937
 0	58.874	90.312	80.314	1337
 0	58.878	89.438	79.5	1334
 0	58.936	88.874	80.5	0134
 0	58.936	90.502	80.062	1545
 0	59.064	51.126	79.624	1415
 0	59.064	64.188	79.874	0221
 0	59.124	86.938	77.5	0108
 0	59.248	90.314	80	0651
 0	59.252	90.124	79.248	1351
 0	59.312	89.002	80.812	1590
 0	59.312	89.188	81.188	0756
 0	59.312	89.998	78.876	0588
 0	59.314	89.69	79.312	0558
 0	59.374	88.812	81.312	0344
 0	59.374	89.374	80.874	1441
 0	59.374	91.25	79.876	1195
 0	59.434	89.94	80.188	0961
 0	59.438	89.688	78.376	1525
 0	59.564	89	78.938	1233
 0	59.626	90.876	81.564	1251
 0	59.686	53.874	80.25	1405
 0	59.688	51.31	79.31	1096
 0	59.688	70.126	78.812	1516
 0	59.688	88.752	78.75	0487
 0	59.69	88.936	80.812	0848
 0	59.752	89.812	81.75	0612
 0	59.752	90.562	81.186	0106
 0	59.75	52.812	80.438	0665
 0	59.75	88.936	81.688	0540
 0	59.75	89.128	80	1584
 0	59.812	89.248	82.188	0301
 0	59.876	90.25	82.126	0277
 0	59	88.376	78.436	0926
 0	59.938	60.752	79.812	1214
 0	59.938	66.624	78	0513
 0	59.94	67.686	79.188	0447
 0	60.062	61.812	80.688	1311
 0	60.062	89.75	79.624	0255
 0	60.064	89.188	79.436	1572
 0	60.186	70.748	78.624	1487
 0	60.25	87.438	81.002	0531
 0	60.25	89.502	78.564	0987
 0	60.374	89.122	82.434	1179
 0	60.376	63.876	80.186	0010
 0	60.376	88.874	80.626	0190
 0	60.376	89.374	81.75	0951
 0	60.376	90.186	82.562	1730
 0	60.502	88.438	83	1150
 0	60.562	89.436	80.996	1482
 0	60.564	88.5	80.814	1156
 0	60.56	87.628	82.374	0399
 0	60.56	87.874	82.002	1350
 0	60.5	90.252	82.624	1681
 0	60.686	89.874	82.314	1435
 0	60.752	89.252	80.688	0292
 0	60.75	89.062	80	1106
 0	60.75	89.812	79.062	1484
 0	60.812	53.502	79.686	0929
 0	60.812	88.502	81.622	1056
 0	60.814	87.25	80.814	0624
 0	60.81	88.938	81.438	0117
 0	60.876	88.874	81.812	1015
 0	61.124	88.064	81.19	0640
 0	61.124	89.436	80.626	0597
 0	61.126	84.25	76.126	0905
 0	61.186	88.688	79.75	1589
 0	61.188	66.75	79.31	0500
 0	61.25	57.748	78.312	0605
 0	61.25	66.812	77.438	0057
 0	61.25	87.622	81.124	0490
 0	61.25	90.688	82.436	1244
 0	61.312	87.752	80	0439
 0	61.312	88.812	80.25	0179
 0	61.376	87.814	79.938	1048
 0	61.436	67.188	80.374	0171
 0	61.436	88.124	82.81	1515
 0	61.44	89.124	84.562	1028
 0	61.502	87.938	81.122	0769
 0	61.564	87.44	81.626	0393
 0	61.5	69.626	79.186	1450
 0	61.624	88.814	80.814	0042
 0	61.752	66.812	78.938	1391
 0	61.75	88.562	82.75	0058
 0	61.876	67.5	81.748	0661
 0	61.876	83.124	77.376	1183
 0	61.878	88.436	81.186	0449
 0	61	88.812	79.812	0560
 0	61.938	88.314	80.562	1191
 0	61.94	84.438	80.25	1430
 0	61.998	86.06	79.938	0637
 0	62.064	70.626	79.376	1711
 0	62.188	89.938	81.622	1326
 0	62.248	67.56	82.81	1127
 0	62.248	88.688	82.122	1347
 0	62.312	88.874	80.874	0328
 0	62.314	88.75	80.686	1628
 0	62.372	57.812	82.186	1278
 0	62.374	70.624	77.624	0721
 0	62.376	67.06	79.374	0306
 0	62.562	89.75	81.436	0281
 0	62.564	68.248	80.624	0351
 0	62.564	70.686	79.75	0008
 0	62.5	87.94	79.062	0405
 0	62.626	86.564	79.688	1611
 0	62.686	63.874	80.124	0004
 0	62.686	85.376	78.248	0941
 0	62.686	89.44	80.938	0181
 0	62.688	89.062	80.25	0481
 0	62.75	89.44	81.686	0150
 0	62.812	89.128	81.062	1500
 0	62.81	86.188	81.126	0739
 0	62.876	83.314	78	1320
 0	62.936	76.438	78.938	0582
 0	62.938	87.876	78.688	1140
 0	63.002	69.998	79.188	1381
 0	63.064	87.876	81.372	1307
 0	63.126	84.624	81.186	0174
 0	63.128	88.31	78.626	1040
 0	63.376	61.376	81.19	0669
 0	63.436	89.186	81.5	0825
 0	63.438	88.5	80.564	1642
 0	63.502	63.376	79.938	0900
 0	63.562	87.19	82.562	0200
 0	63.562	88.128	81.25	0146
 0	63.564	87.372	78.81	0132
 0	63.624	86.876	81.75	0195
 0	63.626	61.252	80.188	1005
 0	63.626	84.438	80.936	1073
 0	63.686	85.062	79.752	0075
 0	63.752	87	80.624	1341
 0	63.75	89.75	80.124	1120
 0	63.812	84.752	81	1167
 0	63.812	87.374	80.436	0741
 0	63.876	81.688	80	0554
 0	64.002	87.252	83.186	1117
 0	64.002	88.312	80.5	1372
 0	64.062	85.248	79.812	0395
 0	64.064	75.5	79.998	0550
 0	64.124	68.124	79.312	0838
 0	64.124	87.124	82.312	1563
 0	64.188	74	78.748	1065
 0	64.25	89.812	80.938	0362
 0	64.312	73.062	80.502	1356
 0	64.312	87.688	78.126	1074
 0	64.314	87.812	82.374	0856
 0	64.436	64.248	78.936	0737
 0	64.502	80.812	79.814	0333
 0	64.562	85.626	82.186	1490
 0	64.564	86.314	79.562	1355
 0	64.686	66.998	78.938	1212
 0	64.686	85.126	79.936	0432
 0	64.686	89.626	81.562	1454
 0	64.75	87.874	80.188	0501
 0	64.814	69.814	82.25	0561
 0	64.872	64.626	80.248	1013
 0	64.872	89.062	83.314	0382
 0	64.874	65.562	80	1733
 0	64	88.562	82	0903
 0	65.002	74.5	80.56	0142
 0	65.062	84.436	80.25	0045
 0	65.126	70.126	80.376	0468
 0	65.188	68.876	77.624	1247
 0	65.19	69.872	81.874	0006
 0	65.248	69.062	81.752	0264
 0	65.252	71.748	81.688	1566
 0	65.25	69.688	80.5	0615
 0	65.312	85.06	79.876	1025
 0	65.374	86.626	80.812	1529
 0	65.438	80.688	79.128	1647
 0	65.438	87.814	81.56	1223
 0	65.498	71.624	80.248	1288
 0	65.562	70.876	81	1044
 0	65.562	80.248	79.812	1079
 0	65.562	85.812	79.06	0358
 0	65.562	86.062	80.874	1217
 0	65.562	86.376	79.5	0028
 0	65.564	87.812	80.688	0740
 0	65.56	86.374	79.938	0784
 0	65.624	74.188	80.626	1078
 0	65.626	68.312	77.5	0299
 0	65.748	85.188	79.75	0828
 0	65.752	87.062	81.312	1165
 0	65.812	70	82.94	0475
 0	65.812	85.688	79.562	0427
 0	65.814	88.686	78.938	0226
 0	65.81	86.312	79.562	0580
 0	65.874	85.186	79.502	1618
 0	65.876	70.314	83.188	1632
 0	65.938	64.812	78.126	1417
 0	65.938	81.686	81.938	0630
 0	65.938	86.44	81.936	1475
 0	65.998	86.626	80.562	1100
 0	66.002	88	82.126	0876
 0	66.062	78.75	82.562	0846
 0	66.064	87	81.75	0357
 0	66.124	74.436	81.376	0423
 0	66.186	70.81	82.372	1522
 0	66.186	89.688	81.874	1503
 0	66.188	69.438	80.124	1357
 0	66.248	72.626	81.812	0674
 0	66.252	90.688	82.124	0372
 0	66.25	84.75	79.562	1380
 0	66.312	85.874	79.31	0341
 0	66.314	78.876	79.126	1009
 0	66.314	82.126	79.124	0345
 0	66.374	72.94	81.562	1568
 0	66.374	80.502	80.062	1302
 0	66.562	72.624	81.686	1331
 0	66.562	84.064	81.19	1615
 0	66.562	88.438	81.312	1665
 0	66.564	70.876	79.562	0459
 0	66.564	88.938	82.564	1312
 0	66.56	71.5	80.376	0398
 0	66.624	83.002	78.626	0173
 0	66.624	88.624	79.188	0947
 0	66.628	87.374	78.686	1506
 0	66.748	86.188	81.688	1701
 0	66.75	67.69	77.25	0663
 0	66.75	69.752	80.686	0551
 0	66.75	72.44	81	0156
 0	66.75	85.874	81.874	0704
 0	66.812	69.878	80.562	1432
 0	66.812	86.626	80.44	1634
 0	66.81	85.562	80.186	0089
 0	66	86.25	81.5	1570
 0	66.874	71.75	82	1704
 0	66	87.5	82.314	0476
 0	66.876	73.064	81.876	1412
 0	66.876	87.438	79.748	0346
 0	66	88.624	82.19	0015
 0	66.936	81.188	80.436	0243
 0	66.938	76.5	81.5	1722
 0	66.938	85.25	78.438	1255
 0	66.938	88.938	78.128	1066
 0	67.002	83.812	80.562	0813
 0	67.064	73.376	80.126	1688
 0	67.122	71.126	80.128	1080
 0	67.124	71.936	83.376	0768
 0	67.126	77.436	77.686	0834
 0	67.126	87.062	81.5	1517
 0	67.25	85.938	77.624	0253
 0	67.25	86.25	78.624	1419
 0	67.25	86.31	80.874	1069
 0	67.312	71.684	83.562	1335
 0	67.312	87.938	81.562	0478
 0	67.312	88.874	81.812	0429
 0	67.314	85.186	81.126	1298
 0	67.376	88.376	82.374	1101
 0	67.438	76.562	81.936	1444
 0	67.438	86.812	81.498	0633
 0	67.498	84.562	79.69	1429
 0	67.562	70.624	79.998	1501
 0	67.562	79.188	79.564	0208
 0	67.564	74.186	81.5	0844
 0	67.564	87.878	80.312	1138
 0	67.5	72.75	82.188	0622
 0	67.686	68.624	78.69	0696
 0	67.686	83.874	79.936	0013
 0	67.686	86.562	78.5	1461
 0	67.686	86.876	81.374	0210
 0	67.748	73	81.188	0055
 0	67.748	81.498	81.188	0053
 0	67.75	88.812	79.75	0259
 0	67	77.934	78.186	1553
 0	67.812	87.5	79.812	0094
 0	67.81	81.498	83.124	0300
 0	67.874	74.754	80.314	1513
 0	67.876	75.686	81.436	0505
 0	67.878	89.312	81.372	1210
 0	67.936	71.75	83.376	0406
 0	67.936	73.69	79.252	1075
 0	67.938	82.064	81.376	0274
 0	68.064	82.934	80.876	0915
 0	68.124	75.438	82.25	0895
 0	68.124	84.438	82.81	1141
 0	68.126	69.5	79.126	1282
 0	68.126	80.188	83.562	1639
 0	68.186	73.126	80.688	1418
 0	68.186	78.752	81.626	1193
 0	68.188	70	77.44	0902
 0	68.188	79.31	78.75	1613
 0	68.248	81.75	79.686	0770
 0	68.248	85.75	81.5	1469
 0	68.248	87.374	81	0757
 0	68.252	86.874	81.252	0530
 0	68.312	73.376	81.122	1082
 0	68.312	85.25	80.312	1240
 0	68.314	79.5	80.062	1243
 0	68.372	73.686	84.688	0408
 0	68.374	74.188	80.876	0780
 0	68.374	79.126	81.252	0922
 0	68.374	82.374	80.188	0131
 0	68.374	84.124	79.938	1659
 0	68.376	81.064	81.438	0532
 0	68.376	87.126	81.252	0002
 0	68.378	73.812	79.438	0233
 0	68.502	85.812	81.064	1159
 0	68.562	87.374	80.062	1336
 0	68.5	83.502	81.688	0866
 0	68.626	71.376	83.062	1365
 0	68.626	73.75	81.378	0522
 0	68	66.812	78.566	1304
 0	68.686	82.312	81.498	0636
 0	68.686	88.188	82.748	1672
 0	68.688	87.25	79	1399
 0	68.748	74.502	82.374	0396
 0	68.752	88.876	82.812	0527
 0	68.75	72.376	81.436	1403
 0	68	76.936	82.374	1345
 0	68.812	76.436	82.002	0073
 0	68.814	75.562	82.316	1721
 0	68.81	89.316	80.502	1108
 0	68.874	68.936	82.124	0684
 0	68.874	75.438	81.81	0022
 0	68.874	75.936	78.876	1489
 0	68.876	87.124	80.312	0231
 0	68.936	77.686	83.5	1455
 0	68.938	76.25	80.562	1042
 0	68.938	83.688	81.5	1394
 0	68.938	85.376	81.062	1107
 0	68.998	86.626	80.876	1702
 0	69.062	80.626	80.502	1693
 0	69.064	72.688	80.94	1344
 0	69.064	84.498	78.936	0462
 0	69.064	85.186	80.502	1276
 0	69.064	88.936	82.878	1032
 0	69.124	78.936	80.874	0092
 0	69.124	87.314	80.814	0984
 0	69.124	89.626	78.498	1125
 0	69.126	78.438	79.752	1122
 0	69.186	83.248	77.374	0114
 0	69.188	73.688	79.56	0284
 0	69.312	81.752	78.624	0835
 0	69.312	85.314	81.624	1534
 0	69.312	87.562	79.878	1055
 0	69.314	82.812	81.562	1397
 0	69.31	75.686	82.75	1254
 0	69.374	82.25	80.314	0054
 0	69.376	87.624	79.686	0160
 0	69.436	71.75	82.938	1451
 0	69.436	85.5	81.874	1588
 0	69.44	82.314	81.5	0091
 0	69.562	74.81	80.624	0634
 0	69.5	86.688	81.188	0442
 0	69.624	78.69	82.626	0818
 0	69.69	86.628	80.872	1034
 0	69.748	74.688	81.688	0860
 0	69.748	85.062	78.876	0380
 0	69.75	71.502	81.438	0097
 0	69.75	75.748	82.19	0881
 0	69.812	78.812	81.686	1234
 0	69	82.064	79.564	1452
 0	69	84.75	81.314	1567
 0	69.938	80.75	79.312	1579
 0	69.998	83.872	81.312	1599
 0	69.998	86.248	79.25	0509
 0	70.002	72.752	81.376	0242
 0	70.062	79.564	82.126	0887
 0	70.188	78.312	79.252	0814
 0	70.188	88.874	78.314	1654
 0	70.252	73.062	80.874	1236
 0	70.252	80.938	81.002	1549
 0	70.252	82.438	81.814	0121
 0	70.25	80.874	81.434	1742
 0	70.314	75.31	81.186	0205
 0	70.376	84.062	81.252	1735
 0	70.436	85.938	81.062	0526
 0	70.562	69.314	83.252	0005
 0	70.562	85.878	79.812	0631
 0	70.564	81.06	79.126	0374
 0	70.56	71.94	78.814	0880
 0	70.56	88.812	79.874	1493
 0	70.624	80.252	81.438	0321
 0	70.626	79.186	82.814	1505
 0	70.686	80.438	80.562	0316
 0	70.75	83.436	78.248	0907
 0	70.75	87.25	80.188	0422
 0	70.812	86.186	82.312	0878
 0	70.814	84.374	81.624	0767
 0	70.936	86.372	81.622	1467
 0	70.938	79.502	83.562	1473
 0	70.938	86.626	75.938	0304
 0	70.998	86.874	80.562	0824
 0	71.062	74.562	80.124	1411
 0	71.124	81.624	80.816	1000
 0	71.186	78.5	79.876	0153
 0	71.25	72	80.31	1149
 0	71.312	74.688	80.622	0599
 0	71.31	78.938	79.876	1010
 0	71.374	74	81.438	0329
 0	71.374	81.06	82.874	0520
 0	71.376	76.126	81.438	1354
 0	71.376	84.752	80.752	0528
 0	71.436	78.25	81.374	0930
 0	71.436	87.688	79.624	0812
 0	71.502	81.686	83.626	0602
 0	71.562	75.874	82.25	1256
 0	71.562	77.062	80.31	1151
 0	71.562	85.746	80.688	0722
 0	71.564	76.624	81.374	0385
 0	71.564	84	77.314	1139
 0	71.564	85.75	80.814	0604
 0	71.624	75.622	79.874	0421
 0	71.624	84.374	82.684	1608
 0	71.686	75.312	81.626	0066
 0	71.686	82.5	82.436	1595
 0	71.688	84.688	80.752	0877
 0	71.688	87.752	79.31	1591
 0	71.752	79.938	80.308	0667
 0	71.752	81.878	81.936	0871
 0	71	78.562	81.312	0940
 0	71.812	86.874	80.94	0802
 0	71.814	85.564	82.374	1413
 0	71.816	75.814	81.188	0122
 0	71	84.374	79	1204
 0	71.876	85.064	82.314	1424
 0	71.942	83.81	79.624	1402
 0	72.062	76.002	81.75	0112
 0	72.062	83.126	81.122	1574
 0	72.062	83.25	78.81	1601
 0	72.062	84.562	80.124	1626
 0	72.064	82.626	81.186	0136
 0	72.064	86.686	82.126	0932
 0	72.124	83.186	80.688	1261
 0	72.126	81.062	81.938	0566
 0	72.126	84.248	82.938	1188
 0	72.186	79.248	78.688	0956
 0	72.186	79.94	82.936	0154
 0	72.188	75.436	82.19	0104
 0	72.252	87.502	79.876	1481
 0	72.25	74.06	80.438	0585
 0	72.31	87.684	79.062	0297
 0	72.438	73.688	81.5	0525
 0	72.438	80.502	80.69	0335
 0	72.498	84	81	0546
 0	72.562	74.75	79.062	1077
 0	72.5	79.936	80.752	1685
 0	72.5	84.376	77.312	0261
 0	72.5	85.436	80.812	1436
 0	72.624	79.124	81.44	1445
 0	72.624	82.624	81.688	1006
 0	72.626	74.376	80.25	1145
 0	72.686	81.248	83.064	0287
 0	72.688	79.624	80.188	0465
 0	72.748	76.814	81.876	0971
 0	72.752	83.312	81.936	0023
 0	72.752	83.562	80.376	0009
 0	72.812	87.436	77.688	0298
 0	72.814	76.376	80.5	1328
 0	72.81	84.626	80.686	0628
 0	72	85.688	79.938	0369
 0	72.876	78.874	79.624	0039
 0	72.876	84.628	82	0774
 0	72.876	88.188	82.438	0892
 0	72.876	88.438	80.564	0486
 0	72.998	86.314	81.812	1724
 0	73.064	80.814	80.376	0549
 0	73.064	81.624	81.75	0272
 0	73.064	86.876	79.626	1218
 0	73.06	86.876	81.126	1666
 0	73.124	83.622	82.002	1554
 0	73.124	86.876	80.436	0518
 0	73.124	87.062	81.252	0138
 0	73.188	78.938	79.002	1531
 0	73.248	82.062	79.624	0753
 0	73.312	75.812	79.874	0109
 0	73.314	83.936	78.938	1280
 0	73.314	84.374	80.436	0266
 0	73.374	84.438	83.062	0976
 0	73.378	83.688	82.814	0777
 0	73.438	84.688	82.124	0078
 0	73.44	84.436	80.874	1168
 0	73.562	77.188	78.188	0119
 0	73.562	83.876	81.938	0324
 0	73.562	85.75	79.436	1020
 0	73.562	88.312	82.252	0620
 0	73.622	74.874	78.876	0702
 0	73.688	78.498	81.438	1054
 0	73.688	83.438	80.438	0682
 0	73.688	84.934	80.498	0356
 0	73.688	85.062	79.75	0945
 0	73.75	78.876	82.56	0493
 0	73.75	81.624	80.686	1383
 0	73.812	83.502	81.126	0792
 0	73	84.438	81.934	1129
 0	73.876	83.998	82.75	0237
 0	73.878	80.314	80.314	0559
 0	73.936	85.252	79.874	0974
 0	73.94	76.438	81.5	1678
 0	73.998	79.5	81.438	1689
 0	74.062	78.876	80.626	0206
 0	74.062	79.188	80.376	0983
 0	74.062	86.312	80.312	0164
 0	74.062	87.436	81.312	1508
 0	74.064	87.562	79.124	0448
 0	74.124	77.502	81.562	0962
 0	74.124	77.626	81.062	0218
 0	74.124	81.312	82.374	0270
 0	74.128	80.498	81.312	0567
 0	74.186	76.188	81.062	1709
 0	74.186	84.002	78.308	0289
 0	74.188	77.564	80.312	0371
 0	74.188	86.748	78.128	0735
 0	74.188	86.938	81.438	0425
 0	74.19	82.434	79.188	0349
 0	74.19	82.56	82.752	0458
 0	74.25	75.752	82.002	1171
 0	74.25	84.314	81.374	0577
 0	74.372	84.186	80.064	0401
 0	74.374	76.062	81.748	0161
 0	74.374	80.686	79.812	0638
 0	74.438	82.498	81.876	1070
 0	74.502	84.75	80.124	1325
 0	74.562	85.31	81.06	0020
 0	74.562	87.998	80.002	0994
 0	74.564	86.438	79.502	1638
 0	74.5	78.748	82.75	0836
 0	74.624	87.124	80.628	0397
 0	74.686	83.44	81.31	0236
 0	74.75	84	80.564	0420
 0	74.814	81.124	81.25	1169
 0	74.814	83.872	83.314	1019
 0	74.814	85.188	81.938	1283
 0	74.816	84.064	82	1620
 0	74.876	81.624	81.934	0625
 0	74.876	81.814	80.874	0591
 0	74.876	86.752	82.126	1041
 0	74.94	85.874	80.25	0787
 0	75.062	75.124	82.376	0614
 0	75.062	82.374	80.812	1697
 0	75.062	87.69	79.878	1346
 0	75.122	86.186	82.376	0305
 0	75.124	78.436	83.126	0552
 0	75.124	88	81.25	1047
 0	75.126	84.688	81.002	0249
 0	75.186	85.624	82.186	0685
 0	75.188	80.374	79.998	1422
 0	75.248	83.376	81.562	1557
 0	75.252	78.874	81.502	1362
 0	75.25	79.69	82.688	1676
 0	75.25	85.626	81.44	1645
 0	75.314	83.436	80.812	1043
 0	75.436	82.25	82.438	0172
 0	75.44	83.812	81.126	0489
 0	75.502	85.812	78.562	1290
 0	75.562	81.938	79.438	1747
 0	75.562	85	78.126	1683
 0	75.564	86.124	80.814	0809
 0	75.5	81.812	80.062	1410
 0	75.624	82.94	79.626	1488
 0	75.628	83.502	81.5	1289
 0	75.688	85.876	81.25	0239
 0	75.748	77.312	82.312	0359
 0	75.75	85.688	81.312	1029
 0	75.812	79	81.312	1385
 0	75.81	83.624	82.438	0657
 0	75.874	84.252	81.876	0731
 0	75.936	82.562	80.19	0707
 0	75.938	82.688	81.564	1037
 0	75.938	84.624	81.316	0712
 0	75.998	80.374	82.062	1400
 0	76.062	79.938	79.874	1113
 0	76.062	82.312	79.878	0273
 0	76.124	79.186	82.5	1453
 0	76.188	79.874	81.312	0664
 0	76.188	79.938	83.122	0011
 0	76.188	84.502	81.936	1673
 0	76.19	84.002	80.75	1670
 0	76.31	85.562	81.064	0648
 0	76.498	81.812	80.812	0980
 0	76.502	80.938	81.124	0071
 0	76.562	86	79.312	1318
 0	76.624	80.374	80.688	0469
 0	76.75	82.814	81.062	1593
 0	76.812	78.938	82.06	1640
 0	76.81	81.124	80.626	1686
 0	76.81	81.812	80.626	1416
 0	76	84.376	82.748	0152
 0	76.874	84.874	80.94	1230
 0	76.998	86.374	81.75	0754
 0	77.062	79.312	80.75	1343
 0	77.064	82.188	79.502	1030
 0	77.184	82	80.002	0496
 0	77.188	86.686	80.562	0799
 0	77.372	83.314	81.75	0311
 0	77.378	86.562	79.626	1449
 0	77.436	86.064	79.126	0508
 0	77.498	84.438	80.312	0043
 0	77.504	85.186	83.376	0135
 0	77.56	78.564	82.124	1690
 0	77.5	81.436	80.06	0503
 0	77.624	85.75	82.81	0130
 0	77.752	77.81	81.998	1162
 0	77.814	81.312	80.564	0014
 0	77	83.938	82.376	0387
 0	78.062	81.248	79.874	0758
 0	78.124	84.064	80.188	1616
 0	78.126	84.436	79.25	0681
 0	78.252	84.502	80.5	0583
 0	78.25	83.312	81.25	1232
 0	78.436	82.624	81.562	1249
 0	78.436	83.998	80.562	0982
 0	78.502	82.75	78.81	0262
 0	78.5	81.564	79.812	1192
 0	78.874	86.688	81	0293
 0	78.936	80.812	80.686	0046
 64	35.876	5.252	80.124	1404
 64	36.188	4.686	82.064	1361
 64	36.312	7.5	82.062	1128
 64	36.562	10.374	79.56	1160
 64	36.562	3.624	79.752	1448
 64	36.566	5.688	81.874	0991
 64	36.626	3.5	81.562	1296
 64	36.872	2.374	79.5	1115
 64	36.876	2.81	80.75	0655
 64	36.938	3.25	82.186	0065
 64	37.062	4.376	81.998	1095
 64	37.06	4.5	81.376	0972
 64	37.188	3.936	83.25	1743
 64	37.188	5.376	79.75	1229
 64	37.25	3.75	80.436	1199
 64	37.25	4.562	79.874	1725
 64	37.25	6.312	80.624	0798
 64	37.312	8.312	80.75	1226
 64	37.376	4.124	81.752	1143
 64	37.436	5.064	82.064	0017
 64	37.5	4.5	81.752	0635
 64	37.5	4.812	79.438	1512
 64	37.562	2.81	80.062	0220
 64	37.5	6.25	81.564	0140
 64	37.56	3.748	80.06	1215
 64	37.56	6.25	81.938	0127
 64	37.624	3.064	81	0955
 64	37.626	3.248	80.936	1679
 64	37.686	4.314	79.938	1427
 64	37.688	3.188	81.938	1539
 64	37.748	3.252	81.188	0705
 64	37.748	3.312	81.936	1186
 64	37.75	4.252	81.376	0254
 64	37.812	4.434	81.998	0263
 64	37.81	2.812	80.19	0126
 64	37.814	4.69	81.122	0025
 64	37.872	2.81	79.312	0367
 64	37.874	5.436	79.876	1039
 64	37.876	4.372	82.626	0271
 64	37.876	5.752	78.436	1086
 64	37.878	3.438	81.436	0852
 64	37.938	2.5	81.436	1720
 64	37.998	4.126	80.938	1368
 64	38.064	3.122	79.502	0467
 64	38.06	6.562	81.25	0376
 64	38.06	8.938	81.876	0565
 64	38.122	3.938	79.374	0535
 64	38.124	3.002	82.688	0294
 64	38.124	3.184	81	0819
 64	38.124	6.188	80.624	1053
 64	38.252	3.248	81.124	0235
 64	38.252	4.062	79.998	1166
 64	38.25	2.748	81.19	0088
 64	38.25	4.75	81.002	0613
 64	38.25	5.502	81.25	1652
 64	38.25	9.564	79.75	1094
 64	38.312	2.812	81.938	0030
 64	38.312	3.874	79.376	0096
 64	38.314	2.876	83	1470
 64	38.314	3.124	81.064	0163
 64	38.314	5.876	81.878	1112
 64	38.376	2.94	80.998	1604
 64	38.376	4.876	80.626	0093
 64	38	3.874	81.066	0326
 64	38.436	3.812	79.562	0584
 64	38.438	2.814	77.936	1099
 64	38	4.438	80.562	1221
 64	38.44	4	80.688	0511
 64	38.502	3.688	80.378	1621
 64	38.562	4.374	81.5	0381
 64	38.564	3.252	81.436	0048
 64	38.564	5.56	79.936	1532
 64	38.564	5.752	80.498	0794
 64	38.624	2.752	81.688	1012
 64	38.686	2.812	79.75	1349
 64	38.688	2.188	79.938	1518
 64	38.69	2.5	79.624	1729
 64	38.69	4.188	81.064	0652
 64	38.748	2.438	81.252	0893
 64	38.748	6.372	81.002	0805
 64	38.75	3.752	80.75	0167
 64	38.75	4.184	82	0563
 64	38.81	15.126	78.75	0147
 64	38.812	13.624	79.062	0051
 64	38.814	6.75	81	0556
 64	38.874	4.562	82.562	0394
 64	38.874	7.498	80.564	0627
 64	38.938	2.5	79.564	1509
 64	38.938	4.438	80.564	1071
 64	38.94	2.376	82.062	0492
 64	38.94	3.498	82.938	0336
 64	38.998	2.562	78.94	0064
 64	39.064	7.186	83.186	1190
 64	39.066	3.064	80.062	0859
 64	39.122	3.876	81.188	0452
 64	39.124	2.812	82.374	1172
 64	39.124	4.252	80.188	0879
 64	39.126	7.312	83.062	0752
 64	39.186	2.376	81.436	1227
 64	39.186	4.376	80.686	0833
 64	39.186	4.438	79.186	1285
 64	39.186	5.564	79.376	1542
 64	39.188	3.062	81.626	0883
 64	39.188	4.938	81.748	1178
 64	39.248	4.002	81.062	1081
 64	39.25	3.75	81.312	1447
 64	39	2.874	80.188	0691
 64	39.312	2.126	81.124	1252
 64	39.312	2.378	81.624	1371
 64	39.312	2.748	81.936	1011
 64	39.312	4.564	81	1303
 64	39.374	4.124	79.686	0917
 64	39.374	5.878	81.626	0269
 64	39.436	12.438	81.25	1492
 64	39.438	3.186	80.314	1300
 64	39.44	3.312	81.562	0821
 64	39.502	3.314	80.934	0312
 64	39.502	4.314	80.25	1273
 64	39.56	17.25	79.876	1602
 64	39.56	2.186	79.062	1146
 64	39.562	3.376	82.064	0241
 64	39.562	5.25	80.188	0234
 64	39.562	7.124	81.626	1369
 64	39.5	6.374	81.686	1708
 64	39.564	2.75	80.434	0855
 64	39.624	3	80.5	0999
 64	39.624	4.876	81.25	1463
 64	39.626	3.248	80.814	0072
 64	39.628	3	81.126	0040
 64	39.686	3.436	79.188	0675
 64	39.688	5.31	79.126	1507
 64	39.748	2.998	80.312	0038
 64	39.752	14	79.874	1431
 64	39.752	3.75	80	0785
 64	39.75	2.938	82	0155
 64	39.75	5.876	80.312	0906
 64	39.812	3.126	81.378	1374
 64	39.812	3.624	82.374	1635
 64	39.876	2.872	81.5	0598
 64	39.936	3.438	81.874	0804
 64	39.938	3.188	81.5	0715
 64	40.062	6.564	79.936	0619
 64	40.064	2.686	81.686	0133
 64	40.122	2.626	80.374	0244
 64	40.122	2.814	79.564	0688
 64	40.124	17.876	81.124	1617
 64	40.124	4.75	80.126	0800
 64	40.312	3.748	82.312	1211
 64	40.31	3.188	81	1395
 64	40	3.25	80.998	0224
 64	40.374	4.19	79.812	0157
 64	40.376	3.812	81.5	0212
 64	40.436	2.688	83.126	0332
 64	40.436	2.876	82.188	0291
 64	40.44	3.75	81.312	1314
 64	40.502	2.936	79.624	0829
 64	40.5	2.75	79.25	0379
 64	40.562	7.312	80.064	1246
 64	40.622	3.374	79.122	0238
 64	40.624	3.686	80.998	1076
 64	40.624	9.064	81.186	1582
 64	40.626	3.936	79.814	0909
 64	40.75	13.998	80.628	0642
 64	40.75	2.44	81.626	1540
 64	40.75	5.188	81.754	0285
 64	40.874	26.812	81	0418
 64	41.124	2.876	80.186	0541
 64	41.126	4.438	81.502	1576
 64	41.31	5.5	81.062	0409
 64	41.374	9.562	82.188	1438
 64	41.376	3.624	81.248	1332
 64	41.502	2.5	81.874	0918
 64	41.5	4.562	81.686	0849
 64	41.624	3.248	81.75	0772
 64	41.686	2.314	82.314	0839
 64	41.688	3.564	79.812	0177
 64	41.69	27.75	76.876	1414
 64	41.812	3.5	80.252	0662
 64	41.936	3.374	81.064	1389
 64	41.938	11.314	79.626	1622
 64	41.938	24.316	79.062	1174
 64	42.188	2.124	81.25	1643
 64	42.188	21.876	79.622	0891
 64	42.25	23.126	79.812	0484
 64	42.502	2.75	82.5	0207
 64	42.562	2.876	80.316	1471
 64	42.812	3.376	84.75	0107
 64	44.25	29.624	80.186	0914
 64	44.374	23.812	80.25	0412
 64	44.436	21.748	80.686	1653
 64	44.566	24.314	79.374	1439
 64	45.128	29.436	80.31	0000
 64	45.25	20.186	80.624	0668
 64	45.376	21.064	77.5	0537
 64	45.75	22.186	79.438	1660
 64	45.808	31.5	79.938	0139
 64	45.814	29.188	79.876	1274
 64	46.188	28.624	79.186	1510
 64	46.312	23.248	80.004	0795
 64	46.688	31.064	78.562	1110
 64	47.06	38.688	78.938	0807
 64	47.186	33.186	81.75	0095
 64	47.188	38.998	79.436	1464
 64	47.252	31.188	79.438	1359
 64	48.064	33.438	80.502	0659
 64	48.438	28.436	80.062	1612
 64	48.438	33	80.248	0841
 64	48.624	36.438	80.498	0428
 64	48.688	38.812	79.064	0268
 64	49.25	37	77.5	0698
 64	49.5	35.372	80.002	0810
 64	49.562	37.376	76.188	0404
 64	50.002	35.816	80.564	0697
 64	50.496	41.502	80.312	0430
 64	50.624	37.188	78.936	0574
 64	51.064	35.31	82.312	0165
 64	51.438	34.062	81.624	1144
 64	51.874	40.252	78.44	1021
 64	51.998	42.312	78.624	0979
 64	52.062	48.062	78	0680
 64	52.128	35.936	80.25	1118
 64	52.752	54.5	82.376	1669
 64	53.188	37.064	80.502	0579
 64	53.624	43.124	77.312	1700
 64	54.002	50.562	77.25	0267
 64	54.186	46.624	81.25	0373
 64	54.69	44.936	81.188	0019
 64	55.248	60.502	78.812	0977
 64	55.562	48.876	79.936	0199
 64	56.252	52.626	78.44	0479
 64	56.376	56.186	77.562	1269
 64	56.438	51.188	80.688	1158
 64	56.686	48.06	79.248	0749
 64	57.124	54	78.75	0857
 64	57.25	48.44	81.624	1049
 64	57.812	90.5	81	0438
 64	57.874	48.814	79.314	0709
 64	57.874	56.378	79.436	0473
 64	57.938	54.376	78.128	1694
 64	58.062	59.872	81.684	1495
 64	58.124	49.25	79	1408
 64	58.374	53.186	78.938	1175
 64	58.376	55.688	80.252	0847
 64	58.376	59.498	79.812	0762
 64	58.876	51.686	80.312	1434
 64	58.938	57.75	78.686	0482
 64	59.062	60.188	80.876	0175
 64	59.374	64.876	76.124	1650
 64	59.376	57.25	76.812	0791
 64	59.56	58.938	76.624	1578
 64	59.752	54.936	79	0319
 64	59.876	88.75	81.5	0115
 64	60.064	53.062	80	1216
 64	60.374	88.686	80.062	0919
 64	60.688	52.812	82.188	1239
 64	60.75	69.876	79	0868
 64	61.06	69.248	75.5	1027
 64	61.438	65.814	79.126	0997
 64	61	53.436	79.31	0569
 64	61.562	62.312	80.062	0966
 64	61.562	90.124	80.124	1691
 64	61.626	66.312	78.69	0953
 64	61.75	62.312	79.124	1062
 64	61.812	89.188	77.686	0110
 64	62.062	87.064	78.75	1260
 64	62.062	88.376	78.436	0216
 64	62.124	87.998	78.19	1477
 64	62.124	89.188	78.874	0185
 64	62.186	86.684	76.624	1409
 64	62.25	58.312	82.062	0692
 64	62.25	69.502	75.75	0904
 64	62.374	87.5	80.188	0187
 64	62.562	88.376	80.498	0368
 64	62.5	88.062	78.25	1609
 64	62.75	87.748	74.124	1064
 64	62.812	58.376	79.688	0726
 64	62.812	89.124	78.936	0649
 64	62.876	88.378	79.626	0456
 64	62	88.998	79.374	1333
 64	63.124	72.938	80.812	1468
 64	63.314	87.188	79.498	0858
 64	63.376	61.438	81.124	0775
 64	63.438	89.312	81.376	1339
 64	63.44	88.876	78.126	0320
 64	63.502	77.75	75.312	0886
 64	63.56	88.498	78.438	1378
 64	63	90	79.314	0388
 64	63.938	88.126	78.376	0808
 64	64.066	87.252	80.438	1648
 64	64.126	89.562	78.626	1202
 64	64.314	87.124	79.5	0544
 64	64.376	62.312	79.188	0600
 64	64.562	90.312	79.816	1440
 64	64.624	76.564	73.5	1597
 64	64.686	70.19	79.126	0044
 64	64.998	66.126	78.624	0437
 64	65.248	62.876	78.876	1384
 64	65.248	82.374	73.688	1607
 64	65.252	71.062	81.686	1737
 64	65.25	67.312	79.126	0586
 64	65.314	72.874	79	0933
 64	65.376	88.812	79.44	1732
 64	65.436	70.876	80.25	0033
 64	65.562	88.94	80.062	0148
 64	65.622	88.81	79.626	1499
 64	65.816	84.686	81.878	0939
 64	65.938	90.312	82.374	1061
 64	66.062	89.998	78.374	0870
 64	66.062	90.936	80.126	0483
 64	66.064	74.5	77.062	0534
 64	66.124	88.938	81.126	0099
 64	66.19	90.564	80.374	1573
 64	66.25	86.752	74.874	0610
 64	66.374	86.688	77.436	1097
 64	66.376	65.502	79.188	0719
 64	66.376	82.624	77.94	0931
 64	66.436	73.688	79.564	0742
 64	66.436	90.624	80.812	1045
 64	66.438	87.5	81.748	1478
 64	66.5	76.748	82.686	0832
 64	66.5	88.624	79.624	1050
 64	66.5	88.876	81.374	0016
 64	66.624	76.124	80.124	0036
 64	66.624	87.25	79.374	1323
 64	66.626	86.75	78.438	1671
 64	66.688	88.498	78.186	1716
 64	66.752	83.312	80.688	0337
 64	66.752	87.686	80.062	1182
 64	66.75	64.874	77.814	1177
 64	66.998	88.686	80.938	1541
 64	67.124	88.5	79.25	0279
 64	67.126	88.876	81.624	0240
 64	67.248	69.438	80.748	0068
 64	67.374	68	79.75	1134
 64	67.438	69.252	79.876	0435
 64	67.498	69.126	80.376	0708
 64	67.502	79.436	76	0384
 64	67.5	63.562	78.376	1373
 64	67.56	74.188	81.186	1710
 64	67.5	90.064	79.252	0969
 64	67.624	88.064	79.752	0003
 64	67.626	89.626	79.25	0280
 64	67.69	89.812	80.56	0765
 64	67.75	88.812	80.75	0361
 64	67.814	86.936	80.436	0845
 64	67.874	90.064	80.5	0706
 64	67.936	83.436	81.44	0222
 64	67.936	85.25	77.314	1623
 64	68.064	85.874	78.876	0450
 64	68.126	81.998	78.188	0803
 64	68.188	88.126	79.314	0575
 64	68.188	88.438	81.938	0536
 64	68.25	85.812	77.06	0964
 64	68.25	90.5	81.188	0911
 64	68.314	77.436	81.062	0548
 64	68.314	87.874	82.312	1746
 64	68.372	87.498	81.562	0873
 64	68.374	86.436	75.876	0330
 64	68.438	74.75	80.436	0183
 64	68.502	82.936	77.688	1667
 64	68.562	86.25	80.436	1104
 64	68.562	88.624	80.188	0211
 64	68.564	68	81.938	0949
 64	68.628	90.562	80.438	1187
 64	68.686	79.628	78.752	0082
 64	68.688	86.748	79.186	1406
 64	68.814	80.562	81.312	0607
 64	68.936	76.936	81.562	0470
 64	68.936	81.124	79.812	1712
 64	68.936	87.624	81.688	0389
 64	69.064	82.562	80.126	0080
 64	69.126	89.376	77.75	0143
 64	69.248	72.688	81.002	0118
 64	69.25	68.188	78.562	0645
 64	69.312	73.626	79.062	1396
 64	69.312	80.312	79.876	0897
 64	69.314	87.314	78	0198
 64	69.374	86.252	78.186	1322
 64	69.376	79.498	78.5	0307
 64	69.436	73.75	79.564	0864
 64	69.438	76.626	81.248	1270
 64	69.498	88.062	82.062	1717
 64	69.564	74.688	81.064	0024
 64	69.564	87.936	79.186	0286
 64	69.56	88.876	81.312	0938
 64	69.624	73.624	80.312	0257
 64	69.626	86.688	80	0570
 64	69.75	88.312	79.874	0746
 64	69.814	72.688	77.498	0889
 64	70.062	80.314	80.188	0472
 64	70.062	86.688	78.438	1662
 64	70.128	77	81.374	0677
 64	70.186	75.5	82.438	0806
 64	70.186	85.312	77.622	1131
 64	70.188	73.938	80.126	1387
 64	70.312	83.938	82	1231
 64	70.372	84.936	77.126	0141
 64	70.436	86.252	80.69	1295
 64	70.44	87.002	82.502	0884
 64	70.562	88.688	78.5	1263
 64	70.562	89.25	82.752	1687
 64	70.56	87.874	79	0678
 64	70.5	85.938	80.5	0494
 64	70.5	91	81.502	0716
 64	70.624	89.06	81.498	1003
 64	70.626	86.938	80.062	0788
 64	70.686	76	81.688	0943
 64	70.686	85.75	78.748	0454
 64	70.686	87	78.874	1189
 64	70.748	89.502	80.496	0499
 64	70.75	82.064	79.374	0504
 64	70.812	73.75	79.75	1625
 64	70.812	88.626	81.438	1142
 64	70.814	86.188	80.004	0959
 64	70.874	84.252	79.938	0201
 64	70.874	86.186	80.624	1655
 64	70.876	89.314	79.062	1197
 64	71.126	86.938	80.062	0700
 64	71.248	75.752	80.374	0510
 64	71.25	72.064	80.936	1376
 64	71.312	90.876	80.624	1629
 64	71.378	88.188	80.312	0170
 64	71.436	86.814	81.69	0050
 64	71.438	79.498	82	1292
 64	71.438	86.938	79.188	0451
 64	71.438	88.126	81.376	1530
 64	71.498	78	81.436	1111
 64	71.502	89.124	81.81	1119
 64	71.562	78.064	81.376	1474
 64	71.562	78.874	80	0578
 64	71.562	82.75	79.622	0942
 64	71.562	87.062	79.438	0601
 64	71.562	87.312	79.998	0736
 64	71.5	87.878	83	1580
 64	71.5	88.502	79.252	1548
 64	71.624	88.564	79.564	0965
 64	71.626	88.436	79.936	1370
 64	71.814	74.686	78.874	1610
 64	71.814	75.5	80.06	1265
 64	71.814	87.062	80.938	1253
 64	71	86.498	79.124	0391
 64	71.874	86.5	81.75	1224
 64	71.874	88.376	79.438	1379
 64	71.876	75.626	81	1317
 64	71.876	85.876	79.498	1657
 64	71	87.748	79.25	0276
 64	71.998	87.812	79.314	0910
 64	72.062	75.064	81.374	0348
 64	72.062	79.562	81.25	0789
 64	72.062	89.936	78.372	0125
 64	72.064	82.814	80.75	0842
 64	72.06	78.624	80.814	0086
 64	72.126	87.814	79.374	1521
 64	72.188	84.876	78.064	1163
 64	72.248	86.75	78.314	1310
 64	72.25	79.684	78.188	0460
 64	72.25	86.56	80.624	1277
 64	72.25	87.564	78.124	0589
 64	72.312	85.936	78.874	0061
 64	72.312	89	79.562	0502
 64	72.374	82.374	82.062	1209
 64	72.374	87.186	81.188	0411
 64	72.436	76.626	79.938	1092
 64	72.436	88.25	80.124	0995
 64	72.562	85.624	80.626	1007
 64	72.5	75.312	81.188	0230
 64	72.5	85.628	80.188	1664
 64	72.5	86.002	81.624	0699
 64	72.5	88.062	80.686	1088
 64	72.624	88.876	78.062	0225
 64	72.626	89.064	79.5	0480
 64	72.686	87.628	79.998	0204
 64	72.752	75.186	80.186	0223
 64	72.75	78.31	81.126	0643
 64	72.75	85.126	80.314	0290
 64	72.814	85.438	79.998	1637
 64	72.878	86.438	81.872	1063
 64	72.936	76.314	80.75	0313
 64	72.936	76.686	81.626	0960
 64	72.936	77.252	80.124	0194
 64	72.936	88.44	78.56	1148
 64	72.938	87.812	79.688	1046
 64	72.998	86.562	81.004	1301
 64	73.002	80.874	82.376	0400
 64	73.062	87.872	82.186	0149
 64	73.062	88.064	82.498	0924
 64	73.064	88.376	81.688	1485
 64	73.06	86.06	80.25	0180
 64	73.124	89.56	78.25	1674
 64	73.126	80.064	77.81	1116
 64	73.186	83.812	79.876	1284
 64	73.188	89.064	80.628	0202
 64	73.25	87.812	80	0711
 64	73.312	83.376	79.812	0671
 64	73.314	76.998	81.5	0695
 64	73.314	81.748	77.936	0912
 64	73.376	77.814	81.624	0571
 64	73.438	87.938	79.31	1538
 64	73.562	85.064	79.938	1124
 64	73.5	85.5	82.002	0687
 64	73.5	87.75	80.624	0773
 64	73.624	73.25	78.5	0184
 64	73.626	78.938	81	1147
 64	73.626	86.874	79.44	0343
 64	73.626	87.564	80.812	1390
 64	73.626	90.564	80.562	1258
 64	73.69	85.75	78.624	1446
 64	73.75	88.686	80.062	0390
 64	73	77.502	78.876	0539
 64	73.812	79	82.064	1085
 64	73	86.252	80.186	0191
 64	73.874	79.126	81.314	0350
 64	73	87.5	78.438	1264
 64	73.876	87.374	80	0745
 64	73.936	87.5	81.06	0137
 64	73.938	78.812	81.814	0822
 64	73.938	85.564	79.06	0923
 64	73.94	72.938	81.062	0573
 64	74.062	87.75	79.936	0228
 64	74.062	89.5	81.314	0352
 64	74.06	86.372	82.438	1196
 64	74.186	84.186	80.126	1736
 64	74.186	84.998	80.062	1442
 64	74.188	86.376	79.876	0334
 64	74.25	78.626	80.94	1527
 64	74.312	87.5	81.312	0227
 64	74.376	79.124	79.626	0383
 64	74.436	87.686	80.878	0229
 64	74.502	85.624	80.062	0743
 64	74.564	88.688	80.252	0913
 64	74.56	88.374	80.748	0854
 64	74.5	78.002	78.062	0209
 64	74.5	88.998	81.498	1605
 64	74.622	88.314	81	0416
 64	74.624	80.062	81.938	1180
 64	74.686	85.564	80.752	0786
 64	74.686	87.374	78.56	1375
 64	74.688	77.314	81.622	0861
 64	74.688	84.126	80.938	0660
 64	74.688	86.812	81.378	0725
 64	74.688	87.874	80.688	0766
 64	74.688	89.562	81.44	0182
 64	74.69	88.312	79.874	0366
 64	74.75	77.5	80.812	1433
 64	74.75	80.938	80.374	1340
 64	74.75	87.314	80.186	1719
 64	74	77.126	80.124	0724
 64	74.812	85.876	79.938	0750
 64	74.812	87.75	81.814	1022
 64	74	84.748	80.25	0162
 64	74.874	81.748	81.062	1748
 64	74.874	88.752	79.748	1479
 64	74	87.564	81	0529
 64	74.876	83.126	81	1279
 64	74.938	76.44	80.252	0759
 64	75.062	79.186	80.876	0658
 64	75.062	85.374	81.688	0621
 64	75.062	86.686	79.686	1155
 64	75.064	82.064	79.688	1228
 64	75.064	87.56	79.5	1663
 64	75.06	76.936	79.25	1564
 64	75.126	81.376	81.75	0446
 64	75.126	82.064	80.938	0151
 64	75.128	87.124	81.75	0644
 64	75.248	82.938	79.25	1581
 64	75.25	77.062	80.064	0744
 64	75.25	78.686	81.624	0826
 64	75.312	82.062	79.814	0603
 64	75.312	86.436	80.246	0921
 64	75.312	88.998	81.812	1586
 64	75.372	76.688	80.938	1238
 64	75.374	82.562	79.064	0975
 64	75.374	85.75	79.126	0985
 64	75.436	79.564	81.312	1161
 64	75.438	85.686	80.5	1552
 64	75.44	81.94	78.248	0608
 64	75.44	86.06	81.624	0363
 64	75.502	79.188	82.688	1272
 64	75.5	77.188	81.186	1656
 64	75.5	89.75	81.874	1198
 64	75.622	81.938	80.436	0843
 64	75.626	80.872	80.438	1677
 64	75.688	86.626	81	1157
 64	75.688	87.624	80.624	1646
 64	75.688	88.94	80.436	1241
 64	75.748	81.376	81.56	1038
 64	75.752	85.75	79.248	1262
 64	75	80.562	81.31	0443
 64	75.812	85.19	79	0123
 64	75.812	85.25	81.376	1559
 64	75.816	86.25	83	1466
 64	75.876	73.624	80.312	0934
 64	75.876	83.064	80.314	0646
 64	75.878	82.75	78.814	1727
 64	75	88.874	80.562	1457
 64	75.938	88.062	78.436	1072
 64	75.94	82	79.25	1535
 64	76.002	79.686	81.376	1627
 64	76.062	87.812	81.064	0587
 64	76.064	86.624	79.062	0981
 64	76.066	88.25	81.062	1008
 64	76.128	86.564	79.312	1248
 64	76.186	86.002	80.19	0129
 64	76.252	87.124	80.626	0296
 64	76.312	77.876	80.5	1067
 64	76.312	86.5	80.752	0512
 64	76.31	85.502	80.936	1176
 64	76.374	85.126	81.25	0445
 64	76.376	82.25	78.562	0811
 64	76.376	85.75	80.25	1511
 64	76.376	87.626	81.81	0670
 64	76.436	83.626	80.94	0354
 64	76.498	86.002	79.688	0693
 64	76.562	81.062	80.376	1393
 64	76.56	88.124	81.064	0317
 64	76.5	85.064	80.188	0888
 64	76.626	88.252	79.748	0732
 64	76.688	81.188	79.626	1154
 64	76.75	76.438	79.876	0793
 64	76.812	78.248	80.75	1426
 64	76.812	80.686	81.688	1281
 64	76.812	86.876	82.75	0419
 64	76.812	87.562	80.876	0415
 64	76.874	79.312	82.686	1031
 64	76.876	87.748	80.564	0158
 64	76.878	86.75	79.688	0733
 64	76	90.75	81.188	0901
 64	76.936	77.874	82.75	0946
 64	76.936	78.624	79.564	0193
 64	76.938	79.876	80.624	1699
 64	76.938	85.126	80.5	1443
 64	77.062	81.626	82.876	1680
 64	77.062	83.498	78.438	0464
 64	77.064	85.688	77.626	1682
 64	77.124	79.314	80.314	0090
 64	77.126	80.626	79.938	1562
 64	77.126	86.124	81.814	0035
 64	77.126	87.312	81.94	0407
 64	77.248	88.248	81.062	0477
 64	77.25	78.498	82.122	0488
 64	77.312	83.124	80.874	0865
 64	77.312	86.312	80.94	1575
 64	77.312	87.936	81.812	1203
 64	77.314	79.376	81.376	1744
 64	77.314	85.5	79.19	0338
 64	77.374	81.002	80.564	1153
 64	77.376	85.44	80.438	0325
 64	77.436	78.314	82.064	0957
 64	77.436	81.626	81.498	1551
 64	77.438	84.252	80.002	0751
 64	77.438	84.75	82.252	0728
 64	77.498	85.25	82.312	1377
 64	77.562	87.374	81.25	1057
 64	77.564	83.81	79.752	1614
 64	77.56	82.938	80.438	0967
 64	77.5	79.064	81.626	0309
 64	77.624	83.876	79	0992
 64	77.624	87.874	80.752	0771
 64	77.626	87.688	79.564	1382
 64	77.688	75.186	81.25	0797
 64	77.75	86.188	80.064	0315
 64	77	77.812	78.812	0781
 64	77	80.874	80.562	0592
 64	77.812	78.812	81.75	0666
 64	77.812	81.376	82	0111
 64	77.812	86.062	79.438	1267
 64	77.812	87	79.374	0543
 64	77.874	76.248	81.998	0763
 64	77.876	81.876	82.25	1245
 64	77.876	84.314	81.438	1738
 64	77.876	84.998	81.504	1364
 64	77.878	79.25	80.75	1633
 64	77.878	82.312	81.25	1286
 64	77.936	83.25	81.438	1571
 64	77.936	87.188	83.25	1205
 64	77.938	83.062	81.186	0327
 64	77.998	78.748	79.684	1275
 64	77.998	87.19	82.5	1456
 64	78.06	79.748	82.938	0466
 64	78.124	77.562	80.998	0250
 64	78.124	80.94	79.436	1636
 64	78.124	86.124	80.186	1002
 64	78.124	86.314	82.376	0434
 64	78.126	77.814	82.562	0547
 64	78.186	86.374	80.626	0899
 64	78.188	77.376	82.25	1421
 64	78.188	88.624	81.438	0783
 64	78.19	83.936	79.94	0890
 64	78.248	88.564	81.25	0144
 64	78.252	81.248	81.876	0203
 64	78.25	84.874	80.376	1024
 64	78.312	81.5	82.122	0568
 64	78.312	85.812	78.252	0936
 64	78.374	83.188	80.5	1483
 64	78.374	89.126	82.564	0830
 64	78.376	84.688	80	0012
 64	78.376	88	80.684	0862
 64	78.436	87.438	80.438	0978
 64	78.438	83.938	81.5	0037
 64	78.498	81.502	79.436	0851
 64	78.502	83.376	81.876	1462
 64	78.562	84.938	80.438	0713
 64	78.564	82.188	81.252	0052
 64	78.628	87.436	81.686	1213
 64	78.688	73.624	82.5	0796
 64	78.688	88.064	81.002	1170
 64	78.75	86.562	81.376	0815
 64	78.75	87.438	80.748	1152
 64	78.75	88	80.94	1472
 64	78	80.752	80.126	0018
 64	78.812	79.564	81.062	1546
 64	78.874	83.188	81.124	0944
 64	78.876	82.748	83.186	1308
 64	78.876	86.748	81.25	0916
 64	78.936	82.314	81.75	0070
 64	78.938	82.5	80.376	1526
 64	79.062	82.688	80.936	1745
 64	79.064	79.624	80.502	0485
 64	79.064	80.25	81.25	0256
 64	79.188	88.688	80.748	1587
 64	79.188	88.938	81.376	1268
 64	79.25	80.874	80.31	1087
 64	79.25	83.254	81.126	1330
 64	79.25	83.996	81.188	1242
 64	79.312	84.936	79.5	0948
 64	79.314	81.812	82	1123
 64	79.438	83.876	81.938	0424
 64	79.438	84.312	80.5	1619
 64	79.498	78.874	81	0295
 64	79.562	82.186	78.374	0820
 64	79.562	83.498	82.188	1321
 64	79.562	84.876	82.44	1200
 64	79.564	88.25	81.44	1386
 64	79.5	81.812	82.874	1504
 64	79.5	82.126	81.188	0998
 64	79.5	84.5	80.936	0963
 64	79.5	85.438	82.126	0519
 64	79.5	86.064	81.06	0498
 64	79.624	85.124	78.374	0801
 64	79.626	75.876	79.752	0455
 64	79.69	80.126	80.374	0718
 64	79.752	80.316	80.312	0867
 64	79.752	84.69	80.44	1480
 64	79	79.75	82.314	0217
 64	79.812	78.814	80.75	1547
 64	79.814	82.002	79.626	0507
 64	79.81	78.128	82.5	1718
 64	79.81	79.624	79.75	0275
 64	79	86.064	79.064	0166
 64	79.874	80.936	81.5	0968
 64	79.876	82.06	81.624	0616
 64	79.876	84.686	80.25	1723
 64	79.936	81.624	80.124	0342
 64	79.938	84.438	80.25	1555
 64	79.998	83.124	82.064	1465
 64	80.064	87.936	81.75	1313
 64	80.188	84.252	81.124	0083
 64	80.252	85.688	80.752	1219
 64	80.25	81.438	82.436	0302
 64	80.312	82.436	80.936	1459
 64	80.314	85.626	81.874	0517
 64	80.374	81.188	78.5	0996
 64	80.374	86.186	81.812	1235
 64	80.376	85.936	81.75	0441
 64	80.376	87.314	82.626	0069
 64	80.438	83.498	80.686	0032
 64	80.438	83.56	80.934	0837
 64	80.498	83.686	81.502	1051
 64	80.562	86.876	81.938	1316
 64	80.564	83.564	81.502	0748
 64	80.56	85.748	80.5	1016
 64	80.5	88.126	79.498	1544
 64	80.626	89	81.438	0079
 64	80.748	82.374	81.002	0360
 64	80.748	85.126	81.314	0413
 64	80.752	85.06	81.374	0779
 64	80.75	78.502	80.938	0958
 64	80.75	84.438	81.628	0403
 64	80	78.564	81.438	0882
 64	80.812	77.998	81.188	1052
 64	80.812	86.25	83.188	0538
 64	80.814	83.376	80.376	1565
 64	80.814	83.752	82.002	1035
 64	80	84.502	80.062	0524
 64	80	85.75	80.688	0353
 64	80	87.124	80.812	1299
 64	80.872	82.376	82.564	1366
 64	80.874	84.188	81.814	1498
 64	80.874	89.062	80.438	0896
 64	80.876	82	83.25	1556
 64	80.876	84.626	81.502	0609
 64	80.876	86.064	81.874	1309
 64	80.876	87.812	78.998	0514
 64	80.934	81.686	80.75	1537
 64	80.936	80.498	81.438	1033
 64	80.938	83.062	81.812	1220
 64	80.938	83.626	80.814	0101
 64	80.938	84.436	82.812	0875
 64	80.94	84.312	82.248	0402
 64	80.998	77.876	81.874	0654
 64	80.998	79.814	81.624	1713
 64	80.998	82.124	81.874	0823
 64	81.062	83.248	82.25	1181
 64	81.062	84.312	81.25	1675
 64	81.062	84.752	81.874	0062
 64	81.064	80.938	81.312	1658
 64	81.064	85.312	80.812	1707
 64	81.184	84.688	81.002	1476
 64	81.188	81.688	79.062	1329
 64	81.19	82.314	82	0874
 64	81.312	81.752	80.626	0730
 64	81.314	80.81	83.69	1338
 64	81.31	87.124	81.874	0041
 64	81.374	83.186	83.124	1714
 64	81.374	84.5	82.126	1585
 64	81.374	88.064	82.062	0331
 64	81.44	83.562	80.75	0927
 64	81.498	78.688	80.814	0113
 64	81.562	85.252	82	0444
 64	81.564	81.562	79.126	0495
 64	81.564	85.814	81.564	1060
 64	81.5	81.438	81.378	0031
 64	81.5	84.936	82.188	0720
 64	81.624	79.19	80.938	0245
 64	81.626	81.124	79.75	0710
 64	81.626	81.25	81.126	0761
 64	81.626	81.814	83.5	1266
 64	81.626	86	80.938	1458
 64	81.686	82.876	82.688	0986
 64	81.686	84.562	80.938	1036
 64	81.688	81.064	81.752	1600
 64	81.688	84.126	81.562	0474
 64	81.748	83.002	82.5	0188
 64	81.748	84.376	81.938	0497
 64	81.75	78.064	81.812	0377
 64	81.75	87.814	80.688	1596
 64	81	80.624	81.25	0557
 64	81.812	84.688	83.188	1398
 64	82.062	82.252	82.562	1486
 64	82.062	84.188	81.436	1130
 64	82.124	83.874	79.376	0672
 64	82.186	80.564	82.062	1068
 64	82.186	85.5	80.312	0727
 64	82.188	84.686	82.06	0894
 64	82.25	83.436	80.752	0029
 64	82.25	83.75	83.374	1271
 64	82.312	79.686	80.75	0192
 64	82.312	81.252	82.312	1293
 64	82.312	84.686	80.936	1185
 64	82.312	85.938	79.438	0310
 64	82.312	87.814	81.75	0120
 64	82.374	88.812	81.064	1089
 64	82.376	77.876	83.252	1728
 64	82.438	84.312	80.502	0618
 64	82.438	85.002	81.062	0764
 64	82.498	84.936	83.436	1305
 64	82.562	83.688	79.874	1560
 64	82.628	87.314	82.564	0755
 64	82.686	83.874	80.812	0392
 64	82.686	85.314	82.064	1126
 64	82.688	83.002	82.44	0215
 64	82.688	85.748	80.688	1103
 64	82.752	83.936	82	1207
 64	82.754	88.626	78.876	0386
 64	82.75	82.06	79.562	0925
 64	82.812	80.438	81.124	1222
 64	82.812	87.374	81.186	1644
 64	82.814	83.126	81.438	1135
 64	82	81.874	81	0564
 64	82.872	81.188	81.374	1004
 64	82.874	81.374	81.378	1558
 64	82.876	85.938	81.126	1460
 64	82.936	85.626	82.124	0340
 64	82.938	85	79.938	1696
 64	83.124	83.56	82.126	0414
 64	83.188	84.562	81.624	1592
 64	83.19	82.436	80.44	1401
 64	83.312	82.25	80.002	0021
 64	83.372	84.688	80.688	0545
 64	83.376	87.376	80.562	1257
 64	83.434	82.312	82.562	1731
 64	83.438	87.5	81.124	0278
 64	83.44	82.436	81.434	0375
 64	83.502	87	82.936	1294
 64	83.564	83.376	80.874	1363
 64	83.564	84.938	81.564	0128
 64	83.686	85.126	82.126	1514
 64	83.688	84.936	81.624	0491
 64	83.752	83.438	79.502	1098
 64	83.75	85.686	82.374	1631
 64	83.75	85.688	80.812	1543
 64	83.75	86.126	80.376	0973
 64	83	81.438	81.438	0647
 64	83	83.002	80.75	1133
 64	83.938	84.75	80.75	0562
 64	83.94	80.25	81.622	0950
 64	84.002	82.502	82.062	0453
 64	84.252	89.188	82.498	0084
 64	84.25	84.31	80.188	0457
 64	84.25	87.058	82.128	0747
 64	84.438	85.376	81.062	1206
 64	84.438	85.626	81.126	0087
 64	84.624	85.376	80.75	1561
 64	84.626	84.748	81.812	1520
 64	84.938	85	81.31	1194
 64	85.186	83.812	81.874	0461
 64	85.186	85.686	81	0213
