K	ADVFM_AVG	ADVFM_in	ADVFM_on	ADVFM_near	ADVFM_behind	FM	PT	ID
 0	29.295	46.09	5.47	1.56	64.06	44.38	59.38	0382
 0	35.7425	47.66	18.75	13.28	63.28	39.06	59.69	0081
 0	40.82	12.50	0.00	56.25	94.53	72.19	57.81	0642
 0	41.21	82.03	82.81	0.00	0.00	7.5	77.5	0018
 0	42.3825	85.94	83.59	0.00	0.00	15	78.12	0234
 0	42.7725	82.81	88.28	0.00	0.00	8.12	77.81	0624
 0	43.36	86.72	86.72	0.00	0.00	5	79.69	0132
 0	43.555	85.94	88.28	0.00	0.00	4.69	83.12	0799
 0	43.555	85.94	88.28	0.00	0.00	8.12	75.94	0053
 0	43.75	85.94	89.06	0.00	0.00	14.37	81.88	0390
 0	43.75	88.28	86.72	0.00	0.00	5.94	81.56	0103
 0	43.75	89.84	85.16	0.00	0.00	12.5	81.25	0209
 0	43.75	91.41	83.59	0.00	0.00	15.62	78.12	0845
 0	43.945	85.94	89.84	0.00	0.00	3.12	80.94	0981
 0	43.945	85.94	89.84	0.00	0.00	7.5	81.88	0722
 0	43.945	86.72	89.06	0.00	0.00	17.5	80.31	0291
 0	43.945	86.72	89.06	0.00	0.00	9.38	82.81	0293
 0	43.945	89.84	85.94	0.00	0.00	5.31	80.31	0999
 0	43.945	92.97	82.81	0.00	0.00	12.81	76.25	0071
 0	44.14	85.94	90.62	0.00	0.00	6.88	77.81	0239
 0	44.14	87.50	89.06	0.00	0.00	3.12	74.06	0073
 0	44.14	89.06	87.50	0.00	0.00	7.19	78.44	0541
 0	44.335	88.28	89.06	0.00	0.00	4.69	78.75	0120
 0	44.3375	91.41	85.94	0.00	0.00	13.75	84.06	0101
 0	44.3375	92.19	85.16	0.00	0.00	7.5	83.44	0144
 0	44.53	87.50	90.62	0.00	0.00	10.62	80	0008
 0	44.53	90.62	87.50	0.00	0.00	8.12	83.44	0475
 0	44.725	89.84	89.06	0.00	0.00	8.44	79.38	0985
 0	44.725	90.62	88.28	0.00	0.00	8.75	80	0896
 0	44.7275	91.41	87.50	0.00	0.00	5.62	80	0815
 0	44.7275	92.19	86.72	0.00	0.00	21.56	76.88	0119
 0	44.7275	92.19	86.72	0.00	0.00	25	80.31	0683
 0	44.9225	88.28	91.41	0.00	0.00	6.88	81.88	0029
 0	44.9225	91.41	88.28	0.00	0.00	7.5	83.75	0894
 0	44.9225	91.41	88.28	0.00	0.00	8.75	81.25	0491
 0	44.92	89.06	90.62	0.00	0.00	3.75	83.12	0748
 0	45.115	89.84	90.62	0.00	0.00	8.44	84.38	0415
 0	45.1175	87.50	92.97	0.00	0.00	5.31	81.88	0189
 0	45.1175	91.41	89.06	0.00	0.00	3.44	80.94	0694
 0	45.3125	89.06	92.19	0.00	0.00	5.31	77.19	0148
 0	45.3125	89.84	91.41	0.00	0.00	5.94	78.75	0500
 0	45.3125	91.41	89.84	0.00	0.00	5.62	79.69	0904
 0	45.31	90.62	90.62	0.00	0.00	6.56	79.69	0606
 0	45.31	90.62	90.62	0.00	0.00	6.56	82.5	0537
 0	45.31	90.62	90.62	0.00	0.00	7.19	80	0596
 0	45.7025	89.06	93.75	0.00	0.00	6.56	80.62	0795
 0	45.705	91.41	91.41	0.00	0.00	10	78.12	0982
 0	45.9	91.41	92.19	0.00	0.00	6.25	78.75	0867
 0	45.9	92.19	91.41	0.00	0.00	6.56	78.44	0002
 0	46.0925	1.56	1.56	82.03	99.22	85.31	55	0421
 0	46.2875	89.84	95.31	0.00	0.00	4.69	75	0843
 0	48.4375	0.00	0.00	93.75	100.00	86.56	58.44	0563
 0	48.8275	2.34	0.00	92.97	100.00	85.31	53.12	0122
 0	49.0225	0.00	0.00	96.09	100.00	85.31	60	0980
 0	49.22	0.00	0.00	96.88	100.00	86.25	55	0092
 0	49.22	0.00	0.00	96.88	100.00	86.56	55.31	0257
 0	49.61	0.00	0.00	98.44	100.00	88.44	55.31	0430
 0	49.61	0.00	0.78	97.66	100.00	90.62	77.19	0402
 0	49.805	0.00	0.00	99.22	100.00	85.94	55.62	0921
 0	49.805	0.00	0.00	99.22	100.00	86.88	55.94	0657
 0	49.805	0.00	0.00	99.22	100.00	89.06	56.25	0416
 0	49.805	0.00	0.00	99.22	100.00	89.69	60.94	0231
 0	49.805	0.00	0.00	99.22	100.00	90.31	54.06	0124
 0	49.805	0.00	0.00	99.22	100.00	90.31	78.75	0197
 0	49.805	0.00	0.00	99.22	100.00	90	59.69	0142
 0	49.805	0.00	0.00	99.22	100.00	92.81	51.25	0672
 0	50	0.00	0.00	100.00	100.00	85	55.62	0090
 0	50	0.00	0.00	100.00	100.00	85	59.06	0859
 0	50	0.00	0.00	100.00	100.00	85.62	62.81	0838
 0	50	0.00	0.00	100.00	100.00	86.56	61.88	0385
 0	50	0.00	0.00	100.00	100.00	87.19	62.5	0820
 0	50	0.00	0.00	100.00	100.00	87.81	52.19	0809
 0	50	0.00	0.00	100.00	100.00	88.12	54.69	0429
 0	50	0.00	0.00	100.00	100.00	88.12	56.56	0272
 0	50	0.00	0.00	100.00	100.00	88.12	59.69	0622
 0	50	0.00	0.00	100.00	100.00	88.44	55	0598
 0	50	0.00	0.00	100.00	100.00	88.75	50.94	0137
 0	50	0.00	0.00	100.00	100.00	88.75	53.75	0833
 0	50	0.00	0.00	100.00	100.00	88.75	55	0592
 0	50	0.00	0.00	100.00	100.00	88.75	56.25	0237
 0	50	0.00	0.00	100.00	100.00	88.75	57.19	0486
 0	50	0.00	0.00	100.00	100.00	88.75	57.5	0920
 0	50	0.00	0.00	100.00	100.00	88.75	61.56	0168
 0	50	0.00	0.00	100.00	100.00	89.06	55	0356
 0	50	0.00	0.00	100.00	100.00	89.06	56.56	0287
 0	50	0.00	0.00	100.00	100.00	89.06	57.19	0668
 0	50	0.00	0.00	100.00	100.00	89.06	58.44	0241
 0	50	0.00	0.00	100.00	100.00	89.06	60.62	0882
 0	50	0.00	0.00	100.00	100.00	89.38	54.06	0379
 0	50	0.00	0.00	100.00	100.00	89.38	54.37	0521
 0	50	0.00	0.00	100.00	100.00	89.38	57.5	0393
 0	50	0.00	0.00	100.00	100.00	89.69	57.19	0346
 0	50	0.00	0.00	100.00	100.00	89.69	57.19	0505
 0	50	0.00	0.00	100.00	100.00	89.69	58.13	0703
 0	50	0.00	0.00	100.00	100.00	90.31	55.31	0652
 0	50	0.00	0.00	100.00	100.00	90.31	58.75	0494
 0	50	0.00	0.00	100.00	100.00	90	57.19	0705
 0	50	0.00	0.00	100.00	100.00	90.62	55.94	0817
 0	50	0.00	0.00	100.00	100.00	90.62	56.25	0425
 0	50	0.00	0.00	100.00	100.00	90.62	59.69	0206
 0	50	0.00	0.00	100.00	100.00	90.94	56.56	0504
 0	50	0.00	0.00	100.00	100.00	90.94	57.19	0658
 0	50	0.00	0.00	100.00	100.00	91.25	53.75	0218
 0	50	0.00	0.00	100.00	100.00	91.25	57.19	0682
 0	50	0.00	0.00	100.00	100.00	91.56	57.19	0746
 0	50	0.00	0.00	100.00	100.00	91.56	79.69	0328
 0	50	0.00	0.00	100.00	100.00	92.19	61.25	0167
 0	50	0.00	0.00	100.00	100.00	92.5	53.44	0954
 0	50	0.00	0.00	100.00	100.00	92.5	72.81	0460
 0	50	0.00	0.00	100.00	100.00	92.81	50	0027
 0	50	0.00	0.00	100.00	100.00	92.81	75	0631
 0	50	0.00	0.00	100.00	100.00	92.81	80	0312
 0	50	0.00	0.00	100.00	100.00	93.44	55	0141
 0	50	0.00	0.00	100.00	100.00	95	57.81	0946
 0	50	10.94	3.12	86.72	99.22	87.5	74.06	0702
 0	50.195	0.00	0.78	100.00	100.00	90.31	79.69	0453
 0	50.195	0.78	0.78	99.22	100.00	89.38	73.75	0608
 0	50.195	0.78	0.78	99.22	100.00	90.31	75.31	0965
 0	50.39	1.56	0.00	100.00	100.00	88.75	75	0246
 0	50.78	0.78	6.25	96.09	100.00	91.25	80.31	0221
 0	50.78	1.56	6.25	95.31	100.00	87.5	78.75	0306
 0	50.975	12.50	2.34	89.84	99.22	84.06	81.56	0937
 0	50.9775	0.00	5.47	98.44	100.00	88.44	78.12	0575
 0	50.9775	0.00	5.47	98.44	100.00	91.56	83.44	0354
 0	50.9775	4.69	0.00	99.22	100.00	88.12	75	0992
 0	51.1725	0.78	9.38	95.31	99.22	90.31	81.88	0108
 0	51.17	8.59	5.47	95.31	95.31	88.75	77.5	0469
 0	51.365	7.03	7.81	90.62	100.00	86.88	78.44	0785
 0	51.3675	85.94	75.00	10.94	33.59	54.69	83.12	0717
 0	51.5625	2.34	6.25	97.66	100.00	89.69	80	0975
 0	51.5625	7.03	0.00	99.22	100.00	91.88	73.75	0994
 0	51.7575	10.16	1.56	95.31	100.00	86.88	77.81	0775
 0	51.7575	5.47	2.34	99.22	100.00	88.12	78.44	0591
 0	51.7575	6.25	0.78	100.00	100.00	91.56	76.25	0560
 0	51.76	6.25	10.16	91.41	99.22	89.38	78.12	0806
 0	52.1475	1.56	8.59	98.44	100.00	89.38	78.44	0885
 0	52.3425	17.19	21.09	77.34	93.75	83.44	79.38	0998
 0	52.3425	2.34	7.03	100.00	100.00	91.88	83.12	0176
 0	52.345	3.91	9.38	96.09	100.00	88.12	78.75	0674
 0	52.345	4.69	7.81	97.66	99.22	86.88	78.75	0392
 0	52.345	7.03	10.94	92.97	98.44	91.88	76.88	0216
 0	52.5375	2.34	8.59	99.22	100.00	92.81	79.06	0074
 0	52.5375	27.34	13.28	73.44	96.09	82.81	80	0295
 0	52.5375	8.59	7.03	95.31	99.22	89.69	76.56	0112
 0	52.54	4.69	7.81	97.66	100.00	90	77.19	0974
 0	52.7325	15.62	8.59	89.84	96.88	87.81	81.88	0979
 0	52.73	65.62	33.59	33.59	78.12	68.44	75.62	0399
 0	52.93	25.00	6.25	82.81	97.66	84.06	79.06	0675
 0	52.9325	12.50	10.94	91.41	96.88	88.12	82.19	0620
 0	53.125	17.19	7.81	89.06	98.44	86.25	80	0829
 0	53.125	20.31	7.81	85.94	98.44	86.56	74.69	0777
 0	53.125	7.03	6.25	99.22	100.00	90.94	81.56	0837
 0	53.125	9.38	14.84	90.62	97.66	84.69	78.12	0588
 0	53.32	0.78	14.84	97.66	100.00	90	80.62	0630
 0	53.32	25.00	10.94	81.25	96.09	84.06	75.94	0958
 0	53.3225	9.38	10.16	95.31	98.44	90	80.62	0909
 0	53.32	26.56	19.53	72.66	94.53	83.12	79.06	0434
 0	53.32	8.59	14.84	91.41	98.44	90	80	0661
 0	53.515	12.50	1.56	100.00	100.00	87.81	79.06	0235
 0	53.515	15.62	1.56	96.88	100.00	89.69	77.19	0044
 0	53.515	30.47	12.50	75.00	96.09	88.75	79.69	0068
 0	53.515	4.69	23.44	90.62	95.31	84.38	80.62	0063
 0	53.5175	3.91	13.28	96.88	100.00	89.69	80.62	0988
 0	53.5175	9.38	6.25	99.22	99.22	90.62	84.06	0767
 0	53.7125	10.16	8.59	97.66	98.44	90.31	78.44	0619
 0	53.7125	20.31	10.16	85.16	99.22	83.44	73.75	0747
 0	53.71	4.69	14.84	95.31	100.00	88.75	85.31	0680
 0	53.905	3.12	21.09	93.75	97.66	89.38	81.25	0351
 0	53.905	33.59	17.97	70.31	93.75	80	80	0116
 0	53.9075	10.94	7.03	97.66	100.00	88.44	80.62	0252
 0	53.9075	73.44	63.28	29.69	49.22	59.38	80.31	0248
 0	54.1025	13.28	10.94	92.97	99.22	89.38	82.5	0610
 0	54.1025	85.94	50.00	20.31	60.16	68.75	76.25	0708
 0	54.1	40.62	15.62	71.88	88.28	85.31	78.75	0285
 0	54.2975	16.41	12.50	92.19	96.09	88.12	81.56	0768
 0	54.2975	4.69	17.19	96.09	99.22	87.19	77.5	0037
 0	54.2975	8.59	35.16	84.38	89.06	80.94	77.81	0996
 0	54.3	21.88	13.28	84.38	97.66	84.69	77.5	0152
 0	54.4925	12.50	10.94	95.31	99.22	87.5	83.12	0957
 0	54.4925	26.56	16.41	82.81	92.19	82.5	82.5	0302
 0	54.49	28.12	14.84	82.03	92.97	85.62	80	0828
 0	54.495	10.16	9.38	98.44	100.00	89.69	82.19	0721
 0	54.495	16.41	9.38	92.97	99.22	89.69	77.19	0794
 0	54.69	31.25	17.97	72.66	96.88	81.25	75.94	0183
 0	54.8825	10.94	13.28	95.31	100.00	89.69	76.88	0693
 0	54.8825	16.41	10.94	96.09	96.09	88.75	81.25	0932
 0	54.8825	4.69	37.50	83.59	93.75	86.25	78.75	0771
 0	54.8825	50.78	24.22	54.69	89.84	77.19	80	0773
 0	54.885	17.19	21.88	82.03	98.44	83.12	78.12	0319
 0	55.0775	86.72	58.59	19.53	55.47	60.62	79.69	0501
 0	55.08	0.78	29.69	91.41	98.44	88.12	83.12	0431
 0	55.08	10.16	15.62	96.88	97.66	92.81	82.5	0492
 0	55.08	18.75	9.38	94.53	97.66	86.88	81.88	0557
 0	55.08	3.12	21.88	98.44	96.88	85.62	82.5	0327
 0	55.2725	12.50	14.84	96.09	97.66	88.44	80.62	0807
 0	55.275	13.28	16.41	92.97	98.44	89.69	84.38	0102
 0	55.275	14.06	16.41	92.19	98.44	84.06	76.88	0490
 0	55.6625	57.81	38.28	49.22	77.34	78.44	75.94	0498
 0	55.665	48.44	35.16	60.94	78.12	80.94	75.31	0408
 0	55.665	79.69	64.06	23.44	55.47	69.69	80.31	0468
 0	55.86	11.72	17.19	95.31	99.22	90	79.38	0013
 0	55.86	1.56	25.00	96.88	100.00	89.38	77.81	0759
 0	55.86	17.97	14.06	94.53	96.88	90	82.81	0179
 0	55.8625	10.16	16.41	96.88	100.00	91.56	80.94	0735
 0	56.055	18.75	11.72	95.31	98.44	89.06	82.19	0049
 0	56.055	23.44	17.97	89.84	92.97	90.62	80.94	0309
 0	56.055	32.81	17.19	82.81	91.41	83.75	84.06	0654
 0	56.0575	10.16	17.19	98.44	98.44	90	80.62	0526
 0	56.25	23.44	14.84	89.84	96.88	82.19	81.25	0311
 0	56.445	85.16	77.34	20.31	42.97	59.38	82.19	0400
 0	56.4475	49.22	23.44	61.72	91.41	81.88	76.25	0779
 0	56.4475	8.59	21.88	98.44	96.88	89.69	71.88	0070
 0	56.64	0.00	33.59	94.53	98.44	89.38	80.94	0754
 0	56.64	23.44	20.31	89.06	93.75	86.56	79.69	0442
 0	56.6425	30.47	49.22	66.41	80.47	78.44	78.12	0182
 0	57.0325	40.62	34.38	61.72	91.41	80.94	80.31	0852
 0	57.03	50.00	25.00	64.84	88.28	78.75	78.75	0761
 0	57.225	19.53	24.22	89.06	96.09	84.38	79.38	0412
 0	57.23	21.88	13.28	96.88	96.88	90.31	83.12	0550
 0	57.4225	18.75	24.22	91.41	95.31	85.94	80.62	0022
 0	57.4225	37.50	24.22	76.56	91.41	83.12	80.94	0462
 0	57.42	52.34	44.53	52.34	80.47	76.56	77.81	0987
 0	57.6175	13.28	25.00	94.53	97.66	89.38	72.5	0684
 0	57.8125	15.62	30.47	87.50	97.66	82.19	80.31	0057
 0	57.8125	17.97	24.22	90.62	98.44	87.81	80	0667
 0	57.8125	23.44	24.22	90.62	92.97	87.19	82.81	0625
 0	57.815	64.84	46.88	46.88	72.66	79.06	80	0478
 0	58.0075	42.97	79.69	53.12	56.25	69.38	83.12	0613
 0	58.01	10.94	25.78	96.88	98.44	84.69	79.69	0268
 0	58.01	32.03	17.97	85.16	96.88	82.81	80	0378
 0	58.01	66.41	74.22	42.19	49.22	65.62	82.5	0127
 0	58.01	84.38	67.97	24.22	55.47	51.56	77.19	0279
 0	58.2025	6.25	32.03	95.31	99.22	90.31	84.38	0770
 0	58.205	11.72	22.66	100.00	98.44	89.38	80.62	0835
 0	58.205	12.50	64.06	71.88	84.38	78.44	81.88	0300
 0	58.205	14.06	25.00	96.88	96.88	89.38	80	0797
 0	58.3975	17.97	30.47	89.06	96.09	90.62	82.81	0161
 0	58.5925	22.66	25.78	90.62	95.31	82.19	82.5	0640
 0	58.595	26.56	28.91	85.16	93.75	85.31	78.44	0043
 0	58.595	66.41	67.19	32.81	67.97	65.94	82.19	0011
 0	58.7875	15.62	28.12	93.75	97.66	84.06	79.06	0536
 0	58.7875	18.75	46.09	79.69	90.62	84.06	77.5	0360
 0	58.7875	32.81	18.75	88.28	95.31	83.44	81.56	0337
 0	58.79	17.97	28.12	91.41	97.66	84.06	81.56	0590
 0	58.9825	27.34	21.09	91.41	96.09	86.56	79.69	0544
 0	58.9825	75.00	70.31	39.84	50.78	66.88	80.31	0472
 0	58.985	21.09	26.56	91.41	96.88	83.75	80.62	0635
 0	58.985	21.88	61.72	68.75	83.59	76.56	80.62	0160
 0	58.985	71.88	80.47	40.62	42.97	66.88	78.44	0869
 0	58.9875	23.44	17.19	97.66	97.66	89.06	79.69	0454
 0	59.1775	14.06	37.50	89.06	96.09	85.62	81.56	0562
 0	59.18	28.91	48.44	70.31	89.06	81.56	78.75	0599
 0	59.18	84.38	82.03	36.72	33.59	62.81	80.62	0069
 0	59.3725	62.50	46.09	52.34	76.56	72.19	76.25	0823
 0	59.3775	21.88	29.69	91.41	94.53	85.62	75.31	0471
 0	59.57	24.22	32.81	86.72	94.53	83.44	77.81	0111
 0	59.5725	17.19	30.47	92.97	97.66	85	80.31	0634
 0	59.57	4.69	45.31	92.19	96.09	85	82.5	0726
 0	59.765	15.62	26.56	97.66	99.22	91.56	77.19	0266
 0	59.765	15.62	31.25	95.31	96.88	89.06	78.12	0065
 0	59.765	31.25	35.16	82.81	89.84	84.69	77.19	0595
 0	59.765	39.06	26.56	78.91	94.53	82.5	78.44	0198
 0	59.765	45.31	27.34	74.22	92.19	83.75	77.5	0368
 0	59.7675	86.72	85.16	32.03	35.16	59.69	82.5	0594
 0	59.96	15.62	34.38	95.31	94.53	88.12	78.12	0117
 0	59.9625	18.75	29.69	92.19	99.22	85.94	80.62	0254
 0	59.96	53.12	78.12	49.22	59.38	64.38	79.06	0821
 0	59.96	62.50	32.03	53.12	92.19	72.81	74.69	0880
 0	59.96	64.84	82.03	42.97	50.00	63.75	79.06	0917
 0	59.96	77.34	86.72	33.59	42.19	57.5	78.44	0419
 0	59.96	90.62	77.34	28.91	42.97	60	74.69	0878
 0	60.155	40.62	70.31	53.91	75.78	70.62	75.94	0742
 0	60.155	53.12	51.56	56.25	79.69	73.12	82.19	0163
 0	60.1575	37.50	73.44	60.94	68.75	69.38	79.69	0559
 0	60.1575	75.78	80.47	28.91	55.47	63.44	83.44	0331
 0	60.3525	16.41	32.81	94.53	97.66	86.25	79.69	0549
 0	60.3525	17.97	42.19	86.72	94.53	86.56	81.88	0386
 0	60.3525	2.34	42.97	97.66	98.44	88.12	78.44	0175
 0	60.3525	31.25	30.47	84.38	95.31	85.62	78.75	0774
 0	60.3525	80.47	85.94	32.81	42.19	58.44	76.56	0629
 0	60.35	28.91	28.12	89.84	94.53	85.31	81.25	0713
 0	60.35	33.59	31.25	80.47	96.09	86.56	79.38	0214
 0	60.355	16.41	28.91	96.88	99.22	87.5	75.94	0445
 0	60.545	63.28	79.69	46.09	53.12	63.75	79.69	0180
 0	60.5475	17.19	37.50	93.75	93.75	90.62	82.81	0105
 0	60.5475	22.66	36.72	89.06	93.75	80.94	79.06	0839
 0	60.5475	60.16	70.31	52.34	59.38	70.94	84.38	0960
 0	60.7425	12.50	54.69	85.16	90.62	82.81	84.38	0125
 0	60.7425	23.44	50.78	81.25	87.50	85.62	81.56	0919
 0	60.7425	73.44	60.16	43.75	65.62	67.5	76.88	0942
 0	60.745	28.91	29.69	91.41	92.97	82.81	81.56	0704
 0	60.74	70.31	76.56	50.78	45.31	66.56	78.75	0970
 0	60.9375	2.34	67.97	87.50	85.94	80	80	0636
 0	60.9375	32.81	46.88	78.12	85.94	76.88	78.12	0732
 0	60.9375	36.72	39.06	74.22	93.75	82.19	79.06	0850
 0	60.9375	46.09	68.75	57.03	71.88	76.25	82.19	0514
 0	60.9375	79.69	57.03	42.19	64.84	71.88	80.94	0755
 0	60.94	30.47	28.91	92.97	91.41	85	79.38	0041
 0	61.1325	19.53	44.53	92.19	88.28	90	80.94	0270
 0	61.135	6.25	48.44	91.41	98.44	87.81	83.44	0971
 0	61.3275	19.53	38.28	92.19	95.31	83.44	83.75	0891
 0	61.3275	58.59	66.41	56.25	64.06	67.19	84.38	0967
 0	61.3275	67.97	73.44	39.84	64.06	70	79.06	0663
 0	61.3325	21.88	53.91	84.38	85.16	83.12	75	0952
 0	61.33	27.34	28.91	91.41	97.66	85.94	77.5	0666
 0	61.33	74.22	69.53	34.38	67.19	68.12	82.19	0881
 0	61.33	85.16	79.69	35.94	44.53	62.81	80	0662
 0	61.525	79.69	84.38	41.41	40.62	63.44	84.69	0058
 0	61.52	7.81	53.12	89.84	95.31	88.75	86.88	0202
 0	61.7175	24.22	46.09	85.94	90.62	80	80.94	0679
 0	61.7175	70.31	76.56	51.56	48.44	65.62	82.5	0362
 0	61.7175	76.56	54.69	53.12	62.50	70.94	80.31	0842
 0	61.72	23.44	46.88	85.94	90.62	81.56	78.12	0276
 0	61.72	25.00	41.41	82.81	97.66	86.88	79.38	0204
 0	61.72	66.41	57.03	49.22	74.22	75.31	81.56	0572
 0	61.72	82.03	78.91	35.16	50.78	61.56	80.31	0310
 0	61.9125	7.03	57.81	86.72	96.09	88.12	84.06	0243
 0	61.915	41.41	28.91	83.59	93.75	78.12	78.44	0004
 0	62.1075	50.78	64.84	62.50	70.31	70.31	78.44	0449
 0	62.1075	51.56	64.84	56.25	75.78	72.19	81.56	0990
 0	62.11	32.03	39.06	85.94	91.41	83.75	78.75	0524
 0	62.305	19.53	39.84	92.19	97.66	90.31	82.81	0308
 0	62.305	78.12	84.38	35.16	51.56	67.19	82.81	0290
 0	62.3075	18.75	41.41	91.41	97.66	87.19	83.12	0062
 0	62.5	27.34	42.19	89.06	91.41	87.5	77.81	0525
 0	62.5	3.91	58.59	89.84	97.66	85	79.69	0571
 0	62.5	39.84	22.66	94.53	92.97	87.5	77.81	0245
 0	62.5	63.28	74.22	53.12	59.38	64.38	77.81	0836
 0	62.5	64.84	68.75	48.44	67.97	71.56	78.12	0313
 0	62.5	69.53	75.78	42.19	62.50	66.88	83.12	0012
 0	62.695	32.03	69.53	73.44	75.78	74.06	82.81	0849
 0	62.695	7.81	57.81	92.97	92.19	80.31	78.75	0157
 0	62.695	9.38	55.47	89.84	96.09	85.31	85.94	0527
 0	62.89	18.75	50.00	89.84	92.97	85.94	82.81	0338
 0	62.89	19.53	56.25	88.28	87.50	87.5	77.5	0242
 0	62.8925	12.50	47.66	94.53	96.88	88.12	82.19	0224
 0	62.8925	18.75	60.16	84.38	88.28	80	73.12	0548
 0	62.89	25.78	57.03	85.94	82.81	79.06	83.44	0493
 0	62.89	26.56	42.19	88.28	94.53	86.25	80.31	0097
 0	62.89	50.00	53.91	64.84	82.81	75.94	81.25	0497
 0	63.085	30.47	57.03	77.34	87.50	78.75	81.25	0924
 0	63.085	39.06	54.69	77.34	81.25	82.19	81.56	0876
 0	63.085	80.47	75.00	38.28	58.59	63.12	81.88	0986
 0	63.0875	28.91	42.97	88.28	92.19	84.38	82.5	0278
 0	63.2825	27.34	49.22	85.16	91.41	82.19	82.5	0769
 0	63.2825	37.50	60.94	70.31	84.38	82.5	84.69	0605
 0	63.28	57.81	75.00	50.00	70.31	72.5	82.19	0723
 0	63.28	70.31	71.09	51.56	60.16	68.75	79.69	0172
 0	63.28	71.09	68.75	44.53	68.75	66.88	81.25	0195
 0	63.4725	33.59	78.12	65.62	76.56	78.75	81.88	0587
 0	63.48	67.19	66.41	48.44	71.88	70.31	80	0466
 0	63.67	20.31	46.09	94.53	93.75	88.75	76.56	0945
 0	63.67	33.59	40.62	86.72	93.75	85.31	81.56	0050
 0	63.67	77.34	65.62	49.22	62.50	71.56	80.94	0335
 0	63.865	32.03	46.09	89.06	88.28	83.12	75	0729
 0	63.865	52.34	68.75	65.62	68.75	75.31	78.44	0009
 0	63.8675	46.88	50.78	70.31	87.50	80	79.69	0547
 0	64.06	15.62	50.78	94.53	95.31	84.06	82.5	0749
 0	64.0625	25.00	42.19	94.53	94.53	84.38	82.5	0621
 0	64.0625	64.06	75.00	53.91	63.28	76.25	81.25	0801
 0	64.065	36.72	46.88	81.25	91.41	83.44	75.94	0376
 0	64.06	78.12	76.56	44.53	57.03	70	78.75	0173
 0	64.255	65.62	44.53	57.81	89.06	74.38	78.75	0301
 0	64.2575	48.44	78.12	68.75	61.72	72.19	79.69	0866
 0	64.2575	58.59	49.22	64.84	84.38	76.88	78.44	0066
 0	64.2575	75.00	46.09	61.72	74.22	73.12	73.12	0826
 0	64.45	40.62	32.81	89.84	94.53	88.44	77.81	0907
 0	64.455	32.03	49.22	85.16	91.41	81.56	77.19	0506
 0	64.6475	53.12	75.00	61.72	68.75	75.62	80.94	0025
 0	64.8425	40.62	50.78	81.25	86.72	83.12	84.38	0701
 0	64.845	13.28	67.97	85.16	92.97	86.56	79.69	0787
 0	64.845	41.41	50.00	80.47	87.50	86.56	82.5	0455
 0	65.0375	32.03	39.84	94.53	93.75	86.25	82.81	0655
 0	65.0375	46.09	50.78	76.56	86.72	83.44	78.12	0798
 0	65.0375	61.72	57.03	65.62	75.78	80.62	79.69	0601
 0	65.0375	65.62	67.19	61.72	65.62	71.25	83.75	0523
 0	65.04	57.03	85.16	48.44	69.53	74.38	77.81	0026
 0	65.04	60.94	80.47	53.91	64.84	70.31	82.19	0191
 0	65.235	27.34	54.69	87.50	91.41	90.94	80.94	0299
 0	65.235	35.94	38.28	92.97	93.75	84.38	77.5	0251
 0	65.235	37.50	43.75	88.28	91.41	86.25	76.88	0495
 0	65.235	41.41	57.03	78.12	84.38	80.62	80.62	0372
 0	65.235	50.78	53.12	72.66	84.38	80.31	83.44	0135
 0	65.4275	45.31	53.12	78.12	85.16	84.69	80.31	0283
 0	65.43	32.03	80.47	71.88	77.34	78.44	79.69	0055
 0	65.43	39.06	55.47	78.91	88.28	81.88	79.38	0033
 0	65.6225	39.06	51.56	82.03	89.84	83.75	78.12	0188
 0	65.625	35.16	52.34	85.16	89.84	80.31	80.31	0793
 0	65.625	71.88	44.53	64.84	81.25	77.5	80	0913
 0	65.6275	37.50	67.19	72.66	85.16	83.44	82.19	0593
 0	65.8175	51.56	52.34	76.56	82.81	83.44	78.75	0959
 0	65.82	68.75	73.44	58.59	62.50	71.88	81.25	0543
 0	66.015	28.12	68.75	82.03	85.16	80.94	74.06	0138
 0	66.0175	54.69	60.94	78.91	69.53	77.5	78.12	0174
 0	66.2125	35.94	60.16	80.47	88.28	85	79.38	0830
 0	66.215	79.69	66.41	46.88	71.88	67.81	79.38	0181
 0	66.21	74.22	89.84	46.09	54.69	69.69	78.75	0220
 0	66.405	28.12	73.44	78.12	85.94	85	80.62	0698
 0	66.4075	37.50	66.41	82.03	79.69	75.62	80.94	0084
 0	66.4075	80.47	84.38	56.25	44.53	62.81	81.88	0530
 0	66.41	34.38	47.66	92.19	91.41	86.88	79.06	0643
 0	66.6025	37.50	54.69	85.94	88.28	79.06	79.69	0858
 0	66.6025	41.41	53.91	82.03	89.06	85.94	79.69	0870
 0	66.6025	51.56	47.66	79.69	87.50	82.5	80.31	0824
 0	66.6025	71.09	67.19	59.38	68.75	70	80	0355
 0	66.6	27.34	62.50	85.94	90.62	81.56	79.06	0359
 0	66.6	45.31	67.19	76.56	77.34	76.25	83.12	0805
 0	66.7975	30.47	66.41	82.03	88.28	79.06	78.44	0190
 0	66.8	75.00	66.41	59.38	66.41	83.12	81.56	0706
 0	66.9925	32.03	62.50	85.94	87.50	84.69	78.44	0150
 0	66.9925	39.06	49.22	86.72	92.97	83.75	83.75	0229
 0	66.9925	73.44	61.72	63.28	69.53	75.62	84.69	0873
 0	67.185	44.53	52.34	88.28	83.59	82.81	76.88	0432
 0	67.1875	75.00	21.88	89.06	82.81	79.06	78.75	0106
 0	67.19	73.44	67.19	67.19	60.94	74.38	81.25	0296
 0	67.19	75.00	59.38	60.94	73.44	74.06	79.38	0005
 0	67.3825	43.75	60.16	82.03	83.59	79.38	77.81	0227
 0	67.3825	50.78	45.31	85.16	88.28	87.19	80.31	0972
 0	67.3825	71.09	80.47	50.00	67.97	72.81	82.5	0583
 0	67.5775	26.56	75.00	86.72	82.03	78.75	75.31	0687
 0	67.7725	75.00	63.28	64.06	68.75	75	84.69	0939
 0	67.77	39.84	50.00	90.62	90.62	84.69	80.31	0083
 0	67.9675	72.66	63.28	65.62	70.31	76.88	78.75	0166
 0	67.97	55.47	46.09	85.94	84.38	84.69	80.94	0403
 0	68.1625	39.06	51.56	93.75	88.28	86.25	80.62	0840
 0	68.1625	55.47	77.34	65.62	74.22	75.62	82.19	0440
 0	68.1625	64.84	51.56	77.34	78.91	81.88	78.12	0265
 0	68.16	71.09	71.09	53.12	77.34	76.25	80.94	0637
 0	68.3575	57.03	50.78	76.56	89.06	82.19	75.94	0200
 0	68.3575	68.75	75.00	58.59	71.09	77.19	81.56	0409
 0	68.3575	81.25	77.34	53.12	61.72	72.5	78.12	0564
 0	68.555	69.53	60.94	70.31	73.44	71.56	76.88	0146
 0	68.7475	77.34	71.09	62.50	64.06	75	79.06	0095
 0	68.7525	74.22	72.66	59.38	68.75	79.06	80.62	0963
 0	68.75	34.38	58.59	89.06	92.97	87.5	82.5	0422
 0	68.75	40.62	63.28	85.94	85.16	85	81.56	0856
 0	68.9425	33.59	62.50	89.06	90.62	85.94	78.12	0690
 0	68.945	37.50	52.34	93.75	92.19	84.69	80.31	0082
 0	68.945	79.69	76.56	53.12	66.41	70.94	80	0201
 0	69.1425	72.66	65.62	66.41	71.88	73.44	83.12	0709
 0	69.14	68.75	61.72	65.62	80.47	76.88	81.56	0363
 0	69.335	78.12	79.69	48.44	71.09	72.19	84.38	0118
 0	69.3375	50.00	53.91	86.72	86.72	80	85.62	0764
 0	69.3375	61.72	79.69	62.50	73.44	70.94	79.06	0046
 0	69.3375	62.50	74.22	61.72	78.91	70	81.25	0638
 0	69.3375	66.41	70.31	66.41	74.22	77.81	79.38	0529
 0	69.5325	78.91	57.81	67.19	74.22	81.25	75.94	0324
 0	69.53	40.62	49.22	92.97	95.31	85.62	75	0438
 0	69.7275	60.94	43.75	88.28	85.94	87.19	80	0760
 0	69.73	46.88	78.91	72.66	80.47	78.75	84.06	0345
 0	69.9225	46.09	50.00	92.19	91.41	88.75	79.06	0555
 0	70.1175	57.03	67.19	74.22	82.03	80.94	79.69	0740
 0	70.1175	58.59	67.97	71.88	82.03	80.31	83.44	0433
 0	70.1175	63.28	85.16	69.53	62.50	76.25	83.44	0513
 0	70.505	63.28	69.53	65.62	83.59	79.06	77.81	0862
 0	70.5075	46.88	58.59	87.50	89.06	81.25	84.38	0110
 0	70.705	47.66	70.31	80.47	84.38	81.25	79.38	0753
 0	70.705	71.88	67.19	71.09	72.66	76.56	79.38	0021
 0	70.9	48.44	62.50	78.91	93.75	82.5	81.56	0459
 0	71.0925	58.59	57.03	82.03	86.72	81.25	78.12	0314
 0	71.0925	64.84	80.47	67.97	71.09	75.62	80.31	0000
 0	71.095	56.25	67.19	75.78	85.16	83.75	80	0255
 0	71.0975	71.88	60.94	71.88	79.69	80	83.75	0651
 0	71.2875	58.59	64.84	74.22	87.50	82.19	81.88	0240
 0	71.2875	74.22	61.72	71.09	78.12	77.81	78.44	0269
 0	71.4825	73.44	71.09	70.31	71.09	76.25	79.69	0736
 0	71.4825	75.78	50.00	76.56	83.59	78.75	78.44	0615
 0	71.485	54.69	61.72	86.72	82.81	77.19	79.38	0623
 0	71.68	63.28	67.19	70.31	85.94	79.06	82.5	0159
 0	71.875	55.47	62.50	83.59	85.94	81.56	83.12	0691
 0	72.07	51.56	82.03	74.22	80.47	71.56	80.62	0003
 0	72.4575	64.84	64.84	76.56	83.59	80.94	83.44	0531
 0	72.46	66.41	63.28	77.34	82.81	82.5	83.75	0093
 0	72.655	50.00	66.41	83.59	90.62	80	80.94	0273
 0	72.655	64.06	62.50	73.44	90.62	80	77.81	0626
 0	73.0475	67.19	63.28	80.47	81.25	84.38	81.25	0508
 0	73.2425	71.88	76.56	69.53	75.00	75.31	82.19	0688
 0	73.4375	52.34	67.19	88.28	85.94	80.94	81.88	0603
 0	73.4375	67.97	72.66	75.00	78.12	81.88	82.5	0518
 0	73.4375	68.75	67.97	77.34	79.69	75.94	81.56	0791
 0	73.6325	56.25	75.78	78.12	84.38	78.44	81.56	0048
 0	73.6325	78.91	71.09	68.75	75.78	81.88	82.81	0827
 0	73.83	80.47	59.38	72.66	82.81	78.44	83.44	0502
 0	74.2175	76.56	59.38	77.34	83.59	79.38	81.25	0711
 0	74.22	87.50	71.88	67.19	70.31	71.56	77.5	0586
 0	74.6075	75.00	67.97	77.34	78.12	80.31	83.44	0318
 0	74.61	75.78	76.56	67.19	78.91	76.88	83.12	0448
 0	74.805	67.19	70.31	79.69	82.03	80.31	76.25	0877
 0	75.3925	67.19	82.81	72.66	78.91	75.94	80.94	0905
 0	75.5875	62.50	80.47	75.00	84.38	81.25	79.38	0253
 0	75.7825	75.78	66.41	78.91	82.03	82.5	80	0644
 0	76.3675	73.44	75.78	75.78	80.47	81.88	78.44	0271
 64	26.755	64.84	7.81	3.12	31.25	40.94	54.69	0796
 64	33.79	32.03	0.78	35.94	66.41	59.69	56.56	0566
 64	33.985	37.50	2.34	24.22	71.88	58.13	55.94	0556
 64	39.8425	11.72	5.47	53.12	89.06	64.69	57.81	0225
 64	41.9925	88.28	79.69	0.00	0.00	10.62	79.69	0576
 64	42.1875	83.59	85.16	0.00	0.00	8.12	75.94	0226
 64	42.3825	89.06	80.47	0.00	0.00	24.38	79.38	0361
 64	42.775	86.72	84.38	0.00	0.00	5.62	80	0123
 64	43.36	10.94	0.78	69.53	92.19	75	56.88	0441
 64	43.36	89.06	84.38	0.00	0.00	8.12	81.56	0480
 64	43.75	83.59	91.41	0.00	0.00	5	82.81	0984
 64	43.75	86.72	88.28	0.00	0.00	8.44	80	0171
 64	43.75	89.84	85.16	0.00	0.00	21.88	80.62	0499
 64	43.945	85.94	89.84	0.00	0.00	6.88	77.5	0931
 64	43.945	88.28	87.50	0.00	0.00	8.75	76.88	0585
 64	43.945	94.53	81.25	0.00	0.00	22.5	82.19	0923
 64	44.14	86.72	89.84	0.00	0.00	5	83.75	0997
 64	44.335	88.28	89.06	0.00	0.00	12.19	75.62	0282
 64	44.335	89.84	87.50	0.00	0.00	13.44	80.31	0818
 64	44.3375	91.41	85.94	0.00	0.00	15	82.5	0886
 64	44.3375	91.41	85.94	0.00	0.00	4.38	83.44	0315
 64	44.3375	92.97	84.38	0.00	0.00	7.5	80.62	0482
 64	44.53	0.78	1.56	75.78	100.00	75.94	53.44	0776
 64	44.5325	85.94	92.19	0.00	0.00	13.12	80.31	0374
 64	44.53	90.62	87.50	0.00	0.00	15.62	81.88	0085
 64	44.725	90.62	88.28	0.00	0.00	7.19	79.69	0087
 64	44.725	90.62	88.28	0.00	0.00	8.12	77.81	0901
 64	44.7275	84.38	94.53	0.00	0.00	4.69	83.12	0915
 64	44.92	89.84	89.84	0.00	0.00	5.94	79.38	0689
 64	44.92	90.62	89.06	0.00	0.00	3.75	75.31	0788
 64	45.115	89.84	90.62	0.00	0.00	3.44	78.75	0420
 64	45.115	90.62	89.06	0.00	0.78	30.94	81.88	0816
 64	45.1175	89.06	91.41	0.00	0.00	4.06	81.25	0019
 64	45.1175	92.19	88.28	0.00	0.00	6.88	77.81	0804
 64	45.1175	94.53	85.94	0.00	0.00	14.37	77.81	0841
 64	45.3125	85.94	95.31	0.00	0.00	7.5	80.31	0489
 64	45.3125	88.28	92.97	0.00	0.00	8.44	81.25	0256
 64	45.31	90.62	90.62	0.00	0.00	13.12	78.44	0307
 64	45.31	90.62	90.62	0.00	0.00	5.94	83.75	0249
 64	45.5075	89.06	92.97	0.00	0.00	6.88	82.5	0772
 64	45.5075	92.19	89.84	0.00	0.00	4.69	84.38	0534
 64	45.5075	92.19	89.84	0.00	0.00	6.25	76.88	0155
 64	45.7025	89.84	92.97	0.00	0.00	13.75	80.31	0007
 64	45.705	91.41	91.41	0.00	0.00	7.81	80.31	0388
 64	45.895	90.62	83.59	0.78	8.59	41.25	78.44	0277
 64	46.095	92.97	85.94	0.00	5.47	32.81	75.94	0532
 64	46.29	91.41	93.75	0.00	0.00	5.94	81.88	0813
 64	46.485	93.75	85.16	0.00	7.03	41.25	79.06	0659
 64	46.68	0.78	2.34	84.38	99.22	78.44	60.31	0298
 64	47.4625	4.69	0.00	85.16	100.00	78.12	60	0765
 64	47.8525	0.00	0.00	91.41	100.00	85.31	61.25	0072
 64	48.2425	1.56	0.00	92.19	99.22	83.12	61.56	0126
 64	48.4375	0.00	0.00	93.75	100.00	88.75	59.38	0487
 64	49.0275	91.41	78.91	3.91	21.88	51.56	78.12	0259
 64	49.2175	91.41	82.03	2.34	21.09	47.19	78.75	0305
 64	49.22	0.00	0.00	96.88	100.00	84.38	61.25	0653
 64	49.22	0.00	0.00	96.88	100.00	89.06	54.37	0906
 64	49.415	0.00	0.00	97.66	100.00	86.88	59.69	0387
 64	49.6075	90.62	85.94	3.12	18.75	47.81	82.19	0639
 64	49.61	0.00	0.00	98.44	100.00	86.56	55.94	0933
 64	49.61	0.00	0.00	98.44	100.00	87.19	56.56	0398
 64	49.61	0.00	0.00	98.44	100.00	88.12	55.94	0464
 64	49.805	0.00	0.00	99.22	100.00	84.06	59.06	0086
 64	49.805	0.00	0.00	99.22	100.00	85.31	57.81	0321
 64	49.805	0.00	0.00	99.22	100.00	87.81	57.5	0968
 64	49.805	0.00	0.00	99.22	100.00	88.44	55.31	0297
 64	49.805	0.00	0.00	99.22	100.00	89.06	50.31	0868
 64	49.805	0.00	0.00	99.22	100.00	89.38	57.81	0851
 64	49.805	0.00	0.00	99.22	100.00	90.94	57.19	0436
 64	50	0.00	0.00	100.00	100.00	86.56	54.37	0406
 64	50	0.00	0.00	100.00	100.00	86.88	53.12	0752
 64	50	0.00	0.00	100.00	100.00	86.88	57.81	0096
 64	50	0.00	0.00	100.00	100.00	86.88	58.44	0010
 64	50	0.00	0.00	100.00	100.00	87.19	56.25	0927
 64	50	0.00	0.00	100.00	100.00	87.19	58.13	0358
 64	50	0.00	0.00	100.00	100.00	87.81	58.44	0832
 64	50	0.00	0.00	100.00	100.00	88.44	55.94	0035
 64	50	0.00	0.00	100.00	100.00	88.75	62.81	0558
 64	50	0.00	0.00	100.00	100.00	89.06	58.75	0030
 64	50	0.00	0.00	100.00	100.00	89.38	58.44	0540
 64	50	0.00	0.00	100.00	100.00	89.38	59.38	0935
 64	50	0.00	0.00	100.00	100.00	89.69	53.75	0600
 64	50	0.00	0.00	100.00	100.00	89.69	59.06	0417
 64	50	0.00	0.00	100.00	100.00	90.31	54.69	0973
 64	50	0.00	0.00	100.00	100.00	90.31	58.75	0121
 64	50	0.00	0.00	100.00	100.00	90.31	60.62	0170
 64	50	0.00	0.00	100.00	100.00	90	51.56	0522
 64	50	0.00	0.00	100.00	100.00	90	59.06	0574
 64	50	0.00	0.00	100.00	100.00	90.62	53.75	0577
 64	50	0.00	0.00	100.00	100.00	90.62	58.44	0578
 64	50	0.00	0.00	100.00	100.00	90.62	58.75	0039
 64	50	0.00	0.00	100.00	100.00	91.25	59.06	0569
 64	50	0.00	0.00	100.00	100.00	91.25	59.38	0553
 64	50	0.00	0.00	100.00	100.00	91.25	63.12	0831
 64	50	0.00	0.00	100.00	100.00	91.56	55.31	0447
 64	50	0.00	0.00	100.00	100.00	91.88	57.5	0539
 64	50	0.00	0.00	100.00	100.00	91.88	62.19	0317
 64	50	0.00	0.00	100.00	100.00	92.19	55.94	0618
 64	50	0.00	0.00	100.00	100.00	92.81	60	0533
 64	50.5875	0.78	4.69	97.66	99.22	90.62	78.12	0545
 64	50.78	14.84	12.50	81.25	94.53	85.62	78.12	0423
 64	51.1725	7.03	5.47	92.19	100.00	87.19	80.62	0024
 64	51.365	2.34	7.81	95.31	100.00	89.69	82.5	0834
 64	51.365	6.25	3.12	96.09	100.00	90.94	75.94	0051
 64	51.3675	5.47	3.91	96.09	100.00	90.31	80.31	0934
 64	51.5625	7.81	3.91	95.31	99.22	88.44	76.56	0348
 64	51.7575	85.94	71.09	7.81	42.19	58.13	76.88	0075
 64	51.76	5.47	5.47	96.88	99.22	90.94	73.75	0375
 64	51.76	6.25	4.69	96.88	99.22	91.25	80.31	0232
 64	51.9525	3.12	11.72	93.75	99.22	87.5	79.06	0347
 64	51.955	10.94	7.03	91.41	98.44	89.38	76.25	0871
 64	51.955	5.47	4.69	97.66	100.00	91.56	83.44	0316
 64	52.15	9.38	1.56	97.66	100.00	90.62	78.75	0893
 64	52.3475	9.38	9.38	91.41	99.22	87.19	78.12	0154
 64	52.54	11.72	4.69	94.53	99.22	86.88	77.5	0561
 64	52.54	5.47	7.81	96.88	100.00	89.38	78.12	0129
 64	52.54	7.81	9.38	93.75	99.22	88.44	80.31	0789
 64	52.735	6.25	6.25	99.22	99.22	90.62	81.25	0846
 64	52.735	7.03	9.38	95.31	99.22	89.38	83.12	0800
 64	52.93	17.97	4.69	93.75	95.31	89.38	74.06	0966
 64	52.93	2.34	13.28	96.88	99.22	89.69	79.69	0330
 64	52.9325	3.91	9.38	99.22	99.22	89.69	79.69	0725
 64	52.93	7.81	8.59	97.66	97.66	90.94	79.06	0477
 64	52.93	84.38	76.56	6.25	44.53	54.06	80	0222
 64	53.1225	14.84	8.59	92.97	96.09	89.06	80.31	0339
 64	53.125	13.28	6.25	95.31	97.66	90.31	81.88	0724
 64	53.125	14.06	2.34	96.88	99.22	89.69	80.62	0778
 64	53.32	13.28	6.25	94.53	99.22	90.31	78.44	0510
 64	53.515	82.03	68.75	18.75	44.53	60	78.75	0223
 64	53.71	21.09	5.47	90.62	97.66	86.56	79.38	0902
 64	53.71	22.66	0.78	96.09	95.31	90	80.94	0023
 64	53.7125	18.75	10.94	86.72	98.44	89.38	80	0042
 64	53.71	3.12	17.97	95.31	98.44	92.81	77.5	0584
 64	53.71	39.84	13.28	68.75	92.97	80	77.81	0731
 64	53.9075	1.56	17.97	97.66	98.44	91.88	77.5	0091
 64	53.9075	9.38	12.50	96.09	97.66	87.19	80.94	0685
 64	54.1	15.62	7.03	95.31	98.44	88.75	81.88	0045
 64	54.1	7.81	14.06	95.31	99.22	90.31	81.56	0114
 64	54.295	7.81	14.06	96.09	99.22	90.62	77.19	0061
 64	54.2975	15.62	4.69	97.66	99.22	90	83.75	0169
 64	54.49	2.34	28.12	90.62	96.88	91.56	79.69	0458
 64	54.4925	10.94	11.72	96.09	99.22	89.69	79.69	0808
 64	54.4925	14.84	5.47	98.44	99.22	92.5	78.44	0579
 64	54.6875	8.59	14.06	97.66	98.44	90	83.12	0128
 64	54.69	4.69	17.19	98.44	98.44	91.56	83.44	0275
 64	54.8825	15.62	12.50	93.75	97.66	87.5	80	0854
 64	54.885	17.19	9.38	95.31	97.66	90.31	80.31	0733
 64	55.0775	12.50	22.66	89.84	95.31	85.94	77.5	0238
 64	55.0775	15.62	10.16	94.53	100.00	88.75	75.94	0217
 64	55.0775	19.53	16.41	89.84	94.53	90.94	75	0329
 64	55.275	21.88	11.72	89.84	97.66	86.88	78.75	0589
 64	55.4675	3.12	28.12	92.19	98.44	87.5	80.62	0912
 64	55.47	9.38	18.75	96.09	97.66	91.88	83.44	0443
 64	55.6625	25.00	5.47	96.09	96.09	91.88	80	0015
 64	55.6625	32.03	14.06	83.59	92.97	87.5	77.5	0289
 64	55.665	11.72	19.53	94.53	96.88	89.06	83.44	0936
 64	55.665	12.50	13.28	97.66	99.22	92.5	80	0326
 64	55.665	1.56	23.44	97.66	100.00	90	80.62	0627
 64	55.665	25.00	5.47	92.97	99.22	90	80	0727
 64	55.665	6.25	17.97	99.22	99.22	89.38	78.44	0341
 64	55.8575	19.53	20.31	87.50	96.09	92.19	82.81	0844
 64	55.8575	24.22	13.28	89.84	96.09	85.94	80.62	0910
 64	55.8575	28.12	7.81	89.84	97.66	89.38	78.44	0139
 64	55.86	12.50	15.62	97.66	97.66	90.62	81.88	0211
 64	55.86	21.88	14.06	90.62	96.88	87.19	79.69	0444
 64	56.055	20.31	18.75	92.97	92.19	87.81	79.06	0955
 64	56.055	21.88	19.53	87.50	95.31	90	80	0614
 64	56.055	58.59	35.94	54.69	75.00	80	79.06	0790
 64	56.25	14.84	17.19	94.53	98.44	87.19	85.31	0263
 64	56.2525	10.94	23.44	92.97	97.66	89.69	78.75	0645
 64	56.25	26.56	16.41	85.94	96.09	81.88	77.19	0194
 64	56.4425	78.12	69.53	20.31	57.81	58.13	75.94	0426
 64	56.445	1.56	33.59	93.75	96.88	89.06	81.56	0389
 64	56.445	19.53	13.28	94.53	98.44	87.5	81.56	0648
 64	56.445	28.91	18.75	82.81	95.31	86.88	77.5	0692
 64	56.64	42.19	26.56	63.28	94.53	80.62	77.81	0405
 64	56.64	82.03	64.06	21.88	58.59	70	85.31	0803
 64	56.835	25.78	14.84	92.19	94.53	88.12	83.12	0949
 64	56.8375	17.97	21.88	92.19	95.31	88.44	85.62	0728
 64	56.8375	21.88	10.16	99.22	96.09	87.19	79.06	0014
 64	56.8375	37.50	11.72	81.25	96.88	87.5	77.81	0628
 64	57.0325	11.72	25.78	92.97	97.66	88.12	76.25	0978
 64	57.0325	12.50	25.00	93.75	96.88	87.5	78.12	0133
 64	57.0325	14.06	21.88	97.66	94.53	92.81	81.56	0131
 64	57.0325	25.78	16.41	89.06	96.88	87.5	82.5	0099
 64	57.035	21.88	17.97	91.41	96.88	89.06	81.88	0995
 64	57.4225	6.25	25.78	98.44	99.22	91.25	73.44	0860
 64	57.42	32.81	18.75	83.59	94.53	89.38	82.81	0567
 64	57.6175	14.06	19.53	96.88	100.00	90.94	81.88	0861
 64	57.6175	33.59	24.22	79.69	92.97	87.19	80	0396
 64	57.8125	19.53	19.53	94.53	97.66	89.38	81.88	0941
 64	58.01	24.22	17.19	92.97	97.66	90.94	82.81	0212
 64	58.2025	46.88	20.31	75.78	89.84	81.88	71.88	0507
 64	58.3975	14.06	21.09	98.44	100.00	89.69	76.88	0786
 64	58.3975	32.03	15.62	92.97	92.97	89.06	79.06	0215
 64	58.4	28.91	12.50	92.97	99.22	88.44	78.12	0879
 64	58.4	49.22	30.47	66.41	87.50	80.62	79.06	0192
 64	58.5925	11.72	31.25	95.31	96.09	88.75	80.94	0247
 64	58.5925	33.59	11.72	94.53	94.53	87.81	78.75	0951
 64	58.5925	54.69	53.12	49.22	77.34	76.56	79.69	0380
 64	58.595	10.94	29.69	96.09	97.66	87.5	78.12	0439
 64	58.595	22.66	17.97	97.66	96.09	89.69	80	0812
 64	58.7875	0.00	40.62	95.31	99.22	88.12	82.5	0079
 64	58.7875	22.66	28.12	89.06	95.31	88.75	80.94	0078
 64	58.79	16.41	27.34	92.97	98.44	89.38	82.19	0928
 64	58.9825	80.47	64.84	26.56	64.06	67.19	79.06	0898
 64	58.9875	6.25	35.94	96.88	96.88	85.31	76.88	0274
 64	59.18	12.50	33.59	92.19	98.44	89.38	81.88	0104
 64	59.18	16.41	28.12	92.97	99.22	87.81	79.69	0465
 64	59.18	17.97	26.56	94.53	97.66	86.25	79.38	0109
 64	59.1825	84.38	71.09	34.38	46.88	66.25	78.75	0930
 64	59.18	28.91	20.31	92.19	95.31	86.88	80.94	0158
 64	59.18	35.16	20.31	89.06	92.19	86.56	77.19	0750
 64	59.375	6.25	37.50	94.53	99.22	89.06	80	0151
 64	59.5725	85.16	53.91	32.03	67.19	64.38	78.12	0660
 64	59.57	29.69	21.09	89.84	97.66	90	78.75	0411
 64	59.57	53.91	33.59	64.06	86.72	79.69	81.25	0184
 64	59.765	21.88	28.12	94.53	94.53	88.44	79.38	0714
 64	59.765	71.09	48.44	42.97	76.56	75	78.75	0604
 64	59.7675	25.00	28.91	87.50	97.66	85.31	83.12	0193
 64	59.9625	19.53	21.88	98.44	100.00	89.06	83.44	0929
 64	59.9625	23.44	19.53	98.44	98.44	84.38	74.06	0900
 64	59.9625	26.56	34.38	87.50	91.41	87.81	79.69	0914
 64	60.35	20.31	32.03	93.75	95.31	86.25	80	0463
 64	60.3525	20.31	26.56	97.66	96.88	89.69	75	0470
 64	60.545	52.34	49.22	69.53	71.09	81.56	79.38	0352
 64	60.5475	11.72	36.72	97.66	96.09	85.94	80.94	0336
 64	60.7425	23.44	26.56	96.09	96.88	90.31	83.75	0461
 64	60.7425	32.81	14.06	97.66	98.44	88.75	80.94	0811
 64	60.7425	75.78	42.97	46.88	77.34	72.19	78.44	0542
 64	60.745	36.72	9.38	98.44	98.44	93.12	80.94	0143
 64	60.9375	18.75	36.72	92.19	96.09	86.88	82.5	0744
 64	60.9375	25.78	30.47	90.62	96.88	86.25	76.88	0395
 64	60.9375	34.38	32.81	83.59	92.97	83.75	81.88	0258
 64	60.9375	50.78	42.19	63.28	87.50	81.56	80.94	0763
 64	61.3325	71.88	46.88	53.91	72.66	70.62	80.31	0570
 64	61.33	46.88	5.47	94.53	98.44	85.94	76.88	0940
 64	61.525	36.72	44.53	80.47	84.38	81.88	77.5	0633
 64	61.7175	27.34	32.03	91.41	96.09	87.19	81.25	0538
 64	61.7175	40.62	31.25	79.69	95.31	84.69	80.31	0213
 64	61.7175	81.25	65.62	35.94	64.06	67.19	81.56	0153
 64	61.72	24.22	32.03	93.75	96.88	90	76.56	0573
 64	61.72	80.47	64.06	35.16	67.19	60.31	75.94	0280
 64	61.915	28.12	30.47	91.41	97.66	91.25	83.75	0373
 64	61.915	28.91	30.47	92.97	95.31	86.88	81.88	0366
 64	61.915	30.47	35.94	88.28	92.97	89.38	81.25	0177
 64	61.915	48.44	35.16	78.12	85.94	83.12	81.88	0377
 64	61.915	54.69	82.03	46.88	64.06	76.25	82.19	0670
 64	61.915	7.03	47.66	97.66	95.31	91.88	82.81	0350
 64	62.1075	39.06	18.75	96.09	94.53	88.44	78.75	0424
 64	62.305	52.34	42.19	69.53	85.16	79.69	78.44	0883
 64	62.305	58.59	35.16	66.41	89.06	78.12	77.19	0718
 64	62.4975	15.62	40.62	95.31	98.44	85.31	80	0656
 64	62.4975	36.72	21.09	96.09	96.09	87.81	81.25	0340
 64	62.5	60.94	38.28	65.62	85.16	82.5	81.25	0260
 64	62.695	27.34	39.06	92.97	91.41	89.06	80.62	0875
 64	62.6975	52.34	47.66	66.41	84.38	79.06	77.81	0528
 64	62.8875	15.62	46.09	94.53	95.31	88.44	79.38	0185
 64	62.89	22.66	43.75	89.84	95.31	88.75	81.88	0457
 64	62.89	2.34	63.28	89.06	96.88	85.94	78.75	0149
 64	62.89	30.47	28.12	98.44	94.53	90	80.62	0646
 64	62.89	47.66	53.12	71.09	79.69	82.5	79.06	0739
 64	62.89	54.69	13.28	94.53	89.06	89.69	78.75	0407
 64	63.085	13.28	46.09	96.09	96.88	88.44	80.94	0650
 64	63.085	40.62	23.44	94.53	93.75	88.44	80.62	0322
 64	63.085	63.28	52.34	59.38	77.34	79.69	76.56	0554
 64	63.0875	24.22	41.41	91.41	95.31	87.5	78.75	0381
 64	63.28	21.09	42.97	94.53	94.53	86.25	79.38	0884
 64	63.2825	29.69	47.66	88.28	87.50	83.75	77.81	0130
 64	63.28	63.28	50.78	58.59	80.47	78.75	77.81	0741
 64	63.4725	15.62	52.34	89.84	96.09	86.25	78.75	0054
 64	63.475	39.84	34.38	89.84	89.84	87.19	80	0517
 64	63.4775	24.22	44.53	93.75	91.41	87.19	79.69	0145
 64	63.4775	51.56	60.16	66.41	75.78	79.38	80.31	0344
 64	63.4775	82.81	78.91	36.72	55.47	68.44	78.12	0669
 64	63.6725	29.69	36.72	92.97	95.31	89.38	82.5	0953
 64	63.6725	29.69	43.75	89.84	91.41	86.88	81.25	0040
 64	63.6725	43.75	30.47	92.19	88.28	85.62	82.5	0847
 64	63.6725	54.69	82.81	59.38	57.81	72.19	75.94	0943
 64	63.6725	80.47	78.91	40.62	54.69	65	80.62	0031
 64	63.67	43.75	44.53	77.34	89.06	80.94	84.06	0961
 64	63.67	51.56	36.72	75.78	90.62	82.19	78.75	0391
 64	63.865	18.75	53.12	92.97	90.62	88.12	81.25	0897
 64	63.865	26.56	36.72	96.09	96.09	86.56	82.19	0481
 64	63.865	50.78	52.34	68.75	83.59	76.88	81.25	0730
 64	63.865	62.50	46.09	64.84	82.03	78.75	76.88	0001
 64	63.865	68.75	52.34	50.78	83.59	76.88	75.62	0456
 64	63.8675	49.22	25.78	85.94	94.53	87.81	80	0474
 64	64.0625	14.84	51.56	92.97	96.88	88.44	82.81	0428
 64	64.0625	42.19	35.16	89.06	89.84	87.81	79.38	0017
 64	64.06	33.59	53.12	80.47	89.06	83.12	80.31	0401
 64	64.06	75.00	76.56	40.62	64.06	64.69	82.5	0609
 64	64.2575	30.47	40.62	91.41	94.53	86.25	76.88	0903
 64	64.2575	37.50	35.94	89.84	93.75	86.88	80.94	0230
 64	64.2575	38.28	35.16	95.31	88.28	90.31	80.62	0199
 64	64.4525	83.59	87.50	32.03	54.69	71.25	78.44	0473
 64	64.4525	85.16	83.59	30.47	58.59	67.5	80.62	0989
 64	64.8425	20.31	45.31	97.66	96.09	85.62	81.25	0303
 64	64.845	37.50	47.66	88.28	85.94	86.25	78.75	0304
 64	64.845	48.44	42.19	81.25	87.50	84.06	80	0207
 64	65.0375	74.22	71.09	53.12	61.72	78.44	80.62	0825
 64	65.2325	27.34	57.03	88.28	88.28	84.69	76.25	0140
 64	65.235	21.88	61.72	89.84	87.50	85.31	77.5	0649
 64	65.235	22.66	47.66	95.31	95.31	89.38	80.31	0250
 64	65.235	42.19	45.31	82.03	91.41	85.94	78.44	0006
 64	65.235	76.56	71.88	49.22	63.28	72.5	80.31	0503
 64	65.4275	40.62	42.19	88.28	90.62	85	81.25	0993
 64	65.625	28.91	43.75	94.53	95.31	87.81	78.12	0038
 64	65.625	36.72	35.94	93.75	96.09	90.31	78.75	0496
 64	65.625	58.59	38.28	79.69	85.94	86.88	79.38	0210
 64	65.625	82.81	78.12	42.19	59.38	68.44	80.62	0855
 64	65.8175	32.81	39.84	95.31	95.31	88.75	79.69	0261
 64	65.8225	72.66	48.44	62.50	79.69	78.12	82.19	0565
 64	65.82	42.97	38.28	87.50	94.53	84.06	77.81	0899
 64	65.82	48.44	35.94	89.84	89.06	84.69	83.44	0964
 64	66.0175	30.47	61.72	80.47	91.41	82.19	77.81	0370
 64	66.0175	36.72	35.94	92.97	98.44	86.88	82.19	0165
 64	66.2125	40.62	42.19	84.38	97.66	85	83.12	0607
 64	66.2125	50.00	51.56	78.91	84.38	86.88	83.12	0865
 64	66.21	35.94	45.31	89.06	94.53	88.12	79.38	0745
 64	66.21	68.75	60.16	64.84	71.09	76.88	78.75	0294
 64	66.405	52.34	36.72	87.50	89.06	89.69	77.19	0895
 64	66.405	69.53	46.09	65.62	84.38	81.88	79.06	0205
 64	66.6025	32.03	44.53	92.97	96.88	88.75	85	0962
 64	66.6025	73.44	61.72	60.94	70.31	76.56	80.62	0262
 64	66.6	40.62	46.88	89.06	89.84	85	81.25	0452
 64	66.6	52.34	51.56	78.91	83.59	86.25	77.81	0364
 64	66.7975	42.19	37.50	93.75	93.75	88.44	78.12	0332
 64	66.7975	50.78	43.75	81.25	91.41	83.75	78.44	0451
 64	66.7975	63.28	47.66	72.66	83.59	82.19	79.69	0134
 64	66.8	75.00	72.66	46.88	72.66	77.81	76.88	0874
 64	66.9925	66.41	61.72	61.72	78.12	75.62	82.19	0369
 64	66.995	81.25	84.38	42.97	59.38	71.56	80.62	0410
 64	67.1875	36.72	61.72	82.81	87.50	87.5	77.81	0783
 64	67.1875	45.31	49.22	82.81	91.41	85	79.69	0822
 64	67.1875	45.31	53.91	82.03	87.50	81.25	80.62	0244
 64	67.19	35.16	41.41	94.53	97.66	84.69	82.5	0665
 64	67.3825	35.16	50.00	93.75	90.62	88.12	77.81	0320
 64	67.3825	46.88	46.09	82.03	94.53	84.06	78.44	0365
 64	67.38	51.56	33.59	95.31	89.06	89.69	81.56	0267
 64	67.5775	45.31	41.41	89.84	93.75	91.56	76.56	0872
 64	67.5775	80.47	64.06	60.94	64.84	76.56	79.06	0047
 64	67.58	31.25	63.28	78.91	96.88	83.44	81.88	0383
 64	67.58	67.97	34.38	75.00	92.97	84.69	80.62	0020
 64	67.7725	57.81	46.09	81.25	85.94	85.31	84.69	0115
 64	67.77	40.62	45.31	94.53	90.62	88.44	82.81	0483
 64	67.775	53.91	55.47	75.00	86.72	81.25	78.12	0947
 64	67.775	67.97	54.69	67.97	80.47	77.5	78.12	0641
 64	67.775	78.91	77.34	53.91	60.94	68.75	80.62	0323
 64	67.9675	25.00	53.12	99.22	94.53	88.44	78.44	0887
 64	67.9675	39.84	54.69	87.50	89.84	85	84.06	0956
 64	67.97	82.03	76.56	41.41	71.88	74.69	81.88	0413
 64	68.1625	50.00	46.09	85.94	90.62	88.12	80.62	0617
 64	68.1625	50.78	49.22	82.81	89.84	85	79.06	0467
 64	68.1625	71.09	63.28	57.81	80.47	77.81	76.88	0676
 64	68.1625	82.81	67.19	57.03	65.62	75.94	80	0219
 64	68.165	52.34	60.16	74.22	85.94	83.44	77.5	0488
 64	68.165	67.19	42.97	78.91	83.59	80.62	76.88	0100
 64	68.165	77.34	66.41	54.69	74.22	72.19	84.38	0612
 64	68.3575	49.22	52.34	82.03	89.84	84.69	78.12	0094
 64	68.36	73.44	72.66	58.59	68.75	75	84.06	0695
 64	68.5525	52.34	50.00	81.25	90.62	84.69	75	0284
 64	68.555	38.28	54.69	87.50	93.75	82.19	83.75	0976
 64	68.555	44.53	46.09	91.41	92.19	88.12	80	0853
 64	68.555	46.88	45.31	87.50	94.53	88.75	82.81	0059
 64	68.75	28.12	60.16	92.19	94.53	90	86.88	0734
 64	68.75	31.25	50.78	96.09	96.88	84.38	73.44	0519
 64	68.75	42.97	52.34	87.50	92.19	89.69	79.38	0582
 64	68.75	42.97	60.94	83.59	87.50	86.25	80.31	0743
 64	68.75	47.66	57.81	89.06	80.47	80.62	83.75	0715
 64	68.945	46.88	52.34	86.72	89.84	84.69	81.88	0427
 64	68.945	63.28	41.41	82.03	89.06	89.69	76.88	0716
 64	68.945	64.84	55.47	76.56	78.91	81.25	82.19	0977
 64	69.1425	67.97	75.00	60.94	72.66	77.81	78.44	0325
 64	69.14	28.91	58.59	94.53	94.53	91.25	76.25	0890
 64	69.14	71.09	59.38	67.97	78.12	80.62	81.88	0677
 64	69.14	80.47	68.75	53.12	74.22	77.5	81.56	0485
 64	69.335	42.97	57.81	90.62	85.94	87.19	79.38	0353
 64	69.3375	35.94	60.94	86.72	93.75	82.19	79.69	0616
 64	69.3375	42.19	47.66	91.41	96.09	90.62	76.56	0342
 64	69.5325	43.75	60.16	82.81	91.41	87.81	82.81	0236
 64	69.5325	60.94	31.25	92.19	93.75	81.25	83.44	0925
 64	69.5325	62.50	73.44	67.19	75.00	80	78.75	0520
 64	69.5325	75.78	73.44	54.69	74.22	68.44	80.94	0288
 64	69.725	82.81	68.75	52.34	75.00	78.44	83.75	0077
 64	69.7275	24.22	66.41	92.19	96.09	85.31	78.75	0581
 64	69.7275	48.44	42.19	90.62	97.66	90	80.31	0686
 64	69.7275	61.72	53.91	73.44	89.84	80.62	81.25	0671
 64	69.9225	47.66	67.97	77.34	86.72	83.75	81.56	0719
 64	69.9225	66.41	51.56	75.00	86.72	83.12	77.81	0512
 64	69.9225	81.25	76.56	66.41	55.47	80.62	78.12	0699
 64	69.92	65.62	61.72	78.12	74.22	79.69	81.25	0028
 64	69.92	71.09	70.31	64.06	74.22	79.69	74.69	0535
 64	70.115	58.59	53.12	85.94	82.81	85.94	80.94	0864
 64	70.3125	66.41	44.53	76.56	93.75	85.94	78.75	0611
 64	70.3125	79.69	66.41	64.84	70.31	75.94	80.62	0926
 64	70.505	64.06	57.81	76.56	83.59	84.69	76.56	0922
 64	70.5075	57.03	66.41	78.12	80.47	81.88	79.69	0233
 64	70.5075	75.00	79.69	61.72	65.62	76.25	79.38	0016
 64	70.705	46.88	60.16	82.81	92.97	82.81	81.88	0515
 64	70.705	60.94	67.97	71.88	82.03	81.25	77.5	0784
 64	70.705	61.72	53.91	82.81	84.38	83.12	77.81	0762
 64	70.7	46.09	51.56	89.84	95.31	84.69	77.19	0136
 64	70.9	57.03	59.38	81.25	85.94	88.12	78.44	0664
 64	71.09	65.62	58.59	78.12	82.03	79.38	81.56	0032
 64	71.2875	63.28	52.34	83.59	85.94	85.62	83.12	0357
 64	71.29	38.28	67.97	85.94	92.97	87.19	81.25	0147
 64	71.29	61.72	62.50	75.00	85.94	80.31	82.81	0414
 64	71.29	63.28	46.88	85.94	89.06	85.31	78.75	0404
 64	71.29	77.34	67.97	67.97	71.88	78.75	84.06	0292
 64	71.29	87.50	92.19	54.69	50.78	70	78.44	0552
 64	71.29	89.06	85.94	49.22	60.94	72.19	82.19	0162
 64	71.4825	57.03	80.47	70.31	78.12	77.19	83.12	0367
 64	71.4875	46.88	48.44	93.75	96.88	87.5	79.38	0107
 64	71.6775	49.22	58.59	89.06	89.84	88.75	80.62	0681
 64	71.68	80.47	67.19	64.84	74.22	77.19	76.56	0889
 64	71.68	82.81	71.88	64.06	67.97	76.56	79.06	0397
 64	71.8725	40.62	78.12	83.59	85.16	77.81	77.81	0983
 64	71.875	68.75	64.84	73.44	80.47	79.38	81.56	0888
 64	71.875	76.56	54.69	72.66	83.59	79.06	77.81	0281
 64	72.0725	71.88	78.91	66.41	71.09	77.5	81.56	0333
 64	72.07	82.81	84.38	46.09	75.00	69.06	83.75	0712
 64	72.07	83.59	74.22	53.91	76.56	77.19	81.56	0156
 64	72.2625	76.56	78.12	69.53	64.84	75.62	82.81	0948
 64	72.265	50.78	56.25	88.28	93.75	86.88	80	0187
 64	72.265	57.81	59.38	88.28	83.59	81.25	81.56	0737
 64	72.265	80.47	75.78	67.97	64.84	80.31	77.5	0819
 64	72.265	83.59	79.69	49.22	76.56	74.38	75.31	0892
 64	72.2675	72.66	73.44	71.88	71.09	80.31	82.5	0697
 64	72.46	45.31	64.06	91.41	89.06	85	78.44	0710
 64	72.46	79.69	85.94	58.59	65.62	70.62	81.56	0384
 64	72.655	69.53	69.53	69.53	82.03	74.38	82.5	0435
 64	72.6575	41.41	67.19	93.75	88.28	85.62	82.81	0228
 64	72.6575	60.16	66.41	77.34	86.72	85	83.75	0758
 64	72.6575	73.44	67.19	60.16	89.84	76.56	81.25	0067
 64	72.6575	79.69	67.19	64.84	78.91	77.5	79.69	0371
 64	72.8475	53.12	52.34	95.31	90.62	87.81	78.12	0814
 64	72.8525	62.50	57.81	85.94	85.16	86.56	80	0418
 64	72.8525	75.00	62.50	75.00	78.91	83.12	75	0334
 64	72.8525	81.25	60.16	75.78	74.22	82.5	80.94	0848
 64	72.85	52.34	55.47	90.62	92.97	89.38	79.69	0113
 64	72.85	87.50	78.12	67.19	58.59	79.06	81.25	0757
 64	73.24	71.09	57.81	80.47	83.59	85.62	77.5	0098
 64	73.24	82.03	83.59	57.81	69.53	78.75	81.88	0437
 64	73.4375	69.53	82.81	53.91	87.50	76.88	84.69	0196
 64	73.4375	75.78	76.56	71.88	69.53	79.69	83.12	0264
 64	73.4375	82.81	64.84	67.19	78.91	80	83.12	0916
 64	73.63	63.28	53.12	90.62	87.50	89.38	80.94	0632
 64	73.63	64.84	64.06	77.34	88.28	80.31	81.56	0756
 64	73.8275	63.28	49.22	93.75	89.06	82.19	78.44	0738
 64	74.0225	60.16	65.62	83.59	86.72	86.25	82.5	0394
 64	74.0225	77.34	76.56	68.75	73.44	81.56	78.75	0918
 64	74.22	80.47	84.38	63.28	68.75	73.12	83.75	0944
 64	74.4125	70.31	57.81	78.91	90.62	85	79.38	0938
 64	74.4125	83.59	72.66	71.09	70.31	78.12	83.75	0792
 64	74.415	72.66	65.62	80.47	78.91	82.19	83.44	0720
 64	74.415	76.56	73.44	68.75	78.91	78.12	81.88	0450
 64	74.61	71.88	78.12	75.78	72.66	82.5	82.81	0056
 64	74.8025	50.00	65.62	90.62	92.97	89.06	76.88	0343
 64	74.805	63.28	72.66	76.56	86.72	81.88	76.56	0696
 64	74.805	80.47	78.91	75.78	64.06	76.25	80.31	0484
 64	74.805	82.03	72.66	62.50	82.03	72.81	78.44	0857
 64	74.9975	80.47	83.59	65.62	70.31	73.75	79.38	0700
 64	75.0025	71.88	66.41	77.34	84.38	80.62	78.75	0034
 64	75.195	70.31	72.66	74.22	83.59	85.31	86.56	0509
 64	75.3925	59.38	62.50	88.28	91.41	87.19	80.94	0568
 64	75	42.19	70.31	93.75	93.75	84.38	77.5	0673
 64	75	57.81	67.19	82.03	92.97	81.88	83.44	0208
 64	75.585	57.03	64.84	85.94	94.53	82.5	82.5	0911
 64	75.5875	54.69	71.88	89.06	86.72	84.69	79.38	0950
 64	75.5875	59.38	63.28	91.41	88.28	85	82.81	0088
 64	75	60.16	68.75	81.25	89.84	81.56	81.88	0647
 64	75	68.75	71.09	75.78	84.38	85.62	82.5	0751
 64	75.9775	75.00	78.91	71.09	78.91	80.62	80.94	0203
 64	75.9775	75.78	66.41	80.47	81.25	78.44	82.19	0080
 64	76.3675	62.50	75.78	84.38	82.81	85.94	80	0781
 64	76.3675	67.19	63.28	88.28	86.72	82.81	79.06	0349
 64	76.3675	80.47	73.44	70.31	81.25	83.75	80.94	0060
 64	76.5625	76.56	67.97	78.91	82.81	85.62	80.31	0446
 64	76.5625	79.69	75.00	62.50	89.06	80	77.5	0602
 64	76.7575	67.19	70.31	83.59	85.94	85	82.19	0479
 64	76.76	55.47	67.19	91.41	92.97	88.44	80.94	0052
 64	76.76	67.97	71.88	80.47	86.72	85.31	82.19	0908
 64	76.76	73.44	72.66	78.91	82.03	82.19	84.06	0580
 64	76.955	73.44	67.97	75.00	91.41	83.12	82.81	0089
 64	76.95	71.09	76.56	78.12	82.03	83.44	79.06	0476
 64	77.145	82.03	83.59	65.62	77.34	79.38	82.19	0186
 64	77.1475	75.00	55.47	83.59	94.53	85.94	79.38	0782
 64	77.15	72.66	69.53	79.69	86.72	83.75	80.62	0511
 64	77.3425	75.78	80.47	69.53	83.59	77.19	82.81	0810
 64	77.7325	67.19	78.12	83.59	82.03	84.38	81.25	0863
 64	78.32	79.69	72.66	77.34	83.59	82.5	79.69	0991
 64	78.32	81.25	83.59	73.44	75.00	77.19	82.19	0551
 64	78.515	77.34	82.81	66.41	87.50	81.25	83.75	0780
 64	78.515	82.03	85.16	69.53	77.34	83.12	82.81	0076
 64	78.71	62.50	78.12	84.38	89.84	86.25	81.88	0546
 64	78.71	66.41	71.09	89.84	87.50	88.44	81.88	0802
 64	78.71	79.69	71.09	78.12	85.94	83.75	82.19	0516
 64	79.1	88.28	83.59	64.06	80.47	80	81.25	0597
 64	79.6875	76.56	75.00	85.16	82.03	81.88	80	0164
 64	79.6875	85.94	78.91	76.56	77.34	85.62	82.5	0064
 64	79.885	72.66	82.03	79.69	85.16	85	79.06	0678
 64	80.2725	71.09	64.06	92.97	92.97	86.56	82.5	0969
 64	80.2775	66.41	71.88	91.41	91.41	88.12	79.06	0766
 64	80.4675	76.56	78.91	76.56	89.84	85.62	83.75	0036
 64	80.665	85.16	85.16	70.31	82.03	75	79.69	0286
 64	81.25	79.69	68.75	85.94	90.62	85.31	78.12	0707
 64	81.64	76.56	79.69	79.69	90.62	84.69	81.25	0178
